[0.000000] (-) TimerEvent: {}
[0.000084] (qt_ros_test) JobQueued: {'identifier': 'qt_ros_test', 'dependencies': OrderedDict()}
[0.000110] (wheeltec_robot_urdf) JobQueued: {'identifier': 'wheeltec_robot_urdf', 'dependencies': OrderedDict()}
[0.000130] (qt_ros_test) JobStarted: {'identifier': 'qt_ros_test'}
[0.004035] (wheeltec_robot_urdf) JobStarted: {'identifier': 'wheeltec_robot_urdf'}
[0.006844] (qt_ros_test) JobProgress: {'identifier': 'qt_ros_test', 'progress': 'cmake'}
[0.007700] (qt_ros_test) JobProgress: {'identifier': 'qt_ros_test', 'progress': 'build'}
[0.007739] (qt_ros_test) Command: {'cmd': ['/usr/bin/cmake', '--build', '/home/wheeltec/lab103/qt_sim_v1/build/qt_ros_test', '--', '-j4', '-l4'], 'cwd': '/home/wheeltec/lab103/qt_sim_v1/build/qt_ros_test', 'env': OrderedDict([('GJS_DEBUG_TOPICS', 'JS ERROR;JS LOG'), ('USER', 'wheeltec'), ('XDG_SESSION_TYPE', 'wayland'), ('LD_LIBRARY_PATH', '/opt/ros/humble/opt/rviz_ogre_vendor/lib:/opt/ros/humble/lib/x86_64-linux-gnu:/opt/ros/humble/lib'), ('SHLVL', '1'), ('HOME', '/home/wheeltec'), ('DESKTOP_SESSION', 'ubuntu'), ('QTDIR', '/home/wheeltec/Qt/6.5.3/gcc_64'), ('GIO_LAUNCHED_DESKTOP_FILE', '/home/wheeltec/.local/share/applications/org.qt-project.qtcreator.desktop'), ('GNOME_SHELL_SESSION_MODE', 'ubuntu'), ('GTK_MODULES', 'gail:atk-bridge'), ('ROS_PYTHON_VERSION', '3'), ('MANAGERPID', '997'), ('DBUS_SESSION_BUS_ADDRESS', 'unix:path'), ('SYSTEMD_EXEC_PID', '1332'), ('GIO_LAUNCHED_DESKTOP_FILE_PID', '1935'), ('COLCON_PREFIX_PATH', '/home/wheeltec/lab103/qt_sim_v1/install'), ('IM_CONFIG_PHASE', '1'), ('ROS_DISTRO', 'humble'), ('WAYLAND_DISPLAY', 'wayland-0'), ('LOGNAME', 'wheeltec'), ('JOURNAL_STREAM', '8:22322'), ('_', '/usr/bin/env'), ('ROS_VERSION', '2'), ('XDG_SESSION_CLASS', 'user'), ('USERNAME', 'wheeltec'), ('GNOME_DESKTOP_SESSION_ID', 'this-is-deprecated'), ('ROS_LOCALHOST_ONLY', '0'), ('PATH', '/opt/ros/humble/bin:/usr/local/sbin:/usr/local/bin:/usr/sbin:/usr/bin:/sbin:/bin:/usr/games:/usr/local/games:/snap/bin:/snap/bin'), ('INVOCATION_ID', '3328b75a46014fff989b327ec4496e36'), ('SESSION_MANAGER', 'local/humble:@/tmp/.ICE-unix/1304,unix/humble:/tmp/.ICE-unix/1304'), ('GNOME_SETUP_DISPLAY', ':1'), ('XDG_MENU_PREFIX', 'gnome-'), ('XDG_RUNTIME_DIR', '/run/user/1000'), ('DISPLAY', ':0'), ('LANG', 'en_US.UTF-8'), ('XDG_CURRENT_DESKTOP', 'ubuntu:GNOME'), ('XAUTHORITY', '/run/user/1000/.mutter-Xwaylandauth.JJ0Q62'), ('XDG_SESSION_DESKTOP', 'ubuntu'), ('XMODIFIERS', '@im'), ('AMENT_PREFIX_PATH', '/home/wheeltec/lab103/qt_sim_v1/install/wheeltec_robot_urdf:/home/wheeltec/lab103/qt_sim_v1/install/qt_ros_test:/opt/ros/humble'), ('SSH_AGENT_LAUNCHER', 'gnome-keyring'), ('SSH_AUTH_SOCK', '/run/user/1000/keyring/ssh'), ('SHELL', '/bin/bash'), ('GDMSESSION', 'ubuntu'), ('QT_ACCESSIBILITY', '1'), ('GJS_DEBUG_OUTPUT', 'stderr'), ('QT_IM_MODULE', 'ibus'), ('LC_ALL', 'en_US.UTF-8'), ('PWD', '/home/wheeltec/lab103/qt_sim_v1/build/qt_ros_test'), ('QT_QPA_PLATFORM', 'xcb'), ('XDG_CONFIG_DIRS', '/etc/xdg/xdg-ubuntu:/etc/xdg'), ('XDG_DATA_DIRS', '/usr/share/ubuntu:/usr/local/share/:/usr/share/:/var/lib/snapd/desktop'), ('PYTHONPATH', '/opt/ros/humble/lib/python3.10/site-packages:/opt/ros/humble/local/lib/python3.10/dist-packages'), ('COLCON', '1'), ('CMAKE_PREFIX_PATH', '/home/wheeltec/lab103/qt_sim_v1/install/wheeltec_robot_urdf:/home/wheeltec/lab103/qt_sim_v1/install/qt_ros_test:/opt/ros/humble')]), 'shell': False}
[0.014467] (wheeltec_robot_urdf) JobProgress: {'identifier': 'wheeltec_robot_urdf', 'progress': 'cmake'}
[0.014973] (wheeltec_robot_urdf) JobProgress: {'identifier': 'wheeltec_robot_urdf', 'progress': 'build'}
[0.015005] (wheeltec_robot_urdf) Command: {'cmd': ['/usr/bin/cmake', '--build', '/home/wheeltec/lab103/qt_sim_v1/build/wheeltec_robot_urdf', '--', '-j4', '-l4'], 'cwd': '/home/wheeltec/lab103/qt_sim_v1/build/wheeltec_robot_urdf', 'env': OrderedDict([('GJS_DEBUG_TOPICS', 'JS ERROR;JS LOG'), ('USER', 'wheeltec'), ('XDG_SESSION_TYPE', 'wayland'), ('LD_LIBRARY_PATH', '/opt/ros/humble/opt/rviz_ogre_vendor/lib:/opt/ros/humble/lib/x86_64-linux-gnu:/opt/ros/humble/lib'), ('SHLVL', '1'), ('HOME', '/home/wheeltec'), ('DESKTOP_SESSION', 'ubuntu'), ('QTDIR', '/home/wheeltec/Qt/6.5.3/gcc_64'), ('GIO_LAUNCHED_DESKTOP_FILE', '/home/wheeltec/.local/share/applications/org.qt-project.qtcreator.desktop'), ('GNOME_SHELL_SESSION_MODE', 'ubuntu'), ('GTK_MODULES', 'gail:atk-bridge'), ('ROS_PYTHON_VERSION', '3'), ('MANAGERPID', '997'), ('DBUS_SESSION_BUS_ADDRESS', 'unix:path'), ('SYSTEMD_EXEC_PID', '1332'), ('GIO_LAUNCHED_DESKTOP_FILE_PID', '1935'), ('COLCON_PREFIX_PATH', '/home/wheeltec/lab103/qt_sim_v1/install'), ('IM_CONFIG_PHASE', '1'), ('ROS_DISTRO', 'humble'), ('WAYLAND_DISPLAY', 'wayland-0'), ('LOGNAME', 'wheeltec'), ('JOURNAL_STREAM', '8:22322'), ('_', '/usr/bin/env'), ('ROS_VERSION', '2'), ('XDG_SESSION_CLASS', 'user'), ('USERNAME', 'wheeltec'), ('GNOME_DESKTOP_SESSION_ID', 'this-is-deprecated'), ('ROS_LOCALHOST_ONLY', '0'), ('PATH', '/opt/ros/humble/bin:/usr/local/sbin:/usr/local/bin:/usr/sbin:/usr/bin:/sbin:/bin:/usr/games:/usr/local/games:/snap/bin:/snap/bin'), ('INVOCATION_ID', '3328b75a46014fff989b327ec4496e36'), ('SESSION_MANAGER', 'local/humble:@/tmp/.ICE-unix/1304,unix/humble:/tmp/.ICE-unix/1304'), ('GNOME_SETUP_DISPLAY', ':1'), ('XDG_MENU_PREFIX', 'gnome-'), ('XDG_RUNTIME_DIR', '/run/user/1000'), ('DISPLAY', ':0'), ('LANG', 'en_US.UTF-8'), ('XDG_CURRENT_DESKTOP', 'ubuntu:GNOME'), ('XAUTHORITY', '/run/user/1000/.mutter-Xwaylandauth.JJ0Q62'), ('XDG_SESSION_DESKTOP', 'ubuntu'), ('XMODIFIERS', '@im'), ('AMENT_PREFIX_PATH', '/home/wheeltec/lab103/qt_sim_v1/install/wheeltec_robot_urdf:/home/wheeltec/lab103/qt_sim_v1/install/qt_ros_test:/opt/ros/humble'), ('SSH_AGENT_LAUNCHER', 'gnome-keyring'), ('SSH_AUTH_SOCK', '/run/user/1000/keyring/ssh'), ('SHELL', '/bin/bash'), ('GDMSESSION', 'ubuntu'), ('QT_ACCESSIBILITY', '1'), ('GJS_DEBUG_OUTPUT', 'stderr'), ('QT_IM_MODULE', 'ibus'), ('LC_ALL', 'en_US.UTF-8'), ('PWD', '/home/wheeltec/lab103/qt_sim_v1/build/wheeltec_robot_urdf'), ('QT_QPA_PLATFORM', 'xcb'), ('XDG_CONFIG_DIRS', '/etc/xdg/xdg-ubuntu:/etc/xdg'), ('XDG_DATA_DIRS', '/usr/share/ubuntu:/usr/local/share/:/usr/share/:/var/lib/snapd/desktop'), ('PYTHONPATH', '/opt/ros/humble/lib/python3.10/site-packages:/opt/ros/humble/local/lib/python3.10/dist-packages'), ('COLCON', '1'), ('CMAKE_PREFIX_PATH', '/home/wheeltec/lab103/qt_sim_v1/install/wheeltec_robot_urdf:/home/wheeltec/lab103/qt_sim_v1/install/qt_ros_test:/opt/ros/humble')]), 'shell': False}
[0.054037] (qt_ros_test) StdoutLine: {'line': b'Consolidate compiler generated dependencies of target qt_ros_test\n'}
[0.057041] (wheeltec_robot_urdf) CommandEnded: {'returncode': 0}
[0.070719] (qt_ros_test) StdoutLine: {'line': b'[  3%] Building CXX object CMakeFiles/qt_ros_test.dir/src/main_window.cpp.o\n'}
[0.089421] (wheeltec_robot_urdf) JobProgress: {'identifier': 'wheeltec_robot_urdf', 'progress': 'install'}
[0.097611] (wheeltec_robot_urdf) Command: {'cmd': ['/usr/bin/cmake', '--install', '/home/wheeltec/lab103/qt_sim_v1/build/wheeltec_robot_urdf'], 'cwd': '/home/wheeltec/lab103/qt_sim_v1/build/wheeltec_robot_urdf', 'env': OrderedDict([('GJS_DEBUG_TOPICS', 'JS ERROR;JS LOG'), ('USER', 'wheeltec'), ('XDG_SESSION_TYPE', 'wayland'), ('LD_LIBRARY_PATH', '/opt/ros/humble/opt/rviz_ogre_vendor/lib:/opt/ros/humble/lib/x86_64-linux-gnu:/opt/ros/humble/lib'), ('SHLVL', '1'), ('HOME', '/home/wheeltec'), ('DESKTOP_SESSION', 'ubuntu'), ('QTDIR', '/home/wheeltec/Qt/6.5.3/gcc_64'), ('GIO_LAUNCHED_DESKTOP_FILE', '/home/wheeltec/.local/share/applications/org.qt-project.qtcreator.desktop'), ('GNOME_SHELL_SESSION_MODE', 'ubuntu'), ('GTK_MODULES', 'gail:atk-bridge'), ('ROS_PYTHON_VERSION', '3'), ('MANAGERPID', '997'), ('DBUS_SESSION_BUS_ADDRESS', 'unix:path'), ('SYSTEMD_EXEC_PID', '1332'), ('GIO_LAUNCHED_DESKTOP_FILE_PID', '1935'), ('COLCON_PREFIX_PATH', '/home/wheeltec/lab103/qt_sim_v1/install'), ('IM_CONFIG_PHASE', '1'), ('ROS_DISTRO', 'humble'), ('WAYLAND_DISPLAY', 'wayland-0'), ('LOGNAME', 'wheeltec'), ('JOURNAL_STREAM', '8:22322'), ('_', '/usr/bin/env'), ('ROS_VERSION', '2'), ('XDG_SESSION_CLASS', 'user'), ('USERNAME', 'wheeltec'), ('GNOME_DESKTOP_SESSION_ID', 'this-is-deprecated'), ('ROS_LOCALHOST_ONLY', '0'), ('PATH', '/opt/ros/humble/bin:/usr/local/sbin:/usr/local/bin:/usr/sbin:/usr/bin:/sbin:/bin:/usr/games:/usr/local/games:/snap/bin:/snap/bin'), ('INVOCATION_ID', '3328b75a46014fff989b327ec4496e36'), ('SESSION_MANAGER', 'local/humble:@/tmp/.ICE-unix/1304,unix/humble:/tmp/.ICE-unix/1304'), ('GNOME_SETUP_DISPLAY', ':1'), ('XDG_MENU_PREFIX', 'gnome-'), ('XDG_RUNTIME_DIR', '/run/user/1000'), ('DISPLAY', ':0'), ('LANG', 'en_US.UTF-8'), ('XDG_CURRENT_DESKTOP', 'ubuntu:GNOME'), ('XAUTHORITY', '/run/user/1000/.mutter-Xwaylandauth.JJ0Q62'), ('XDG_SESSION_DESKTOP', 'ubuntu'), ('XMODIFIERS', '@im'), ('AMENT_PREFIX_PATH', '/home/wheeltec/lab103/qt_sim_v1/install/wheeltec_robot_urdf:/home/wheeltec/lab103/qt_sim_v1/install/qt_ros_test:/opt/ros/humble'), ('SSH_AGENT_LAUNCHER', 'gnome-keyring'), ('SSH_AUTH_SOCK', '/run/user/1000/keyring/ssh'), ('SHELL', '/bin/bash'), ('GDMSESSION', 'ubuntu'), ('QT_ACCESSIBILITY', '1'), ('GJS_DEBUG_OUTPUT', 'stderr'), ('QT_IM_MODULE', 'ibus'), ('LC_ALL', 'en_US.UTF-8'), ('PWD', '/home/wheeltec/lab103/qt_sim_v1/build/wheeltec_robot_urdf'), ('QT_QPA_PLATFORM', 'xcb'), ('XDG_CONFIG_DIRS', '/etc/xdg/xdg-ubuntu:/etc/xdg'), ('XDG_DATA_DIRS', '/usr/share/ubuntu:/usr/local/share/:/usr/share/:/var/lib/snapd/desktop'), ('PYTHONPATH', '/opt/ros/humble/lib/python3.10/site-packages:/opt/ros/humble/local/lib/python3.10/dist-packages'), ('COLCON', '1'), ('CMAKE_PREFIX_PATH', '/home/wheeltec/lab103/qt_sim_v1/install/wheeltec_robot_urdf:/home/wheeltec/lab103/qt_sim_v1/install/qt_ros_test:/opt/ros/humble')]), 'shell': False}
[0.098263] (-) TimerEvent: {}
[0.102658] (wheeltec_robot_urdf) StdoutLine: {'line': b'-- Install configuration: "Debug"\n'}
[0.102937] (wheeltec_robot_urdf) StdoutLine: {'line': b'-- Up-to-date: /home/wheeltec/lab103/qt_sim_v1/install/wheeltec_robot_urdf/share/wheeltec_robot_urdf/meshes\n'}
[0.103058] (wheeltec_robot_urdf) StdoutLine: {'line': b'-- Up-to-date: /home/wheeltec/lab103/qt_sim_v1/install/wheeltec_robot_urdf/share/wheeltec_robot_urdf/meshes/bases\n'}
[0.103127] (wheeltec_robot_urdf) StdoutLine: {'line': b'-- Up-to-date: /home/wheeltec/lab103/qt_sim_v1/install/wheeltec_robot_urdf/share/wheeltec_robot_urdf/meshes/bases/waffle_pi_base.stl\n'}
[0.103193] (wheeltec_robot_urdf) StdoutLine: {'line': b'-- Up-to-date: /home/wheeltec/lab103/qt_sim_v1/install/wheeltec_robot_urdf/share/wheeltec_robot_urdf/meshes/bases/waffle_base.stl\n'}
[0.103239] (wheeltec_robot_urdf) StdoutLine: {'line': b'-- Up-to-date: /home/wheeltec/lab103/qt_sim_v1/install/wheeltec_robot_urdf/share/wheeltec_robot_urdf/meshes/bases/burger_base.stl\n'}
[0.103261] (wheeltec_robot_urdf) StdoutLine: {'line': b'-- Up-to-date: /home/wheeltec/lab103/qt_sim_v1/install/wheeltec_robot_urdf/share/wheeltec_robot_urdf/meshes/wheels\n'}
[0.103438] (wheeltec_robot_urdf) StdoutLine: {'line': b'-- Up-to-date: /home/wheeltec/lab103/qt_sim_v1/install/wheeltec_robot_urdf/share/wheeltec_robot_urdf/meshes/wheels/left_tire.stl\n'}
[0.103468] (wheeltec_robot_urdf) StdoutLine: {'line': b'-- Up-to-date: /home/wheeltec/lab103/qt_sim_v1/install/wheeltec_robot_urdf/share/wheeltec_robot_urdf/meshes/wheels/right_tire.stl\n'}
[0.103489] (wheeltec_robot_urdf) StdoutLine: {'line': b'-- Up-to-date: /home/wheeltec/lab103/qt_sim_v1/install/wheeltec_robot_urdf/share/wheeltec_robot_urdf/meshes/sensors\n'}
[0.103509] (wheeltec_robot_urdf) StdoutLine: {'line': b'-- Up-to-date: /home/wheeltec/lab103/qt_sim_v1/install/wheeltec_robot_urdf/share/wheeltec_robot_urdf/meshes/sensors/astra.jpg\n'}
[0.103544] (wheeltec_robot_urdf) StdoutLine: {'line': b'-- Up-to-date: /home/wheeltec/lab103/qt_sim_v1/install/wheeltec_robot_urdf/share/wheeltec_robot_urdf/meshes/sensors/astra.dae\n'}
[0.103565] (wheeltec_robot_urdf) StdoutLine: {'line': b'-- Up-to-date: /home/wheeltec/lab103/qt_sim_v1/install/wheeltec_robot_urdf/share/wheeltec_robot_urdf/meshes/sensors/lds.stl\n'}
[0.103585] (wheeltec_robot_urdf) StdoutLine: {'line': b'-- Up-to-date: /home/wheeltec/lab103/qt_sim_v1/install/wheeltec_robot_urdf/share/wheeltec_robot_urdf/meshes/sensors/r200.dae\n'}
[0.103607] (wheeltec_robot_urdf) StdoutLine: {'line': b'-- Up-to-date: /home/wheeltec/lab103/qt_sim_v1/install/wheeltec_robot_urdf/share/wheeltec_robot_urdf/meshes/sensors/r200.jpg\n'}
[0.103628] (wheeltec_robot_urdf) StdoutLine: {'line': b'-- Up-to-date: /home/wheeltec/lab103/qt_sim_v1/install/wheeltec_robot_urdf/share/wheeltec_robot_urdf/meshes/mini_mec_robot_meshes\n'}
[0.103648] (wheeltec_robot_urdf) StdoutLine: {'line': b'-- Up-to-date: /home/wheeltec/lab103/qt_sim_v1/install/wheeltec_robot_urdf/share/wheeltec_robot_urdf/meshes/mini_mec_robot_meshes/lf_wheel_link.STL\n'}
[0.103667] (wheeltec_robot_urdf) StdoutLine: {'line': b'-- Up-to-date: /home/wheeltec/lab103/qt_sim_v1/install/wheeltec_robot_urdf/share/wheeltec_robot_urdf/meshes/mini_mec_robot_meshes/camera_link.STL\n'}
[0.103686] (wheeltec_robot_urdf) StdoutLine: {'line': b'-- Up-to-date: /home/wheeltec/lab103/qt_sim_v1/install/wheeltec_robot_urdf/share/wheeltec_robot_urdf/meshes/mini_mec_robot_meshes/base_link.STL\n'}
[0.103706] (wheeltec_robot_urdf) StdoutLine: {'line': b'-- Up-to-date: /home/wheeltec/lab103/qt_sim_v1/install/wheeltec_robot_urdf/share/wheeltec_robot_urdf/meshes/mini_mec_robot_meshes/rf_wheel_link.STL\n'}
[0.103725] (wheeltec_robot_urdf) StdoutLine: {'line': b'-- Up-to-date: /home/wheeltec/lab103/qt_sim_v1/install/wheeltec_robot_urdf/share/wheeltec_robot_urdf/meshes/mini_mec_robot_meshes/lb_wheel_link.STL\n'}
[0.103744] (wheeltec_robot_urdf) StdoutLine: {'line': b'-- Up-to-date: /home/wheeltec/lab103/qt_sim_v1/install/wheeltec_robot_urdf/share/wheeltec_robot_urdf/meshes/mini_mec_robot_meshes/controller_link.STL\n'}
[0.103763] (wheeltec_robot_urdf) StdoutLine: {'line': b'-- Up-to-date: /home/wheeltec/lab103/qt_sim_v1/install/wheeltec_robot_urdf/share/wheeltec_robot_urdf/meshes/mini_mec_robot_meshes/laser.STL\n'}
[0.103782] (wheeltec_robot_urdf) StdoutLine: {'line': b'-- Up-to-date: /home/wheeltec/lab103/qt_sim_v1/install/wheeltec_robot_urdf/share/wheeltec_robot_urdf/meshes/mini_mec_robot_meshes/rb_wheel_link.STL\n'}
[0.103801] (wheeltec_robot_urdf) StdoutLine: {'line': b'-- Up-to-date: /home/wheeltec/lab103/qt_sim_v1/install/wheeltec_robot_urdf/share/wheeltec_robot_urdf/rviz\n'}
[0.103822] (wheeltec_robot_urdf) StdoutLine: {'line': b'-- Up-to-date: /home/wheeltec/lab103/qt_sim_v1/install/wheeltec_robot_urdf/share/wheeltec_robot_urdf/rviz/model.rviz\n'}
[0.103841] (wheeltec_robot_urdf) StdoutLine: {'line': b'-- Up-to-date: /home/wheeltec/lab103/qt_sim_v1/install/wheeltec_robot_urdf/share/wheeltec_robot_urdf/urdf\n'}
[0.103859] (wheeltec_robot_urdf) StdoutLine: {'line': b'-- Up-to-date: /home/wheeltec/lab103/qt_sim_v1/install/wheeltec_robot_urdf/share/wheeltec_robot_urdf/urdf/senior_diff_robot.urdf\n'}
[0.103877] (wheeltec_robot_urdf) StdoutLine: {'line': b'-- Up-to-date: /home/wheeltec/lab103/qt_sim_v1/install/wheeltec_robot_urdf/share/wheeltec_robot_urdf/urdf/senior_4wd_dl_robot.urdf\n'}
[0.103896] (wheeltec_robot_urdf) StdoutLine: {'line': b'-- Up-to-date: /home/wheeltec/lab103/qt_sim_v1/install/wheeltec_robot_urdf/share/wheeltec_robot_urdf/urdf/top_mec_dl_robot.urdf\n'}
[0.103914] (wheeltec_robot_urdf) StdoutLine: {'line': b'-- Up-to-date: /home/wheeltec/lab103/qt_sim_v1/install/wheeltec_robot_urdf/share/wheeltec_robot_urdf/urdf/four_wheel_diff_dl_robot.urdf\n'}
[0.103933] (wheeltec_robot_urdf) StdoutLine: {'line': b'-- Up-to-date: /home/wheeltec/lab103/qt_sim_v1/install/wheeltec_robot_urdf/share/wheeltec_robot_urdf/urdf/mini_omni_robot.urdf\n'}
[0.103951] (wheeltec_robot_urdf) StdoutLine: {'line': b'-- Up-to-date: /home/wheeltec/lab103/qt_sim_v1/install/wheeltec_robot_urdf/share/wheeltec_robot_urdf/urdf/top_akm_bs_robot.urdf\n'}
[0.103973] (wheeltec_robot_urdf) StdoutLine: {'line': b'-- Up-to-date: /home/wheeltec/lab103/qt_sim_v1/install/wheeltec_robot_urdf/share/wheeltec_robot_urdf/urdf/mec_EightDrive_robot.urdf\n'}
[0.103991] (wheeltec_robot_urdf) StdoutLine: {'line': b'-- Up-to-date: /home/wheeltec/lab103/qt_sim_v1/install/wheeltec_robot_urdf/share/wheeltec_robot_urdf/urdf/flagship_mec_dl_robot.urdf\n'}
[0.104009] (wheeltec_robot_urdf) StdoutLine: {'line': b'-- Up-to-date: /home/wheeltec/lab103/qt_sim_v1/install/wheeltec_robot_urdf/share/wheeltec_robot_urdf/urdf/senior_akm_robot.urdf\n'}
[0.104028] (wheeltec_robot_urdf) StdoutLine: {'line': b'-- Up-to-date: /home/wheeltec/lab103/qt_sim_v1/install/wheeltec_robot_urdf/share/wheeltec_robot_urdf/urdf/mini_diff_robot.urdf\n'}
[0.104046] (wheeltec_robot_urdf) StdoutLine: {'line': b'-- Up-to-date: /home/wheeltec/lab103/qt_sim_v1/install/wheeltec_robot_urdf/share/wheeltec_robot_urdf/urdf/top_akm_dl_robot.urdf\n'}
[0.104065] (wheeltec_robot_urdf) StdoutLine: {'line': b'-- Up-to-date: /home/wheeltec/lab103/qt_sim_v1/install/wheeltec_robot_urdf/share/wheeltec_robot_urdf/urdf/mini_4wd_robot.urdf\n'}
[0.104085] (wheeltec_robot_urdf) StdoutLine: {'line': b'-- Up-to-date: /home/wheeltec/lab103/qt_sim_v1/install/wheeltec_robot_urdf/share/wheeltec_robot_urdf/urdf/flagship_four_wheel_diff_dl_robot.urdf\n'}
[0.104104] (wheeltec_robot_urdf) StdoutLine: {'line': b'-- Up-to-date: /home/wheeltec/lab103/qt_sim_v1/install/wheeltec_robot_urdf/share/wheeltec_robot_urdf/urdf/mini_mec_moveit.urdf\n'}
[0.104123] (wheeltec_robot_urdf) StdoutLine: {'line': b'-- Up-to-date: /home/wheeltec/lab103/qt_sim_v1/install/wheeltec_robot_urdf/share/wheeltec_robot_urdf/urdf/senior_mec_dl_robot.urdf\n'}
[0.104141] (wheeltec_robot_urdf) StdoutLine: {'line': b'-- Up-to-date: /home/wheeltec/lab103/qt_sim_v1/install/wheeltec_robot_urdf/share/wheeltec_robot_urdf/urdf/top_4wd_dl_robot.urdf\n'}
[0.104160] (wheeltec_robot_urdf) StdoutLine: {'line': b'-- Up-to-date: /home/wheeltec/lab103/qt_sim_v1/install/wheeltec_robot_urdf/share/wheeltec_robot_urdf/urdf/mini_mec_robot.urdf\n'}
[0.104178] (wheeltec_robot_urdf) StdoutLine: {'line': b'-- Up-to-date: /home/wheeltec/lab103/qt_sim_v1/install/wheeltec_robot_urdf/share/wheeltec_robot_urdf/urdf/mini_akm_robot.urdf\n'}
[0.104196] (wheeltec_robot_urdf) StdoutLine: {'line': b'-- Up-to-date: /home/wheeltec/lab103/qt_sim_v1/install/wheeltec_robot_urdf/share/wheeltec_robot_urdf/urdf/top_mec_bs_robot.urdf\n'}
[0.104213] (wheeltec_robot_urdf) StdoutLine: {'line': b'-- Up-to-date: /home/wheeltec/lab103/qt_sim_v1/install/wheeltec_robot_urdf/share/wheeltec_robot_urdf/urdf/flagship_four_wheel_diff_bs_robot.urdf\n'}
[0.104231] (wheeltec_robot_urdf) StdoutLine: {'line': b'-- Up-to-date: /home/wheeltec/lab103/qt_sim_v1/install/wheeltec_robot_urdf/share/wheeltec_robot_urdf/urdf/top_4wd_bs_robot.urdf\n'}
[0.104249] (wheeltec_robot_urdf) StdoutLine: {'line': b'-- Up-to-date: /home/wheeltec/lab103/qt_sim_v1/install/wheeltec_robot_urdf/share/wheeltec_robot_urdf/urdf/brushless_senior_diff.urdf\n'}
[0.104267] (wheeltec_robot_urdf) StdoutLine: {'line': b'-- Up-to-date: /home/wheeltec/lab103/qt_sim_v1/install/wheeltec_robot_urdf/share/wheeltec_robot_urdf/urdf/four_wheel_diff_bs_robot.urdf\n'}
[0.104284] (wheeltec_robot_urdf) StdoutLine: {'line': b'-- Up-to-date: /home/wheeltec/lab103/qt_sim_v1/install/wheeltec_robot_urdf/share/wheeltec_robot_urdf/urdf/top_omni_robot.urdf\n'}
[0.104302] (wheeltec_robot_urdf) StdoutLine: {'line': b'-- Up-to-date: /home/wheeltec/lab103/qt_sim_v1/install/wheeltec_robot_urdf/share/wheeltec_robot_urdf/urdf/flagship_4wd_dl_robot.urdf\n'}
[0.104320] (wheeltec_robot_urdf) StdoutLine: {'line': b'-- Up-to-date: /home/wheeltec/lab103/qt_sim_v1/install/wheeltec_robot_urdf/share/wheeltec_robot_urdf/urdf/senior_omni_robot.urdf\n'}
[0.104340] (wheeltec_robot_urdf) StdoutLine: {'line': b'-- Up-to-date: /home/wheeltec/lab103/qt_sim_v1/install/wheeltec_robot_urdf/share/wheeltec_robot_urdf/urdf/senior_4wd_bs_robot.urdf\n'}
[0.104357] (wheeltec_robot_urdf) StdoutLine: {'line': b'-- Up-to-date: /home/wheeltec/lab103/qt_sim_v1/install/wheeltec_robot_urdf/share/wheeltec_robot_urdf/urdf/senior_mec_robot.urdf\n'}
[0.104376] (wheeltec_robot_urdf) StdoutLine: {'line': b'-- Up-to-date: /home/wheeltec/lab103/qt_sim_v1/install/wheeltec_robot_urdf/share/wheeltec_robot_urdf/urdf/mini_tank_moveit.urdf\n'}
[0.104394] (wheeltec_robot_urdf) StdoutLine: {'line': b'-- Up-to-date: /home/wheeltec/lab103/qt_sim_v1/install/wheeltec_robot_urdf/share/wheeltec_robot_urdf/urdf/flagship_4wd_bs_robot.urdf\n'}
[0.104434] (wheeltec_robot_urdf) StdoutLine: {'line': b'-- Up-to-date: /home/wheeltec/lab103/qt_sim_v1/install/wheeltec_robot_urdf/share/wheeltec_robot_urdf/urdf/flagship_mec_bs_robot.urdf\n'}
[0.104455] (wheeltec_robot_urdf) StdoutLine: {'line': b'-- Up-to-date: /home/wheeltec/lab103/qt_sim_v1/install/wheeltec_robot_urdf/share/ament_index/resource_index/package_run_dependencies/wheeltec_robot_urdf\n'}
[0.104475] (wheeltec_robot_urdf) StdoutLine: {'line': b'-- Up-to-date: /home/wheeltec/lab103/qt_sim_v1/install/wheeltec_robot_urdf/share/ament_index/resource_index/parent_prefix_path/wheeltec_robot_urdf\n'}
[0.104494] (wheeltec_robot_urdf) StdoutLine: {'line': b'-- Up-to-date: /home/wheeltec/lab103/qt_sim_v1/install/wheeltec_robot_urdf/share/wheeltec_robot_urdf/environment/ament_prefix_path.sh\n'}
[0.104512] (wheeltec_robot_urdf) StdoutLine: {'line': b'-- Up-to-date: /home/wheeltec/lab103/qt_sim_v1/install/wheeltec_robot_urdf/share/wheeltec_robot_urdf/environment/ament_prefix_path.dsv\n'}
[0.104531] (wheeltec_robot_urdf) StdoutLine: {'line': b'-- Up-to-date: /home/wheeltec/lab103/qt_sim_v1/install/wheeltec_robot_urdf/share/wheeltec_robot_urdf/environment/path.sh\n'}
[0.104549] (wheeltec_robot_urdf) StdoutLine: {'line': b'-- Up-to-date: /home/wheeltec/lab103/qt_sim_v1/install/wheeltec_robot_urdf/share/wheeltec_robot_urdf/environment/path.dsv\n'}
[0.104570] (wheeltec_robot_urdf) StdoutLine: {'line': b'-- Up-to-date: /home/wheeltec/lab103/qt_sim_v1/install/wheeltec_robot_urdf/share/wheeltec_robot_urdf/local_setup.bash\n'}
[0.104588] (wheeltec_robot_urdf) StdoutLine: {'line': b'-- Up-to-date: /home/wheeltec/lab103/qt_sim_v1/install/wheeltec_robot_urdf/share/wheeltec_robot_urdf/local_setup.sh\n'}
[0.104606] (wheeltec_robot_urdf) StdoutLine: {'line': b'-- Up-to-date: /home/wheeltec/lab103/qt_sim_v1/install/wheeltec_robot_urdf/share/wheeltec_robot_urdf/local_setup.zsh\n'}
[0.104624] (wheeltec_robot_urdf) StdoutLine: {'line': b'-- Up-to-date: /home/wheeltec/lab103/qt_sim_v1/install/wheeltec_robot_urdf/share/wheeltec_robot_urdf/local_setup.dsv\n'}
[0.104643] (wheeltec_robot_urdf) StdoutLine: {'line': b'-- Installing: /home/wheeltec/lab103/qt_sim_v1/install/wheeltec_robot_urdf/share/wheeltec_robot_urdf/package.dsv\n'}
[0.104860] (wheeltec_robot_urdf) StdoutLine: {'line': b'-- Up-to-date: /home/wheeltec/lab103/qt_sim_v1/install/wheeltec_robot_urdf/share/ament_index/resource_index/packages/wheeltec_robot_urdf\n'}
[0.104891] (wheeltec_robot_urdf) StdoutLine: {'line': b'-- Up-to-date: /home/wheeltec/lab103/qt_sim_v1/install/wheeltec_robot_urdf/share/wheeltec_robot_urdf/cmake/wheeltec_robot_urdfConfig.cmake\n'}
[0.104911] (wheeltec_robot_urdf) StdoutLine: {'line': b'-- Up-to-date: /home/wheeltec/lab103/qt_sim_v1/install/wheeltec_robot_urdf/share/wheeltec_robot_urdf/cmake/wheeltec_robot_urdfConfig-version.cmake\n'}
[0.104929] (wheeltec_robot_urdf) StdoutLine: {'line': b'-- Up-to-date: /home/wheeltec/lab103/qt_sim_v1/install/wheeltec_robot_urdf/share/wheeltec_robot_urdf/package.xml\n'}
[0.107977] (wheeltec_robot_urdf) CommandEnded: {'returncode': 0}
[0.153341] (wheeltec_robot_urdf) JobEnded: {'identifier': 'wheeltec_robot_urdf', 'rc': 0}
[0.198808] (-) TimerEvent: {}
[0.299271] (-) TimerEvent: {}
[0.400078] (-) TimerEvent: {}
[0.500327] (-) TimerEvent: {}
[0.600909] (-) TimerEvent: {}
[0.701151] (-) TimerEvent: {}
[0.801580] (-) TimerEvent: {}
[0.902174] (-) TimerEvent: {}
[1.002468] (-) TimerEvent: {}
[1.102870] (-) TimerEvent: {}
[1.203381] (-) TimerEvent: {}
[1.303841] (-) TimerEvent: {}
[1.404622] (-) TimerEvent: {}
[1.505208] (-) TimerEvent: {}
[1.605662] (-) TimerEvent: {}
[1.706135] (-) TimerEvent: {}
[1.806675] (-) TimerEvent: {}
[1.907065] (-) TimerEvent: {}
[2.007327] (-) TimerEvent: {}
[2.107992] (-) TimerEvent: {}
[2.208540] (-) TimerEvent: {}
[2.308884] (-) TimerEvent: {}
[2.409162] (-) TimerEvent: {}
[2.509575] (-) TimerEvent: {}
[2.609889] (-) TimerEvent: {}
[2.710535] (-) TimerEvent: {}
[2.811151] (-) TimerEvent: {}
[2.911458] (-) TimerEvent: {}
[3.011749] (-) TimerEvent: {}
[3.112194] (-) TimerEvent: {}
[3.212497] (-) TimerEvent: {}
[3.312988] (-) TimerEvent: {}
[3.413637] (-) TimerEvent: {}
[3.514161] (-) TimerEvent: {}
[3.614528] (-) TimerEvent: {}
[3.715128] (-) TimerEvent: {}
[3.815687] (-) TimerEvent: {}
[3.916310] (-) TimerEvent: {}
[4.017576] (-) TimerEvent: {}
[4.102180] (qt_ros_test) StderrLine: {'line': b'/home/wheeltec/lab103/qt_sim_v1/src/qt_ros_test/src/main_window.cpp: In destructor \xe2\x80\x98virtual qt_ros_test::MainWindow::~MainWindow()\xe2\x80\x99:\n'}
[4.102326] (qt_ros_test) StderrLine: {'line': b'/home/wheeltec/lab103/qt_sim_v1/src/qt_ros_test/src/main_window.cpp:112:22: warning: \xe2\x80\x98static int QProcess::execute(const QString&)\xe2\x80\x99 is deprecated: Use QProcess::execute(const QString &program, const QStringList &arguments) instead [-Wdeprecated-declarations]\n'}
[4.102354] (qt_ros_test) StderrLine: {'line': b'  112 |     QProcess::execute("ssh -Y wheeltec@192.168.0.100\\n"\n'}
[4.102377] (qt_ros_test) StderrLine: {'line': b'      |     ~~~~~~~~~~~~~~~~~^~~~~~~~~~~~~~~~~~~~~~~~~~~~~~~~~~\n'}
[4.102398] (qt_ros_test) StderrLine: {'line': b'  113 |                     "killall -s INT -w ros2\\n");\n'}
[4.102419] (qt_ros_test) StderrLine: {'line': b'      |                     ~~~~~~~~~~~~~~~~~~~~~~~~~~~\n'}
[4.102438] (qt_ros_test) StderrLine: {'line': b'In file included from /usr/include/x86_64-linux-gnu/qt5/QtCore/QtCore:170,\n'}
[4.102524] (qt_ros_test) StderrLine: {'line': b'                 from /usr/include/x86_64-linux-gnu/qt5/QtGui/QtGuiDepends:3,\n'}
[4.102588] (qt_ros_test) StderrLine: {'line': b'                 from /usr/include/x86_64-linux-gnu/qt5/QtGui/QtGui:3,\n'}
[4.102646] (qt_ros_test) StderrLine: {'line': b'                 from /home/wheeltec/lab103/qt_sim_v1/src/qt_ros_test/src/main_window.cpp:12:\n'}
[4.102709] (qt_ros_test) StderrLine: {'line': b'/usr/include/x86_64-linux-gnu/qt5/QtCore/qprocess.h:265:16: note: declared here\n'}
[4.102771] (qt_ros_test) StderrLine: {'line': b'  265 |     static int execute(const QString &command);\n'}
[4.102834] (qt_ros_test) StderrLine: {'line': b'      |                ^~~~~~~\n'}
[4.103022] (qt_ros_test) StderrLine: {'line': b'/home/wheeltec/lab103/qt_sim_v1/src/qt_ros_test/src/main_window.cpp: In member function \xe2\x80\x98void qt_ros_test::MainWindow::init_cmd()\xe2\x80\x99:\n'}
[4.103053] (qt_ros_test) StderrLine: {'line': b'/home/wheeltec/lab103/qt_sim_v1/src/qt_ros_test/src/main_window.cpp:142:16: warning: \xe2\x80\x98void QProcess::start(const QString&, QIODevice::OpenMode)\xe2\x80\x99 is deprecated: Use QProcess::start(const QString &program, const QStringList &arguments,OpenMode mode = ReadWrite) instead [-Wdeprecated-declarations]\n'}
[4.103075] (qt_ros_test) StderrLine: {'line': b'  142 |     _cmd->start("bash");\n'}
[4.103095] (qt_ros_test) StderrLine: {'line': b'      |     ~~~~~~~~~~~^~~~~~~~\n'}
[4.103116] (qt_ros_test) StderrLine: {'line': b'In file included from /usr/include/x86_64-linux-gnu/qt5/QtCore/QtCore:170,\n'}
[4.103135] (qt_ros_test) StderrLine: {'line': b'                 from /usr/include/x86_64-linux-gnu/qt5/QtGui/QtGuiDepends:3,\n'}
[4.103155] (qt_ros_test) StderrLine: {'line': b'                 from /usr/include/x86_64-linux-gnu/qt5/QtGui/QtGui:3,\n'}
[4.103173] (qt_ros_test) StderrLine: {'line': b'                 from /home/wheeltec/lab103/qt_sim_v1/src/qt_ros_test/src/main_window.cpp:12:\n'}
[4.103191] (qt_ros_test) StderrLine: {'line': b'/usr/include/x86_64-linux-gnu/qt5/QtCore/qprocess.h:168:10: note: declared here\n'}
[4.103210] (qt_ros_test) StderrLine: {'line': b'  168 |     void start(const QString &command, OpenMode mode = ReadWrite);\n'}
[4.103228] (qt_ros_test) StderrLine: {'line': b'      |          ^~~~~\n'}
[4.104441] (qt_ros_test) StderrLine: {'line': b'/home/wheeltec/lab103/qt_sim_v1/src/qt_ros_test/src/main_window.cpp: In member function \xe2\x80\x98void qt_ros_test::MainWindow::closeroslaunch()\xe2\x80\x99:\n'}
[4.104474] (qt_ros_test) StderrLine: {'line': b'/home/wheeltec/lab103/qt_sim_v1/src/qt_ros_test/src/main_window.cpp:196:19: warning: \xe2\x80\x98void QProcess::start(const QString&, QIODevice::OpenMode)\xe2\x80\x99 is deprecated: Use QProcess::start(const QString &program, const QStringList &arguments,OpenMode mode = ReadWrite) instead [-Wdeprecated-declarations]\n'}
[4.104501] (qt_ros_test) StderrLine: {'line': b'  196 |     killall->start("ssh -Y wheeltec@192.168.3.120\\n"\n'}
[4.104522] (qt_ros_test) StderrLine: {'line': b'      |     ~~~~~~~~~~~~~~^~~~~~~~~~~~~~~~~~~~~~~~~~~~~~~~~~\n'}
[4.104541] (qt_ros_test) StderrLine: {'line': b'  197 |                     "killall -s INT -wg ros2\\n");\n'}
[4.104561] (qt_ros_test) StderrLine: {'line': b'      |                     ~~~~~~~~~~~~~~~~~~~~~~~~~~~~\n'}
[4.104580] (qt_ros_test) StderrLine: {'line': b'In file included from /usr/include/x86_64-linux-gnu/qt5/QtCore/QtCore:170,\n'}
[4.104598] (qt_ros_test) StderrLine: {'line': b'                 from /usr/include/x86_64-linux-gnu/qt5/QtGui/QtGuiDepends:3,\n'}
[4.104616] (qt_ros_test) StderrLine: {'line': b'                 from /usr/include/x86_64-linux-gnu/qt5/QtGui/QtGui:3,\n'}
[4.104634] (qt_ros_test) StderrLine: {'line': b'                 from /home/wheeltec/lab103/qt_sim_v1/src/qt_ros_test/src/main_window.cpp:12:\n'}
[4.104652] (qt_ros_test) StderrLine: {'line': b'/usr/include/x86_64-linux-gnu/qt5/QtCore/qprocess.h:168:10: note: declared here\n'}
[4.104670] (qt_ros_test) StderrLine: {'line': b'  168 |     void start(const QString &command, OpenMode mode = ReadWrite);\n'}
[4.104687] (qt_ros_test) StderrLine: {'line': b'      |          ^~~~~\n'}
[4.108847] (qt_ros_test) StderrLine: {'line': b'/home/wheeltec/lab103/qt_sim_v1/src/qt_ros_test/src/main_window.cpp: In member function \xe2\x80\x98void qt_ros_test::MainWindow::slot_cmd_read()\xe2\x80\x99:\n'}
[4.109100] (qt_ros_test) StderrLine: {'line': b'/home/wheeltec/lab103/qt_sim_v1/src/qt_ros_test/src/main_window.cpp:244:10: warning: ISO C++ forbids variable length array \xe2\x80\x98buffer\xe2\x80\x99 [-Wvla]\n'}
[4.109197] (qt_ros_test) StderrLine: {'line': b'  244 |     char buffer[maxSize];\n'}
[4.109283] (qt_ros_test) StderrLine: {'line': b'      |          ^~~~~~\n'}
[4.109320] (qt_ros_test) StderrLine: {'line': b'/home/wheeltec/lab103/qt_sim_v1/src/qt_ros_test/src/main_window.cpp: In member function \xe2\x80\x98void qt_ros_test::MainWindow::ReadSettings()\xe2\x80\x99:\n'}
[4.109341] (qt_ros_test) StderrLine: {'line': b'/home/wheeltec/lab103/qt_sim_v1/src/qt_ros_test/src/main_window.cpp:300:10: warning: unused variable \xe2\x80\x98remember\xe2\x80\x99 [-Wunused-variable]\n'}
[4.109362] (qt_ros_test) StderrLine: {'line': b'  300 |     bool remember = settings.value("remember_settings", false).toBool();\n'}
[4.109384] (qt_ros_test) StderrLine: {'line': b'      |          ^~~~~~~~\n'}
[4.109402] (qt_ros_test) StderrLine: {'line': b'/home/wheeltec/lab103/qt_sim_v1/src/qt_ros_test/src/main_window.cpp:301:10: warning: unused variable \xe2\x80\x98checked\xe2\x80\x99 [-Wunused-variable]\n'}
[4.109423] (qt_ros_test) StderrLine: {'line': b'  301 |     bool checked = settings.value("use_environment_variables", false).toBool();\n'}
[4.109441] (qt_ros_test) StderrLine: {'line': b'      |          ^~~~~~~\n'}
[4.118098] (-) TimerEvent: {}
[4.131464] (qt_ros_test) StderrLine: {'line': b'/home/wheeltec/lab103/qt_sim_v1/src/qt_ros_test/src/main_window.cpp: In member function \xe2\x80\x98void qt_ros_test::MainWindow::on_pushButton_webusbcam_clicked(bool)\xe2\x80\x99:\n'}
[4.131575] (qt_ros_test) StderrLine: {'line': b'/home/wheeltec/lab103/qt_sim_v1/src/qt_ros_test/src/main_window.cpp:597:23: warning: \xe2\x80\x98void QProcess::start(const QString&, QIODevice::OpenMode)\xe2\x80\x99 is deprecated: Use QProcess::start(const QString &program, const QStringList &arguments,OpenMode mode = ReadWrite) instead [-Wdeprecated-declarations]\n'}
[4.131602] (qt_ros_test) StderrLine: {'line': b'  597 |         killall->start("ssh -Y wheeltec@192.168.0.100\\n"\n'}
[4.131623] (qt_ros_test) StderrLine: {'line': b'      |         ~~~~~~~~~~~~~~^~~~~~~~~~~~~~~~~~~~~~~~~~~~~~~~~~\n'}
[4.131643] (qt_ros_test) StderrLine: {'line': b'  598 |                 "killall -s INT -g ros2\\n");\n'}
[4.131672] (qt_ros_test) StderrLine: {'line': b'      |                 ~~~~~~~~~~~~~~~~~~~~~~~~~~~\n'}
[4.131692] (qt_ros_test) StderrLine: {'line': b'In file included from /usr/include/x86_64-linux-gnu/qt5/QtCore/QtCore:170,\n'}
[4.131711] (qt_ros_test) StderrLine: {'line': b'                 from /usr/include/x86_64-linux-gnu/qt5/QtGui/QtGuiDepends:3,\n'}
[4.131730] (qt_ros_test) StderrLine: {'line': b'                 from /usr/include/x86_64-linux-gnu/qt5/QtGui/QtGui:3,\n'}
[4.131783] (qt_ros_test) StderrLine: {'line': b'                 from /home/wheeltec/lab103/qt_sim_v1/src/qt_ros_test/src/main_window.cpp:12:\n'}
[4.131846] (qt_ros_test) StderrLine: {'line': b'/usr/include/x86_64-linux-gnu/qt5/QtCore/qprocess.h:168:10: note: declared here\n'}
[4.131917] (qt_ros_test) StderrLine: {'line': b'  168 |     void start(const QString &command, OpenMode mode = ReadWrite);\n'}
[4.131979] (qt_ros_test) StderrLine: {'line': b'      |          ^~~~~\n'}
[4.132171] (qt_ros_test) StderrLine: {'line': b'/home/wheeltec/lab103/qt_sim_v1/src/qt_ros_test/src/main_window.cpp: In member function \xe2\x80\x98void qt_ros_test::MainWindow::on_pushButton_2dmap_clicked(bool)\xe2\x80\x99:\n'}
[4.132201] (qt_ros_test) StderrLine: {'line': b'/home/wheeltec/lab103/qt_sim_v1/src/qt_ros_test/src/main_window.cpp:621:32: warning: \xe2\x80\x98static bool QProcess::startDetached(const QString&)\xe2\x80\x99 is deprecated: Use QProcess::startDetached(const QString &program, const QStringList &arguments) instead [-Wdeprecated-declarations]\n'}
[4.132265] (qt_ros_test) StderrLine: {'line': b'  621 |         rviz_cmd->startDetached("rviz2");\n'}
[4.132332] (qt_ros_test) StderrLine: {'line': b'      |         ~~~~~~~~~~~~~~~~~~~~~~~^~~~~~~~~\n'}
[4.132396] (qt_ros_test) StderrLine: {'line': b'In file included from /usr/include/x86_64-linux-gnu/qt5/QtCore/QtCore:170,\n'}
[4.132459] (qt_ros_test) StderrLine: {'line': b'                 from /usr/include/x86_64-linux-gnu/qt5/QtGui/QtGuiDepends:3,\n'}
[4.132521] (qt_ros_test) StderrLine: {'line': b'                 from /usr/include/x86_64-linux-gnu/qt5/QtGui/QtGui:3,\n'}
[4.132593] (qt_ros_test) StderrLine: {'line': b'                 from /home/wheeltec/lab103/qt_sim_v1/src/qt_ros_test/src/main_window.cpp:12:\n'}
[4.132647] (qt_ros_test) StderrLine: {'line': b'/usr/include/x86_64-linux-gnu/qt5/QtCore/qprocess.h:280:17: note: declared here\n'}
[4.132711] (qt_ros_test) StderrLine: {'line': b'  280 |     static bool startDetached(const QString &command);\n'}
[4.132772] (qt_ros_test) StderrLine: {'line': b'      |                 ^~~~~~~~~~~~~\n'}
[4.132834] (qt_ros_test) StderrLine: {'line': b'/home/wheeltec/lab103/qt_sim_v1/src/qt_ros_test/src/main_window.cpp:627:32: warning: \xe2\x80\x98static bool QProcess::startDetached(const QString&)\xe2\x80\x99 is deprecated: Use QProcess::startDetached(const QString &program, const QStringList &arguments) instead [-Wdeprecated-declarations]\n'}
[4.132897] (qt_ros_test) StderrLine: {'line': b'  627 |         rviz_cmd->startDetached("killall -2 rviz2");\n'}
[4.132958] (qt_ros_test) StderrLine: {'line': b'      |         ~~~~~~~~~~~~~~~~~~~~~~~^~~~~~~~~~~~~~~~~~~~\n'}
[4.133019] (qt_ros_test) StderrLine: {'line': b'In file included from /usr/include/x86_64-linux-gnu/qt5/QtCore/QtCore:170,\n'}
[4.133203] (qt_ros_test) StderrLine: {'line': b'                 from /usr/include/x86_64-linux-gnu/qt5/QtGui/QtGuiDepends:3,\n'}
[4.133226] (qt_ros_test) StderrLine: {'line': b'                 from /usr/include/x86_64-linux-gnu/qt5/QtGui/QtGui:3,\n'}
[4.133249] (qt_ros_test) StderrLine: {'line': b'                 from /home/wheeltec/lab103/qt_sim_v1/src/qt_ros_test/src/main_window.cpp:12:\n'}
[4.133268] (qt_ros_test) StderrLine: {'line': b'/usr/include/x86_64-linux-gnu/qt5/QtCore/qprocess.h:280:17: note: declared here\n'}
[4.133287] (qt_ros_test) StderrLine: {'line': b'  280 |     static bool startDetached(const QString &command);\n'}
[4.133305] (qt_ros_test) StderrLine: {'line': b'      |                 ^~~~~~~~~~~~~\n'}
[4.133325] (qt_ros_test) StderrLine: {'line': b'/home/wheeltec/lab103/qt_sim_v1/src/qt_ros_test/src/main_window.cpp: In member function \xe2\x80\x98void qt_ros_test::MainWindow::on_pushButton_2dmap_2_clicked()\xe2\x80\x99:\n'}
[4.133345] (qt_ros_test) StderrLine: {'line': b'/home/wheeltec/lab103/qt_sim_v1/src/qt_ros_test/src/main_window.cpp:651:32: warning: \xe2\x80\x98static bool QProcess::startDetached(const QString&)\xe2\x80\x99 is deprecated: Use QProcess::startDetached(const QString &program, const QStringList &arguments) instead [-Wdeprecated-declarations]\n'}
[4.133367] (qt_ros_test) StderrLine: {'line': b'  651 |         rviz_cmd->startDetached("rviz2");\n'}
[4.133387] (qt_ros_test) StderrLine: {'line': b'      |         ~~~~~~~~~~~~~~~~~~~~~~~^~~~~~~~~\n'}
[4.133406] (qt_ros_test) StderrLine: {'line': b'In file included from /usr/include/x86_64-linux-gnu/qt5/QtCore/QtCore:170,\n'}
[4.133424] (qt_ros_test) StderrLine: {'line': b'                 from /usr/include/x86_64-linux-gnu/qt5/QtGui/QtGuiDepends:3,\n'}
[4.133443] (qt_ros_test) StderrLine: {'line': b'                 from /usr/include/x86_64-linux-gnu/qt5/QtGui/QtGui:3,\n'}
[4.133461] (qt_ros_test) StderrLine: {'line': b'                 from /home/wheeltec/lab103/qt_sim_v1/src/qt_ros_test/src/main_window.cpp:12:\n'}
[4.133503] (qt_ros_test) StderrLine: {'line': b'/usr/include/x86_64-linux-gnu/qt5/QtCore/qprocess.h:280:17: note: declared here\n'}
[4.133541] (qt_ros_test) StderrLine: {'line': b'  280 |     static bool startDetached(const QString &command);\n'}
[4.133562] (qt_ros_test) StderrLine: {'line': b'      |                 ^~~~~~~~~~~~~\n'}
[4.133581] (qt_ros_test) StderrLine: {'line': b'/home/wheeltec/lab103/qt_sim_v1/src/qt_ros_test/src/main_window.cpp:657:32: warning: \xe2\x80\x98static bool QProcess::startDetached(const QString&)\xe2\x80\x99 is deprecated: Use QProcess::startDetached(const QString &program, const QStringList &arguments) instead [-Wdeprecated-declarations]\n'}
[4.133602] (qt_ros_test) StderrLine: {'line': b'  657 |         rviz_cmd->startDetached("killall -2 rviz2");\n'}
[4.133634] (qt_ros_test) StderrLine: {'line': b'      |         ~~~~~~~~~~~~~~~~~~~~~~~^~~~~~~~~~~~~~~~~~~~\n'}
[4.133654] (qt_ros_test) StderrLine: {'line': b'In file included from /usr/include/x86_64-linux-gnu/qt5/QtCore/QtCore:170,\n'}
[4.133672] (qt_ros_test) StderrLine: {'line': b'                 from /usr/include/x86_64-linux-gnu/qt5/QtGui/QtGuiDepends:3,\n'}
[4.133691] (qt_ros_test) StderrLine: {'line': b'                 from /usr/include/x86_64-linux-gnu/qt5/QtGui/QtGui:3,\n'}
[4.133709] (qt_ros_test) StderrLine: {'line': b'                 from /home/wheeltec/lab103/qt_sim_v1/src/qt_ros_test/src/main_window.cpp:12:\n'}
[4.133728] (qt_ros_test) StderrLine: {'line': b'/usr/include/x86_64-linux-gnu/qt5/QtCore/qprocess.h:280:17: note: declared here\n'}
[4.133745] (qt_ros_test) StderrLine: {'line': b'  280 |     static bool startDetached(const QString &command);\n'}
[4.133763] (qt_ros_test) StderrLine: {'line': b'      |                 ^~~~~~~~~~~~~\n'}
[4.133780] (qt_ros_test) StderrLine: {'line': b'/home/wheeltec/lab103/qt_sim_v1/src/qt_ros_test/src/main_window.cpp: In member function \xe2\x80\x98void qt_ros_test::MainWindow::on_pushButton_2dmap_3_clicked()\xe2\x80\x99:\n'}
[4.133798] (qt_ros_test) StderrLine: {'line': b'/home/wheeltec/lab103/qt_sim_v1/src/qt_ros_test/src/main_window.cpp:681:32: warning: \xe2\x80\x98static bool QProcess::startDetached(const QString&)\xe2\x80\x99 is deprecated: Use QProcess::startDetached(const QString &program, const QStringList &arguments) instead [-Wdeprecated-declarations]\n'}
[4.133817] (qt_ros_test) StderrLine: {'line': b'  681 |         rviz_cmd->startDetached("rviz2");\n'}
[4.133834] (qt_ros_test) StderrLine: {'line': b'      |         ~~~~~~~~~~~~~~~~~~~~~~~^~~~~~~~~\n'}
[4.133852] (qt_ros_test) StderrLine: {'line': b'In file included from /usr/include/x86_64-linux-gnu/qt5/QtCore/QtCore:170,\n'}
[4.133869] (qt_ros_test) StderrLine: {'line': b'                 from /usr/include/x86_64-linux-gnu/qt5/QtGui/QtGuiDepends:3,\n'}
[4.134062] (qt_ros_test) StderrLine: {'line': b'                 from /usr/include/x86_64-linux-gnu/qt5/QtGui/QtGui:3,\n'}
[4.134083] (qt_ros_test) StderrLine: {'line': b'                 from /home/wheeltec/lab103/qt_sim_v1/src/qt_ros_test/src/main_window.cpp:12:\n'}
[4.134102] (qt_ros_test) StderrLine: {'line': b'/usr/include/x86_64-linux-gnu/qt5/QtCore/qprocess.h:280:17: note: declared here\n'}
[4.134121] (qt_ros_test) StderrLine: {'line': b'  280 |     static bool startDetached(const QString &command);\n'}
[4.134140] (qt_ros_test) StderrLine: {'line': b'      |                 ^~~~~~~~~~~~~\n'}
[4.134158] (qt_ros_test) StderrLine: {'line': b'/home/wheeltec/lab103/qt_sim_v1/src/qt_ros_test/src/main_window.cpp:687:32: warning: \xe2\x80\x98static bool QProcess::startDetached(const QString&)\xe2\x80\x99 is deprecated: Use QProcess::startDetached(const QString &program, const QStringList &arguments) instead [-Wdeprecated-declarations]\n'}
[4.134177] (qt_ros_test) StderrLine: {'line': b'  687 |         rviz_cmd->startDetached("killall -2 rviz2");\n'}
[4.134196] (qt_ros_test) StderrLine: {'line': b'      |         ~~~~~~~~~~~~~~~~~~~~~~~^~~~~~~~~~~~~~~~~~~~\n'}
[4.134214] (qt_ros_test) StderrLine: {'line': b'In file included from /usr/include/x86_64-linux-gnu/qt5/QtCore/QtCore:170,\n'}
[4.134231] (qt_ros_test) StderrLine: {'line': b'                 from /usr/include/x86_64-linux-gnu/qt5/QtGui/QtGuiDepends:3,\n'}
[4.134251] (qt_ros_test) StderrLine: {'line': b'                 from /usr/include/x86_64-linux-gnu/qt5/QtGui/QtGui:3,\n'}
[4.134293] (qt_ros_test) StderrLine: {'line': b'                 from /home/wheeltec/lab103/qt_sim_v1/src/qt_ros_test/src/main_window.cpp:12:\n'}
[4.134359] (qt_ros_test) StderrLine: {'line': b'/usr/include/x86_64-linux-gnu/qt5/QtCore/qprocess.h:280:17: note: declared here\n'}
[4.134430] (qt_ros_test) StderrLine: {'line': b'  280 |     static bool startDetached(const QString &command);\n'}
[4.134492] (qt_ros_test) StderrLine: {'line': b'      |                 ^~~~~~~~~~~~~\n'}
[4.134554] (qt_ros_test) StderrLine: {'line': b'/home/wheeltec/lab103/qt_sim_v1/src/qt_ros_test/src/main_window.cpp: In member function \xe2\x80\x98void qt_ros_test::MainWindow::on_pushButton_2dnav_clicked(bool)\xe2\x80\x99:\n'}
[4.134615] (qt_ros_test) StderrLine: {'line': b'/home/wheeltec/lab103/qt_sim_v1/src/qt_ros_test/src/main_window.cpp:729:32: warning: \xe2\x80\x98static bool QProcess::startDetached(const QString&)\xe2\x80\x99 is deprecated: Use QProcess::startDetached(const QString &program, const QStringList &arguments) instead [-Wdeprecated-declarations]\n'}
[4.134679] (qt_ros_test) StderrLine: {'line': b'  729 |         rviz_cmd->startDetached("rviz2");\n'}
[4.134742] (qt_ros_test) StderrLine: {'line': b'      |         ~~~~~~~~~~~~~~~~~~~~~~~^~~~~~~~~\n'}
[4.134804] (qt_ros_test) StderrLine: {'line': b'In file included from /usr/include/x86_64-linux-gnu/qt5/QtCore/QtCore:170,\n'}
[4.134866] (qt_ros_test) StderrLine: {'line': b'                 from /usr/include/x86_64-linux-gnu/qt5/QtGui/QtGuiDepends:3,\n'}
[4.134927] (qt_ros_test) StderrLine: {'line': b'                 from /usr/include/x86_64-linux-gnu/qt5/QtGui/QtGui:3,\n'}
[4.134989] (qt_ros_test) StderrLine: {'line': b'                 from /home/wheeltec/lab103/qt_sim_v1/src/qt_ros_test/src/main_window.cpp:12:\n'}
[4.135051] (qt_ros_test) StderrLine: {'line': b'/usr/include/x86_64-linux-gnu/qt5/QtCore/qprocess.h:280:17: note: declared here\n'}
[4.135115] (qt_ros_test) StderrLine: {'line': b'  280 |     static bool startDetached(const QString &command);\n'}
[4.135177] (qt_ros_test) StderrLine: {'line': b'      |                 ^~~~~~~~~~~~~\n'}
[4.135238] (qt_ros_test) StderrLine: {'line': b'/home/wheeltec/lab103/qt_sim_v1/src/qt_ros_test/src/main_window.cpp:735:32: warning: \xe2\x80\x98static bool QProcess::startDetached(const QString&)\xe2\x80\x99 is deprecated: Use QProcess::startDetached(const QString &program, const QStringList &arguments) instead [-Wdeprecated-declarations]\n'}
[4.135304] (qt_ros_test) StderrLine: {'line': b'  735 |         rviz_cmd->startDetached("killall -2 rviz2");\n'}
[4.135373] (qt_ros_test) StderrLine: {'line': b'      |         ~~~~~~~~~~~~~~~~~~~~~~~^~~~~~~~~~~~~~~~~~~~\n'}
[4.135684] (qt_ros_test) StderrLine: {'line': b'In file included from /usr/include/x86_64-linux-gnu/qt5/QtCore/QtCore:170,\n'}
[4.135754] (qt_ros_test) StderrLine: {'line': b'                 from /usr/include/x86_64-linux-gnu/qt5/QtGui/QtGuiDepends:3,\n'}
[4.135816] (qt_ros_test) StderrLine: {'line': b'                 from /usr/include/x86_64-linux-gnu/qt5/QtGui/QtGui:3,\n'}
[4.135879] (qt_ros_test) StderrLine: {'line': b'                 from /home/wheeltec/lab103/qt_sim_v1/src/qt_ros_test/src/main_window.cpp:12:\n'}
[4.135941] (qt_ros_test) StderrLine: {'line': b'/usr/include/x86_64-linux-gnu/qt5/QtCore/qprocess.h:280:17: note: declared here\n'}
[4.136002] (qt_ros_test) StderrLine: {'line': b'  280 |     static bool startDetached(const QString &command);\n'}
[4.136063] (qt_ros_test) StderrLine: {'line': b'      |                 ^~~~~~~~~~~~~\n'}
[4.136364] (qt_ros_test) StderrLine: {'line': b'/home/wheeltec/lab103/qt_sim_v1/src/qt_ros_test/src/main_window.cpp: In member function \xe2\x80\x98void qt_ros_test::MainWindow::on_pushButton_3dmap_clicked(bool)\xe2\x80\x99:\n'}
[4.136419] (qt_ros_test) StderrLine: {'line': b'/home/wheeltec/lab103/qt_sim_v1/src/qt_ros_test/src/main_window.cpp:760:32: warning: \xe2\x80\x98static bool QProcess::startDetached(const QString&)\xe2\x80\x99 is deprecated: Use QProcess::startDetached(const QString &program, const QStringList &arguments) instead [-Wdeprecated-declarations]\n'}
[4.136445] (qt_ros_test) StderrLine: {'line': b'  760 |         rviz_cmd->startDetached("rviz2");\n'}
[4.136488] (qt_ros_test) StderrLine: {'line': b'      |         ~~~~~~~~~~~~~~~~~~~~~~~^~~~~~~~~\n'}
[4.136558] (qt_ros_test) StderrLine: {'line': b'In file included from /usr/include/x86_64-linux-gnu/qt5/QtCore/QtCore:170,\n'}
[4.136621] (qt_ros_test) StderrLine: {'line': b'                 from /usr/include/x86_64-linux-gnu/qt5/QtGui/QtGuiDepends:3,\n'}
[4.136668] (qt_ros_test) StderrLine: {'line': b'                 from /usr/include/x86_64-linux-gnu/qt5/QtGui/QtGui:3,\n'}
[4.136731] (qt_ros_test) StderrLine: {'line': b'                 from /home/wheeltec/lab103/qt_sim_v1/src/qt_ros_test/src/main_window.cpp:12:\n'}
[4.136794] (qt_ros_test) StderrLine: {'line': b'/usr/include/x86_64-linux-gnu/qt5/QtCore/qprocess.h:280:17: note: declared here\n'}
[4.136857] (qt_ros_test) StderrLine: {'line': b'  280 |     static bool startDetached(const QString &command);\n'}
[4.136920] (qt_ros_test) StderrLine: {'line': b'      |                 ^~~~~~~~~~~~~\n'}
[4.136982] (qt_ros_test) StderrLine: {'line': b'/home/wheeltec/lab103/qt_sim_v1/src/qt_ros_test/src/main_window.cpp:766:32: warning: \xe2\x80\x98static bool QProcess::startDetached(const QString&)\xe2\x80\x99 is deprecated: Use QProcess::startDetached(const QString &program, const QStringList &arguments) instead [-Wdeprecated-declarations]\n'}
[4.137045] (qt_ros_test) StderrLine: {'line': b'  766 |         rviz_cmd->startDetached("killall -2 rviz2");\n'}
[4.137107] (qt_ros_test) StderrLine: {'line': b'      |         ~~~~~~~~~~~~~~~~~~~~~~~^~~~~~~~~~~~~~~~~~~~\n'}
[4.137241] (qt_ros_test) StderrLine: {'line': b'In file included from /usr/include/x86_64-linux-gnu/qt5/QtCore/QtCore:170,\n'}
[4.137271] (qt_ros_test) StderrLine: {'line': b'                 from /usr/include/x86_64-linux-gnu/qt5/QtGui/QtGuiDepends:3,\n'}
[4.137291] (qt_ros_test) StderrLine: {'line': b'                 from /usr/include/x86_64-linux-gnu/qt5/QtGui/QtGui:3,\n'}
[4.137310] (qt_ros_test) StderrLine: {'line': b'                 from /home/wheeltec/lab103/qt_sim_v1/src/qt_ros_test/src/main_window.cpp:12:\n'}
[4.137329] (qt_ros_test) StderrLine: {'line': b'/usr/include/x86_64-linux-gnu/qt5/QtCore/qprocess.h:280:17: note: declared here\n'}
[4.137348] (qt_ros_test) StderrLine: {'line': b'  280 |     static bool startDetached(const QString &command);\n'}
[4.137366] (qt_ros_test) StderrLine: {'line': b'      |                 ^~~~~~~~~~~~~\n'}
[4.137389] (qt_ros_test) StderrLine: {'line': b'/home/wheeltec/lab103/qt_sim_v1/src/qt_ros_test/src/main_window.cpp: In member function \xe2\x80\x98void qt_ros_test::MainWindow::on_pushButton_3dnav_clicked(bool)\xe2\x80\x99:\n'}
[4.137409] (qt_ros_test) StderrLine: {'line': b'/home/wheeltec/lab103/qt_sim_v1/src/qt_ros_test/src/main_window.cpp:798:32: warning: \xe2\x80\x98static bool QProcess::startDetached(const QString&)\xe2\x80\x99 is deprecated: Use QProcess::startDetached(const QString &program, const QStringList &arguments) instead [-Wdeprecated-declarations]\n'}
[4.137428] (qt_ros_test) StderrLine: {'line': b'  798 |         rviz_cmd->startDetached("rviz2");\n'}
[4.137447] (qt_ros_test) StderrLine: {'line': b'      |         ~~~~~~~~~~~~~~~~~~~~~~~^~~~~~~~~\n'}
[4.137464] (qt_ros_test) StderrLine: {'line': b'In file included from /usr/include/x86_64-linux-gnu/qt5/QtCore/QtCore:170,\n'}
[4.137526] (qt_ros_test) StderrLine: {'line': b'                 from /usr/include/x86_64-linux-gnu/qt5/QtGui/QtGuiDepends:3,\n'}
[4.137588] (qt_ros_test) StderrLine: {'line': b'                 from /usr/include/x86_64-linux-gnu/qt5/QtGui/QtGui:3,\n'}
[4.137650] (qt_ros_test) StderrLine: {'line': b'                 from /home/wheeltec/lab103/qt_sim_v1/src/qt_ros_test/src/main_window.cpp:12:\n'}
[4.137712] (qt_ros_test) StderrLine: {'line': b'/usr/include/x86_64-linux-gnu/qt5/QtCore/qprocess.h:280:17: note: declared here\n'}
[4.137774] (qt_ros_test) StderrLine: {'line': b'  280 |     static bool startDetached(const QString &command);\n'}
[4.137836] (qt_ros_test) StderrLine: {'line': b'      |                 ^~~~~~~~~~~~~\n'}
[4.137897] (qt_ros_test) StderrLine: {'line': b'/home/wheeltec/lab103/qt_sim_v1/src/qt_ros_test/src/main_window.cpp:805:32: warning: \xe2\x80\x98static bool QProcess::startDetached(const QString&)\xe2\x80\x99 is deprecated: Use QProcess::startDetached(const QString &program, const QStringList &arguments) instead [-Wdeprecated-declarations]\n'}
[4.137963] (qt_ros_test) StderrLine: {'line': b'  805 |         rviz_cmd->startDetached("killall -2 rviz2");\n'}
[4.138025] (qt_ros_test) StderrLine: {'line': b'      |         ~~~~~~~~~~~~~~~~~~~~~~~^~~~~~~~~~~~~~~~~~~~\n'}
[4.138087] (qt_ros_test) StderrLine: {'line': b'In file included from /usr/include/x86_64-linux-gnu/qt5/QtCore/QtCore:170,\n'}
[4.138148] (qt_ros_test) StderrLine: {'line': b'                 from /usr/include/x86_64-linux-gnu/qt5/QtGui/QtGuiDepends:3,\n'}
[4.138209] (qt_ros_test) StderrLine: {'line': b'                 from /usr/include/x86_64-linux-gnu/qt5/QtGui/QtGui:3,\n'}
[4.138271] (qt_ros_test) StderrLine: {'line': b'                 from /home/wheeltec/lab103/qt_sim_v1/src/qt_ros_test/src/main_window.cpp:12:\n'}
[4.138335] (qt_ros_test) StderrLine: {'line': b'/usr/include/x86_64-linux-gnu/qt5/QtCore/qprocess.h:280:17: note: declared here\n'}
[4.138397] (qt_ros_test) StderrLine: {'line': b'  280 |     static bool startDetached(const QString &command);\n'}
[4.138459] (qt_ros_test) StderrLine: {'line': b'      |                 ^~~~~~~~~~~~~\n'}
[4.138520] (qt_ros_test) StderrLine: {'line': b'/home/wheeltec/lab103/qt_sim_v1/src/qt_ros_test/src/main_window.cpp: In member function \xe2\x80\x98void qt_ros_test::MainWindow::on_pushButton_nfsrobot_clicked(bool)\xe2\x80\x99:\n'}
[4.138582] (qt_ros_test) StderrLine: {'line': b'/home/wheeltec/lab103/qt_sim_v1/src/qt_ros_test/src/main_window.cpp:833:16: warning: \xe2\x80\x98void QProcess::start(const QString&, QIODevice::OpenMode)\xe2\x80\x99 is deprecated: Use QProcess::start(const QString &program, const QStringList &arguments,OpenMode mode = ReadWrite) instead [-Wdeprecated-declarations]\n'}
[4.138646] (qt_ros_test) StderrLine: {'line': b'  833 |     _cmd->start("bash");\n'}
[4.138701] (qt_ros_test) StderrLine: {'line': b'      |     ~~~~~~~~~~~^~~~~~~~\n'}
[4.138763] (qt_ros_test) StderrLine: {'line': b'In file included from /usr/include/x86_64-linux-gnu/qt5/QtCore/QtCore:170,\n'}
[4.138826] (qt_ros_test) StderrLine: {'line': b'                 from /usr/include/x86_64-linux-gnu/qt5/QtGui/QtGuiDepends:3,\n'}
[4.138892] (qt_ros_test) StderrLine: {'line': b'                 from /usr/include/x86_64-linux-gnu/qt5/QtGui/QtGui:3,\n'}
[4.138955] (qt_ros_test) StderrLine: {'line': b'                 from /home/wheeltec/lab103/qt_sim_v1/src/qt_ros_test/src/main_window.cpp:12:\n'}
[4.139028] (qt_ros_test) StderrLine: {'line': b'/usr/include/x86_64-linux-gnu/qt5/QtCore/qprocess.h:168:10: note: declared here\n'}
[4.139090] (qt_ros_test) StderrLine: {'line': b'  168 |     void start(const QString &command, OpenMode mode = ReadWrite);\n'}
[4.139151] (qt_ros_test) StderrLine: {'line': b'      |          ^~~~~\n'}
[4.139214] (qt_ros_test) StderrLine: {'line': b'/home/wheeltec/lab103/qt_sim_v1/src/qt_ros_test/src/main_window.cpp: In member function \xe2\x80\x98void qt_ros_test::MainWindow::on_pushButton_unfsrobot_clicked(bool)\xe2\x80\x99:\n'}
[4.139276] (qt_ros_test) StderrLine: {'line': b'/home/wheeltec/lab103/qt_sim_v1/src/qt_ros_test/src/main_window.cpp:844:16: warning: \xe2\x80\x98void QProcess::start(const QString&, QIODevice::OpenMode)\xe2\x80\x99 is deprecated: Use QProcess::start(const QString &program, const QStringList &arguments,OpenMode mode = ReadWrite) instead [-Wdeprecated-declarations]\n'}
[4.139352] (qt_ros_test) StderrLine: {'line': b'  844 |     _cmd->start("bash");\n'}
[4.139417] (qt_ros_test) StderrLine: {'line': b'      |     ~~~~~~~~~~~^~~~~~~~\n'}
[4.139479] (qt_ros_test) StderrLine: {'line': b'In file included from /usr/include/x86_64-linux-gnu/qt5/QtCore/QtCore:170,\n'}
[4.139540] (qt_ros_test) StderrLine: {'line': b'                 from /usr/include/x86_64-linux-gnu/qt5/QtGui/QtGuiDepends:3,\n'}
[4.139602] (qt_ros_test) StderrLine: {'line': b'                 from /usr/include/x86_64-linux-gnu/qt5/QtGui/QtGui:3,\n'}
[4.139664] (qt_ros_test) StderrLine: {'line': b'                 from /home/wheeltec/lab103/qt_sim_v1/src/qt_ros_test/src/main_window.cpp:12:\n'}
[4.139725] (qt_ros_test) StderrLine: {'line': b'/usr/include/x86_64-linux-gnu/qt5/QtCore/qprocess.h:168:10: note: declared here\n'}
[4.139787] (qt_ros_test) StderrLine: {'line': b'  168 |     void start(const QString &command, OpenMode mode = ReadWrite);\n'}
[4.139849] (qt_ros_test) StderrLine: {'line': b'      |          ^~~~~\n'}
[4.139910] (qt_ros_test) StderrLine: {'line': b'/home/wheeltec/lab103/qt_sim_v1/src/qt_ros_test/src/main_window.cpp: In member function \xe2\x80\x98void qt_ros_test::MainWindow::on_pushButton_nfsarm_clicked(bool)\xe2\x80\x99:\n'}
[4.139971] (qt_ros_test) StderrLine: {'line': b'/home/wheeltec/lab103/qt_sim_v1/src/qt_ros_test/src/main_window.cpp:855:16: warning: \xe2\x80\x98void QProcess::start(const QString&, QIODevice::OpenMode)\xe2\x80\x99 is deprecated: Use QProcess::start(const QString &program, const QStringList &arguments,OpenMode mode = ReadWrite) instead [-Wdeprecated-declarations]\n'}
[4.140034] (qt_ros_test) StderrLine: {'line': b'  855 |     _cmd->start("bash");\n'}
[4.140096] (qt_ros_test) StderrLine: {'line': b'      |     ~~~~~~~~~~~^~~~~~~~\n'}
[4.140158] (qt_ros_test) StderrLine: {'line': b'In file included from /usr/include/x86_64-linux-gnu/qt5/QtCore/QtCore:170,\n'}
[4.140220] (qt_ros_test) StderrLine: {'line': b'                 from /usr/include/x86_64-linux-gnu/qt5/QtGui/QtGuiDepends:3,\n'}
[4.140282] (qt_ros_test) StderrLine: {'line': b'                 from /usr/include/x86_64-linux-gnu/qt5/QtGui/QtGui:3,\n'}
[4.140424] (qt_ros_test) StderrLine: {'line': b'                 from /home/wheeltec/lab103/qt_sim_v1/src/qt_ros_test/src/main_window.cpp:12:\n'}
[4.140489] (qt_ros_test) StderrLine: {'line': b'/usr/include/x86_64-linux-gnu/qt5/QtCore/qprocess.h:168:10: note: declared here\n'}
[4.140551] (qt_ros_test) StderrLine: {'line': b'  168 |     void start(const QString &command, OpenMode mode = ReadWrite);\n'}
[4.140646] (qt_ros_test) StderrLine: {'line': b'      |          ^~~~~\n'}
[4.140711] (qt_ros_test) StderrLine: {'line': b'/home/wheeltec/lab103/qt_sim_v1/src/qt_ros_test/src/main_window.cpp: In member function \xe2\x80\x98void qt_ros_test::MainWindow::on_pushButton_unfsarm_clicked(bool)\xe2\x80\x99:\n'}
[4.140778] (qt_ros_test) StderrLine: {'line': b'/home/wheeltec/lab103/qt_sim_v1/src/qt_ros_test/src/main_window.cpp:866:16: warning: \xe2\x80\x98void QProcess::start(const QString&, QIODevice::OpenMode)\xe2\x80\x99 is deprecated: Use QProcess::start(const QString &program, const QStringList &arguments,OpenMode mode = ReadWrite) instead [-Wdeprecated-declarations]\n'}
[4.141021] (qt_ros_test) StderrLine: {'line': b'  866 |     _cmd->start("bash");\n'}
[4.141077] (qt_ros_test) StderrLine: {'line': b'      |     ~~~~~~~~~~~^~~~~~~~\n'}
[4.141114] (qt_ros_test) StderrLine: {'line': b'In file included from /usr/include/x86_64-linux-gnu/qt5/QtCore/QtCore:170,\n'}
[4.141147] (qt_ros_test) StderrLine: {'line': b'                 from /usr/include/x86_64-linux-gnu/qt5/QtGui/QtGuiDepends:3,\n'}
[4.141182] (qt_ros_test) StderrLine: {'line': b'                 from /usr/include/x86_64-linux-gnu/qt5/QtGui/QtGui:3,\n'}
[4.141217] (qt_ros_test) StderrLine: {'line': b'                 from /home/wheeltec/lab103/qt_sim_v1/src/qt_ros_test/src/main_window.cpp:12:\n'}
[4.141251] (qt_ros_test) StderrLine: {'line': b'/usr/include/x86_64-linux-gnu/qt5/QtCore/qprocess.h:168:10: note: declared here\n'}
[4.141278] (qt_ros_test) StderrLine: {'line': b'  168 |     void start(const QString &command, OpenMode mode = ReadWrite);\n'}
[4.141297] (qt_ros_test) StderrLine: {'line': b'      |          ^~~~~\n'}
[4.141315] (qt_ros_test) StderrLine: {'line': b'/home/wheeltec/lab103/qt_sim_v1/src/qt_ros_test/src/main_window.cpp: In member function \xe2\x80\x98void qt_ros_test::MainWindow::on_pushButton_rqt_clicked(bool)\xe2\x80\x99:\n'}
[4.141334] (qt_ros_test) StderrLine: {'line': b'/home/wheeltec/lab103/qt_sim_v1/src/qt_ros_test/src/main_window.cpp:899:27: warning: \xe2\x80\x98static bool QProcess::startDetached(const QString&)\xe2\x80\x99 is deprecated: Use QProcess::startDetached(const QString &program, const QStringList &arguments) instead [-Wdeprecated-declarations]\n'}
[4.141355] (qt_ros_test) StderrLine: {'line': b'  899 |     rqt_cmd->startDetached("rqt");\n'}
[4.141372] (qt_ros_test) StderrLine: {'line': b'      |     ~~~~~~~~~~~~~~~~~~~~~~^~~~~~~\n'}
[4.141394] (qt_ros_test) StderrLine: {'line': b'In file included from /usr/include/x86_64-linux-gnu/qt5/QtCore/QtCore:170,\n'}
[4.141412] (qt_ros_test) StderrLine: {'line': b'                 from /usr/include/x86_64-linux-gnu/qt5/QtGui/QtGuiDepends:3,\n'}
[4.141430] (qt_ros_test) StderrLine: {'line': b'                 from /usr/include/x86_64-linux-gnu/qt5/QtGui/QtGui:3,\n'}
[4.141447] (qt_ros_test) StderrLine: {'line': b'                 from /home/wheeltec/lab103/qt_sim_v1/src/qt_ros_test/src/main_window.cpp:12:\n'}
[4.141464] (qt_ros_test) StderrLine: {'line': b'/usr/include/x86_64-linux-gnu/qt5/QtCore/qprocess.h:280:17: note: declared here\n'}
[4.141483] (qt_ros_test) StderrLine: {'line': b'  280 |     static bool startDetached(const QString &command);\n'}
[4.141500] (qt_ros_test) StderrLine: {'line': b'      |                 ^~~~~~~~~~~~~\n'}
[4.141518] (qt_ros_test) StderrLine: {'line': b'/home/wheeltec/lab103/qt_sim_v1/src/qt_ros_test/src/main_window.cpp: In member function \xe2\x80\x98void qt_ros_test::MainWindow::on_pushButton_rviz_clicked(bool)\xe2\x80\x99:\n'}
[4.141536] (qt_ros_test) StderrLine: {'line': b'/home/wheeltec/lab103/qt_sim_v1/src/qt_ros_test/src/main_window.cpp:905:28: warning: \xe2\x80\x98static bool QProcess::startDetached(const QString&)\xe2\x80\x99 is deprecated: Use QProcess::startDetached(const QString &program, const QStringList &arguments) instead [-Wdeprecated-declarations]\n'}
[4.141553] (qt_ros_test) StderrLine: {'line': b'  905 |     rviz_cmd->startDetached("rviz2");\n'}
[4.141571] (qt_ros_test) StderrLine: {'line': b'      |     ~~~~~~~~~~~~~~~~~~~~~~~^~~~~~~~~\n'}
[4.141588] (qt_ros_test) StderrLine: {'line': b'In file included from /usr/include/x86_64-linux-gnu/qt5/QtCore/QtCore:170,\n'}
[4.141605] (qt_ros_test) StderrLine: {'line': b'                 from /usr/include/x86_64-linux-gnu/qt5/QtGui/QtGuiDepends:3,\n'}
[4.141622] (qt_ros_test) StderrLine: {'line': b'                 from /usr/include/x86_64-linux-gnu/qt5/QtGui/QtGui:3,\n'}
[4.141640] (qt_ros_test) StderrLine: {'line': b'                 from /home/wheeltec/lab103/qt_sim_v1/src/qt_ros_test/src/main_window.cpp:12:\n'}
[4.141657] (qt_ros_test) StderrLine: {'line': b'/usr/include/x86_64-linux-gnu/qt5/QtCore/qprocess.h:280:17: note: declared here\n'}
[4.141675] (qt_ros_test) StderrLine: {'line': b'  280 |     static bool startDetached(const QString &command);\n'}
[4.141692] (qt_ros_test) StderrLine: {'line': b'      |                 ^~~~~~~~~~~~~\n'}
[4.141708] (qt_ros_test) StderrLine: {'line': b'/home/wheeltec/lab103/qt_sim_v1/src/qt_ros_test/src/main_window.cpp: In member function \xe2\x80\x98void qt_ros_test::MainWindow::on_quit_button_2_clicked(bool)\xe2\x80\x99:\n'}
[4.141725] (qt_ros_test) StderrLine: {'line': b'/home/wheeltec/lab103/qt_sim_v1/src/qt_ros_test/src/main_window.cpp:970:22: warning: \xe2\x80\x98static int QProcess::execute(const QString&)\xe2\x80\x99 is deprecated: Use QProcess::execute(const QString &program, const QStringList &arguments) instead [-Wdeprecated-declarations]\n'}
[4.141744] (qt_ros_test) StderrLine: {'line': b'  970 |     QProcess::execute("ssh -Y wheeltec@192.168.0.100\\n"\n'}
[4.141761] (qt_ros_test) StderrLine: {'line': b'      |     ~~~~~~~~~~~~~~~~~^~~~~~~~~~~~~~~~~~~~~~~~~~~~~~~~~~\n'}
[4.141779] (qt_ros_test) StderrLine: {'line': b'  971 |                       "killall -s INT -w ros2\\n");\n'}
[4.141797] (qt_ros_test) StderrLine: {'line': b'      |                       ~~~~~~~~~~~~~~~~~~~~~~~~~~~\n'}
[4.141814] (qt_ros_test) StderrLine: {'line': b'In file included from /usr/include/x86_64-linux-gnu/qt5/QtCore/QtCore:170,\n'}
[4.141831] (qt_ros_test) StderrLine: {'line': b'                 from /usr/include/x86_64-linux-gnu/qt5/QtGui/QtGuiDepends:3,\n'}
[4.141849] (qt_ros_test) StderrLine: {'line': b'                 from /usr/include/x86_64-linux-gnu/qt5/QtGui/QtGui:3,\n'}
[4.141867] (qt_ros_test) StderrLine: {'line': b'                 from /home/wheeltec/lab103/qt_sim_v1/src/qt_ros_test/src/main_window.cpp:12:\n'}
[4.141884] (qt_ros_test) StderrLine: {'line': b'/usr/include/x86_64-linux-gnu/qt5/QtCore/qprocess.h:265:16: note: declared here\n'}
[4.141901] (qt_ros_test) StderrLine: {'line': b'  265 |     static int execute(const QString &command);\n'}
[4.141918] (qt_ros_test) StderrLine: {'line': b'      |                ^~~~~~~\n'}
[4.218745] (-) TimerEvent: {}
[4.319371] (-) TimerEvent: {}
[4.419571] (-) TimerEvent: {}
[4.519987] (-) TimerEvent: {}
[4.620366] (-) TimerEvent: {}
[4.720939] (-) TimerEvent: {}
[4.821276] (-) TimerEvent: {}
[4.921505] (-) TimerEvent: {}
[5.024280] (-) TimerEvent: {}
[5.124537] (-) TimerEvent: {}
[5.225767] (-) TimerEvent: {}
[5.327137] (-) TimerEvent: {}
[5.427426] (-) TimerEvent: {}
[5.527795] (-) TimerEvent: {}
[5.629198] (-) TimerEvent: {}
[5.660772] (qt_ros_test) StdoutLine: {'line': b'[  7%] Linking CXX executable qt_ros_test\n'}
[5.729553] (-) TimerEvent: {}
[5.830562] (-) TimerEvent: {}
[5.931456] (-) TimerEvent: {}
[6.031994] (-) TimerEvent: {}
[6.132389] (-) TimerEvent: {}
[6.232649] (-) TimerEvent: {}
[6.333265] (-) TimerEvent: {}
[6.433712] (-) TimerEvent: {}
[6.534507] (-) TimerEvent: {}
[6.635189] (-) TimerEvent: {}
[6.736068] (-) TimerEvent: {}
[6.836390] (-) TimerEvent: {}
[6.937032] (-) TimerEvent: {}
[7.037519] (-) TimerEvent: {}
[7.138496] (-) TimerEvent: {}
[7.239210] (-) TimerEvent: {}
[7.340149] (-) TimerEvent: {}
[7.440932] (-) TimerEvent: {}
[7.541242] (-) TimerEvent: {}
[7.641946] (-) TimerEvent: {}
[7.742401] (-) TimerEvent: {}
[7.842742] (-) TimerEvent: {}
[7.943334] (-) TimerEvent: {}
[8.044306] (-) TimerEvent: {}
[8.144523] (-) TimerEvent: {}
[8.238935] (qt_ros_test) StdoutLine: {'line': b'[100%] Built target qt_ros_test\n'}
[8.244627] (-) TimerEvent: {}
[8.245852] (qt_ros_test) CommandEnded: {'returncode': 0}
[8.279182] (qt_ros_test) JobProgress: {'identifier': 'qt_ros_test', 'progress': 'install'}
[8.279239] (qt_ros_test) Command: {'cmd': ['/usr/bin/cmake', '--install', '/home/wheeltec/lab103/qt_sim_v1/build/qt_ros_test'], 'cwd': '/home/wheeltec/lab103/qt_sim_v1/build/qt_ros_test', 'env': OrderedDict([('GJS_DEBUG_TOPICS', 'JS ERROR;JS LOG'), ('USER', 'wheeltec'), ('XDG_SESSION_TYPE', 'wayland'), ('LD_LIBRARY_PATH', '/opt/ros/humble/opt/rviz_ogre_vendor/lib:/opt/ros/humble/lib/x86_64-linux-gnu:/opt/ros/humble/lib'), ('SHLVL', '1'), ('HOME', '/home/wheeltec'), ('DESKTOP_SESSION', 'ubuntu'), ('QTDIR', '/home/wheeltec/Qt/6.5.3/gcc_64'), ('GIO_LAUNCHED_DESKTOP_FILE', '/home/wheeltec/.local/share/applications/org.qt-project.qtcreator.desktop'), ('GNOME_SHELL_SESSION_MODE', 'ubuntu'), ('GTK_MODULES', 'gail:atk-bridge'), ('ROS_PYTHON_VERSION', '3'), ('MANAGERPID', '997'), ('DBUS_SESSION_BUS_ADDRESS', 'unix:path'), ('SYSTEMD_EXEC_PID', '1332'), ('GIO_LAUNCHED_DESKTOP_FILE_PID', '1935'), ('COLCON_PREFIX_PATH', '/home/wheeltec/lab103/qt_sim_v1/install'), ('IM_CONFIG_PHASE', '1'), ('ROS_DISTRO', 'humble'), ('WAYLAND_DISPLAY', 'wayland-0'), ('LOGNAME', 'wheeltec'), ('JOURNAL_STREAM', '8:22322'), ('_', '/usr/bin/env'), ('ROS_VERSION', '2'), ('XDG_SESSION_CLASS', 'user'), ('USERNAME', 'wheeltec'), ('GNOME_DESKTOP_SESSION_ID', 'this-is-deprecated'), ('ROS_LOCALHOST_ONLY', '0'), ('PATH', '/opt/ros/humble/bin:/usr/local/sbin:/usr/local/bin:/usr/sbin:/usr/bin:/sbin:/bin:/usr/games:/usr/local/games:/snap/bin:/snap/bin'), ('INVOCATION_ID', '3328b75a46014fff989b327ec4496e36'), ('SESSION_MANAGER', 'local/humble:@/tmp/.ICE-unix/1304,unix/humble:/tmp/.ICE-unix/1304'), ('GNOME_SETUP_DISPLAY', ':1'), ('XDG_MENU_PREFIX', 'gnome-'), ('XDG_RUNTIME_DIR', '/run/user/1000'), ('DISPLAY', ':0'), ('LANG', 'en_US.UTF-8'), ('XDG_CURRENT_DESKTOP', 'ubuntu:GNOME'), ('XAUTHORITY', '/run/user/1000/.mutter-Xwaylandauth.JJ0Q62'), ('XDG_SESSION_DESKTOP', 'ubuntu'), ('XMODIFIERS', '@im'), ('AMENT_PREFIX_PATH', '/home/wheeltec/lab103/qt_sim_v1/install/wheeltec_robot_urdf:/home/wheeltec/lab103/qt_sim_v1/install/qt_ros_test:/opt/ros/humble'), ('SSH_AGENT_LAUNCHER', 'gnome-keyring'), ('SSH_AUTH_SOCK', '/run/user/1000/keyring/ssh'), ('SHELL', '/bin/bash'), ('GDMSESSION', 'ubuntu'), ('QT_ACCESSIBILITY', '1'), ('GJS_DEBUG_OUTPUT', 'stderr'), ('QT_IM_MODULE', 'ibus'), ('LC_ALL', 'en_US.UTF-8'), ('PWD', '/home/wheeltec/lab103/qt_sim_v1/build/qt_ros_test'), ('QT_QPA_PLATFORM', 'xcb'), ('XDG_CONFIG_DIRS', '/etc/xdg/xdg-ubuntu:/etc/xdg'), ('XDG_DATA_DIRS', '/usr/share/ubuntu:/usr/local/share/:/usr/share/:/var/lib/snapd/desktop'), ('PYTHONPATH', '/opt/ros/humble/lib/python3.10/site-packages:/opt/ros/humble/local/lib/python3.10/dist-packages'), ('COLCON', '1'), ('CMAKE_PREFIX_PATH', '/home/wheeltec/lab103/qt_sim_v1/install/wheeltec_robot_urdf:/home/wheeltec/lab103/qt_sim_v1/install/qt_ros_test:/opt/ros/humble')]), 'shell': False}
[8.280416] (qt_ros_test) StdoutLine: {'line': b'-- Install configuration: "Debug"\n'}
[8.280533] (qt_ros_test) StdoutLine: {'line': b'-- Installing: /home/wheeltec/lab103/qt_sim_v1/install/qt_ros_test/lib/qt_ros_test/qt_ros_test\n'}
[8.305853] (qt_ros_test) StdoutLine: {'line': b'-- Set runtime path of "/home/wheeltec/lab103/qt_sim_v1/install/qt_ros_test/lib/qt_ros_test/qt_ros_test" to "/home/wheeltec/lab103/qt_sim_v1/src/qt_ros_test/lib"\n'}
[8.306100] (qt_ros_test) StdoutLine: {'line': b'-- Up-to-date: /home/wheeltec/lab103/qt_sim_v1/install/qt_ros_test/share/qt_ros_test/launch\n'}
[8.306132] (qt_ros_test) StdoutLine: {'line': b'-- Up-to-date: /home/wheeltec/lab103/qt_sim_v1/install/qt_ros_test/share/qt_ros_test/launch/qt_ros_test.launch.py\n'}
[8.306236] (qt_ros_test) StdoutLine: {'line': b'-- Up-to-date: /home/wheeltec/lab103/qt_sim_v1/install/qt_ros_test/share/ament_index/resource_index/package_run_dependencies/qt_ros_test\n'}
[8.306266] (qt_ros_test) StdoutLine: {'line': b'-- Up-to-date: /home/wheeltec/lab103/qt_sim_v1/install/qt_ros_test/share/ament_index/resource_index/parent_prefix_path/qt_ros_test\n'}
[8.306287] (qt_ros_test) StdoutLine: {'line': b'-- Up-to-date: /home/wheeltec/lab103/qt_sim_v1/install/qt_ros_test/share/qt_ros_test/environment/ament_prefix_path.sh\n'}
[8.306308] (qt_ros_test) StdoutLine: {'line': b'-- Up-to-date: /home/wheeltec/lab103/qt_sim_v1/install/qt_ros_test/share/qt_ros_test/environment/ament_prefix_path.dsv\n'}
[8.306335] (qt_ros_test) StdoutLine: {'line': b'-- Up-to-date: /home/wheeltec/lab103/qt_sim_v1/install/qt_ros_test/share/qt_ros_test/environment/path.sh\n'}
[8.306354] (qt_ros_test) StdoutLine: {'line': b'-- Up-to-date: /home/wheeltec/lab103/qt_sim_v1/install/qt_ros_test/share/qt_ros_test/environment/path.dsv\n'}
[8.306374] (qt_ros_test) StdoutLine: {'line': b'-- Up-to-date: /home/wheeltec/lab103/qt_sim_v1/install/qt_ros_test/share/qt_ros_test/local_setup.bash\n'}
[8.306393] (qt_ros_test) StdoutLine: {'line': b'-- Up-to-date: /home/wheeltec/lab103/qt_sim_v1/install/qt_ros_test/share/qt_ros_test/local_setup.sh\n'}
[8.306413] (qt_ros_test) StdoutLine: {'line': b'-- Up-to-date: /home/wheeltec/lab103/qt_sim_v1/install/qt_ros_test/share/qt_ros_test/local_setup.zsh\n'}
[8.306432] (qt_ros_test) StdoutLine: {'line': b'-- Up-to-date: /home/wheeltec/lab103/qt_sim_v1/install/qt_ros_test/share/qt_ros_test/local_setup.dsv\n'}
[8.306451] (qt_ros_test) StdoutLine: {'line': b'-- Installing: /home/wheeltec/lab103/qt_sim_v1/install/qt_ros_test/share/qt_ros_test/package.dsv\n'}
[8.306469] (qt_ros_test) StdoutLine: {'line': b'-- Up-to-date: /home/wheeltec/lab103/qt_sim_v1/install/qt_ros_test/share/ament_index/resource_index/packages/qt_ros_test\n'}
[8.306488] (qt_ros_test) StdoutLine: {'line': b'-- Up-to-date: /home/wheeltec/lab103/qt_sim_v1/install/qt_ros_test/share/qt_ros_test/cmake/qt_ros_testConfig.cmake\n'}
[8.306506] (qt_ros_test) StdoutLine: {'line': b'-- Up-to-date: /home/wheeltec/lab103/qt_sim_v1/install/qt_ros_test/share/qt_ros_test/cmake/qt_ros_testConfig-version.cmake\n'}
[8.306525] (qt_ros_test) StdoutLine: {'line': b'-- Up-to-date: /home/wheeltec/lab103/qt_sim_v1/install/qt_ros_test/share/qt_ros_test/package.xml\n'}
[8.307338] (qt_ros_test) CommandEnded: {'returncode': 0}
[8.344916] (-) TimerEvent: {}
[8.345753] (qt_ros_test) JobEnded: {'identifier': 'qt_ros_test', 'rc': 0}
[8.346231] (-) EventReactorShutdown: {}
