[0.000000] (-) TimerEvent: {}
[0.000530] (qt_ros_test) JobQueued: {'identifier': 'qt_ros_test', 'dependencies': OrderedDict()}
[0.000555] (wheeltec_robot_urdf) JobQueued: {'identifier': 'wheeltec_robot_urdf', 'dependencies': OrderedDict()}
[0.000575] (qt_ros_test) JobStarted: {'identifier': 'qt_ros_test'}
[0.003583] (wheeltec_robot_urdf) JobStarted: {'identifier': 'wheeltec_robot_urdf'}
[0.005771] (qt_ros_test) JobProgress: {'identifier': 'qt_ros_test', 'progress': 'cmake'}
[0.006629] (qt_ros_test) JobProgress: {'identifier': 'qt_ros_test', 'progress': 'build'}
[0.006655] (qt_ros_test) Command: {'cmd': ['/usr/bin/cmake', '--build', '/home/wheeltec/lab103/qt_sim_v1/build/qt_ros_test', '--', '-j4', '-l4'], 'cwd': '/home/wheeltec/lab103/qt_sim_v1/build/qt_ros_test', 'env': OrderedDict([('GJS_DEBUG_TOPICS', 'JS ERROR;JS LOG'), ('USER', 'wheeltec'), ('XDG_SESSION_TYPE', 'wayland'), ('LD_LIBRARY_PATH', '/opt/ros/humble/opt/rviz_ogre_vendor/lib:/opt/ros/humble/lib/x86_64-linux-gnu:/opt/ros/humble/lib'), ('SHLVL', '1'), ('HOME', '/home/wheeltec'), ('DESKTOP_SESSION', 'ubuntu'), ('QTDIR', '/home/wheeltec/Qt/6.5.3/gcc_64'), ('GIO_LAUNCHED_DESKTOP_FILE', '/home/wheeltec/.local/share/applications/org.qt-project.qtcreator.desktop'), ('GNOME_SHELL_SESSION_MODE', 'ubuntu'), ('GTK_MODULES', 'gail:atk-bridge'), ('ROS_PYTHON_VERSION', '3'), ('MANAGERPID', '997'), ('DBUS_SESSION_BUS_ADDRESS', 'unix:path'), ('SYSTEMD_EXEC_PID', '1332'), ('GIO_LAUNCHED_DESKTOP_FILE_PID', '1935'), ('COLCON_PREFIX_PATH', '/home/wheeltec/lab103/qt_sim_v1/install'), ('IM_CONFIG_PHASE', '1'), ('ROS_DISTRO', 'humble'), ('WAYLAND_DISPLAY', 'wayland-0'), ('LOGNAME', 'wheeltec'), ('JOURNAL_STREAM', '8:22322'), ('_', '/usr/bin/env'), ('ROS_VERSION', '2'), ('XDG_SESSION_CLASS', 'user'), ('USERNAME', 'wheeltec'), ('GNOME_DESKTOP_SESSION_ID', 'this-is-deprecated'), ('ROS_LOCALHOST_ONLY', '0'), ('PATH', '/opt/ros/humble/bin:/usr/local/sbin:/usr/local/bin:/usr/sbin:/usr/bin:/sbin:/bin:/usr/games:/usr/local/games:/snap/bin:/snap/bin'), ('INVOCATION_ID', '3328b75a46014fff989b327ec4496e36'), ('SESSION_MANAGER', 'local/humble:@/tmp/.ICE-unix/1304,unix/humble:/tmp/.ICE-unix/1304'), ('GNOME_SETUP_DISPLAY', ':1'), ('XDG_MENU_PREFIX', 'gnome-'), ('XDG_RUNTIME_DIR', '/run/user/1000'), ('DISPLAY', ':0'), ('LANG', 'en_US.UTF-8'), ('XDG_CURRENT_DESKTOP', 'ubuntu:GNOME'), ('XAUTHORITY', '/run/user/1000/.mutter-Xwaylandauth.JJ0Q62'), ('XDG_SESSION_DESKTOP', 'ubuntu'), ('XMODIFIERS', '@im'), ('AMENT_PREFIX_PATH', '/home/wheeltec/lab103/qt_sim_v1/install/wheeltec_robot_urdf:/home/wheeltec/lab103/qt_sim_v1/install/qt_ros_test:/opt/ros/humble'), ('SSH_AGENT_LAUNCHER', 'gnome-keyring'), ('SSH_AUTH_SOCK', '/run/user/1000/keyring/ssh'), ('SHELL', '/bin/bash'), ('GDMSESSION', 'ubuntu'), ('QT_ACCESSIBILITY', '1'), ('GJS_DEBUG_OUTPUT', 'stderr'), ('QT_IM_MODULE', 'ibus'), ('LC_ALL', 'en_US.UTF-8'), ('PWD', '/home/wheeltec/lab103/qt_sim_v1/build/qt_ros_test'), ('QT_QPA_PLATFORM', 'xcb'), ('XDG_CONFIG_DIRS', '/etc/xdg/xdg-ubuntu:/etc/xdg'), ('XDG_DATA_DIRS', '/usr/share/ubuntu:/usr/local/share/:/usr/share/:/var/lib/snapd/desktop'), ('PYTHONPATH', '/opt/ros/humble/lib/python3.10/site-packages:/opt/ros/humble/local/lib/python3.10/dist-packages'), ('COLCON', '1'), ('CMAKE_PREFIX_PATH', '/home/wheeltec/lab103/qt_sim_v1/install/wheeltec_robot_urdf:/home/wheeltec/lab103/qt_sim_v1/install/qt_ros_test:/opt/ros/humble')]), 'shell': False}
[0.011237] (wheeltec_robot_urdf) JobProgress: {'identifier': 'wheeltec_robot_urdf', 'progress': 'cmake'}
[0.011667] (wheeltec_robot_urdf) JobProgress: {'identifier': 'wheeltec_robot_urdf', 'progress': 'build'}
[0.011692] (wheeltec_robot_urdf) Command: {'cmd': ['/usr/bin/cmake', '--build', '/home/wheeltec/lab103/qt_sim_v1/build/wheeltec_robot_urdf', '--', '-j4', '-l4'], 'cwd': '/home/wheeltec/lab103/qt_sim_v1/build/wheeltec_robot_urdf', 'env': OrderedDict([('GJS_DEBUG_TOPICS', 'JS ERROR;JS LOG'), ('USER', 'wheeltec'), ('XDG_SESSION_TYPE', 'wayland'), ('LD_LIBRARY_PATH', '/opt/ros/humble/opt/rviz_ogre_vendor/lib:/opt/ros/humble/lib/x86_64-linux-gnu:/opt/ros/humble/lib'), ('SHLVL', '1'), ('HOME', '/home/wheeltec'), ('DESKTOP_SESSION', 'ubuntu'), ('QTDIR', '/home/wheeltec/Qt/6.5.3/gcc_64'), ('GIO_LAUNCHED_DESKTOP_FILE', '/home/wheeltec/.local/share/applications/org.qt-project.qtcreator.desktop'), ('GNOME_SHELL_SESSION_MODE', 'ubuntu'), ('GTK_MODULES', 'gail:atk-bridge'), ('ROS_PYTHON_VERSION', '3'), ('MANAGERPID', '997'), ('DBUS_SESSION_BUS_ADDRESS', 'unix:path'), ('SYSTEMD_EXEC_PID', '1332'), ('GIO_LAUNCHED_DESKTOP_FILE_PID', '1935'), ('COLCON_PREFIX_PATH', '/home/wheeltec/lab103/qt_sim_v1/install'), ('IM_CONFIG_PHASE', '1'), ('ROS_DISTRO', 'humble'), ('WAYLAND_DISPLAY', 'wayland-0'), ('LOGNAME', 'wheeltec'), ('JOURNAL_STREAM', '8:22322'), ('_', '/usr/bin/env'), ('ROS_VERSION', '2'), ('XDG_SESSION_CLASS', 'user'), ('USERNAME', 'wheeltec'), ('GNOME_DESKTOP_SESSION_ID', 'this-is-deprecated'), ('ROS_LOCALHOST_ONLY', '0'), ('PATH', '/opt/ros/humble/bin:/usr/local/sbin:/usr/local/bin:/usr/sbin:/usr/bin:/sbin:/bin:/usr/games:/usr/local/games:/snap/bin:/snap/bin'), ('INVOCATION_ID', '3328b75a46014fff989b327ec4496e36'), ('SESSION_MANAGER', 'local/humble:@/tmp/.ICE-unix/1304,unix/humble:/tmp/.ICE-unix/1304'), ('GNOME_SETUP_DISPLAY', ':1'), ('XDG_MENU_PREFIX', 'gnome-'), ('XDG_RUNTIME_DIR', '/run/user/1000'), ('DISPLAY', ':0'), ('LANG', 'en_US.UTF-8'), ('XDG_CURRENT_DESKTOP', 'ubuntu:GNOME'), ('XAUTHORITY', '/run/user/1000/.mutter-Xwaylandauth.JJ0Q62'), ('XDG_SESSION_DESKTOP', 'ubuntu'), ('XMODIFIERS', '@im'), ('AMENT_PREFIX_PATH', '/home/wheeltec/lab103/qt_sim_v1/install/wheeltec_robot_urdf:/home/wheeltec/lab103/qt_sim_v1/install/qt_ros_test:/opt/ros/humble'), ('SSH_AGENT_LAUNCHER', 'gnome-keyring'), ('SSH_AUTH_SOCK', '/run/user/1000/keyring/ssh'), ('SHELL', '/bin/bash'), ('GDMSESSION', 'ubuntu'), ('QT_ACCESSIBILITY', '1'), ('GJS_DEBUG_OUTPUT', 'stderr'), ('QT_IM_MODULE', 'ibus'), ('LC_ALL', 'en_US.UTF-8'), ('PWD', '/home/wheeltec/lab103/qt_sim_v1/build/wheeltec_robot_urdf'), ('QT_QPA_PLATFORM', 'xcb'), ('XDG_CONFIG_DIRS', '/etc/xdg/xdg-ubuntu:/etc/xdg'), ('XDG_DATA_DIRS', '/usr/share/ubuntu:/usr/local/share/:/usr/share/:/var/lib/snapd/desktop'), ('PYTHONPATH', '/opt/ros/humble/lib/python3.10/site-packages:/opt/ros/humble/local/lib/python3.10/dist-packages'), ('COLCON', '1'), ('CMAKE_PREFIX_PATH', '/home/wheeltec/lab103/qt_sim_v1/install/wheeltec_robot_urdf:/home/wheeltec/lab103/qt_sim_v1/install/qt_ros_test:/opt/ros/humble')]), 'shell': False}
[0.037765] (wheeltec_robot_urdf) CommandEnded: {'returncode': 0}
[0.053194] (qt_ros_test) StdoutLine: {'line': b'Consolidate compiler generated dependencies of target qt_ros_test\n'}
[0.060191] (wheeltec_robot_urdf) JobProgress: {'identifier': 'wheeltec_robot_urdf', 'progress': 'install'}
[0.065576] (wheeltec_robot_urdf) Command: {'cmd': ['/usr/bin/cmake', '--install', '/home/wheeltec/lab103/qt_sim_v1/build/wheeltec_robot_urdf'], 'cwd': '/home/wheeltec/lab103/qt_sim_v1/build/wheeltec_robot_urdf', 'env': OrderedDict([('GJS_DEBUG_TOPICS', 'JS ERROR;JS LOG'), ('USER', 'wheeltec'), ('XDG_SESSION_TYPE', 'wayland'), ('LD_LIBRARY_PATH', '/opt/ros/humble/opt/rviz_ogre_vendor/lib:/opt/ros/humble/lib/x86_64-linux-gnu:/opt/ros/humble/lib'), ('SHLVL', '1'), ('HOME', '/home/wheeltec'), ('DESKTOP_SESSION', 'ubuntu'), ('QTDIR', '/home/wheeltec/Qt/6.5.3/gcc_64'), ('GIO_LAUNCHED_DESKTOP_FILE', '/home/wheeltec/.local/share/applications/org.qt-project.qtcreator.desktop'), ('GNOME_SHELL_SESSION_MODE', 'ubuntu'), ('GTK_MODULES', 'gail:atk-bridge'), ('ROS_PYTHON_VERSION', '3'), ('MANAGERPID', '997'), ('DBUS_SESSION_BUS_ADDRESS', 'unix:path'), ('SYSTEMD_EXEC_PID', '1332'), ('GIO_LAUNCHED_DESKTOP_FILE_PID', '1935'), ('COLCON_PREFIX_PATH', '/home/wheeltec/lab103/qt_sim_v1/install'), ('IM_CONFIG_PHASE', '1'), ('ROS_DISTRO', 'humble'), ('WAYLAND_DISPLAY', 'wayland-0'), ('LOGNAME', 'wheeltec'), ('JOURNAL_STREAM', '8:22322'), ('_', '/usr/bin/env'), ('ROS_VERSION', '2'), ('XDG_SESSION_CLASS', 'user'), ('USERNAME', 'wheeltec'), ('GNOME_DESKTOP_SESSION_ID', 'this-is-deprecated'), ('ROS_LOCALHOST_ONLY', '0'), ('PATH', '/opt/ros/humble/bin:/usr/local/sbin:/usr/local/bin:/usr/sbin:/usr/bin:/sbin:/bin:/usr/games:/usr/local/games:/snap/bin:/snap/bin'), ('INVOCATION_ID', '3328b75a46014fff989b327ec4496e36'), ('SESSION_MANAGER', 'local/humble:@/tmp/.ICE-unix/1304,unix/humble:/tmp/.ICE-unix/1304'), ('GNOME_SETUP_DISPLAY', ':1'), ('XDG_MENU_PREFIX', 'gnome-'), ('XDG_RUNTIME_DIR', '/run/user/1000'), ('DISPLAY', ':0'), ('LANG', 'en_US.UTF-8'), ('XDG_CURRENT_DESKTOP', 'ubuntu:GNOME'), ('XAUTHORITY', '/run/user/1000/.mutter-Xwaylandauth.JJ0Q62'), ('XDG_SESSION_DESKTOP', 'ubuntu'), ('XMODIFIERS', '@im'), ('AMENT_PREFIX_PATH', '/home/wheeltec/lab103/qt_sim_v1/install/wheeltec_robot_urdf:/home/wheeltec/lab103/qt_sim_v1/install/qt_ros_test:/opt/ros/humble'), ('SSH_AGENT_LAUNCHER', 'gnome-keyring'), ('SSH_AUTH_SOCK', '/run/user/1000/keyring/ssh'), ('SHELL', '/bin/bash'), ('GDMSESSION', 'ubuntu'), ('QT_ACCESSIBILITY', '1'), ('GJS_DEBUG_OUTPUT', 'stderr'), ('QT_IM_MODULE', 'ibus'), ('LC_ALL', 'en_US.UTF-8'), ('PWD', '/home/wheeltec/lab103/qt_sim_v1/build/wheeltec_robot_urdf'), ('QT_QPA_PLATFORM', 'xcb'), ('XDG_CONFIG_DIRS', '/etc/xdg/xdg-ubuntu:/etc/xdg'), ('XDG_DATA_DIRS', '/usr/share/ubuntu:/usr/local/share/:/usr/share/:/var/lib/snapd/desktop'), ('PYTHONPATH', '/opt/ros/humble/lib/python3.10/site-packages:/opt/ros/humble/local/lib/python3.10/dist-packages'), ('COLCON', '1'), ('CMAKE_PREFIX_PATH', '/home/wheeltec/lab103/qt_sim_v1/install/wheeltec_robot_urdf:/home/wheeltec/lab103/qt_sim_v1/install/qt_ros_test:/opt/ros/humble')]), 'shell': False}
[0.074369] (qt_ros_test) StdoutLine: {'line': b'[  3%] Building CXX object CMakeFiles/qt_ros_test.dir/src/main_window.cpp.o\n'}
[0.074485] (wheeltec_robot_urdf) StdoutLine: {'line': b'-- Install configuration: "Debug"\n'}
[0.074524] (wheeltec_robot_urdf) StdoutLine: {'line': b'-- Up-to-date: /home/wheeltec/lab103/qt_sim_v1/install/wheeltec_robot_urdf/share/wheeltec_robot_urdf/meshes\n'}
[0.074547] (wheeltec_robot_urdf) StdoutLine: {'line': b'-- Up-to-date: /home/wheeltec/lab103/qt_sim_v1/install/wheeltec_robot_urdf/share/wheeltec_robot_urdf/meshes/bases\n'}
[0.074570] (wheeltec_robot_urdf) StdoutLine: {'line': b'-- Up-to-date: /home/wheeltec/lab103/qt_sim_v1/install/wheeltec_robot_urdf/share/wheeltec_robot_urdf/meshes/bases/waffle_pi_base.stl\n'}
[0.074591] (wheeltec_robot_urdf) StdoutLine: {'line': b'-- Up-to-date: /home/wheeltec/lab103/qt_sim_v1/install/wheeltec_robot_urdf/share/wheeltec_robot_urdf/meshes/bases/waffle_base.stl\n'}
[0.074611] (wheeltec_robot_urdf) StdoutLine: {'line': b'-- Up-to-date: /home/wheeltec/lab103/qt_sim_v1/install/wheeltec_robot_urdf/share/wheeltec_robot_urdf/meshes/bases/burger_base.stl\n'}
[0.074630] (wheeltec_robot_urdf) StdoutLine: {'line': b'-- Up-to-date: /home/wheeltec/lab103/qt_sim_v1/install/wheeltec_robot_urdf/share/wheeltec_robot_urdf/meshes/wheels\n'}
[0.074650] (wheeltec_robot_urdf) StdoutLine: {'line': b'-- Up-to-date: /home/wheeltec/lab103/qt_sim_v1/install/wheeltec_robot_urdf/share/wheeltec_robot_urdf/meshes/wheels/left_tire.stl\n'}
[0.074669] (wheeltec_robot_urdf) StdoutLine: {'line': b'-- Up-to-date: /home/wheeltec/lab103/qt_sim_v1/install/wheeltec_robot_urdf/share/wheeltec_robot_urdf/meshes/wheels/right_tire.stl\n'}
[0.074688] (wheeltec_robot_urdf) StdoutLine: {'line': b'-- Up-to-date: /home/wheeltec/lab103/qt_sim_v1/install/wheeltec_robot_urdf/share/wheeltec_robot_urdf/meshes/sensors\n'}
[0.074706] (wheeltec_robot_urdf) StdoutLine: {'line': b'-- Up-to-date: /home/wheeltec/lab103/qt_sim_v1/install/wheeltec_robot_urdf/share/wheeltec_robot_urdf/meshes/sensors/astra.jpg\n'}
[0.074725] (wheeltec_robot_urdf) StdoutLine: {'line': b'-- Up-to-date: /home/wheeltec/lab103/qt_sim_v1/install/wheeltec_robot_urdf/share/wheeltec_robot_urdf/meshes/sensors/astra.dae\n'}
[0.074784] (wheeltec_robot_urdf) StdoutLine: {'line': b'-- Up-to-date: /home/wheeltec/lab103/qt_sim_v1/install/wheeltec_robot_urdf/share/wheeltec_robot_urdf/meshes/sensors/lds.stl\n'}
[0.074850] (wheeltec_robot_urdf) StdoutLine: {'line': b'-- Up-to-date: /home/wheeltec/lab103/qt_sim_v1/install/wheeltec_robot_urdf/share/wheeltec_robot_urdf/meshes/sensors/r200.dae\n'}
[0.074906] (wheeltec_robot_urdf) StdoutLine: {'line': b'-- Up-to-date: /home/wheeltec/lab103/qt_sim_v1/install/wheeltec_robot_urdf/share/wheeltec_robot_urdf/meshes/sensors/r200.jpg\n'}
[0.074972] (wheeltec_robot_urdf) StdoutLine: {'line': b'-- Up-to-date: /home/wheeltec/lab103/qt_sim_v1/install/wheeltec_robot_urdf/share/wheeltec_robot_urdf/meshes/mini_mec_robot_meshes\n'}
[0.075035] (wheeltec_robot_urdf) StdoutLine: {'line': b'-- Up-to-date: /home/wheeltec/lab103/qt_sim_v1/install/wheeltec_robot_urdf/share/wheeltec_robot_urdf/meshes/mini_mec_robot_meshes/lf_wheel_link.STL\n'}
[0.075097] (wheeltec_robot_urdf) StdoutLine: {'line': b'-- Up-to-date: /home/wheeltec/lab103/qt_sim_v1/install/wheeltec_robot_urdf/share/wheeltec_robot_urdf/meshes/mini_mec_robot_meshes/camera_link.STL\n'}
[0.075159] (wheeltec_robot_urdf) StdoutLine: {'line': b'-- Up-to-date: /home/wheeltec/lab103/qt_sim_v1/install/wheeltec_robot_urdf/share/wheeltec_robot_urdf/meshes/mini_mec_robot_meshes/base_link.STL\n'}
[0.075221] (wheeltec_robot_urdf) StdoutLine: {'line': b'-- Up-to-date: /home/wheeltec/lab103/qt_sim_v1/install/wheeltec_robot_urdf/share/wheeltec_robot_urdf/meshes/mini_mec_robot_meshes/rf_wheel_link.STL\n'}
[0.075282] (wheeltec_robot_urdf) StdoutLine: {'line': b'-- Up-to-date: /home/wheeltec/lab103/qt_sim_v1/install/wheeltec_robot_urdf/share/wheeltec_robot_urdf/meshes/mini_mec_robot_meshes/lb_wheel_link.STL\n'}
[0.075352] (wheeltec_robot_urdf) StdoutLine: {'line': b'-- Up-to-date: /home/wheeltec/lab103/qt_sim_v1/install/wheeltec_robot_urdf/share/wheeltec_robot_urdf/meshes/mini_mec_robot_meshes/controller_link.STL\n'}
[0.075430] (wheeltec_robot_urdf) StdoutLine: {'line': b'-- Up-to-date: /home/wheeltec/lab103/qt_sim_v1/install/wheeltec_robot_urdf/share/wheeltec_robot_urdf/meshes/mini_mec_robot_meshes/laser.STL\n'}
[0.075492] (wheeltec_robot_urdf) StdoutLine: {'line': b'-- Up-to-date: /home/wheeltec/lab103/qt_sim_v1/install/wheeltec_robot_urdf/share/wheeltec_robot_urdf/meshes/mini_mec_robot_meshes/rb_wheel_link.STL\n'}
[0.075555] (wheeltec_robot_urdf) StdoutLine: {'line': b'-- Up-to-date: /home/wheeltec/lab103/qt_sim_v1/install/wheeltec_robot_urdf/share/wheeltec_robot_urdf/rviz\n'}
[0.075665] (wheeltec_robot_urdf) StdoutLine: {'line': b'-- Up-to-date: /home/wheeltec/lab103/qt_sim_v1/install/wheeltec_robot_urdf/share/wheeltec_robot_urdf/rviz/model.rviz\n'}
[0.075733] (wheeltec_robot_urdf) StdoutLine: {'line': b'-- Up-to-date: /home/wheeltec/lab103/qt_sim_v1/install/wheeltec_robot_urdf/share/wheeltec_robot_urdf/urdf\n'}
[0.075798] (wheeltec_robot_urdf) StdoutLine: {'line': b'-- Up-to-date: /home/wheeltec/lab103/qt_sim_v1/install/wheeltec_robot_urdf/share/wheeltec_robot_urdf/urdf/senior_diff_robot.urdf\n'}
[0.075860] (wheeltec_robot_urdf) StdoutLine: {'line': b'-- Up-to-date: /home/wheeltec/lab103/qt_sim_v1/install/wheeltec_robot_urdf/share/wheeltec_robot_urdf/urdf/senior_4wd_dl_robot.urdf\n'}
[0.075922] (wheeltec_robot_urdf) StdoutLine: {'line': b'-- Up-to-date: /home/wheeltec/lab103/qt_sim_v1/install/wheeltec_robot_urdf/share/wheeltec_robot_urdf/urdf/top_mec_dl_robot.urdf\n'}
[0.075993] (wheeltec_robot_urdf) StdoutLine: {'line': b'-- Up-to-date: /home/wheeltec/lab103/qt_sim_v1/install/wheeltec_robot_urdf/share/wheeltec_robot_urdf/urdf/four_wheel_diff_dl_robot.urdf\n'}
[0.076055] (wheeltec_robot_urdf) StdoutLine: {'line': b'-- Up-to-date: /home/wheeltec/lab103/qt_sim_v1/install/wheeltec_robot_urdf/share/wheeltec_robot_urdf/urdf/mini_omni_robot.urdf\n'}
[0.076118] (wheeltec_robot_urdf) StdoutLine: {'line': b'-- Up-to-date: /home/wheeltec/lab103/qt_sim_v1/install/wheeltec_robot_urdf/share/wheeltec_robot_urdf/urdf/top_akm_bs_robot.urdf\n'}
[0.076198] (wheeltec_robot_urdf) StdoutLine: {'line': b'-- Up-to-date: /home/wheeltec/lab103/qt_sim_v1/install/wheeltec_robot_urdf/share/wheeltec_robot_urdf/urdf/mec_EightDrive_robot.urdf\n'}
[0.076260] (wheeltec_robot_urdf) StdoutLine: {'line': b'-- Up-to-date: /home/wheeltec/lab103/qt_sim_v1/install/wheeltec_robot_urdf/share/wheeltec_robot_urdf/urdf/flagship_mec_dl_robot.urdf\n'}
[0.076519] (wheeltec_robot_urdf) StdoutLine: {'line': b'-- Up-to-date: /home/wheeltec/lab103/qt_sim_v1/install/wheeltec_robot_urdf/share/wheeltec_robot_urdf/urdf/senior_akm_robot.urdf\n'}
[0.076604] (wheeltec_robot_urdf) StdoutLine: {'line': b'-- Up-to-date: /home/wheeltec/lab103/qt_sim_v1/install/wheeltec_robot_urdf/share/wheeltec_robot_urdf/urdf/mini_diff_robot.urdf\n'}
[0.076679] (wheeltec_robot_urdf) StdoutLine: {'line': b'-- Up-to-date: /home/wheeltec/lab103/qt_sim_v1/install/wheeltec_robot_urdf/share/wheeltec_robot_urdf/urdf/top_akm_dl_robot.urdf\n'}
[0.076758] (wheeltec_robot_urdf) StdoutLine: {'line': b'-- Up-to-date: /home/wheeltec/lab103/qt_sim_v1/install/wheeltec_robot_urdf/share/wheeltec_robot_urdf/urdf/mini_4wd_robot.urdf\n'}
[0.076821] (wheeltec_robot_urdf) StdoutLine: {'line': b'-- Up-to-date: /home/wheeltec/lab103/qt_sim_v1/install/wheeltec_robot_urdf/share/wheeltec_robot_urdf/urdf/flagship_four_wheel_diff_dl_robot.urdf\n'}
[0.076884] (wheeltec_robot_urdf) StdoutLine: {'line': b'-- Up-to-date: /home/wheeltec/lab103/qt_sim_v1/install/wheeltec_robot_urdf/share/wheeltec_robot_urdf/urdf/mini_mec_moveit.urdf\n'}
[0.076946] (wheeltec_robot_urdf) StdoutLine: {'line': b'-- Up-to-date: /home/wheeltec/lab103/qt_sim_v1/install/wheeltec_robot_urdf/share/wheeltec_robot_urdf/urdf/senior_mec_dl_robot.urdf\n'}
[0.077008] (wheeltec_robot_urdf) StdoutLine: {'line': b'-- Up-to-date: /home/wheeltec/lab103/qt_sim_v1/install/wheeltec_robot_urdf/share/wheeltec_robot_urdf/urdf/top_4wd_dl_robot.urdf\n'}
[0.077070] (wheeltec_robot_urdf) StdoutLine: {'line': b'-- Up-to-date: /home/wheeltec/lab103/qt_sim_v1/install/wheeltec_robot_urdf/share/wheeltec_robot_urdf/urdf/mini_mec_robot.urdf\n'}
[0.077131] (wheeltec_robot_urdf) StdoutLine: {'line': b'-- Up-to-date: /home/wheeltec/lab103/qt_sim_v1/install/wheeltec_robot_urdf/share/wheeltec_robot_urdf/urdf/mini_akm_robot.urdf\n'}
[0.077201] (wheeltec_robot_urdf) StdoutLine: {'line': b'-- Up-to-date: /home/wheeltec/lab103/qt_sim_v1/install/wheeltec_robot_urdf/share/wheeltec_robot_urdf/urdf/top_mec_bs_robot.urdf\n'}
[0.077262] (wheeltec_robot_urdf) StdoutLine: {'line': b'-- Up-to-date: /home/wheeltec/lab103/qt_sim_v1/install/wheeltec_robot_urdf/share/wheeltec_robot_urdf/urdf/flagship_four_wheel_diff_bs_robot.urdf\n'}
[0.077324] (wheeltec_robot_urdf) StdoutLine: {'line': b'-- Up-to-date: /home/wheeltec/lab103/qt_sim_v1/install/wheeltec_robot_urdf/share/wheeltec_robot_urdf/urdf/top_4wd_bs_robot.urdf\n'}
[0.077379] (wheeltec_robot_urdf) StdoutLine: {'line': b'-- Up-to-date: /home/wheeltec/lab103/qt_sim_v1/install/wheeltec_robot_urdf/share/wheeltec_robot_urdf/urdf/brushless_senior_diff.urdf\n'}
[0.077440] (wheeltec_robot_urdf) StdoutLine: {'line': b'-- Up-to-date: /home/wheeltec/lab103/qt_sim_v1/install/wheeltec_robot_urdf/share/wheeltec_robot_urdf/urdf/four_wheel_diff_bs_robot.urdf\n'}
[0.077501] (wheeltec_robot_urdf) StdoutLine: {'line': b'-- Up-to-date: /home/wheeltec/lab103/qt_sim_v1/install/wheeltec_robot_urdf/share/wheeltec_robot_urdf/urdf/top_omni_robot.urdf\n'}
[0.077563] (wheeltec_robot_urdf) StdoutLine: {'line': b'-- Up-to-date: /home/wheeltec/lab103/qt_sim_v1/install/wheeltec_robot_urdf/share/wheeltec_robot_urdf/urdf/flagship_4wd_dl_robot.urdf\n'}
[0.077623] (wheeltec_robot_urdf) StdoutLine: {'line': b'-- Up-to-date: /home/wheeltec/lab103/qt_sim_v1/install/wheeltec_robot_urdf/share/wheeltec_robot_urdf/urdf/senior_omni_robot.urdf\n'}
[0.077684] (wheeltec_robot_urdf) StdoutLine: {'line': b'-- Up-to-date: /home/wheeltec/lab103/qt_sim_v1/install/wheeltec_robot_urdf/share/wheeltec_robot_urdf/urdf/senior_4wd_bs_robot.urdf\n'}
[0.077781] (wheeltec_robot_urdf) StdoutLine: {'line': b'-- Up-to-date: /home/wheeltec/lab103/qt_sim_v1/install/wheeltec_robot_urdf/share/wheeltec_robot_urdf/urdf/senior_mec_robot.urdf\n'}
[0.077848] (wheeltec_robot_urdf) StdoutLine: {'line': b'-- Up-to-date: /home/wheeltec/lab103/qt_sim_v1/install/wheeltec_robot_urdf/share/wheeltec_robot_urdf/urdf/mini_tank_moveit.urdf\n'}
[0.077910] (wheeltec_robot_urdf) StdoutLine: {'line': b'-- Up-to-date: /home/wheeltec/lab103/qt_sim_v1/install/wheeltec_robot_urdf/share/wheeltec_robot_urdf/urdf/flagship_4wd_bs_robot.urdf\n'}
[0.077973] (wheeltec_robot_urdf) StdoutLine: {'line': b'-- Up-to-date: /home/wheeltec/lab103/qt_sim_v1/install/wheeltec_robot_urdf/share/wheeltec_robot_urdf/urdf/flagship_mec_bs_robot.urdf\n'}
[0.078035] (wheeltec_robot_urdf) StdoutLine: {'line': b'-- Up-to-date: /home/wheeltec/lab103/qt_sim_v1/install/wheeltec_robot_urdf/share/ament_index/resource_index/package_run_dependencies/wheeltec_robot_urdf\n'}
[0.078096] (wheeltec_robot_urdf) StdoutLine: {'line': b'-- Up-to-date: /home/wheeltec/lab103/qt_sim_v1/install/wheeltec_robot_urdf/share/ament_index/resource_index/parent_prefix_path/wheeltec_robot_urdf\n'}
[0.078169] (wheeltec_robot_urdf) StdoutLine: {'line': b'-- Up-to-date: /home/wheeltec/lab103/qt_sim_v1/install/wheeltec_robot_urdf/share/wheeltec_robot_urdf/environment/ament_prefix_path.sh\n'}
[0.078231] (wheeltec_robot_urdf) StdoutLine: {'line': b'-- Up-to-date: /home/wheeltec/lab103/qt_sim_v1/install/wheeltec_robot_urdf/share/wheeltec_robot_urdf/environment/ament_prefix_path.dsv\n'}
[0.078300] (wheeltec_robot_urdf) StdoutLine: {'line': b'-- Up-to-date: /home/wheeltec/lab103/qt_sim_v1/install/wheeltec_robot_urdf/share/wheeltec_robot_urdf/environment/path.sh\n'}
[0.080921] (wheeltec_robot_urdf) StdoutLine: {'line': b'-- Up-to-date: /home/wheeltec/lab103/qt_sim_v1/install/wheeltec_robot_urdf/share/wheeltec_robot_urdf/environment/path.dsv\n'}
[0.081300] (wheeltec_robot_urdf) StdoutLine: {'line': b'-- Up-to-date: /home/wheeltec/lab103/qt_sim_v1/install/wheeltec_robot_urdf/share/wheeltec_robot_urdf/local_setup.bash\n'}
[0.081373] (wheeltec_robot_urdf) StdoutLine: {'line': b'-- Up-to-date: /home/wheeltec/lab103/qt_sim_v1/install/wheeltec_robot_urdf/share/wheeltec_robot_urdf/local_setup.sh\n'}
[0.081438] (wheeltec_robot_urdf) StdoutLine: {'line': b'-- Up-to-date: /home/wheeltec/lab103/qt_sim_v1/install/wheeltec_robot_urdf/share/wheeltec_robot_urdf/local_setup.zsh\n'}
[0.081501] (wheeltec_robot_urdf) StdoutLine: {'line': b'-- Up-to-date: /home/wheeltec/lab103/qt_sim_v1/install/wheeltec_robot_urdf/share/wheeltec_robot_urdf/local_setup.dsv\n'}
[0.081564] (wheeltec_robot_urdf) StdoutLine: {'line': b'-- Installing: /home/wheeltec/lab103/qt_sim_v1/install/wheeltec_robot_urdf/share/wheeltec_robot_urdf/package.dsv\n'}
[0.081627] (wheeltec_robot_urdf) StdoutLine: {'line': b'-- Up-to-date: /home/wheeltec/lab103/qt_sim_v1/install/wheeltec_robot_urdf/share/ament_index/resource_index/packages/wheeltec_robot_urdf\n'}
[0.081690] (wheeltec_robot_urdf) StdoutLine: {'line': b'-- Up-to-date: /home/wheeltec/lab103/qt_sim_v1/install/wheeltec_robot_urdf/share/wheeltec_robot_urdf/cmake/wheeltec_robot_urdfConfig.cmake\n'}
[0.081741] (wheeltec_robot_urdf) StdoutLine: {'line': b'-- Up-to-date: /home/wheeltec/lab103/qt_sim_v1/install/wheeltec_robot_urdf/share/wheeltec_robot_urdf/cmake/wheeltec_robot_urdfConfig-version.cmake\n'}
[0.081806] (wheeltec_robot_urdf) StdoutLine: {'line': b'-- Up-to-date: /home/wheeltec/lab103/qt_sim_v1/install/wheeltec_robot_urdf/share/wheeltec_robot_urdf/package.xml\n'}
[0.081877] (wheeltec_robot_urdf) CommandEnded: {'returncode': 0}
[0.099818] (-) TimerEvent: {}
[0.127549] (wheeltec_robot_urdf) JobEnded: {'identifier': 'wheeltec_robot_urdf', 'rc': 0}
[0.200287] (-) TimerEvent: {}
[0.300709] (-) TimerEvent: {}
[0.401320] (-) TimerEvent: {}
[0.501784] (-) TimerEvent: {}
[0.602322] (-) TimerEvent: {}
[0.702956] (-) TimerEvent: {}
[0.804042] (-) TimerEvent: {}
[0.904599] (-) TimerEvent: {}
[1.005241] (-) TimerEvent: {}
[1.105525] (-) TimerEvent: {}
[1.205823] (-) TimerEvent: {}
[1.306146] (-) TimerEvent: {}
[1.406809] (-) TimerEvent: {}
[1.507371] (-) TimerEvent: {}
[1.608358] (-) TimerEvent: {}
[1.708603] (-) TimerEvent: {}
[1.809168] (-) TimerEvent: {}
[1.909774] (-) TimerEvent: {}
[2.010321] (-) TimerEvent: {}
[2.110990] (-) TimerEvent: {}
[2.211347] (-) TimerEvent: {}
[2.311795] (-) TimerEvent: {}
[2.412365] (-) TimerEvent: {}
[2.512996] (-) TimerEvent: {}
[2.613436] (-) TimerEvent: {}
[2.713950] (-) TimerEvent: {}
[2.814518] (-) TimerEvent: {}
[2.915222] (-) TimerEvent: {}
[3.015679] (-) TimerEvent: {}
[3.116468] (-) TimerEvent: {}
[3.216914] (-) TimerEvent: {}
[3.317514] (-) TimerEvent: {}
[3.418035] (-) TimerEvent: {}
[3.518635] (-) TimerEvent: {}
[3.619132] (-) TimerEvent: {}
[3.719613] (-) TimerEvent: {}
[3.820063] (-) TimerEvent: {}
[3.920845] (-) TimerEvent: {}
[4.021046] (-) TimerEvent: {}
[4.121565] (-) TimerEvent: {}
[4.222030] (-) TimerEvent: {}
[4.271387] (qt_ros_test) StderrLine: {'line': b'/home/wheeltec/lab103/qt_sim_v1/src/qt_ros_test/src/main_window.cpp: In destructor \xe2\x80\x98virtual qt_ros_test::MainWindow::~MainWindow()\xe2\x80\x99:\n'}
[4.271969] (qt_ros_test) StderrLine: {'line': b'/home/wheeltec/lab103/qt_sim_v1/src/qt_ros_test/src/main_window.cpp:112:22: warning: \xe2\x80\x98static int QProcess::execute(const QString&)\xe2\x80\x99 is deprecated: Use QProcess::execute(const QString &program, const QStringList &arguments) instead [-Wdeprecated-declarations]\n'}
[4.272001] (qt_ros_test) StderrLine: {'line': b'  112 |     QProcess::execute("ssh -Y wheeltec@192.168.0.100\\n"\n'}
[4.272023] (qt_ros_test) StderrLine: {'line': b'      |     ~~~~~~~~~~~~~~~~~^~~~~~~~~~~~~~~~~~~~~~~~~~~~~~~~~~\n'}
[4.272044] (qt_ros_test) StderrLine: {'line': b'  113 |                     "killall -s INT -w ros2\\n");\n'}
[4.272065] (qt_ros_test) StderrLine: {'line': b'      |                     ~~~~~~~~~~~~~~~~~~~~~~~~~~~\n'}
[4.272084] (qt_ros_test) StderrLine: {'line': b'In file included from /usr/include/x86_64-linux-gnu/qt5/QtCore/QtCore:170,\n'}
[4.272104] (qt_ros_test) StderrLine: {'line': b'                 from /usr/include/x86_64-linux-gnu/qt5/QtGui/QtGuiDepends:3,\n'}
[4.272123] (qt_ros_test) StderrLine: {'line': b'                 from /usr/include/x86_64-linux-gnu/qt5/QtGui/QtGui:3,\n'}
[4.272142] (qt_ros_test) StderrLine: {'line': b'                 from /home/wheeltec/lab103/qt_sim_v1/src/qt_ros_test/src/main_window.cpp:12:\n'}
[4.272161] (qt_ros_test) StderrLine: {'line': b'/usr/include/x86_64-linux-gnu/qt5/QtCore/qprocess.h:265:16: note: declared here\n'}
[4.272180] (qt_ros_test) StderrLine: {'line': b'  265 |     static int execute(const QString &command);\n'}
[4.272198] (qt_ros_test) StderrLine: {'line': b'      |                ^~~~~~~\n'}
[4.272216] (qt_ros_test) StderrLine: {'line': b'/home/wheeltec/lab103/qt_sim_v1/src/qt_ros_test/src/main_window.cpp: In member function \xe2\x80\x98void qt_ros_test::MainWindow::init_cmd()\xe2\x80\x99:\n'}
[4.272235] (qt_ros_test) StderrLine: {'line': b'/home/wheeltec/lab103/qt_sim_v1/src/qt_ros_test/src/main_window.cpp:142:16: warning: \xe2\x80\x98void QProcess::start(const QString&, QIODevice::OpenMode)\xe2\x80\x99 is deprecated: Use QProcess::start(const QString &program, const QStringList &arguments,OpenMode mode = ReadWrite) instead [-Wdeprecated-declarations]\n'}
[4.272256] (qt_ros_test) StderrLine: {'line': b'  142 |     _cmd->start("bash");\n'}
[4.272274] (qt_ros_test) StderrLine: {'line': b'      |     ~~~~~~~~~~~^~~~~~~~\n'}
[4.272292] (qt_ros_test) StderrLine: {'line': b'In file included from /usr/include/x86_64-linux-gnu/qt5/QtCore/QtCore:170,\n'}
[4.272310] (qt_ros_test) StderrLine: {'line': b'                 from /usr/include/x86_64-linux-gnu/qt5/QtGui/QtGuiDepends:3,\n'}
[4.272331] (qt_ros_test) StderrLine: {'line': b'                 from /usr/include/x86_64-linux-gnu/qt5/QtGui/QtGui:3,\n'}
[4.272349] (qt_ros_test) StderrLine: {'line': b'                 from /home/wheeltec/lab103/qt_sim_v1/src/qt_ros_test/src/main_window.cpp:12:\n'}
[4.272367] (qt_ros_test) StderrLine: {'line': b'/usr/include/x86_64-linux-gnu/qt5/QtCore/qprocess.h:168:10: note: declared here\n'}
[4.272385] (qt_ros_test) StderrLine: {'line': b'  168 |     void start(const QString &command, OpenMode mode = ReadWrite);\n'}
[4.272403] (qt_ros_test) StderrLine: {'line': b'      |          ^~~~~\n'}
[4.273459] (qt_ros_test) StderrLine: {'line': b'/home/wheeltec/lab103/qt_sim_v1/src/qt_ros_test/src/main_window.cpp: In member function \xe2\x80\x98void qt_ros_test::MainWindow::closeroslaunch()\xe2\x80\x99:\n'}
[4.273524] (qt_ros_test) StderrLine: {'line': b'/home/wheeltec/lab103/qt_sim_v1/src/qt_ros_test/src/main_window.cpp:196:19: warning: \xe2\x80\x98void QProcess::start(const QString&, QIODevice::OpenMode)\xe2\x80\x99 is deprecated: Use QProcess::start(const QString &program, const QStringList &arguments,OpenMode mode = ReadWrite) instead [-Wdeprecated-declarations]\n'}
[4.273555] (qt_ros_test) StderrLine: {'line': b'  196 |     killall->start("ssh -Y wheeltec@192.168.3.121\\n"\n'}
[4.273577] (qt_ros_test) StderrLine: {'line': b'      |     ~~~~~~~~~~~~~~^~~~~~~~~~~~~~~~~~~~~~~~~~~~~~~~~~\n'}
[4.273596] (qt_ros_test) StderrLine: {'line': b'  197 |                     "killall -s INT -wg ros2\\n");\n'}
[4.273616] (qt_ros_test) StderrLine: {'line': b'      |                     ~~~~~~~~~~~~~~~~~~~~~~~~~~~~\n'}
[4.273635] (qt_ros_test) StderrLine: {'line': b'In file included from /usr/include/x86_64-linux-gnu/qt5/QtCore/QtCore:170,\n'}
[4.273654] (qt_ros_test) StderrLine: {'line': b'                 from /usr/include/x86_64-linux-gnu/qt5/QtGui/QtGuiDepends:3,\n'}
[4.273672] (qt_ros_test) StderrLine: {'line': b'                 from /usr/include/x86_64-linux-gnu/qt5/QtGui/QtGui:3,\n'}
[4.273690] (qt_ros_test) StderrLine: {'line': b'                 from /home/wheeltec/lab103/qt_sim_v1/src/qt_ros_test/src/main_window.cpp:12:\n'}
[4.273708] (qt_ros_test) StderrLine: {'line': b'/usr/include/x86_64-linux-gnu/qt5/QtCore/qprocess.h:168:10: note: declared here\n'}
[4.273726] (qt_ros_test) StderrLine: {'line': b'  168 |     void start(const QString &command, OpenMode mode = ReadWrite);\n'}
[4.273745] (qt_ros_test) StderrLine: {'line': b'      |          ^~~~~\n'}
[4.275058] (qt_ros_test) StderrLine: {'line': b'/home/wheeltec/lab103/qt_sim_v1/src/qt_ros_test/src/main_window.cpp: In member function \xe2\x80\x98void qt_ros_test::MainWindow::slot_cmd_read()\xe2\x80\x99:\n'}
[4.275123] (qt_ros_test) StderrLine: {'line': b'/home/wheeltec/lab103/qt_sim_v1/src/qt_ros_test/src/main_window.cpp:244:10: warning: ISO C++ forbids variable length array \xe2\x80\x98buffer\xe2\x80\x99 [-Wvla]\n'}
[4.275147] (qt_ros_test) StderrLine: {'line': b'  244 |     char buffer[maxSize];\n'}
[4.275169] (qt_ros_test) StderrLine: {'line': b'      |          ^~~~~~\n'}
[4.277097] (qt_ros_test) StderrLine: {'line': b'/home/wheeltec/lab103/qt_sim_v1/src/qt_ros_test/src/main_window.cpp: In member function \xe2\x80\x98void qt_ros_test::MainWindow::ReadSettings()\xe2\x80\x99:\n'}
[4.277157] (qt_ros_test) StderrLine: {'line': b'/home/wheeltec/lab103/qt_sim_v1/src/qt_ros_test/src/main_window.cpp:300:10: warning: unused variable \xe2\x80\x98remember\xe2\x80\x99 [-Wunused-variable]\n'}
[4.277182] (qt_ros_test) StderrLine: {'line': b'  300 |     bool remember = settings.value("remember_settings", false).toBool();\n'}
[4.277208] (qt_ros_test) StderrLine: {'line': b'      |          ^~~~~~~~\n'}
[4.277230] (qt_ros_test) StderrLine: {'line': b'/home/wheeltec/lab103/qt_sim_v1/src/qt_ros_test/src/main_window.cpp:301:10: warning: unused variable \xe2\x80\x98checked\xe2\x80\x99 [-Wunused-variable]\n'}
[4.277252] (qt_ros_test) StderrLine: {'line': b'  301 |     bool checked = settings.value("use_environment_variables", false).toBool();\n'}
[4.277275] (qt_ros_test) StderrLine: {'line': b'      |          ^~~~~~~\n'}
[4.301879] (qt_ros_test) StderrLine: {'line': b'/home/wheeltec/lab103/qt_sim_v1/src/qt_ros_test/src/main_window.cpp: In member function \xe2\x80\x98void qt_ros_test::MainWindow::on_pushButton_webusbcam_clicked(bool)\xe2\x80\x99:\n'}
[4.302010] (qt_ros_test) StderrLine: {'line': b'/home/wheeltec/lab103/qt_sim_v1/src/qt_ros_test/src/main_window.cpp:597:23: warning: \xe2\x80\x98void QProcess::start(const QString&, QIODevice::OpenMode)\xe2\x80\x99 is deprecated: Use QProcess::start(const QString &program, const QStringList &arguments,OpenMode mode = ReadWrite) instead [-Wdeprecated-declarations]\n'}
[4.302037] (qt_ros_test) StderrLine: {'line': b'  597 |         killall->start("ssh -Y wheeltec@192.168.0.100\\n"\n'}
[4.302058] (qt_ros_test) StderrLine: {'line': b'      |         ~~~~~~~~~~~~~~^~~~~~~~~~~~~~~~~~~~~~~~~~~~~~~~~~\n'}
[4.302527] (qt_ros_test) StderrLine: {'line': b'  598 |                 "killall -s INT -g ros2\\n");\n'}
[4.302610] (qt_ros_test) StderrLine: {'line': b'      |                 ~~~~~~~~~~~~~~~~~~~~~~~~~~~\n'}
[4.302660] (qt_ros_test) StderrLine: {'line': b'In file included from /usr/include/x86_64-linux-gnu/qt5/QtCore/QtCore:170,\n'}
[4.303039] (qt_ros_test) StderrLine: {'line': b'                 from /usr/include/x86_64-linux-gnu/qt5/QtGui/QtGuiDepends:3,\n'}
[4.303091] (qt_ros_test) StderrLine: {'line': b'                 from /usr/include/x86_64-linux-gnu/qt5/QtGui/QtGui:3,\n'}
[4.303114] (qt_ros_test) StderrLine: {'line': b'                 from /home/wheeltec/lab103/qt_sim_v1/src/qt_ros_test/src/main_window.cpp:12:\n'}
[4.303135] (qt_ros_test) StderrLine: {'line': b'/usr/include/x86_64-linux-gnu/qt5/QtCore/qprocess.h:168:10: note: declared here\n'}
[4.303154] (qt_ros_test) StderrLine: {'line': b'  168 |     void start(const QString &command, OpenMode mode = ReadWrite);\n'}
[4.303173] (qt_ros_test) StderrLine: {'line': b'      |          ^~~~~\n'}
[4.303191] (qt_ros_test) StderrLine: {'line': b'/home/wheeltec/lab103/qt_sim_v1/src/qt_ros_test/src/main_window.cpp: In member function \xe2\x80\x98void qt_ros_test::MainWindow::on_pushButton_2dmap_clicked(bool)\xe2\x80\x99:\n'}
[4.303421] (qt_ros_test) StderrLine: {'line': b'/home/wheeltec/lab103/qt_sim_v1/src/qt_ros_test/src/main_window.cpp:621:32: warning: \xe2\x80\x98static bool QProcess::startDetached(const QString&)\xe2\x80\x99 is deprecated: Use QProcess::startDetached(const QString &program, const QStringList &arguments) instead [-Wdeprecated-declarations]\n'}
[4.303473] (qt_ros_test) StderrLine: {'line': b'  621 |         rviz_cmd->startDetached("rviz2");\n'}
[4.303497] (qt_ros_test) StderrLine: {'line': b'      |         ~~~~~~~~~~~~~~~~~~~~~~~^~~~~~~~~\n'}
[4.303518] (qt_ros_test) StderrLine: {'line': b'In file included from /usr/include/x86_64-linux-gnu/qt5/QtCore/QtCore:170,\n'}
[4.303540] (qt_ros_test) StderrLine: {'line': b'                 from /usr/include/x86_64-linux-gnu/qt5/QtGui/QtGuiDepends:3,\n'}
[4.303560] (qt_ros_test) StderrLine: {'line': b'                 from /usr/include/x86_64-linux-gnu/qt5/QtGui/QtGui:3,\n'}
[4.303579] (qt_ros_test) StderrLine: {'line': b'                 from /home/wheeltec/lab103/qt_sim_v1/src/qt_ros_test/src/main_window.cpp:12:\n'}
[4.303599] (qt_ros_test) StderrLine: {'line': b'/usr/include/x86_64-linux-gnu/qt5/QtCore/qprocess.h:280:17: note: declared here\n'}
[4.303619] (qt_ros_test) StderrLine: {'line': b'  280 |     static bool startDetached(const QString &command);\n'}
[4.303638] (qt_ros_test) StderrLine: {'line': b'      |                 ^~~~~~~~~~~~~\n'}
[4.303658] (qt_ros_test) StderrLine: {'line': b'/home/wheeltec/lab103/qt_sim_v1/src/qt_ros_test/src/main_window.cpp:627:32: warning: \xe2\x80\x98static bool QProcess::startDetached(const QString&)\xe2\x80\x99 is deprecated: Use QProcess::startDetached(const QString &program, const QStringList &arguments) instead [-Wdeprecated-declarations]\n'}
[4.303678] (qt_ros_test) StderrLine: {'line': b'  627 |         rviz_cmd->startDetached("killall -2 rviz2");\n'}
[4.303697] (qt_ros_test) StderrLine: {'line': b'      |         ~~~~~~~~~~~~~~~~~~~~~~~^~~~~~~~~~~~~~~~~~~~\n'}
[4.303715] (qt_ros_test) StderrLine: {'line': b'In file included from /usr/include/x86_64-linux-gnu/qt5/QtCore/QtCore:170,\n'}
[4.303780] (qt_ros_test) StderrLine: {'line': b'                 from /usr/include/x86_64-linux-gnu/qt5/QtGui/QtGuiDepends:3,\n'}
[4.303802] (qt_ros_test) StderrLine: {'line': b'                 from /usr/include/x86_64-linux-gnu/qt5/QtGui/QtGui:3,\n'}
[4.303829] (qt_ros_test) StderrLine: {'line': b'                 from /home/wheeltec/lab103/qt_sim_v1/src/qt_ros_test/src/main_window.cpp:12:\n'}
[4.303848] (qt_ros_test) StderrLine: {'line': b'/usr/include/x86_64-linux-gnu/qt5/QtCore/qprocess.h:280:17: note: declared here\n'}
[4.303866] (qt_ros_test) StderrLine: {'line': b'  280 |     static bool startDetached(const QString &command);\n'}
[4.303884] (qt_ros_test) StderrLine: {'line': b'      |                 ^~~~~~~~~~~~~\n'}
[4.303903] (qt_ros_test) StderrLine: {'line': b'/home/wheeltec/lab103/qt_sim_v1/src/qt_ros_test/src/main_window.cpp: In member function \xe2\x80\x98void qt_ros_test::MainWindow::on_pushButton_2dmap_2_clicked()\xe2\x80\x99:\n'}
[4.303921] (qt_ros_test) StderrLine: {'line': b'/home/wheeltec/lab103/qt_sim_v1/src/qt_ros_test/src/main_window.cpp:651:32: warning: \xe2\x80\x98static bool QProcess::startDetached(const QString&)\xe2\x80\x99 is deprecated: Use QProcess::startDetached(const QString &program, const QStringList &arguments) instead [-Wdeprecated-declarations]\n'}
[4.303940] (qt_ros_test) StderrLine: {'line': b'  651 |         rviz_cmd->startDetached("rviz2");\n'}
[4.303959] (qt_ros_test) StderrLine: {'line': b'      |         ~~~~~~~~~~~~~~~~~~~~~~~^~~~~~~~~\n'}
[4.303977] (qt_ros_test) StderrLine: {'line': b'In file included from /usr/include/x86_64-linux-gnu/qt5/QtCore/QtCore:170,\n'}
[4.303996] (qt_ros_test) StderrLine: {'line': b'                 from /usr/include/x86_64-linux-gnu/qt5/QtGui/QtGuiDepends:3,\n'}
[4.304015] (qt_ros_test) StderrLine: {'line': b'                 from /usr/include/x86_64-linux-gnu/qt5/QtGui/QtGui:3,\n'}
[4.304035] (qt_ros_test) StderrLine: {'line': b'                 from /home/wheeltec/lab103/qt_sim_v1/src/qt_ros_test/src/main_window.cpp:12:\n'}
[4.304079] (qt_ros_test) StderrLine: {'line': b'/usr/include/x86_64-linux-gnu/qt5/QtCore/qprocess.h:280:17: note: declared here\n'}
[4.304097] (qt_ros_test) StderrLine: {'line': b'  280 |     static bool startDetached(const QString &command);\n'}
[4.304116] (qt_ros_test) StderrLine: {'line': b'      |                 ^~~~~~~~~~~~~\n'}
[4.304135] (qt_ros_test) StderrLine: {'line': b'/home/wheeltec/lab103/qt_sim_v1/src/qt_ros_test/src/main_window.cpp:657:32: warning: \xe2\x80\x98static bool QProcess::startDetached(const QString&)\xe2\x80\x99 is deprecated: Use QProcess::startDetached(const QString &program, const QStringList &arguments) instead [-Wdeprecated-declarations]\n'}
[4.304153] (qt_ros_test) StderrLine: {'line': b'  657 |         rviz_cmd->startDetached("killall -2 rviz2");\n'}
[4.304172] (qt_ros_test) StderrLine: {'line': b'      |         ~~~~~~~~~~~~~~~~~~~~~~~^~~~~~~~~~~~~~~~~~~~\n'}
[4.304189] (qt_ros_test) StderrLine: {'line': b'In file included from /usr/include/x86_64-linux-gnu/qt5/QtCore/QtCore:170,\n'}
[4.304208] (qt_ros_test) StderrLine: {'line': b'                 from /usr/include/x86_64-linux-gnu/qt5/QtGui/QtGuiDepends:3,\n'}
[4.304227] (qt_ros_test) StderrLine: {'line': b'                 from /usr/include/x86_64-linux-gnu/qt5/QtGui/QtGui:3,\n'}
[4.304247] (qt_ros_test) StderrLine: {'line': b'                 from /home/wheeltec/lab103/qt_sim_v1/src/qt_ros_test/src/main_window.cpp:12:\n'}
[4.304264] (qt_ros_test) StderrLine: {'line': b'/usr/include/x86_64-linux-gnu/qt5/QtCore/qprocess.h:280:17: note: declared here\n'}
[4.304283] (qt_ros_test) StderrLine: {'line': b'  280 |     static bool startDetached(const QString &command);\n'}
[4.304302] (qt_ros_test) StderrLine: {'line': b'      |                 ^~~~~~~~~~~~~\n'}
[4.304320] (qt_ros_test) StderrLine: {'line': b'/home/wheeltec/lab103/qt_sim_v1/src/qt_ros_test/src/main_window.cpp: In member function \xe2\x80\x98void qt_ros_test::MainWindow::on_pushButton_2dmap_3_clicked()\xe2\x80\x99:\n'}
[4.304340] (qt_ros_test) StderrLine: {'line': b'/home/wheeltec/lab103/qt_sim_v1/src/qt_ros_test/src/main_window.cpp:681:32: warning: \xe2\x80\x98static bool QProcess::startDetached(const QString&)\xe2\x80\x99 is deprecated: Use QProcess::startDetached(const QString &program, const QStringList &arguments) instead [-Wdeprecated-declarations]\n'}
[4.304360] (qt_ros_test) StderrLine: {'line': b'  681 |         rviz_cmd->startDetached("rviz2");\n'}
[4.304378] (qt_ros_test) StderrLine: {'line': b'      |         ~~~~~~~~~~~~~~~~~~~~~~~^~~~~~~~~\n'}
[4.304395] (qt_ros_test) StderrLine: {'line': b'In file included from /usr/include/x86_64-linux-gnu/qt5/QtCore/QtCore:170,\n'}
[4.304413] (qt_ros_test) StderrLine: {'line': b'                 from /usr/include/x86_64-linux-gnu/qt5/QtGui/QtGuiDepends:3,\n'}
[4.304436] (qt_ros_test) StderrLine: {'line': b'                 from /usr/include/x86_64-linux-gnu/qt5/QtGui/QtGui:3,\n'}
[4.304454] (qt_ros_test) StderrLine: {'line': b'                 from /home/wheeltec/lab103/qt_sim_v1/src/qt_ros_test/src/main_window.cpp:12:\n'}
[4.304472] (qt_ros_test) StderrLine: {'line': b'/usr/include/x86_64-linux-gnu/qt5/QtCore/qprocess.h:280:17: note: declared here\n'}
[4.304490] (qt_ros_test) StderrLine: {'line': b'  280 |     static bool startDetached(const QString &command);\n'}
[4.304508] (qt_ros_test) StderrLine: {'line': b'      |                 ^~~~~~~~~~~~~\n'}
[4.304525] (qt_ros_test) StderrLine: {'line': b'/home/wheeltec/lab103/qt_sim_v1/src/qt_ros_test/src/main_window.cpp:687:32: warning: \xe2\x80\x98static bool QProcess::startDetached(const QString&)\xe2\x80\x99 is deprecated: Use QProcess::startDetached(const QString &program, const QStringList &arguments) instead [-Wdeprecated-declarations]\n'}
[4.304544] (qt_ros_test) StderrLine: {'line': b'  687 |         rviz_cmd->startDetached("killall -2 rviz2");\n'}
[4.304562] (qt_ros_test) StderrLine: {'line': b'      |         ~~~~~~~~~~~~~~~~~~~~~~~^~~~~~~~~~~~~~~~~~~~\n'}
[4.304580] (qt_ros_test) StderrLine: {'line': b'In file included from /usr/include/x86_64-linux-gnu/qt5/QtCore/QtCore:170,\n'}
[4.304599] (qt_ros_test) StderrLine: {'line': b'                 from /usr/include/x86_64-linux-gnu/qt5/QtGui/QtGuiDepends:3,\n'}
[4.304617] (qt_ros_test) StderrLine: {'line': b'                 from /usr/include/x86_64-linux-gnu/qt5/QtGui/QtGui:3,\n'}
[4.304634] (qt_ros_test) StderrLine: {'line': b'                 from /home/wheeltec/lab103/qt_sim_v1/src/qt_ros_test/src/main_window.cpp:12:\n'}
[4.304653] (qt_ros_test) StderrLine: {'line': b'/usr/include/x86_64-linux-gnu/qt5/QtCore/qprocess.h:280:17: note: declared here\n'}
[4.304671] (qt_ros_test) StderrLine: {'line': b'  280 |     static bool startDetached(const QString &command);\n'}
[4.304690] (qt_ros_test) StderrLine: {'line': b'      |                 ^~~~~~~~~~~~~\n'}
[4.304900] (qt_ros_test) StderrLine: {'line': b'/home/wheeltec/lab103/qt_sim_v1/src/qt_ros_test/src/main_window.cpp: In member function \xe2\x80\x98void qt_ros_test::MainWindow::on_pushButton_2dnav_clicked(bool)\xe2\x80\x99:\n'}
[4.305022] (qt_ros_test) StderrLine: {'line': b'/home/wheeltec/lab103/qt_sim_v1/src/qt_ros_test/src/main_window.cpp:729:32: warning: \xe2\x80\x98static bool QProcess::startDetached(const QString&)\xe2\x80\x99 is deprecated: Use QProcess::startDetached(const QString &program, const QStringList &arguments) instead [-Wdeprecated-declarations]\n'}
[4.305129] (qt_ros_test) StderrLine: {'line': b'  729 |         rviz_cmd->startDetached("rviz2");\n'}
[4.305209] (qt_ros_test) StderrLine: {'line': b'      |         ~~~~~~~~~~~~~~~~~~~~~~~^~~~~~~~~\n'}
[4.305291] (qt_ros_test) StderrLine: {'line': b'In file included from /usr/include/x86_64-linux-gnu/qt5/QtCore/QtCore:170,\n'}
[4.305371] (qt_ros_test) StderrLine: {'line': b'                 from /usr/include/x86_64-linux-gnu/qt5/QtGui/QtGuiDepends:3,\n'}
[4.305454] (qt_ros_test) StderrLine: {'line': b'                 from /usr/include/x86_64-linux-gnu/qt5/QtGui/QtGui:3,\n'}
[4.305530] (qt_ros_test) StderrLine: {'line': b'                 from /home/wheeltec/lab103/qt_sim_v1/src/qt_ros_test/src/main_window.cpp:12:\n'}
[4.305625] (qt_ros_test) StderrLine: {'line': b'/usr/include/x86_64-linux-gnu/qt5/QtCore/qprocess.h:280:17: note: declared here\n'}
[4.305762] (qt_ros_test) StderrLine: {'line': b'  280 |     static bool startDetached(const QString &command);\n'}
[4.305858] (qt_ros_test) StderrLine: {'line': b'      |                 ^~~~~~~~~~~~~\n'}
[4.306157] (qt_ros_test) StderrLine: {'line': b'/home/wheeltec/lab103/qt_sim_v1/src/qt_ros_test/src/main_window.cpp:735:32: warning: \xe2\x80\x98static bool QProcess::startDetached(const QString&)\xe2\x80\x99 is deprecated: Use QProcess::startDetached(const QString &program, const QStringList &arguments) instead [-Wdeprecated-declarations]\n'}
[4.306309] (qt_ros_test) StderrLine: {'line': b'  735 |         rviz_cmd->startDetached("killall -2 rviz2");\n'}
[4.306368] (qt_ros_test) StderrLine: {'line': b'      |         ~~~~~~~~~~~~~~~~~~~~~~~^~~~~~~~~~~~~~~~~~~~\n'}
[4.306404] (qt_ros_test) StderrLine: {'line': b'In file included from /usr/include/x86_64-linux-gnu/qt5/QtCore/QtCore:170,\n'}
[4.306437] (qt_ros_test) StderrLine: {'line': b'                 from /usr/include/x86_64-linux-gnu/qt5/QtGui/QtGuiDepends:3,\n'}
[4.306483] (qt_ros_test) StderrLine: {'line': b'                 from /usr/include/x86_64-linux-gnu/qt5/QtGui/QtGui:3,\n'}
[4.306520] (qt_ros_test) StderrLine: {'line': b'                 from /home/wheeltec/lab103/qt_sim_v1/src/qt_ros_test/src/main_window.cpp:12:\n'}
[4.306552] (qt_ros_test) StderrLine: {'line': b'/usr/include/x86_64-linux-gnu/qt5/QtCore/qprocess.h:280:17: note: declared here\n'}
[4.306585] (qt_ros_test) StderrLine: {'line': b'  280 |     static bool startDetached(const QString &command);\n'}
[4.306637] (qt_ros_test) StderrLine: {'line': b'      |                 ^~~~~~~~~~~~~\n'}
[4.306681] (qt_ros_test) StderrLine: {'line': b'/home/wheeltec/lab103/qt_sim_v1/src/qt_ros_test/src/main_window.cpp: In member function \xe2\x80\x98void qt_ros_test::MainWindow::on_pushButton_3dmap_clicked(bool)\xe2\x80\x99:\n'}
[4.306716] (qt_ros_test) StderrLine: {'line': b'/home/wheeltec/lab103/qt_sim_v1/src/qt_ros_test/src/main_window.cpp:760:32: warning: \xe2\x80\x98static bool QProcess::startDetached(const QString&)\xe2\x80\x99 is deprecated: Use QProcess::startDetached(const QString &program, const QStringList &arguments) instead [-Wdeprecated-declarations]\n'}
[4.306751] (qt_ros_test) StderrLine: {'line': b'  760 |         rviz_cmd->startDetached("rviz2");\n'}
[4.306785] (qt_ros_test) StderrLine: {'line': b'      |         ~~~~~~~~~~~~~~~~~~~~~~~^~~~~~~~~\n'}
[4.306817] (qt_ros_test) StderrLine: {'line': b'In file included from /usr/include/x86_64-linux-gnu/qt5/QtCore/QtCore:170,\n'}
[4.306850] (qt_ros_test) StderrLine: {'line': b'                 from /usr/include/x86_64-linux-gnu/qt5/QtGui/QtGuiDepends:3,\n'}
[4.306884] (qt_ros_test) StderrLine: {'line': b'                 from /usr/include/x86_64-linux-gnu/qt5/QtGui/QtGui:3,\n'}
[4.306917] (qt_ros_test) StderrLine: {'line': b'                 from /home/wheeltec/lab103/qt_sim_v1/src/qt_ros_test/src/main_window.cpp:12:\n'}
[4.306957] (qt_ros_test) StderrLine: {'line': b'/usr/include/x86_64-linux-gnu/qt5/QtCore/qprocess.h:280:17: note: declared here\n'}
[4.306990] (qt_ros_test) StderrLine: {'line': b'  280 |     static bool startDetached(const QString &command);\n'}
[4.307154] (qt_ros_test) StderrLine: {'line': b'      |                 ^~~~~~~~~~~~~\n'}
[4.307197] (qt_ros_test) StderrLine: {'line': b'/home/wheeltec/lab103/qt_sim_v1/src/qt_ros_test/src/main_window.cpp:766:32: warning: \xe2\x80\x98static bool QProcess::startDetached(const QString&)\xe2\x80\x99 is deprecated: Use QProcess::startDetached(const QString &program, const QStringList &arguments) instead [-Wdeprecated-declarations]\n'}
[4.307236] (qt_ros_test) StderrLine: {'line': b'  766 |         rviz_cmd->startDetached("killall -2 rviz2");\n'}
[4.307265] (qt_ros_test) StderrLine: {'line': b'      |         ~~~~~~~~~~~~~~~~~~~~~~~^~~~~~~~~~~~~~~~~~~~\n'}
[4.307299] (qt_ros_test) StderrLine: {'line': b'In file included from /usr/include/x86_64-linux-gnu/qt5/QtCore/QtCore:170,\n'}
[4.307320] (qt_ros_test) StderrLine: {'line': b'                 from /usr/include/x86_64-linux-gnu/qt5/QtGui/QtGuiDepends:3,\n'}
[4.307339] (qt_ros_test) StderrLine: {'line': b'                 from /usr/include/x86_64-linux-gnu/qt5/QtGui/QtGui:3,\n'}
[4.307358] (qt_ros_test) StderrLine: {'line': b'                 from /home/wheeltec/lab103/qt_sim_v1/src/qt_ros_test/src/main_window.cpp:12:\n'}
[4.307419] (qt_ros_test) StderrLine: {'line': b'/usr/include/x86_64-linux-gnu/qt5/QtCore/qprocess.h:280:17: note: declared here\n'}
[4.307482] (qt_ros_test) StderrLine: {'line': b'  280 |     static bool startDetached(const QString &command);\n'}
[4.307545] (qt_ros_test) StderrLine: {'line': b'      |                 ^~~~~~~~~~~~~\n'}
[4.307610] (qt_ros_test) StderrLine: {'line': b'/home/wheeltec/lab103/qt_sim_v1/src/qt_ros_test/src/main_window.cpp: In member function \xe2\x80\x98void qt_ros_test::MainWindow::on_pushButton_3dnav_clicked(bool)\xe2\x80\x99:\n'}
[4.307674] (qt_ros_test) StderrLine: {'line': b'/home/wheeltec/lab103/qt_sim_v1/src/qt_ros_test/src/main_window.cpp:798:32: warning: \xe2\x80\x98static bool QProcess::startDetached(const QString&)\xe2\x80\x99 is deprecated: Use QProcess::startDetached(const QString &program, const QStringList &arguments) instead [-Wdeprecated-declarations]\n'}
[4.307744] (qt_ros_test) StderrLine: {'line': b'  798 |         rviz_cmd->startDetached("rviz2");\n'}
[4.307812] (qt_ros_test) StderrLine: {'line': b'      |         ~~~~~~~~~~~~~~~~~~~~~~~^~~~~~~~~\n'}
[4.307874] (qt_ros_test) StderrLine: {'line': b'In file included from /usr/include/x86_64-linux-gnu/qt5/QtCore/QtCore:170,\n'}
[4.308060] (qt_ros_test) StderrLine: {'line': b'                 from /usr/include/x86_64-linux-gnu/qt5/QtGui/QtGuiDepends:3,\n'}
[4.308087] (qt_ros_test) StderrLine: {'line': b'                 from /usr/include/x86_64-linux-gnu/qt5/QtGui/QtGui:3,\n'}
[4.308111] (qt_ros_test) StderrLine: {'line': b'                 from /home/wheeltec/lab103/qt_sim_v1/src/qt_ros_test/src/main_window.cpp:12:\n'}
[4.308130] (qt_ros_test) StderrLine: {'line': b'/usr/include/x86_64-linux-gnu/qt5/QtCore/qprocess.h:280:17: note: declared here\n'}
[4.308156] (qt_ros_test) StderrLine: {'line': b'  280 |     static bool startDetached(const QString &command);\n'}
[4.308175] (qt_ros_test) StderrLine: {'line': b'      |                 ^~~~~~~~~~~~~\n'}
[4.308194] (qt_ros_test) StderrLine: {'line': b'/home/wheeltec/lab103/qt_sim_v1/src/qt_ros_test/src/main_window.cpp:805:32: warning: \xe2\x80\x98static bool QProcess::startDetached(const QString&)\xe2\x80\x99 is deprecated: Use QProcess::startDetached(const QString &program, const QStringList &arguments) instead [-Wdeprecated-declarations]\n'}
[4.308217] (qt_ros_test) StderrLine: {'line': b'  805 |         rviz_cmd->startDetached("killall -2 rviz2");\n'}
[4.308236] (qt_ros_test) StderrLine: {'line': b'      |         ~~~~~~~~~~~~~~~~~~~~~~~^~~~~~~~~~~~~~~~~~~~\n'}
[4.308255] (qt_ros_test) StderrLine: {'line': b'In file included from /usr/include/x86_64-linux-gnu/qt5/QtCore/QtCore:170,\n'}
[4.308273] (qt_ros_test) StderrLine: {'line': b'                 from /usr/include/x86_64-linux-gnu/qt5/QtGui/QtGuiDepends:3,\n'}
[4.308292] (qt_ros_test) StderrLine: {'line': b'                 from /usr/include/x86_64-linux-gnu/qt5/QtGui/QtGui:3,\n'}
[4.308311] (qt_ros_test) StderrLine: {'line': b'                 from /home/wheeltec/lab103/qt_sim_v1/src/qt_ros_test/src/main_window.cpp:12:\n'}
[4.308331] (qt_ros_test) StderrLine: {'line': b'/usr/include/x86_64-linux-gnu/qt5/QtCore/qprocess.h:280:17: note: declared here\n'}
[4.308350] (qt_ros_test) StderrLine: {'line': b'  280 |     static bool startDetached(const QString &command);\n'}
[4.308369] (qt_ros_test) StderrLine: {'line': b'      |                 ^~~~~~~~~~~~~\n'}
[4.308388] (qt_ros_test) StderrLine: {'line': b'/home/wheeltec/lab103/qt_sim_v1/src/qt_ros_test/src/main_window.cpp: In member function \xe2\x80\x98void qt_ros_test::MainWindow::on_pushButton_nfsrobot_clicked(bool)\xe2\x80\x99:\n'}
[4.308407] (qt_ros_test) StderrLine: {'line': b'/home/wheeltec/lab103/qt_sim_v1/src/qt_ros_test/src/main_window.cpp:833:16: warning: \xe2\x80\x98void QProcess::start(const QString&, QIODevice::OpenMode)\xe2\x80\x99 is deprecated: Use QProcess::start(const QString &program, const QStringList &arguments,OpenMode mode = ReadWrite) instead [-Wdeprecated-declarations]\n'}
[4.308427] (qt_ros_test) StderrLine: {'line': b'  833 |     _cmd->start("bash");\n'}
[4.308445] (qt_ros_test) StderrLine: {'line': b'      |     ~~~~~~~~~~~^~~~~~~~\n'}
[4.308463] (qt_ros_test) StderrLine: {'line': b'In file included from /usr/include/x86_64-linux-gnu/qt5/QtCore/QtCore:170,\n'}
[4.308481] (qt_ros_test) StderrLine: {'line': b'                 from /usr/include/x86_64-linux-gnu/qt5/QtGui/QtGuiDepends:3,\n'}
[4.308499] (qt_ros_test) StderrLine: {'line': b'                 from /usr/include/x86_64-linux-gnu/qt5/QtGui/QtGui:3,\n'}
[4.308517] (qt_ros_test) StderrLine: {'line': b'                 from /home/wheeltec/lab103/qt_sim_v1/src/qt_ros_test/src/main_window.cpp:12:\n'}
[4.308535] (qt_ros_test) StderrLine: {'line': b'/usr/include/x86_64-linux-gnu/qt5/QtCore/qprocess.h:168:10: note: declared here\n'}
[4.308553] (qt_ros_test) StderrLine: {'line': b'  168 |     void start(const QString &command, OpenMode mode = ReadWrite);\n'}
[4.308571] (qt_ros_test) StderrLine: {'line': b'      |          ^~~~~\n'}
[4.308588] (qt_ros_test) StderrLine: {'line': b'/home/wheeltec/lab103/qt_sim_v1/src/qt_ros_test/src/main_window.cpp: In member function \xe2\x80\x98void qt_ros_test::MainWindow::on_pushButton_unfsrobot_clicked(bool)\xe2\x80\x99:\n'}
[4.308606] (qt_ros_test) StderrLine: {'line': b'/home/wheeltec/lab103/qt_sim_v1/src/qt_ros_test/src/main_window.cpp:844:16: warning: \xe2\x80\x98void QProcess::start(const QString&, QIODevice::OpenMode)\xe2\x80\x99 is deprecated: Use QProcess::start(const QString &program, const QStringList &arguments,OpenMode mode = ReadWrite) instead [-Wdeprecated-declarations]\n'}
[4.308627] (qt_ros_test) StderrLine: {'line': b'  844 |     _cmd->start("bash");\n'}
[4.308648] (qt_ros_test) StderrLine: {'line': b'      |     ~~~~~~~~~~~^~~~~~~~\n'}
[4.308667] (qt_ros_test) StderrLine: {'line': b'In file included from /usr/include/x86_64-linux-gnu/qt5/QtCore/QtCore:170,\n'}
[4.308686] (qt_ros_test) StderrLine: {'line': b'                 from /usr/include/x86_64-linux-gnu/qt5/QtGui/QtGuiDepends:3,\n'}
[4.308704] (qt_ros_test) StderrLine: {'line': b'                 from /usr/include/x86_64-linux-gnu/qt5/QtGui/QtGui:3,\n'}
[4.308722] (qt_ros_test) StderrLine: {'line': b'                 from /home/wheeltec/lab103/qt_sim_v1/src/qt_ros_test/src/main_window.cpp:12:\n'}
[4.308740] (qt_ros_test) StderrLine: {'line': b'/usr/include/x86_64-linux-gnu/qt5/QtCore/qprocess.h:168:10: note: declared here\n'}
[4.308758] (qt_ros_test) StderrLine: {'line': b'  168 |     void start(const QString &command, OpenMode mode = ReadWrite);\n'}
[4.308906] (qt_ros_test) StderrLine: {'line': b'      |          ^~~~~\n'}
[4.308971] (qt_ros_test) StderrLine: {'line': b'/home/wheeltec/lab103/qt_sim_v1/src/qt_ros_test/src/main_window.cpp: In member function \xe2\x80\x98void qt_ros_test::MainWindow::on_pushButton_nfsarm_clicked(bool)\xe2\x80\x99:\n'}
[4.309078] (qt_ros_test) StderrLine: {'line': b'/home/wheeltec/lab103/qt_sim_v1/src/qt_ros_test/src/main_window.cpp:855:16: warning: \xe2\x80\x98void QProcess::start(const QString&, QIODevice::OpenMode)\xe2\x80\x99 is deprecated: Use QProcess::start(const QString &program, const QStringList &arguments,OpenMode mode = ReadWrite) instead [-Wdeprecated-declarations]\n'}
[4.309144] (qt_ros_test) StderrLine: {'line': b'  855 |     _cmd->start("bash");\n'}
[4.309207] (qt_ros_test) StderrLine: {'line': b'      |     ~~~~~~~~~~~^~~~~~~~\n'}
[4.309269] (qt_ros_test) StderrLine: {'line': b'In file included from /usr/include/x86_64-linux-gnu/qt5/QtCore/QtCore:170,\n'}
[4.309332] (qt_ros_test) StderrLine: {'line': b'                 from /usr/include/x86_64-linux-gnu/qt5/QtGui/QtGuiDepends:3,\n'}
[4.309493] (qt_ros_test) StderrLine: {'line': b'                 from /usr/include/x86_64-linux-gnu/qt5/QtGui/QtGui:3,\n'}
[4.309556] (qt_ros_test) StderrLine: {'line': b'                 from /home/wheeltec/lab103/qt_sim_v1/src/qt_ros_test/src/main_window.cpp:12:\n'}
[4.309621] (qt_ros_test) StderrLine: {'line': b'/usr/include/x86_64-linux-gnu/qt5/QtCore/qprocess.h:168:10: note: declared here\n'}
[4.309685] (qt_ros_test) StderrLine: {'line': b'  168 |     void start(const QString &command, OpenMode mode = ReadWrite);\n'}
[4.309753] (qt_ros_test) StderrLine: {'line': b'      |          ^~~~~\n'}
[4.309818] (qt_ros_test) StderrLine: {'line': b'/home/wheeltec/lab103/qt_sim_v1/src/qt_ros_test/src/main_window.cpp: In member function \xe2\x80\x98void qt_ros_test::MainWindow::on_pushButton_unfsarm_clicked(bool)\xe2\x80\x99:\n'}
[4.309884] (qt_ros_test) StderrLine: {'line': b'/home/wheeltec/lab103/qt_sim_v1/src/qt_ros_test/src/main_window.cpp:866:16: warning: \xe2\x80\x98void QProcess::start(const QString&, QIODevice::OpenMode)\xe2\x80\x99 is deprecated: Use QProcess::start(const QString &program, const QStringList &arguments,OpenMode mode = ReadWrite) instead [-Wdeprecated-declarations]\n'}
[4.309953] (qt_ros_test) StderrLine: {'line': b'  866 |     _cmd->start("bash");\n'}
[4.310017] (qt_ros_test) StderrLine: {'line': b'      |     ~~~~~~~~~~~^~~~~~~~\n'}
[4.310080] (qt_ros_test) StderrLine: {'line': b'In file included from /usr/include/x86_64-linux-gnu/qt5/QtCore/QtCore:170,\n'}
[4.310144] (qt_ros_test) StderrLine: {'line': b'                 from /usr/include/x86_64-linux-gnu/qt5/QtGui/QtGuiDepends:3,\n'}
[4.310207] (qt_ros_test) StderrLine: {'line': b'                 from /usr/include/x86_64-linux-gnu/qt5/QtGui/QtGui:3,\n'}
[4.310270] (qt_ros_test) StderrLine: {'line': b'                 from /home/wheeltec/lab103/qt_sim_v1/src/qt_ros_test/src/main_window.cpp:12:\n'}
[4.310334] (qt_ros_test) StderrLine: {'line': b'/usr/include/x86_64-linux-gnu/qt5/QtCore/qprocess.h:168:10: note: declared here\n'}
[4.310396] (qt_ros_test) StderrLine: {'line': b'  168 |     void start(const QString &command, OpenMode mode = ReadWrite);\n'}
[4.310459] (qt_ros_test) StderrLine: {'line': b'      |          ^~~~~\n'}
[4.310521] (qt_ros_test) StderrLine: {'line': b'/home/wheeltec/lab103/qt_sim_v1/src/qt_ros_test/src/main_window.cpp: In member function \xe2\x80\x98void qt_ros_test::MainWindow::on_pushButton_rqt_clicked(bool)\xe2\x80\x99:\n'}
[4.310584] (qt_ros_test) StderrLine: {'line': b'/home/wheeltec/lab103/qt_sim_v1/src/qt_ros_test/src/main_window.cpp:899:27: warning: \xe2\x80\x98static bool QProcess::startDetached(const QString&)\xe2\x80\x99 is deprecated: Use QProcess::startDetached(const QString &program, const QStringList &arguments) instead [-Wdeprecated-declarations]\n'}
[4.310656] (qt_ros_test) StderrLine: {'line': b'  899 |     rqt_cmd->startDetached("rqt");\n'}
[4.310720] (qt_ros_test) StderrLine: {'line': b'      |     ~~~~~~~~~~~~~~~~~~~~~~^~~~~~~\n'}
[4.310799] (qt_ros_test) StderrLine: {'line': b'In file included from /usr/include/x86_64-linux-gnu/qt5/QtCore/QtCore:170,\n'}
[4.310863] (qt_ros_test) StderrLine: {'line': b'                 from /usr/include/x86_64-linux-gnu/qt5/QtGui/QtGuiDepends:3,\n'}
[4.310925] (qt_ros_test) StderrLine: {'line': b'                 from /usr/include/x86_64-linux-gnu/qt5/QtGui/QtGui:3,\n'}
[4.310987] (qt_ros_test) StderrLine: {'line': b'                 from /home/wheeltec/lab103/qt_sim_v1/src/qt_ros_test/src/main_window.cpp:12:\n'}
[4.311049] (qt_ros_test) StderrLine: {'line': b'/usr/include/x86_64-linux-gnu/qt5/QtCore/qprocess.h:280:17: note: declared here\n'}
[4.311124] (qt_ros_test) StderrLine: {'line': b'  280 |     static bool startDetached(const QString &command);\n'}
[4.311188] (qt_ros_test) StderrLine: {'line': b'      |                 ^~~~~~~~~~~~~\n'}
[4.311379] (qt_ros_test) StderrLine: {'line': b'/home/wheeltec/lab103/qt_sim_v1/src/qt_ros_test/src/main_window.cpp: In member function \xe2\x80\x98void qt_ros_test::MainWindow::on_pushButton_rviz_clicked(bool)\xe2\x80\x99:\n'}
[4.311409] (qt_ros_test) StderrLine: {'line': b'/home/wheeltec/lab103/qt_sim_v1/src/qt_ros_test/src/main_window.cpp:905:28: warning: \xe2\x80\x98static bool QProcess::startDetached(const QString&)\xe2\x80\x99 is deprecated: Use QProcess::startDetached(const QString &program, const QStringList &arguments) instead [-Wdeprecated-declarations]\n'}
[4.311432] (qt_ros_test) StderrLine: {'line': b'  905 |     rviz_cmd->startDetached("rviz2");\n'}
[4.311453] (qt_ros_test) StderrLine: {'line': b'      |     ~~~~~~~~~~~~~~~~~~~~~~~^~~~~~~~~\n'}
[4.311474] (qt_ros_test) StderrLine: {'line': b'In file included from /usr/include/x86_64-linux-gnu/qt5/QtCore/QtCore:170,\n'}
[4.311494] (qt_ros_test) StderrLine: {'line': b'                 from /usr/include/x86_64-linux-gnu/qt5/QtGui/QtGuiDepends:3,\n'}
[4.311515] (qt_ros_test) StderrLine: {'line': b'                 from /usr/include/x86_64-linux-gnu/qt5/QtGui/QtGui:3,\n'}
[4.311535] (qt_ros_test) StderrLine: {'line': b'                 from /home/wheeltec/lab103/qt_sim_v1/src/qt_ros_test/src/main_window.cpp:12:\n'}
[4.311554] (qt_ros_test) StderrLine: {'line': b'/usr/include/x86_64-linux-gnu/qt5/QtCore/qprocess.h:280:17: note: declared here\n'}
[4.311573] (qt_ros_test) StderrLine: {'line': b'  280 |     static bool startDetached(const QString &command);\n'}
[4.311592] (qt_ros_test) StderrLine: {'line': b'      |                 ^~~~~~~~~~~~~\n'}
[4.311610] (qt_ros_test) StderrLine: {'line': b'/home/wheeltec/lab103/qt_sim_v1/src/qt_ros_test/src/main_window.cpp: In member function \xe2\x80\x98void qt_ros_test::MainWindow::on_quit_button_2_clicked(bool)\xe2\x80\x99:\n'}
[4.311629] (qt_ros_test) StderrLine: {'line': b'/home/wheeltec/lab103/qt_sim_v1/src/qt_ros_test/src/main_window.cpp:970:22: warning: \xe2\x80\x98static int QProcess::execute(const QString&)\xe2\x80\x99 is deprecated: Use QProcess::execute(const QString &program, const QStringList &arguments) instead [-Wdeprecated-declarations]\n'}
[4.311650] (qt_ros_test) StderrLine: {'line': b'  970 |     QProcess::execute("ssh -Y wheeltec@192.168.0.100\\n"\n'}
[4.311668] (qt_ros_test) StderrLine: {'line': b'      |     ~~~~~~~~~~~~~~~~~^~~~~~~~~~~~~~~~~~~~~~~~~~~~~~~~~~\n'}
[4.311688] (qt_ros_test) StderrLine: {'line': b'  971 |                       "killall -s INT -w ros2\\n");\n'}
[4.311706] (qt_ros_test) StderrLine: {'line': b'      |                       ~~~~~~~~~~~~~~~~~~~~~~~~~~~\n'}
[4.311725] (qt_ros_test) StderrLine: {'line': b'In file included from /usr/include/x86_64-linux-gnu/qt5/QtCore/QtCore:170,\n'}
[4.311744] (qt_ros_test) StderrLine: {'line': b'                 from /usr/include/x86_64-linux-gnu/qt5/QtGui/QtGuiDepends:3,\n'}
[4.311763] (qt_ros_test) StderrLine: {'line': b'                 from /usr/include/x86_64-linux-gnu/qt5/QtGui/QtGui:3,\n'}
[4.311782] (qt_ros_test) StderrLine: {'line': b'                 from /home/wheeltec/lab103/qt_sim_v1/src/qt_ros_test/src/main_window.cpp:12:\n'}
[4.311800] (qt_ros_test) StderrLine: {'line': b'/usr/include/x86_64-linux-gnu/qt5/QtCore/qprocess.h:265:16: note: declared here\n'}
[4.311818] (qt_ros_test) StderrLine: {'line': b'  265 |     static int execute(const QString &command);\n'}
[4.311836] (qt_ros_test) StderrLine: {'line': b'      |                ^~~~~~~\n'}
[4.322132] (-) TimerEvent: {}
[4.422693] (-) TimerEvent: {}
[4.523384] (-) TimerEvent: {}
[4.623707] (-) TimerEvent: {}
[4.725923] (-) TimerEvent: {}
[4.826237] (-) TimerEvent: {}
[4.926980] (-) TimerEvent: {}
[5.027425] (-) TimerEvent: {}
[5.127754] (-) TimerEvent: {}
[5.228298] (-) TimerEvent: {}
[5.328651] (-) TimerEvent: {}
[5.429123] (-) TimerEvent: {}
[5.529630] (-) TimerEvent: {}
[5.630528] (-) TimerEvent: {}
[5.730895] (-) TimerEvent: {}
[5.808842] (qt_ros_test) StdoutLine: {'line': b'[  7%] Linking CXX executable qt_ros_test\n'}
[5.832494] (-) TimerEvent: {}
[5.933193] (-) TimerEvent: {}
[6.034034] (-) TimerEvent: {}
[6.134513] (-) TimerEvent: {}
[6.234960] (-) TimerEvent: {}
[6.335787] (-) TimerEvent: {}
[6.436183] (-) TimerEvent: {}
[6.537012] (-) TimerEvent: {}
[6.637514] (-) TimerEvent: {}
[6.738354] (-) TimerEvent: {}
[6.838836] (-) TimerEvent: {}
[6.939302] (-) TimerEvent: {}
[7.039951] (-) TimerEvent: {}
[7.140610] (-) TimerEvent: {}
[7.241142] (-) TimerEvent: {}
[7.341520] (-) TimerEvent: {}
[7.442408] (-) TimerEvent: {}
[7.542837] (-) TimerEvent: {}
[7.644030] (-) TimerEvent: {}
[7.744319] (-) TimerEvent: {}
[7.844712] (-) TimerEvent: {}
[7.945163] (-) TimerEvent: {}
[8.045504] (-) TimerEvent: {}
[8.085212] (qt_ros_test) StdoutLine: {'line': b'[100%] Built target qt_ros_test\n'}
[8.091022] (qt_ros_test) CommandEnded: {'returncode': 0}
[8.119959] (qt_ros_test) JobProgress: {'identifier': 'qt_ros_test', 'progress': 'install'}
[8.120869] (qt_ros_test) Command: {'cmd': ['/usr/bin/cmake', '--install', '/home/wheeltec/lab103/qt_sim_v1/build/qt_ros_test'], 'cwd': '/home/wheeltec/lab103/qt_sim_v1/build/qt_ros_test', 'env': OrderedDict([('GJS_DEBUG_TOPICS', 'JS ERROR;JS LOG'), ('USER', 'wheeltec'), ('XDG_SESSION_TYPE', 'wayland'), ('LD_LIBRARY_PATH', '/opt/ros/humble/opt/rviz_ogre_vendor/lib:/opt/ros/humble/lib/x86_64-linux-gnu:/opt/ros/humble/lib'), ('SHLVL', '1'), ('HOME', '/home/wheeltec'), ('DESKTOP_SESSION', 'ubuntu'), ('QTDIR', '/home/wheeltec/Qt/6.5.3/gcc_64'), ('GIO_LAUNCHED_DESKTOP_FILE', '/home/wheeltec/.local/share/applications/org.qt-project.qtcreator.desktop'), ('GNOME_SHELL_SESSION_MODE', 'ubuntu'), ('GTK_MODULES', 'gail:atk-bridge'), ('ROS_PYTHON_VERSION', '3'), ('MANAGERPID', '997'), ('DBUS_SESSION_BUS_ADDRESS', 'unix:path'), ('SYSTEMD_EXEC_PID', '1332'), ('GIO_LAUNCHED_DESKTOP_FILE_PID', '1935'), ('COLCON_PREFIX_PATH', '/home/wheeltec/lab103/qt_sim_v1/install'), ('IM_CONFIG_PHASE', '1'), ('ROS_DISTRO', 'humble'), ('WAYLAND_DISPLAY', 'wayland-0'), ('LOGNAME', 'wheeltec'), ('JOURNAL_STREAM', '8:22322'), ('_', '/usr/bin/env'), ('ROS_VERSION', '2'), ('XDG_SESSION_CLASS', 'user'), ('USERNAME', 'wheeltec'), ('GNOME_DESKTOP_SESSION_ID', 'this-is-deprecated'), ('ROS_LOCALHOST_ONLY', '0'), ('PATH', '/opt/ros/humble/bin:/usr/local/sbin:/usr/local/bin:/usr/sbin:/usr/bin:/sbin:/bin:/usr/games:/usr/local/games:/snap/bin:/snap/bin'), ('INVOCATION_ID', '3328b75a46014fff989b327ec4496e36'), ('SESSION_MANAGER', 'local/humble:@/tmp/.ICE-unix/1304,unix/humble:/tmp/.ICE-unix/1304'), ('GNOME_SETUP_DISPLAY', ':1'), ('XDG_MENU_PREFIX', 'gnome-'), ('XDG_RUNTIME_DIR', '/run/user/1000'), ('DISPLAY', ':0'), ('LANG', 'en_US.UTF-8'), ('XDG_CURRENT_DESKTOP', 'ubuntu:GNOME'), ('XAUTHORITY', '/run/user/1000/.mutter-Xwaylandauth.JJ0Q62'), ('XDG_SESSION_DESKTOP', 'ubuntu'), ('XMODIFIERS', '@im'), ('AMENT_PREFIX_PATH', '/home/wheeltec/lab103/qt_sim_v1/install/wheeltec_robot_urdf:/home/wheeltec/lab103/qt_sim_v1/install/qt_ros_test:/opt/ros/humble'), ('SSH_AGENT_LAUNCHER', 'gnome-keyring'), ('SSH_AUTH_SOCK', '/run/user/1000/keyring/ssh'), ('SHELL', '/bin/bash'), ('GDMSESSION', 'ubuntu'), ('QT_ACCESSIBILITY', '1'), ('GJS_DEBUG_OUTPUT', 'stderr'), ('QT_IM_MODULE', 'ibus'), ('LC_ALL', 'en_US.UTF-8'), ('PWD', '/home/wheeltec/lab103/qt_sim_v1/build/qt_ros_test'), ('QT_QPA_PLATFORM', 'xcb'), ('XDG_CONFIG_DIRS', '/etc/xdg/xdg-ubuntu:/etc/xdg'), ('XDG_DATA_DIRS', '/usr/share/ubuntu:/usr/local/share/:/usr/share/:/var/lib/snapd/desktop'), ('PYTHONPATH', '/opt/ros/humble/lib/python3.10/site-packages:/opt/ros/humble/local/lib/python3.10/dist-packages'), ('COLCON', '1'), ('CMAKE_PREFIX_PATH', '/home/wheeltec/lab103/qt_sim_v1/install/wheeltec_robot_urdf:/home/wheeltec/lab103/qt_sim_v1/install/qt_ros_test:/opt/ros/humble')]), 'shell': False}
[8.124274] (qt_ros_test) StdoutLine: {'line': b'-- Install configuration: "Debug"\n'}
[8.124509] (qt_ros_test) StdoutLine: {'line': b'-- Installing: /home/wheeltec/lab103/qt_sim_v1/install/qt_ros_test/lib/qt_ros_test/qt_ros_test\n'}
[8.146076] (-) TimerEvent: {}
[8.150612] (qt_ros_test) StdoutLine: {'line': b'-- Set runtime path of "/home/wheeltec/lab103/qt_sim_v1/install/qt_ros_test/lib/qt_ros_test/qt_ros_test" to "/home/wheeltec/lab103/qt_sim_v1/src/qt_ros_test/lib"\n'}
[8.150761] (qt_ros_test) StdoutLine: {'line': b'-- Up-to-date: /home/wheeltec/lab103/qt_sim_v1/install/qt_ros_test/share/qt_ros_test/launch\n'}
[8.150823] (qt_ros_test) StdoutLine: {'line': b'-- Up-to-date: /home/wheeltec/lab103/qt_sim_v1/install/qt_ros_test/share/qt_ros_test/launch/qt_ros_test.launch.py\n'}
[8.150969] (qt_ros_test) StdoutLine: {'line': b'-- Up-to-date: /home/wheeltec/lab103/qt_sim_v1/install/qt_ros_test/share/ament_index/resource_index/package_run_dependencies/qt_ros_test\n'}
[8.151077] (qt_ros_test) StdoutLine: {'line': b'-- Up-to-date: /home/wheeltec/lab103/qt_sim_v1/install/qt_ros_test/share/ament_index/resource_index/parent_prefix_path/qt_ros_test\n'}
[8.151108] (qt_ros_test) StdoutLine: {'line': b'-- Up-to-date: /home/wheeltec/lab103/qt_sim_v1/install/qt_ros_test/share/qt_ros_test/environment/ament_prefix_path.sh\n'}
[8.151132] (qt_ros_test) StdoutLine: {'line': b'-- Up-to-date: /home/wheeltec/lab103/qt_sim_v1/install/qt_ros_test/share/qt_ros_test/environment/ament_prefix_path.dsv\n'}
[8.151161] (qt_ros_test) StdoutLine: {'line': b'-- Up-to-date: /home/wheeltec/lab103/qt_sim_v1/install/qt_ros_test/share/qt_ros_test/environment/path.sh\n'}
[8.151183] (qt_ros_test) StdoutLine: {'line': b'-- Up-to-date: /home/wheeltec/lab103/qt_sim_v1/install/qt_ros_test/share/qt_ros_test/environment/path.dsv\n'}
[8.151203] (qt_ros_test) StdoutLine: {'line': b'-- Up-to-date: /home/wheeltec/lab103/qt_sim_v1/install/qt_ros_test/share/qt_ros_test/local_setup.bash\n'}
[8.151341] (qt_ros_test) StdoutLine: {'line': b'-- Up-to-date: /home/wheeltec/lab103/qt_sim_v1/install/qt_ros_test/share/qt_ros_test/local_setup.sh\n'}
[8.151369] (qt_ros_test) StdoutLine: {'line': b'-- Up-to-date: /home/wheeltec/lab103/qt_sim_v1/install/qt_ros_test/share/qt_ros_test/local_setup.zsh\n'}
[8.151391] (qt_ros_test) StdoutLine: {'line': b'-- Up-to-date: /home/wheeltec/lab103/qt_sim_v1/install/qt_ros_test/share/qt_ros_test/local_setup.dsv\n'}
[8.151412] (qt_ros_test) StdoutLine: {'line': b'-- Installing: /home/wheeltec/lab103/qt_sim_v1/install/qt_ros_test/share/qt_ros_test/package.dsv\n'}
[8.151432] (qt_ros_test) StdoutLine: {'line': b'-- Up-to-date: /home/wheeltec/lab103/qt_sim_v1/install/qt_ros_test/share/ament_index/resource_index/packages/qt_ros_test\n'}
[8.151451] (qt_ros_test) StdoutLine: {'line': b'-- Up-to-date: /home/wheeltec/lab103/qt_sim_v1/install/qt_ros_test/share/qt_ros_test/cmake/qt_ros_testConfig.cmake\n'}
[8.151472] (qt_ros_test) StdoutLine: {'line': b'-- Up-to-date: /home/wheeltec/lab103/qt_sim_v1/install/qt_ros_test/share/qt_ros_test/cmake/qt_ros_testConfig-version.cmake\n'}
[8.151493] (qt_ros_test) StdoutLine: {'line': b'-- Up-to-date: /home/wheeltec/lab103/qt_sim_v1/install/qt_ros_test/share/qt_ros_test/package.xml\n'}
[8.152720] (qt_ros_test) CommandEnded: {'returncode': 0}
[8.188349] (qt_ros_test) JobEnded: {'identifier': 'qt_ros_test', 'rc': 0}
[8.188810] (-) EventReactorShutdown: {}
