[0.060s] DEBUG:colcon:Command line arguments: ['/usr/bin/colcon', 'build', '--event-handlers', 'status+', 'console_start_end+', '--cmake-args', '-G', 'CodeBlocks - Unix Makefiles', '-DCMAKE_BUILD_TYPE=Debug']
[0.060s] DEBUG:colcon:Parsed command line arguments: Namespace(log_base=None, log_level=None, verb_name='build', build_base='build', install_base='install', merge_install=False, symlink_install=False, test_result_base=None, continue_on_error=False, executor='parallel', parallel_workers=4, event_handlers=['status+', 'console_start_end+'], ignore_user_meta=False, metas=['./colcon.meta'], base_paths=['.'], packages_ignore=None, packages_ignore_regex=None, paths=None, packages_up_to=None, packages_up_to_regex=None, packages_above=None, packages_above_and_dependencies=None, packages_above_depth=None, packages_select_by_dep=None, packages_skip_by_dep=None, packages_skip_up_to=None, packages_select_build_failed=False, packages_skip_build_finished=False, packages_select_test_failures=False, packages_skip_test_passed=False, packages_select=None, packages_skip=None, packages_select_regex=None, packages_skip_regex=None, packages_start=None, packages_end=None, allow_overriding=[], cmake_args=['-G', 'CodeBlocks - Unix Makefiles', '-DCMAKE_BUILD_TYPE=Debug'], cmake_target=None, cmake_target_skip_unavailable=False, cmake_clean_cache=False, cmake_clean_first=False, cmake_force_configure=False, ament_cmake_args=None, catkin_cmake_args=None, catkin_skip_building_tests=False, mixin_files=None, mixin=None, verb_parser=<colcon_mixin.mixin.mixin_argument.MixinArgumentDecorator object at 0x7a3c40c6ca00>, verb_extension=<colcon_core.verb.build.BuildVerb object at 0x7a3c40c6c4c0>, main=<bound method BuildVerb.main of <colcon_core.verb.build.BuildVerb object at 0x7a3c40c6c4c0>>, mixin_verb=('build',))
[0.136s] Level 1:colcon.colcon_core.package_discovery:discover_packages(colcon_meta) check parameters
[0.136s] Level 1:colcon.colcon_core.package_discovery:discover_packages(recursive) check parameters
[0.136s] Level 1:colcon.colcon_core.package_discovery:discover_packages(ignore) check parameters
[0.136s] Level 1:colcon.colcon_core.package_discovery:discover_packages(path) check parameters
[0.136s] Level 1:colcon.colcon_core.package_discovery:discover_packages(colcon_meta) discover
[0.136s] Level 1:colcon.colcon_core.package_discovery:discover_packages(recursive) discover
[0.136s] INFO:colcon.colcon_core.package_discovery:Crawling recursively for packages in '/home/wheeltec/lab103/qt_sim_v1'
[0.136s] Level 1:colcon.colcon_core.package_identification:_identify(.) by extensions ['ignore', 'ignore_ament_install']
[0.136s] Level 1:colcon.colcon_core.package_identification:_identify(.) by extension 'ignore'
[0.136s] Level 1:colcon.colcon_core.package_identification:_identify(.) by extension 'ignore_ament_install'
[0.136s] Level 1:colcon.colcon_core.package_identification:_identify(.) by extensions ['colcon_pkg']
[0.136s] Level 1:colcon.colcon_core.package_identification:_identify(.) by extension 'colcon_pkg'
[0.136s] Level 1:colcon.colcon_core.package_identification:_identify(.) by extensions ['colcon_meta']
[0.136s] Level 1:colcon.colcon_core.package_identification:_identify(.) by extension 'colcon_meta'
[0.136s] Level 1:colcon.colcon_core.package_identification:_identify(.) by extensions ['ros']
[0.136s] Level 1:colcon.colcon_core.package_identification:_identify(.) by extension 'ros'
[0.142s] Level 1:colcon.colcon_core.package_identification:_identify(.) by extensions ['cmake', 'python']
[0.142s] Level 1:colcon.colcon_core.package_identification:_identify(.) by extension 'cmake'
[0.142s] Level 1:colcon.colcon_core.package_identification:_identify(.) by extension 'python'
[0.142s] Level 1:colcon.colcon_core.package_identification:_identify(.) by extensions ['python_setup_py']
[0.142s] Level 1:colcon.colcon_core.package_identification:_identify(.) by extension 'python_setup_py'
[0.142s] Level 1:colcon.colcon_core.package_identification:_identify(build) by extensions ['ignore', 'ignore_ament_install']
[0.142s] Level 1:colcon.colcon_core.package_identification:_identify(build) by extension 'ignore'
[0.142s] Level 1:colcon.colcon_core.package_identification:_identify(build) ignored
[0.142s] Level 1:colcon.colcon_core.package_identification:_identify(install) by extensions ['ignore', 'ignore_ament_install']
[0.142s] Level 1:colcon.colcon_core.package_identification:_identify(install) by extension 'ignore'
[0.142s] Level 1:colcon.colcon_core.package_identification:_identify(install) ignored
[0.142s] Level 1:colcon.colcon_core.package_identification:_identify(log) by extensions ['ignore', 'ignore_ament_install']
[0.142s] Level 1:colcon.colcon_core.package_identification:_identify(log) by extension 'ignore'
[0.142s] Level 1:colcon.colcon_core.package_identification:_identify(log) ignored
[0.142s] Level 1:colcon.colcon_core.package_identification:_identify(src) by extensions ['ignore', 'ignore_ament_install']
[0.142s] Level 1:colcon.colcon_core.package_identification:_identify(src) by extension 'ignore'
[0.142s] Level 1:colcon.colcon_core.package_identification:_identify(src) by extension 'ignore_ament_install'
[0.142s] Level 1:colcon.colcon_core.package_identification:_identify(src) by extensions ['colcon_pkg']
[0.142s] Level 1:colcon.colcon_core.package_identification:_identify(src) by extension 'colcon_pkg'
[0.142s] Level 1:colcon.colcon_core.package_identification:_identify(src) by extensions ['colcon_meta']
[0.142s] Level 1:colcon.colcon_core.package_identification:_identify(src) by extension 'colcon_meta'
[0.142s] Level 1:colcon.colcon_core.package_identification:_identify(src) by extensions ['ros']
[0.142s] Level 1:colcon.colcon_core.package_identification:_identify(src) by extension 'ros'
[0.142s] Level 1:colcon.colcon_core.package_identification:_identify(src) by extensions ['cmake', 'python']
[0.142s] Level 1:colcon.colcon_core.package_identification:_identify(src) by extension 'cmake'
[0.142s] Level 1:colcon.colcon_core.package_identification:_identify(src) by extension 'python'
[0.142s] Level 1:colcon.colcon_core.package_identification:_identify(src) by extensions ['python_setup_py']
[0.143s] Level 1:colcon.colcon_core.package_identification:_identify(src) by extension 'python_setup_py'
[0.143s] Level 1:colcon.colcon_core.package_identification:_identify(src/build) by extensions ['ignore', 'ignore_ament_install']
[0.143s] Level 1:colcon.colcon_core.package_identification:_identify(src/build) by extension 'ignore'
[0.143s] Level 1:colcon.colcon_core.package_identification:_identify(src/build) ignored
[0.143s] Level 1:colcon.colcon_core.package_identification:_identify(src/install) by extensions ['ignore', 'ignore_ament_install']
[0.143s] Level 1:colcon.colcon_core.package_identification:_identify(src/install) by extension 'ignore'
[0.143s] Level 1:colcon.colcon_core.package_identification:_identify(src/install) ignored
[0.143s] Level 1:colcon.colcon_core.package_identification:_identify(src/log) by extensions ['ignore', 'ignore_ament_install']
[0.143s] Level 1:colcon.colcon_core.package_identification:_identify(src/log) by extension 'ignore'
[0.143s] Level 1:colcon.colcon_core.package_identification:_identify(src/log) ignored
[0.143s] Level 1:colcon.colcon_core.package_identification:_identify(src/qt_ros_test) by extensions ['ignore', 'ignore_ament_install']
[0.143s] Level 1:colcon.colcon_core.package_identification:_identify(src/qt_ros_test) by extension 'ignore'
[0.143s] Level 1:colcon.colcon_core.package_identification:_identify(src/qt_ros_test) by extension 'ignore_ament_install'
[0.143s] Level 1:colcon.colcon_core.package_identification:_identify(src/qt_ros_test) by extensions ['colcon_pkg']
[0.143s] Level 1:colcon.colcon_core.package_identification:_identify(src/qt_ros_test) by extension 'colcon_pkg'
[0.143s] Level 1:colcon.colcon_core.package_identification:_identify(src/qt_ros_test) by extensions ['colcon_meta']
[0.143s] Level 1:colcon.colcon_core.package_identification:_identify(src/qt_ros_test) by extension 'colcon_meta'
[0.143s] Level 1:colcon.colcon_core.package_identification:_identify(src/qt_ros_test) by extensions ['ros']
[0.143s] Level 1:colcon.colcon_core.package_identification:_identify(src/qt_ros_test) by extension 'ros'
[0.144s] DEBUG:colcon.colcon_core.package_identification:Package 'src/qt_ros_test' with type 'ros.ament_cmake' and name 'qt_ros_test'
[0.144s] Level 1:colcon.colcon_core.package_identification:_identify(src/wheeltec_robot_urdf) by extensions ['ignore', 'ignore_ament_install']
[0.145s] Level 1:colcon.colcon_core.package_identification:_identify(src/wheeltec_robot_urdf) by extension 'ignore'
[0.145s] Level 1:colcon.colcon_core.package_identification:_identify(src/wheeltec_robot_urdf) by extension 'ignore_ament_install'
[0.145s] Level 1:colcon.colcon_core.package_identification:_identify(src/wheeltec_robot_urdf) by extensions ['colcon_pkg']
[0.145s] Level 1:colcon.colcon_core.package_identification:_identify(src/wheeltec_robot_urdf) by extension 'colcon_pkg'
[0.145s] Level 1:colcon.colcon_core.package_identification:_identify(src/wheeltec_robot_urdf) by extensions ['colcon_meta']
[0.145s] Level 1:colcon.colcon_core.package_identification:_identify(src/wheeltec_robot_urdf) by extension 'colcon_meta'
[0.145s] Level 1:colcon.colcon_core.package_identification:_identify(src/wheeltec_robot_urdf) by extensions ['ros']
[0.145s] Level 1:colcon.colcon_core.package_identification:_identify(src/wheeltec_robot_urdf) by extension 'ros'
[0.145s] Level 1:colcon.colcon_core.package_identification:_identify(src/wheeltec_robot_urdf) by extensions ['cmake', 'python']
[0.145s] Level 1:colcon.colcon_core.package_identification:_identify(src/wheeltec_robot_urdf) by extension 'cmake'
[0.145s] Level 1:colcon.colcon_core.package_identification:_identify(src/wheeltec_robot_urdf) by extension 'python'
[0.145s] Level 1:colcon.colcon_core.package_identification:_identify(src/wheeltec_robot_urdf) by extensions ['python_setup_py']
[0.145s] Level 1:colcon.colcon_core.package_identification:_identify(src/wheeltec_robot_urdf) by extension 'python_setup_py'
[0.145s] Level 1:colcon.colcon_core.package_identification:_identify(src/wheeltec_robot_urdf/wheeltec_robot_urdf) by extensions ['ignore', 'ignore_ament_install']
[0.145s] Level 1:colcon.colcon_core.package_identification:_identify(src/wheeltec_robot_urdf/wheeltec_robot_urdf) by extension 'ignore'
[0.145s] Level 1:colcon.colcon_core.package_identification:_identify(src/wheeltec_robot_urdf/wheeltec_robot_urdf) by extension 'ignore_ament_install'
[0.145s] Level 1:colcon.colcon_core.package_identification:_identify(src/wheeltec_robot_urdf/wheeltec_robot_urdf) by extensions ['colcon_pkg']
[0.145s] Level 1:colcon.colcon_core.package_identification:_identify(src/wheeltec_robot_urdf/wheeltec_robot_urdf) by extension 'colcon_pkg'
[0.145s] Level 1:colcon.colcon_core.package_identification:_identify(src/wheeltec_robot_urdf/wheeltec_robot_urdf) by extensions ['colcon_meta']
[0.145s] Level 1:colcon.colcon_core.package_identification:_identify(src/wheeltec_robot_urdf/wheeltec_robot_urdf) by extension 'colcon_meta'
[0.145s] Level 1:colcon.colcon_core.package_identification:_identify(src/wheeltec_robot_urdf/wheeltec_robot_urdf) by extensions ['ros']
[0.145s] Level 1:colcon.colcon_core.package_identification:_identify(src/wheeltec_robot_urdf/wheeltec_robot_urdf) by extension 'ros'
[0.145s] DEBUG:colcon.colcon_core.package_identification:Package 'src/wheeltec_robot_urdf/wheeltec_robot_urdf' with type 'ros.ament_cmake' and name 'wheeltec_robot_urdf'
[0.145s] Level 1:colcon.colcon_core.package_discovery:discover_packages(recursive) using defaults
[0.145s] Level 1:colcon.colcon_core.package_discovery:discover_packages(ignore) discover
[0.145s] Level 1:colcon.colcon_core.package_discovery:discover_packages(ignore) using defaults
[0.145s] Level 1:colcon.colcon_core.package_discovery:discover_packages(path) discover
[0.145s] Level 1:colcon.colcon_core.package_discovery:discover_packages(path) using defaults
[0.164s] Level 1:colcon.colcon_core.package_discovery:discover_packages(prefix_path) check parameters
[0.164s] Level 1:colcon.colcon_core.package_discovery:discover_packages(prefix_path) discover
[0.165s] DEBUG:colcon.colcon_installed_package_information.package_discovery:Found 2 installed packages in /home/wheeltec/lab103/qt_sim_v1/install
[0.165s] DEBUG:colcon.colcon_installed_package_information.package_discovery:Found 345 installed packages in /opt/ros/humble
[0.166s] Level 1:colcon.colcon_core.package_discovery:discover_packages(prefix_path) using defaults
[0.186s] Level 5:colcon.colcon_core.verb:set package 'qt_ros_test' build argument 'cmake_args' from command line to '['-G', 'CodeBlocks - Unix Makefiles', '-DCMAKE_BUILD_TYPE=Debug']'
[0.186s] Level 5:colcon.colcon_core.verb:set package 'qt_ros_test' build argument 'cmake_target' from command line to 'None'
[0.186s] Level 5:colcon.colcon_core.verb:set package 'qt_ros_test' build argument 'cmake_target_skip_unavailable' from command line to 'False'
[0.186s] Level 5:colcon.colcon_core.verb:set package 'qt_ros_test' build argument 'cmake_clean_cache' from command line to 'False'
[0.186s] Level 5:colcon.colcon_core.verb:set package 'qt_ros_test' build argument 'cmake_clean_first' from command line to 'False'
[0.186s] Level 5:colcon.colcon_core.verb:set package 'qt_ros_test' build argument 'cmake_force_configure' from command line to 'False'
[0.187s] Level 5:colcon.colcon_core.verb:set package 'qt_ros_test' build argument 'ament_cmake_args' from command line to 'None'
[0.187s] Level 5:colcon.colcon_core.verb:set package 'qt_ros_test' build argument 'catkin_cmake_args' from command line to 'None'
[0.187s] Level 5:colcon.colcon_core.verb:set package 'qt_ros_test' build argument 'catkin_skip_building_tests' from command line to 'False'
[0.187s] DEBUG:colcon.colcon_core.verb:Building package 'qt_ros_test' with the following arguments: {'ament_cmake_args': None, 'build_base': '/home/wheeltec/lab103/qt_sim_v1/build/qt_ros_test', 'catkin_cmake_args': None, 'catkin_skip_building_tests': False, 'cmake_args': ['-G', 'CodeBlocks - Unix Makefiles', '-DCMAKE_BUILD_TYPE=Debug'], 'cmake_clean_cache': False, 'cmake_clean_first': False, 'cmake_force_configure': False, 'cmake_target': None, 'cmake_target_skip_unavailable': False, 'install_base': '/home/wheeltec/lab103/qt_sim_v1/install/qt_ros_test', 'merge_install': False, 'path': '/home/wheeltec/lab103/qt_sim_v1/src/qt_ros_test', 'symlink_install': False, 'test_result_base': None}
[0.187s] Level 5:colcon.colcon_core.verb:set package 'wheeltec_robot_urdf' build argument 'cmake_args' from command line to '['-G', 'CodeBlocks - Unix Makefiles', '-DCMAKE_BUILD_TYPE=Debug']'
[0.187s] Level 5:colcon.colcon_core.verb:set package 'wheeltec_robot_urdf' build argument 'cmake_target' from command line to 'None'
[0.187s] Level 5:colcon.colcon_core.verb:set package 'wheeltec_robot_urdf' build argument 'cmake_target_skip_unavailable' from command line to 'False'
[0.187s] Level 5:colcon.colcon_core.verb:set package 'wheeltec_robot_urdf' build argument 'cmake_clean_cache' from command line to 'False'
[0.187s] Level 5:colcon.colcon_core.verb:set package 'wheeltec_robot_urdf' build argument 'cmake_clean_first' from command line to 'False'
[0.187s] Level 5:colcon.colcon_core.verb:set package 'wheeltec_robot_urdf' build argument 'cmake_force_configure' from command line to 'False'
[0.187s] Level 5:colcon.colcon_core.verb:set package 'wheeltec_robot_urdf' build argument 'ament_cmake_args' from command line to 'None'
[0.187s] Level 5:colcon.colcon_core.verb:set package 'wheeltec_robot_urdf' build argument 'catkin_cmake_args' from command line to 'None'
[0.187s] Level 5:colcon.colcon_core.verb:set package 'wheeltec_robot_urdf' build argument 'catkin_skip_building_tests' from command line to 'False'
[0.187s] DEBUG:colcon.colcon_core.verb:Building package 'wheeltec_robot_urdf' with the following arguments: {'ament_cmake_args': None, 'build_base': '/home/wheeltec/lab103/qt_sim_v1/build/wheeltec_robot_urdf', 'catkin_cmake_args': None, 'catkin_skip_building_tests': False, 'cmake_args': ['-G', 'CodeBlocks - Unix Makefiles', '-DCMAKE_BUILD_TYPE=Debug'], 'cmake_clean_cache': False, 'cmake_clean_first': False, 'cmake_force_configure': False, 'cmake_target': None, 'cmake_target_skip_unavailable': False, 'install_base': '/home/wheeltec/lab103/qt_sim_v1/install/wheeltec_robot_urdf', 'merge_install': False, 'path': '/home/wheeltec/lab103/qt_sim_v1/src/wheeltec_robot_urdf/wheeltec_robot_urdf', 'symlink_install': False, 'test_result_base': None}
[0.187s] INFO:colcon.colcon_core.executor:Executing jobs using 'parallel' executor
[0.189s] DEBUG:colcon.colcon_parallel_executor.executor.parallel:run_until_complete
[0.189s] INFO:colcon.colcon_ros.task.ament_cmake.build:Building ROS package in '/home/wheeltec/lab103/qt_sim_v1/src/qt_ros_test' with build type 'ament_cmake'
[0.189s] INFO:colcon.colcon_cmake.task.cmake.build:Building CMake package in '/home/wheeltec/lab103/qt_sim_v1/src/qt_ros_test'
[0.191s] INFO:colcon.colcon_core.plugin_system:Skipping extension 'colcon_core.shell.bat': Not used on non-Windows systems
[0.191s] INFO:colcon.colcon_core.shell:Skip shell extension 'powershell' for command environment: Not usable outside of PowerShell
[0.191s] DEBUG:colcon.colcon_core.shell:Skip shell extension 'dsv' for command environment
[0.194s] INFO:colcon.colcon_ros.task.ament_cmake.build:Building ROS package in '/home/wheeltec/lab103/qt_sim_v1/src/wheeltec_robot_urdf/wheeltec_robot_urdf' with build type 'ament_cmake'
[0.194s] INFO:colcon.colcon_cmake.task.cmake.build:Building CMake package in '/home/wheeltec/lab103/qt_sim_v1/src/wheeltec_robot_urdf/wheeltec_robot_urdf'
[0.195s] INFO:colcon.colcon_core.shell:Skip shell extension 'powershell' for command environment: Not usable outside of PowerShell
[0.195s] DEBUG:colcon.colcon_core.shell:Skip shell extension 'dsv' for command environment
[0.205s] DEBUG:colcon.colcon_core.event_handler.log_command:Invoking command in '/home/wheeltec/lab103/qt_sim_v1/build/qt_ros_test': CMAKE_PREFIX_PATH=${CMAKE_PREFIX_PATH}:/opt/ros/humble /usr/bin/cmake --build /home/wheeltec/lab103/qt_sim_v1/build/qt_ros_test -- -j4 -l4
[0.209s] DEBUG:colcon.colcon_core.event_handler.log_command:Invoking command in '/home/wheeltec/lab103/qt_sim_v1/build/wheeltec_robot_urdf': CMAKE_PREFIX_PATH=${CMAKE_PREFIX_PATH}:/opt/ros/humble /usr/bin/cmake --build /home/wheeltec/lab103/qt_sim_v1/build/wheeltec_robot_urdf -- -j4 -l4
[0.233s] DEBUG:colcon.colcon_core.event_handler.log_command:Invoked command in '/home/wheeltec/lab103/qt_sim_v1/build/wheeltec_robot_urdf' returned '0': CMAKE_PREFIX_PATH=${CMAKE_PREFIX_PATH}:/opt/ros/humble /usr/bin/cmake --build /home/wheeltec/lab103/qt_sim_v1/build/wheeltec_robot_urdf -- -j4 -l4
[0.292s] DEBUG:colcon.colcon_core.event_handler.log_command:Invoking command in '/home/wheeltec/lab103/qt_sim_v1/build/wheeltec_robot_urdf': CMAKE_PREFIX_PATH=${CMAKE_PREFIX_PATH}:/opt/ros/humble /usr/bin/cmake --install /home/wheeltec/lab103/qt_sim_v1/build/wheeltec_robot_urdf
[0.298s] Level 1:colcon.colcon_core.environment:create_environment_scripts_only(wheeltec_robot_urdf)
[0.298s] DEBUG:colcon.colcon_core.event_handler.log_command:Invoked command in '/home/wheeltec/lab103/qt_sim_v1/build/wheeltec_robot_urdf' returned '0': CMAKE_PREFIX_PATH=${CMAKE_PREFIX_PATH}:/opt/ros/humble /usr/bin/cmake --install /home/wheeltec/lab103/qt_sim_v1/build/wheeltec_robot_urdf
[0.299s] Level 1:colcon.colcon_core.environment:checking '/home/wheeltec/lab103/qt_sim_v1/install/wheeltec_robot_urdf' for CMake module files
[0.300s] Level 1:colcon.colcon_core.environment:checking '/home/wheeltec/lab103/qt_sim_v1/install/wheeltec_robot_urdf' for CMake config files
[0.300s] Level 1:colcon.colcon_core.shell:create_environment_hook('wheeltec_robot_urdf', 'cmake_prefix_path')
[0.300s] INFO:colcon.colcon_core.shell:Creating environment hook '/home/wheeltec/lab103/qt_sim_v1/install/wheeltec_robot_urdf/share/wheeltec_robot_urdf/hook/cmake_prefix_path.ps1'
[0.300s] INFO:colcon.colcon_core.shell:Creating environment descriptor '/home/wheeltec/lab103/qt_sim_v1/install/wheeltec_robot_urdf/share/wheeltec_robot_urdf/hook/cmake_prefix_path.dsv'
[0.302s] INFO:colcon.colcon_core.shell:Creating environment hook '/home/wheeltec/lab103/qt_sim_v1/install/wheeltec_robot_urdf/share/wheeltec_robot_urdf/hook/cmake_prefix_path.sh'
[0.303s] Level 1:colcon.colcon_core.environment:checking '/home/wheeltec/lab103/qt_sim_v1/install/wheeltec_robot_urdf/bin'
[0.303s] Level 1:colcon.colcon_core.environment:checking '/home/wheeltec/lab103/qt_sim_v1/install/wheeltec_robot_urdf/lib/pkgconfig/wheeltec_robot_urdf.pc'
[0.303s] Level 1:colcon.colcon_core.environment:checking '/home/wheeltec/lab103/qt_sim_v1/install/wheeltec_robot_urdf/lib/python3.10/site-packages'
[0.303s] Level 1:colcon.colcon_core.environment:checking '/home/wheeltec/lab103/qt_sim_v1/install/wheeltec_robot_urdf/bin'
[0.303s] INFO:colcon.colcon_core.shell:Creating package script '/home/wheeltec/lab103/qt_sim_v1/install/wheeltec_robot_urdf/share/wheeltec_robot_urdf/package.ps1'
[0.303s] INFO:colcon.colcon_core.shell:Creating package descriptor '/home/wheeltec/lab103/qt_sim_v1/install/wheeltec_robot_urdf/share/wheeltec_robot_urdf/package.dsv'
[0.304s] INFO:colcon.colcon_core.shell:Creating package script '/home/wheeltec/lab103/qt_sim_v1/install/wheeltec_robot_urdf/share/wheeltec_robot_urdf/package.sh'
[0.304s] INFO:colcon.colcon_core.shell:Creating package script '/home/wheeltec/lab103/qt_sim_v1/install/wheeltec_robot_urdf/share/wheeltec_robot_urdf/package.bash'
[0.304s] INFO:colcon.colcon_core.shell:Creating package script '/home/wheeltec/lab103/qt_sim_v1/install/wheeltec_robot_urdf/share/wheeltec_robot_urdf/package.zsh'
[0.305s] Level 1:colcon.colcon_core.environment:create_file_with_runtime_dependencies(/home/wheeltec/lab103/qt_sim_v1/install/wheeltec_robot_urdf/share/colcon-core/packages/wheeltec_robot_urdf)
[0.336s] Level 1:colcon.colcon_core.environment:create_environment_scripts_only(wheeltec_robot_urdf)
[0.336s] Level 1:colcon.colcon_core.environment:checking '/home/wheeltec/lab103/qt_sim_v1/install/wheeltec_robot_urdf' for CMake module files
[0.336s] Level 1:colcon.colcon_core.environment:checking '/home/wheeltec/lab103/qt_sim_v1/install/wheeltec_robot_urdf' for CMake config files
[0.336s] Level 1:colcon.colcon_core.shell:create_environment_hook('wheeltec_robot_urdf', 'cmake_prefix_path')
[0.336s] INFO:colcon.colcon_core.shell:Creating environment hook '/home/wheeltec/lab103/qt_sim_v1/install/wheeltec_robot_urdf/share/wheeltec_robot_urdf/hook/cmake_prefix_path.ps1'
[0.337s] INFO:colcon.colcon_core.shell:Creating environment descriptor '/home/wheeltec/lab103/qt_sim_v1/install/wheeltec_robot_urdf/share/wheeltec_robot_urdf/hook/cmake_prefix_path.dsv'
[0.338s] INFO:colcon.colcon_core.shell:Creating environment hook '/home/wheeltec/lab103/qt_sim_v1/install/wheeltec_robot_urdf/share/wheeltec_robot_urdf/hook/cmake_prefix_path.sh'
[0.338s] Level 1:colcon.colcon_core.environment:checking '/home/wheeltec/lab103/qt_sim_v1/install/wheeltec_robot_urdf/bin'
[0.338s] Level 1:colcon.colcon_core.environment:checking '/home/wheeltec/lab103/qt_sim_v1/install/wheeltec_robot_urdf/lib/pkgconfig/wheeltec_robot_urdf.pc'
[0.338s] Level 1:colcon.colcon_core.environment:checking '/home/wheeltec/lab103/qt_sim_v1/install/wheeltec_robot_urdf/lib/python3.10/site-packages'
[0.339s] Level 1:colcon.colcon_core.environment:checking '/home/wheeltec/lab103/qt_sim_v1/install/wheeltec_robot_urdf/bin'
[0.339s] INFO:colcon.colcon_core.shell:Creating package script '/home/wheeltec/lab103/qt_sim_v1/install/wheeltec_robot_urdf/share/wheeltec_robot_urdf/package.ps1'
[0.339s] INFO:colcon.colcon_core.shell:Creating package descriptor '/home/wheeltec/lab103/qt_sim_v1/install/wheeltec_robot_urdf/share/wheeltec_robot_urdf/package.dsv'
[0.342s] INFO:colcon.colcon_core.shell:Creating package script '/home/wheeltec/lab103/qt_sim_v1/install/wheeltec_robot_urdf/share/wheeltec_robot_urdf/package.sh'
[0.342s] INFO:colcon.colcon_core.shell:Creating package script '/home/wheeltec/lab103/qt_sim_v1/install/wheeltec_robot_urdf/share/wheeltec_robot_urdf/package.bash'
[0.342s] INFO:colcon.colcon_core.shell:Creating package script '/home/wheeltec/lab103/qt_sim_v1/install/wheeltec_robot_urdf/share/wheeltec_robot_urdf/package.zsh'
[0.342s] Level 1:colcon.colcon_core.environment:create_file_with_runtime_dependencies(/home/wheeltec/lab103/qt_sim_v1/install/wheeltec_robot_urdf/share/colcon-core/packages/wheeltec_robot_urdf)
[7.949s] DEBUG:colcon.colcon_core.event_handler.log_command:Invoked command in '/home/wheeltec/lab103/qt_sim_v1/build/qt_ros_test' returned '0': CMAKE_PREFIX_PATH=${CMAKE_PREFIX_PATH}:/opt/ros/humble /usr/bin/cmake --build /home/wheeltec/lab103/qt_sim_v1/build/qt_ros_test -- -j4 -l4
[7.978s] DEBUG:colcon.colcon_core.event_handler.log_command:Invoking command in '/home/wheeltec/lab103/qt_sim_v1/build/qt_ros_test': CMAKE_PREFIX_PATH=${CMAKE_PREFIX_PATH}:/opt/ros/humble /usr/bin/cmake --install /home/wheeltec/lab103/qt_sim_v1/build/qt_ros_test
[8.009s] Level 1:colcon.colcon_core.environment:create_environment_scripts_only(qt_ros_test)
[8.009s] Level 1:colcon.colcon_core.environment:checking '/home/wheeltec/lab103/qt_sim_v1/install/qt_ros_test' for CMake module files
[8.009s] DEBUG:colcon.colcon_core.event_handler.log_command:Invoked command in '/home/wheeltec/lab103/qt_sim_v1/build/qt_ros_test' returned '0': CMAKE_PREFIX_PATH=${CMAKE_PREFIX_PATH}:/opt/ros/humble /usr/bin/cmake --install /home/wheeltec/lab103/qt_sim_v1/build/qt_ros_test
[8.009s] Level 1:colcon.colcon_core.environment:checking '/home/wheeltec/lab103/qt_sim_v1/install/qt_ros_test' for CMake config files
[8.009s] Level 1:colcon.colcon_core.shell:create_environment_hook('qt_ros_test', 'cmake_prefix_path')
[8.010s] INFO:colcon.colcon_core.shell:Creating environment hook '/home/wheeltec/lab103/qt_sim_v1/install/qt_ros_test/share/qt_ros_test/hook/cmake_prefix_path.ps1'
[8.010s] INFO:colcon.colcon_core.shell:Creating environment descriptor '/home/wheeltec/lab103/qt_sim_v1/install/qt_ros_test/share/qt_ros_test/hook/cmake_prefix_path.dsv'
[8.010s] INFO:colcon.colcon_core.shell:Creating environment hook '/home/wheeltec/lab103/qt_sim_v1/install/qt_ros_test/share/qt_ros_test/hook/cmake_prefix_path.sh'
[8.010s] Level 1:colcon.colcon_core.environment:checking '/home/wheeltec/lab103/qt_sim_v1/install/qt_ros_test/lib'
[8.010s] Level 1:colcon.colcon_core.environment:checking '/home/wheeltec/lab103/qt_sim_v1/install/qt_ros_test/bin'
[8.011s] Level 1:colcon.colcon_core.environment:checking '/home/wheeltec/lab103/qt_sim_v1/install/qt_ros_test/lib/pkgconfig/qt_ros_test.pc'
[8.011s] Level 1:colcon.colcon_core.environment:checking '/home/wheeltec/lab103/qt_sim_v1/install/qt_ros_test/lib/python3.10/site-packages'
[8.011s] Level 1:colcon.colcon_core.environment:checking '/home/wheeltec/lab103/qt_sim_v1/install/qt_ros_test/bin'
[8.011s] INFO:colcon.colcon_core.shell:Creating package script '/home/wheeltec/lab103/qt_sim_v1/install/qt_ros_test/share/qt_ros_test/package.ps1'
[8.011s] INFO:colcon.colcon_core.shell:Creating package descriptor '/home/wheeltec/lab103/qt_sim_v1/install/qt_ros_test/share/qt_ros_test/package.dsv'
[8.011s] INFO:colcon.colcon_core.shell:Creating package script '/home/wheeltec/lab103/qt_sim_v1/install/qt_ros_test/share/qt_ros_test/package.sh'
[8.012s] INFO:colcon.colcon_core.shell:Creating package script '/home/wheeltec/lab103/qt_sim_v1/install/qt_ros_test/share/qt_ros_test/package.bash'
[8.012s] INFO:colcon.colcon_core.shell:Creating package script '/home/wheeltec/lab103/qt_sim_v1/install/qt_ros_test/share/qt_ros_test/package.zsh'
[8.012s] Level 1:colcon.colcon_core.environment:create_file_with_runtime_dependencies(/home/wheeltec/lab103/qt_sim_v1/install/qt_ros_test/share/colcon-core/packages/qt_ros_test)
[8.044s] Level 1:colcon.colcon_core.environment:create_environment_scripts_only(qt_ros_test)
[8.044s] Level 1:colcon.colcon_core.environment:checking '/home/wheeltec/lab103/qt_sim_v1/install/qt_ros_test' for CMake module files
[8.044s] Level 1:colcon.colcon_core.environment:checking '/home/wheeltec/lab103/qt_sim_v1/install/qt_ros_test' for CMake config files
[8.044s] Level 1:colcon.colcon_core.shell:create_environment_hook('qt_ros_test', 'cmake_prefix_path')
[8.044s] INFO:colcon.colcon_core.shell:Creating environment hook '/home/wheeltec/lab103/qt_sim_v1/install/qt_ros_test/share/qt_ros_test/hook/cmake_prefix_path.ps1'
[8.045s] INFO:colcon.colcon_core.shell:Creating environment descriptor '/home/wheeltec/lab103/qt_sim_v1/install/qt_ros_test/share/qt_ros_test/hook/cmake_prefix_path.dsv'
[8.045s] INFO:colcon.colcon_core.shell:Creating environment hook '/home/wheeltec/lab103/qt_sim_v1/install/qt_ros_test/share/qt_ros_test/hook/cmake_prefix_path.sh'
[8.045s] Level 1:colcon.colcon_core.environment:checking '/home/wheeltec/lab103/qt_sim_v1/install/qt_ros_test/lib'
[8.045s] Level 1:colcon.colcon_core.environment:checking '/home/wheeltec/lab103/qt_sim_v1/install/qt_ros_test/bin'
[8.045s] Level 1:colcon.colcon_core.environment:checking '/home/wheeltec/lab103/qt_sim_v1/install/qt_ros_test/lib/pkgconfig/qt_ros_test.pc'
[8.045s] Level 1:colcon.colcon_core.environment:checking '/home/wheeltec/lab103/qt_sim_v1/install/qt_ros_test/lib/python3.10/site-packages'
[8.045s] Level 1:colcon.colcon_core.environment:checking '/home/wheeltec/lab103/qt_sim_v1/install/qt_ros_test/bin'
[8.046s] INFO:colcon.colcon_core.shell:Creating package script '/home/wheeltec/lab103/qt_sim_v1/install/qt_ros_test/share/qt_ros_test/package.ps1'
[8.046s] INFO:colcon.colcon_core.shell:Creating package descriptor '/home/wheeltec/lab103/qt_sim_v1/install/qt_ros_test/share/qt_ros_test/package.dsv'
[8.046s] INFO:colcon.colcon_core.shell:Creating package script '/home/wheeltec/lab103/qt_sim_v1/install/qt_ros_test/share/qt_ros_test/package.sh'
[8.046s] INFO:colcon.colcon_core.shell:Creating package script '/home/wheeltec/lab103/qt_sim_v1/install/qt_ros_test/share/qt_ros_test/package.bash'
[8.047s] INFO:colcon.colcon_core.shell:Creating package script '/home/wheeltec/lab103/qt_sim_v1/install/qt_ros_test/share/qt_ros_test/package.zsh'
[8.047s] Level 1:colcon.colcon_core.environment:create_file_with_runtime_dependencies(/home/wheeltec/lab103/qt_sim_v1/install/qt_ros_test/share/colcon-core/packages/qt_ros_test)
[8.047s] DEBUG:colcon.colcon_parallel_executor.executor.parallel:closing loop
[8.047s] DEBUG:colcon.colcon_parallel_executor.executor.parallel:loop closed
[8.047s] DEBUG:colcon.colcon_parallel_executor.executor.parallel:run_until_complete finished with '0'
[8.047s] DEBUG:colcon.colcon_core.event_reactor:joining thread
[8.050s] INFO:colcon.colcon_core.plugin_system:Skipping extension 'colcon_notification.desktop_notification.terminal_notifier': Not used on non-Darwin systems
[8.050s] INFO:colcon.colcon_core.plugin_system:Skipping extension 'colcon_notification.desktop_notification.win32': Not used on non-Windows systems
[8.050s] INFO:colcon.colcon_notification.desktop_notification:Sending desktop notification using 'notify2'
[8.050s] DEBUG:colcon.colcon_notification.desktop_notification.notify2:Failed to initialize notify2: org.freedesktop.DBus.Error.BadAddress: '=' character not found or has no value following it
[8.050s] DEBUG:colcon.colcon_core.event_reactor:joined thread
[8.051s] INFO:colcon.colcon_core.shell:Creating prefix script '/home/wheeltec/lab103/qt_sim_v1/install/local_setup.ps1'
[8.051s] INFO:colcon.colcon_core.shell:Creating prefix util module '/home/wheeltec/lab103/qt_sim_v1/install/_local_setup_util_ps1.py'
[8.052s] INFO:colcon.colcon_core.shell:Creating prefix chain script '/home/wheeltec/lab103/qt_sim_v1/install/setup.ps1'
[8.052s] INFO:colcon.colcon_core.shell:Creating prefix script '/home/wheeltec/lab103/qt_sim_v1/install/local_setup.sh'
[8.053s] INFO:colcon.colcon_core.shell:Creating prefix util module '/home/wheeltec/lab103/qt_sim_v1/install/_local_setup_util_sh.py'
[8.053s] INFO:colcon.colcon_core.shell:Creating prefix chain script '/home/wheeltec/lab103/qt_sim_v1/install/setup.sh'
[8.053s] INFO:colcon.colcon_core.shell:Creating prefix script '/home/wheeltec/lab103/qt_sim_v1/install/local_setup.bash'
[8.054s] INFO:colcon.colcon_core.shell:Creating prefix chain script '/home/wheeltec/lab103/qt_sim_v1/install/setup.bash'
[8.054s] INFO:colcon.colcon_core.shell:Creating prefix script '/home/wheeltec/lab103/qt_sim_v1/install/local_setup.zsh'
[8.054s] INFO:colcon.colcon_core.shell:Creating prefix chain script '/home/wheeltec/lab103/qt_sim_v1/install/setup.zsh'
