[0.000000] (-) TimerEvent: {}
[0.000181] (qt_ros_test) JobQueued: {'identifier': 'qt_ros_test', 'dependencies': OrderedDict()}
[0.000207] (wheeltec_robot_urdf) JobQueued: {'identifier': 'wheeltec_robot_urdf', 'dependencies': OrderedDict()}
[0.000216] (qt_ros_test) JobStarted: {'identifier': 'qt_ros_test'}
[0.003425] (wheeltec_robot_urdf) JobStarted: {'identifier': 'wheeltec_robot_urdf'}
[0.005965] (qt_ros_test) JobProgress: {'identifier': 'qt_ros_test', 'progress': 'cmake'}
[0.007157] (qt_ros_test) JobProgress: {'identifier': 'qt_ros_test', 'progress': 'build'}
[0.007183] (qt_ros_test) Command: {'cmd': ['/usr/bin/cmake', '--build', '/home/wheeltec/lab103/qt_sim_v1/build/qt_ros_test', '--', '-j4', '-l4'], 'cwd': '/home/wheeltec/lab103/qt_sim_v1/build/qt_ros_test', 'env': OrderedDict([('GJS_DEBUG_TOPICS', 'JS ERROR;JS LOG'), ('USER', 'wheeltec'), ('XDG_SESSION_TYPE', 'wayland'), ('LD_LIBRARY_PATH', '/opt/ros/humble/opt/rviz_ogre_vendor/lib:/opt/ros/humble/lib/x86_64-linux-gnu:/opt/ros/humble/lib'), ('SHLVL', '1'), ('HOME', '/home/wheeltec'), ('DESKTOP_SESSION', 'ubuntu'), ('QTDIR', '/home/wheeltec/Qt/6.5.3/gcc_64'), ('GIO_LAUNCHED_DESKTOP_FILE', '/home/wheeltec/.local/share/applications/org.qt-project.qtcreator.desktop'), ('GNOME_SHELL_SESSION_MODE', 'ubuntu'), ('GTK_MODULES', 'gail:atk-bridge'), ('ROS_PYTHON_VERSION', '3'), ('MANAGERPID', '997'), ('DBUS_SESSION_BUS_ADDRESS', 'unix:path'), ('SYSTEMD_EXEC_PID', '1332'), ('GIO_LAUNCHED_DESKTOP_FILE_PID', '1935'), ('COLCON_PREFIX_PATH', '/home/wheeltec/lab103/qt_sim_v1/install'), ('IM_CONFIG_PHASE', '1'), ('ROS_DISTRO', 'humble'), ('WAYLAND_DISPLAY', 'wayland-0'), ('LOGNAME', 'wheeltec'), ('JOURNAL_STREAM', '8:22322'), ('_', '/usr/bin/env'), ('ROS_VERSION', '2'), ('XDG_SESSION_CLASS', 'user'), ('USERNAME', 'wheeltec'), ('GNOME_DESKTOP_SESSION_ID', 'this-is-deprecated'), ('ROS_LOCALHOST_ONLY', '0'), ('PATH', '/opt/ros/humble/bin:/usr/local/sbin:/usr/local/bin:/usr/sbin:/usr/bin:/sbin:/bin:/usr/games:/usr/local/games:/snap/bin:/snap/bin'), ('INVOCATION_ID', '3328b75a46014fff989b327ec4496e36'), ('SESSION_MANAGER', 'local/humble:@/tmp/.ICE-unix/1304,unix/humble:/tmp/.ICE-unix/1304'), ('GNOME_SETUP_DISPLAY', ':1'), ('XDG_MENU_PREFIX', 'gnome-'), ('XDG_RUNTIME_DIR', '/run/user/1000'), ('DISPLAY', ':0'), ('LANG', 'en_US.UTF-8'), ('XDG_CURRENT_DESKTOP', 'ubuntu:GNOME'), ('XAUTHORITY', '/run/user/1000/.mutter-Xwaylandauth.JJ0Q62'), ('XDG_SESSION_DESKTOP', 'ubuntu'), ('XMODIFIERS', '@im'), ('AMENT_PREFIX_PATH', '/home/wheeltec/lab103/qt_sim_v1/install/wheeltec_robot_urdf:/home/wheeltec/lab103/qt_sim_v1/install/qt_ros_test:/opt/ros/humble'), ('SSH_AGENT_LAUNCHER', 'gnome-keyring'), ('SSH_AUTH_SOCK', '/run/user/1000/keyring/ssh'), ('SHELL', '/bin/bash'), ('GDMSESSION', 'ubuntu'), ('QT_ACCESSIBILITY', '1'), ('GJS_DEBUG_OUTPUT', 'stderr'), ('QT_IM_MODULE', 'ibus'), ('LC_ALL', 'en_US.UTF-8'), ('PWD', '/home/wheeltec/lab103/qt_sim_v1/build/qt_ros_test'), ('QT_QPA_PLATFORM', 'xcb'), ('XDG_CONFIG_DIRS', '/etc/xdg/xdg-ubuntu:/etc/xdg'), ('XDG_DATA_DIRS', '/usr/share/ubuntu:/usr/local/share/:/usr/share/:/var/lib/snapd/desktop'), ('PYTHONPATH', '/opt/ros/humble/lib/python3.10/site-packages:/opt/ros/humble/local/lib/python3.10/dist-packages'), ('COLCON', '1'), ('CMAKE_PREFIX_PATH', '/home/wheeltec/lab103/qt_sim_v1/install/wheeltec_robot_urdf:/home/wheeltec/lab103/qt_sim_v1/install/qt_ros_test:/opt/ros/humble')]), 'shell': False}
[0.008330] (wheeltec_robot_urdf) JobProgress: {'identifier': 'wheeltec_robot_urdf', 'progress': 'cmake'}
[0.008751] (wheeltec_robot_urdf) JobProgress: {'identifier': 'wheeltec_robot_urdf', 'progress': 'build'}
[0.008766] (wheeltec_robot_urdf) Command: {'cmd': ['/usr/bin/cmake', '--build', '/home/wheeltec/lab103/qt_sim_v1/build/wheeltec_robot_urdf', '--', '-j4', '-l4'], 'cwd': '/home/wheeltec/lab103/qt_sim_v1/build/wheeltec_robot_urdf', 'env': OrderedDict([('GJS_DEBUG_TOPICS', 'JS ERROR;JS LOG'), ('USER', 'wheeltec'), ('XDG_SESSION_TYPE', 'wayland'), ('LD_LIBRARY_PATH', '/opt/ros/humble/opt/rviz_ogre_vendor/lib:/opt/ros/humble/lib/x86_64-linux-gnu:/opt/ros/humble/lib'), ('SHLVL', '1'), ('HOME', '/home/wheeltec'), ('DESKTOP_SESSION', 'ubuntu'), ('QTDIR', '/home/wheeltec/Qt/6.5.3/gcc_64'), ('GIO_LAUNCHED_DESKTOP_FILE', '/home/wheeltec/.local/share/applications/org.qt-project.qtcreator.desktop'), ('GNOME_SHELL_SESSION_MODE', 'ubuntu'), ('GTK_MODULES', 'gail:atk-bridge'), ('ROS_PYTHON_VERSION', '3'), ('MANAGERPID', '997'), ('DBUS_SESSION_BUS_ADDRESS', 'unix:path'), ('SYSTEMD_EXEC_PID', '1332'), ('GIO_LAUNCHED_DESKTOP_FILE_PID', '1935'), ('COLCON_PREFIX_PATH', '/home/wheeltec/lab103/qt_sim_v1/install'), ('IM_CONFIG_PHASE', '1'), ('ROS_DISTRO', 'humble'), ('WAYLAND_DISPLAY', 'wayland-0'), ('LOGNAME', 'wheeltec'), ('JOURNAL_STREAM', '8:22322'), ('_', '/usr/bin/env'), ('ROS_VERSION', '2'), ('XDG_SESSION_CLASS', 'user'), ('USERNAME', 'wheeltec'), ('GNOME_DESKTOP_SESSION_ID', 'this-is-deprecated'), ('ROS_LOCALHOST_ONLY', '0'), ('PATH', '/opt/ros/humble/bin:/usr/local/sbin:/usr/local/bin:/usr/sbin:/usr/bin:/sbin:/bin:/usr/games:/usr/local/games:/snap/bin:/snap/bin'), ('INVOCATION_ID', '3328b75a46014fff989b327ec4496e36'), ('SESSION_MANAGER', 'local/humble:@/tmp/.ICE-unix/1304,unix/humble:/tmp/.ICE-unix/1304'), ('GNOME_SETUP_DISPLAY', ':1'), ('XDG_MENU_PREFIX', 'gnome-'), ('XDG_RUNTIME_DIR', '/run/user/1000'), ('DISPLAY', ':0'), ('LANG', 'en_US.UTF-8'), ('XDG_CURRENT_DESKTOP', 'ubuntu:GNOME'), ('XAUTHORITY', '/run/user/1000/.mutter-Xwaylandauth.JJ0Q62'), ('XDG_SESSION_DESKTOP', 'ubuntu'), ('XMODIFIERS', '@im'), ('AMENT_PREFIX_PATH', '/home/wheeltec/lab103/qt_sim_v1/install/wheeltec_robot_urdf:/home/wheeltec/lab103/qt_sim_v1/install/qt_ros_test:/opt/ros/humble'), ('SSH_AGENT_LAUNCHER', 'gnome-keyring'), ('SSH_AUTH_SOCK', '/run/user/1000/keyring/ssh'), ('SHELL', '/bin/bash'), ('GDMSESSION', 'ubuntu'), ('QT_ACCESSIBILITY', '1'), ('GJS_DEBUG_OUTPUT', 'stderr'), ('QT_IM_MODULE', 'ibus'), ('LC_ALL', 'en_US.UTF-8'), ('PWD', '/home/wheeltec/lab103/qt_sim_v1/build/wheeltec_robot_urdf'), ('QT_QPA_PLATFORM', 'xcb'), ('XDG_CONFIG_DIRS', '/etc/xdg/xdg-ubuntu:/etc/xdg'), ('XDG_DATA_DIRS', '/usr/share/ubuntu:/usr/local/share/:/usr/share/:/var/lib/snapd/desktop'), ('PYTHONPATH', '/opt/ros/humble/lib/python3.10/site-packages:/opt/ros/humble/local/lib/python3.10/dist-packages'), ('COLCON', '1'), ('CMAKE_PREFIX_PATH', '/home/wheeltec/lab103/qt_sim_v1/install/wheeltec_robot_urdf:/home/wheeltec/lab103/qt_sim_v1/install/qt_ros_test:/opt/ros/humble')]), 'shell': False}
[0.026555] (wheeltec_robot_urdf) CommandEnded: {'returncode': 0}
[0.032631] (qt_ros_test) StdoutLine: {'line': b'[  3%] Generating ui_main_window.h\n'}
[0.036279] (wheeltec_robot_urdf) JobProgress: {'identifier': 'wheeltec_robot_urdf', 'progress': 'install'}
[0.040270] (wheeltec_robot_urdf) Command: {'cmd': ['/usr/bin/cmake', '--install', '/home/wheeltec/lab103/qt_sim_v1/build/wheeltec_robot_urdf'], 'cwd': '/home/wheeltec/lab103/qt_sim_v1/build/wheeltec_robot_urdf', 'env': OrderedDict([('GJS_DEBUG_TOPICS', 'JS ERROR;JS LOG'), ('USER', 'wheeltec'), ('XDG_SESSION_TYPE', 'wayland'), ('LD_LIBRARY_PATH', '/opt/ros/humble/opt/rviz_ogre_vendor/lib:/opt/ros/humble/lib/x86_64-linux-gnu:/opt/ros/humble/lib'), ('SHLVL', '1'), ('HOME', '/home/wheeltec'), ('DESKTOP_SESSION', 'ubuntu'), ('QTDIR', '/home/wheeltec/Qt/6.5.3/gcc_64'), ('GIO_LAUNCHED_DESKTOP_FILE', '/home/wheeltec/.local/share/applications/org.qt-project.qtcreator.desktop'), ('GNOME_SHELL_SESSION_MODE', 'ubuntu'), ('GTK_MODULES', 'gail:atk-bridge'), ('ROS_PYTHON_VERSION', '3'), ('MANAGERPID', '997'), ('DBUS_SESSION_BUS_ADDRESS', 'unix:path'), ('SYSTEMD_EXEC_PID', '1332'), ('GIO_LAUNCHED_DESKTOP_FILE_PID', '1935'), ('COLCON_PREFIX_PATH', '/home/wheeltec/lab103/qt_sim_v1/install'), ('IM_CONFIG_PHASE', '1'), ('ROS_DISTRO', 'humble'), ('WAYLAND_DISPLAY', 'wayland-0'), ('LOGNAME', 'wheeltec'), ('JOURNAL_STREAM', '8:22322'), ('_', '/usr/bin/env'), ('ROS_VERSION', '2'), ('XDG_SESSION_CLASS', 'user'), ('USERNAME', 'wheeltec'), ('GNOME_DESKTOP_SESSION_ID', 'this-is-deprecated'), ('ROS_LOCALHOST_ONLY', '0'), ('PATH', '/opt/ros/humble/bin:/usr/local/sbin:/usr/local/bin:/usr/sbin:/usr/bin:/sbin:/bin:/usr/games:/usr/local/games:/snap/bin:/snap/bin'), ('INVOCATION_ID', '3328b75a46014fff989b327ec4496e36'), ('SESSION_MANAGER', 'local/humble:@/tmp/.ICE-unix/1304,unix/humble:/tmp/.ICE-unix/1304'), ('GNOME_SETUP_DISPLAY', ':1'), ('XDG_MENU_PREFIX', 'gnome-'), ('XDG_RUNTIME_DIR', '/run/user/1000'), ('DISPLAY', ':0'), ('LANG', 'en_US.UTF-8'), ('XDG_CURRENT_DESKTOP', 'ubuntu:GNOME'), ('XAUTHORITY', '/run/user/1000/.mutter-Xwaylandauth.JJ0Q62'), ('XDG_SESSION_DESKTOP', 'ubuntu'), ('XMODIFIERS', '@im'), ('AMENT_PREFIX_PATH', '/home/wheeltec/lab103/qt_sim_v1/install/wheeltec_robot_urdf:/home/wheeltec/lab103/qt_sim_v1/install/qt_ros_test:/opt/ros/humble'), ('SSH_AGENT_LAUNCHER', 'gnome-keyring'), ('SSH_AUTH_SOCK', '/run/user/1000/keyring/ssh'), ('SHELL', '/bin/bash'), ('GDMSESSION', 'ubuntu'), ('QT_ACCESSIBILITY', '1'), ('GJS_DEBUG_OUTPUT', 'stderr'), ('QT_IM_MODULE', 'ibus'), ('LC_ALL', 'en_US.UTF-8'), ('PWD', '/home/wheeltec/lab103/qt_sim_v1/build/wheeltec_robot_urdf'), ('QT_QPA_PLATFORM', 'xcb'), ('XDG_CONFIG_DIRS', '/etc/xdg/xdg-ubuntu:/etc/xdg'), ('XDG_DATA_DIRS', '/usr/share/ubuntu:/usr/local/share/:/usr/share/:/var/lib/snapd/desktop'), ('PYTHONPATH', '/opt/ros/humble/lib/python3.10/site-packages:/opt/ros/humble/local/lib/python3.10/dist-packages'), ('COLCON', '1'), ('CMAKE_PREFIX_PATH', '/home/wheeltec/lab103/qt_sim_v1/install/wheeltec_robot_urdf:/home/wheeltec/lab103/qt_sim_v1/install/qt_ros_test:/opt/ros/humble')]), 'shell': False}
[0.043595] (wheeltec_robot_urdf) StdoutLine: {'line': b'-- Install configuration: "Debug"\n'}
[0.043853] (wheeltec_robot_urdf) StdoutLine: {'line': b'-- Up-to-date: /home/wheeltec/lab103/qt_sim_v1/install/wheeltec_robot_urdf/share/wheeltec_robot_urdf/meshes\n'}
[0.043878] (wheeltec_robot_urdf) StdoutLine: {'line': b'-- Up-to-date: /home/wheeltec/lab103/qt_sim_v1/install/wheeltec_robot_urdf/share/wheeltec_robot_urdf/meshes/bases\n'}
[0.043900] (wheeltec_robot_urdf) StdoutLine: {'line': b'-- Up-to-date: /home/wheeltec/lab103/qt_sim_v1/install/wheeltec_robot_urdf/share/wheeltec_robot_urdf/meshes/bases/waffle_pi_base.stl\n'}
[0.043920] (wheeltec_robot_urdf) StdoutLine: {'line': b'-- Up-to-date: /home/wheeltec/lab103/qt_sim_v1/install/wheeltec_robot_urdf/share/wheeltec_robot_urdf/meshes/bases/waffle_base.stl\n'}
[0.043940] (wheeltec_robot_urdf) StdoutLine: {'line': b'-- Up-to-date: /home/wheeltec/lab103/qt_sim_v1/install/wheeltec_robot_urdf/share/wheeltec_robot_urdf/meshes/bases/burger_base.stl\n'}
[0.043960] (wheeltec_robot_urdf) StdoutLine: {'line': b'-- Up-to-date: /home/wheeltec/lab103/qt_sim_v1/install/wheeltec_robot_urdf/share/wheeltec_robot_urdf/meshes/wheels\n'}
[0.043979] (wheeltec_robot_urdf) StdoutLine: {'line': b'-- Up-to-date: /home/wheeltec/lab103/qt_sim_v1/install/wheeltec_robot_urdf/share/wheeltec_robot_urdf/meshes/wheels/left_tire.stl\n'}
[0.043999] (wheeltec_robot_urdf) StdoutLine: {'line': b'-- Up-to-date: /home/wheeltec/lab103/qt_sim_v1/install/wheeltec_robot_urdf/share/wheeltec_robot_urdf/meshes/wheels/right_tire.stl\n'}
[0.044017] (wheeltec_robot_urdf) StdoutLine: {'line': b'-- Up-to-date: /home/wheeltec/lab103/qt_sim_v1/install/wheeltec_robot_urdf/share/wheeltec_robot_urdf/meshes/sensors\n'}
[0.044036] (wheeltec_robot_urdf) StdoutLine: {'line': b'-- Up-to-date: /home/wheeltec/lab103/qt_sim_v1/install/wheeltec_robot_urdf/share/wheeltec_robot_urdf/meshes/sensors/astra.jpg\n'}
[0.044055] (wheeltec_robot_urdf) StdoutLine: {'line': b'-- Up-to-date: /home/wheeltec/lab103/qt_sim_v1/install/wheeltec_robot_urdf/share/wheeltec_robot_urdf/meshes/sensors/astra.dae\n'}
[0.044074] (wheeltec_robot_urdf) StdoutLine: {'line': b'-- Up-to-date: /home/wheeltec/lab103/qt_sim_v1/install/wheeltec_robot_urdf/share/wheeltec_robot_urdf/meshes/sensors/lds.stl\n'}
[0.044093] (wheeltec_robot_urdf) StdoutLine: {'line': b'-- Up-to-date: /home/wheeltec/lab103/qt_sim_v1/install/wheeltec_robot_urdf/share/wheeltec_robot_urdf/meshes/sensors/r200.dae\n'}
[0.044112] (wheeltec_robot_urdf) StdoutLine: {'line': b'-- Up-to-date: /home/wheeltec/lab103/qt_sim_v1/install/wheeltec_robot_urdf/share/wheeltec_robot_urdf/meshes/sensors/r200.jpg\n'}
[0.044131] (wheeltec_robot_urdf) StdoutLine: {'line': b'-- Up-to-date: /home/wheeltec/lab103/qt_sim_v1/install/wheeltec_robot_urdf/share/wheeltec_robot_urdf/meshes/mini_mec_robot_meshes\n'}
[0.044178] (wheeltec_robot_urdf) StdoutLine: {'line': b'-- Up-to-date: /home/wheeltec/lab103/qt_sim_v1/install/wheeltec_robot_urdf/share/wheeltec_robot_urdf/meshes/mini_mec_robot_meshes/lf_wheel_link.STL\n'}
[0.044202] (wheeltec_robot_urdf) StdoutLine: {'line': b'-- Up-to-date: /home/wheeltec/lab103/qt_sim_v1/install/wheeltec_robot_urdf/share/wheeltec_robot_urdf/meshes/mini_mec_robot_meshes/camera_link.STL\n'}
[0.044222] (wheeltec_robot_urdf) StdoutLine: {'line': b'-- Up-to-date: /home/wheeltec/lab103/qt_sim_v1/install/wheeltec_robot_urdf/share/wheeltec_robot_urdf/meshes/mini_mec_robot_meshes/base_link.STL\n'}
[0.044242] (wheeltec_robot_urdf) StdoutLine: {'line': b'-- Up-to-date: /home/wheeltec/lab103/qt_sim_v1/install/wheeltec_robot_urdf/share/wheeltec_robot_urdf/meshes/mini_mec_robot_meshes/rf_wheel_link.STL\n'}
[0.044261] (wheeltec_robot_urdf) StdoutLine: {'line': b'-- Up-to-date: /home/wheeltec/lab103/qt_sim_v1/install/wheeltec_robot_urdf/share/wheeltec_robot_urdf/meshes/mini_mec_robot_meshes/lb_wheel_link.STL\n'}
[0.044280] (wheeltec_robot_urdf) StdoutLine: {'line': b'-- Up-to-date: /home/wheeltec/lab103/qt_sim_v1/install/wheeltec_robot_urdf/share/wheeltec_robot_urdf/meshes/mini_mec_robot_meshes/controller_link.STL\n'}
[0.044299] (wheeltec_robot_urdf) StdoutLine: {'line': b'-- Up-to-date: /home/wheeltec/lab103/qt_sim_v1/install/wheeltec_robot_urdf/share/wheeltec_robot_urdf/meshes/mini_mec_robot_meshes/laser.STL\n'}
[0.044318] (wheeltec_robot_urdf) StdoutLine: {'line': b'-- Up-to-date: /home/wheeltec/lab103/qt_sim_v1/install/wheeltec_robot_urdf/share/wheeltec_robot_urdf/meshes/mini_mec_robot_meshes/rb_wheel_link.STL\n'}
[0.044338] (wheeltec_robot_urdf) StdoutLine: {'line': b'-- Up-to-date: /home/wheeltec/lab103/qt_sim_v1/install/wheeltec_robot_urdf/share/wheeltec_robot_urdf/rviz\n'}
[0.044359] (wheeltec_robot_urdf) StdoutLine: {'line': b'-- Up-to-date: /home/wheeltec/lab103/qt_sim_v1/install/wheeltec_robot_urdf/share/wheeltec_robot_urdf/rviz/model.rviz\n'}
[0.044378] (wheeltec_robot_urdf) StdoutLine: {'line': b'-- Up-to-date: /home/wheeltec/lab103/qt_sim_v1/install/wheeltec_robot_urdf/share/wheeltec_robot_urdf/urdf\n'}
[0.044585] (wheeltec_robot_urdf) StdoutLine: {'line': b'-- Up-to-date: /home/wheeltec/lab103/qt_sim_v1/install/wheeltec_robot_urdf/share/wheeltec_robot_urdf/urdf/senior_diff_robot.urdf\n'}
[0.044630] (wheeltec_robot_urdf) StdoutLine: {'line': b'-- Up-to-date: /home/wheeltec/lab103/qt_sim_v1/install/wheeltec_robot_urdf/share/wheeltec_robot_urdf/urdf/senior_4wd_dl_robot.urdf\n'}
[0.044654] (wheeltec_robot_urdf) StdoutLine: {'line': b'-- Up-to-date: /home/wheeltec/lab103/qt_sim_v1/install/wheeltec_robot_urdf/share/wheeltec_robot_urdf/urdf/top_mec_dl_robot.urdf\n'}
[0.044675] (wheeltec_robot_urdf) StdoutLine: {'line': b'-- Up-to-date: /home/wheeltec/lab103/qt_sim_v1/install/wheeltec_robot_urdf/share/wheeltec_robot_urdf/urdf/four_wheel_diff_dl_robot.urdf\n'}
[0.044695] (wheeltec_robot_urdf) StdoutLine: {'line': b'-- Up-to-date: /home/wheeltec/lab103/qt_sim_v1/install/wheeltec_robot_urdf/share/wheeltec_robot_urdf/urdf/mini_omni_robot.urdf\n'}
[0.044716] (wheeltec_robot_urdf) StdoutLine: {'line': b'-- Up-to-date: /home/wheeltec/lab103/qt_sim_v1/install/wheeltec_robot_urdf/share/wheeltec_robot_urdf/urdf/top_akm_bs_robot.urdf\n'}
[0.044742] (wheeltec_robot_urdf) StdoutLine: {'line': b'-- Up-to-date: /home/wheeltec/lab103/qt_sim_v1/install/wheeltec_robot_urdf/share/wheeltec_robot_urdf/urdf/mec_EightDrive_robot.urdf\n'}
[0.044760] (wheeltec_robot_urdf) StdoutLine: {'line': b'-- Up-to-date: /home/wheeltec/lab103/qt_sim_v1/install/wheeltec_robot_urdf/share/wheeltec_robot_urdf/urdf/flagship_mec_dl_robot.urdf\n'}
[0.044779] (wheeltec_robot_urdf) StdoutLine: {'line': b'-- Up-to-date: /home/wheeltec/lab103/qt_sim_v1/install/wheeltec_robot_urdf/share/wheeltec_robot_urdf/urdf/senior_akm_robot.urdf\n'}
[0.044797] (wheeltec_robot_urdf) StdoutLine: {'line': b'-- Up-to-date: /home/wheeltec/lab103/qt_sim_v1/install/wheeltec_robot_urdf/share/wheeltec_robot_urdf/urdf/mini_diff_robot.urdf\n'}
[0.044977] (wheeltec_robot_urdf) StdoutLine: {'line': b'-- Up-to-date: /home/wheeltec/lab103/qt_sim_v1/install/wheeltec_robot_urdf/share/wheeltec_robot_urdf/urdf/top_akm_dl_robot.urdf\n'}
[0.045035] (wheeltec_robot_urdf) StdoutLine: {'line': b'-- Up-to-date: /home/wheeltec/lab103/qt_sim_v1/install/wheeltec_robot_urdf/share/wheeltec_robot_urdf/urdf/mini_4wd_robot.urdf\n'}
[0.045093] (wheeltec_robot_urdf) StdoutLine: {'line': b'-- Up-to-date: /home/wheeltec/lab103/qt_sim_v1/install/wheeltec_robot_urdf/share/wheeltec_robot_urdf/urdf/flagship_four_wheel_diff_dl_robot.urdf\n'}
[0.045152] (wheeltec_robot_urdf) StdoutLine: {'line': b'-- Up-to-date: /home/wheeltec/lab103/qt_sim_v1/install/wheeltec_robot_urdf/share/wheeltec_robot_urdf/urdf/mini_mec_moveit.urdf\n'}
[0.045210] (wheeltec_robot_urdf) StdoutLine: {'line': b'-- Up-to-date: /home/wheeltec/lab103/qt_sim_v1/install/wheeltec_robot_urdf/share/wheeltec_robot_urdf/urdf/senior_mec_dl_robot.urdf\n'}
[0.048713] (wheeltec_robot_urdf) StdoutLine: {'line': b'-- Up-to-date: /home/wheeltec/lab103/qt_sim_v1/install/wheeltec_robot_urdf/share/wheeltec_robot_urdf/urdf/top_4wd_dl_robot.urdf\n'}
[0.048759] (wheeltec_robot_urdf) StdoutLine: {'line': b'-- Up-to-date: /home/wheeltec/lab103/qt_sim_v1/install/wheeltec_robot_urdf/share/wheeltec_robot_urdf/urdf/mini_mec_robot.urdf\n'}
[0.048782] (wheeltec_robot_urdf) StdoutLine: {'line': b'-- Up-to-date: /home/wheeltec/lab103/qt_sim_v1/install/wheeltec_robot_urdf/share/wheeltec_robot_urdf/urdf/mini_akm_robot.urdf\n'}
[0.048803] (wheeltec_robot_urdf) StdoutLine: {'line': b'-- Up-to-date: /home/wheeltec/lab103/qt_sim_v1/install/wheeltec_robot_urdf/share/wheeltec_robot_urdf/urdf/top_mec_bs_robot.urdf\n'}
[0.048822] (wheeltec_robot_urdf) StdoutLine: {'line': b'-- Up-to-date: /home/wheeltec/lab103/qt_sim_v1/install/wheeltec_robot_urdf/share/wheeltec_robot_urdf/urdf/flagship_four_wheel_diff_bs_robot.urdf\n'}
[0.048842] (wheeltec_robot_urdf) StdoutLine: {'line': b'-- Up-to-date: /home/wheeltec/lab103/qt_sim_v1/install/wheeltec_robot_urdf/share/wheeltec_robot_urdf/urdf/top_4wd_bs_robot.urdf\n'}
[0.048860] (wheeltec_robot_urdf) StdoutLine: {'line': b'-- Up-to-date: /home/wheeltec/lab103/qt_sim_v1/install/wheeltec_robot_urdf/share/wheeltec_robot_urdf/urdf/brushless_senior_diff.urdf\n'}
[0.048879] (wheeltec_robot_urdf) StdoutLine: {'line': b'-- Up-to-date: /home/wheeltec/lab103/qt_sim_v1/install/wheeltec_robot_urdf/share/wheeltec_robot_urdf/urdf/four_wheel_diff_bs_robot.urdf\n'}
[0.048898] (wheeltec_robot_urdf) StdoutLine: {'line': b'-- Up-to-date: /home/wheeltec/lab103/qt_sim_v1/install/wheeltec_robot_urdf/share/wheeltec_robot_urdf/urdf/top_omni_robot.urdf\n'}
[0.048915] (wheeltec_robot_urdf) StdoutLine: {'line': b'-- Up-to-date: /home/wheeltec/lab103/qt_sim_v1/install/wheeltec_robot_urdf/share/wheeltec_robot_urdf/urdf/flagship_4wd_dl_robot.urdf\n'}
[0.048934] (wheeltec_robot_urdf) StdoutLine: {'line': b'-- Up-to-date: /home/wheeltec/lab103/qt_sim_v1/install/wheeltec_robot_urdf/share/wheeltec_robot_urdf/urdf/senior_omni_robot.urdf\n'}
[0.048952] (wheeltec_robot_urdf) StdoutLine: {'line': b'-- Up-to-date: /home/wheeltec/lab103/qt_sim_v1/install/wheeltec_robot_urdf/share/wheeltec_robot_urdf/urdf/senior_4wd_bs_robot.urdf\n'}
[0.048969] (wheeltec_robot_urdf) StdoutLine: {'line': b'-- Up-to-date: /home/wheeltec/lab103/qt_sim_v1/install/wheeltec_robot_urdf/share/wheeltec_robot_urdf/urdf/senior_mec_robot.urdf\n'}
[0.048990] (wheeltec_robot_urdf) StdoutLine: {'line': b'-- Up-to-date: /home/wheeltec/lab103/qt_sim_v1/install/wheeltec_robot_urdf/share/wheeltec_robot_urdf/urdf/mini_tank_moveit.urdf\n'}
[0.049008] (wheeltec_robot_urdf) StdoutLine: {'line': b'-- Up-to-date: /home/wheeltec/lab103/qt_sim_v1/install/wheeltec_robot_urdf/share/wheeltec_robot_urdf/urdf/flagship_4wd_bs_robot.urdf\n'}
[0.049045] (wheeltec_robot_urdf) StdoutLine: {'line': b'-- Up-to-date: /home/wheeltec/lab103/qt_sim_v1/install/wheeltec_robot_urdf/share/wheeltec_robot_urdf/urdf/flagship_mec_bs_robot.urdf\n'}
[0.049068] (wheeltec_robot_urdf) StdoutLine: {'line': b'-- Up-to-date: /home/wheeltec/lab103/qt_sim_v1/install/wheeltec_robot_urdf/share/ament_index/resource_index/package_run_dependencies/wheeltec_robot_urdf\n'}
[0.049087] (wheeltec_robot_urdf) StdoutLine: {'line': b'-- Up-to-date: /home/wheeltec/lab103/qt_sim_v1/install/wheeltec_robot_urdf/share/ament_index/resource_index/parent_prefix_path/wheeltec_robot_urdf\n'}
[0.049106] (wheeltec_robot_urdf) StdoutLine: {'line': b'-- Up-to-date: /home/wheeltec/lab103/qt_sim_v1/install/wheeltec_robot_urdf/share/wheeltec_robot_urdf/environment/ament_prefix_path.sh\n'}
[0.049124] (wheeltec_robot_urdf) StdoutLine: {'line': b'-- Up-to-date: /home/wheeltec/lab103/qt_sim_v1/install/wheeltec_robot_urdf/share/wheeltec_robot_urdf/environment/ament_prefix_path.dsv\n'}
[0.049143] (wheeltec_robot_urdf) StdoutLine: {'line': b'-- Up-to-date: /home/wheeltec/lab103/qt_sim_v1/install/wheeltec_robot_urdf/share/wheeltec_robot_urdf/environment/path.sh\n'}
[0.049161] (wheeltec_robot_urdf) StdoutLine: {'line': b'-- Up-to-date: /home/wheeltec/lab103/qt_sim_v1/install/wheeltec_robot_urdf/share/wheeltec_robot_urdf/environment/path.dsv\n'}
[0.049199] (wheeltec_robot_urdf) StdoutLine: {'line': b'-- Up-to-date: /home/wheeltec/lab103/qt_sim_v1/install/wheeltec_robot_urdf/share/wheeltec_robot_urdf/local_setup.bash\n'}
[0.049220] (wheeltec_robot_urdf) StdoutLine: {'line': b'-- Up-to-date: /home/wheeltec/lab103/qt_sim_v1/install/wheeltec_robot_urdf/share/wheeltec_robot_urdf/local_setup.sh\n'}
[0.049239] (wheeltec_robot_urdf) StdoutLine: {'line': b'-- Up-to-date: /home/wheeltec/lab103/qt_sim_v1/install/wheeltec_robot_urdf/share/wheeltec_robot_urdf/local_setup.zsh\n'}
[0.049258] (wheeltec_robot_urdf) StdoutLine: {'line': b'-- Up-to-date: /home/wheeltec/lab103/qt_sim_v1/install/wheeltec_robot_urdf/share/wheeltec_robot_urdf/local_setup.dsv\n'}
[0.049277] (wheeltec_robot_urdf) StdoutLine: {'line': b'-- Installing: /home/wheeltec/lab103/qt_sim_v1/install/wheeltec_robot_urdf/share/wheeltec_robot_urdf/package.dsv\n'}
[0.049295] (wheeltec_robot_urdf) StdoutLine: {'line': b'-- Up-to-date: /home/wheeltec/lab103/qt_sim_v1/install/wheeltec_robot_urdf/share/ament_index/resource_index/packages/wheeltec_robot_urdf\n'}
[0.049314] (wheeltec_robot_urdf) StdoutLine: {'line': b'-- Up-to-date: /home/wheeltec/lab103/qt_sim_v1/install/wheeltec_robot_urdf/share/wheeltec_robot_urdf/cmake/wheeltec_robot_urdfConfig.cmake\n'}
[0.049332] (wheeltec_robot_urdf) StdoutLine: {'line': b'-- Up-to-date: /home/wheeltec/lab103/qt_sim_v1/install/wheeltec_robot_urdf/share/wheeltec_robot_urdf/cmake/wheeltec_robot_urdfConfig-version.cmake\n'}
[0.049350] (wheeltec_robot_urdf) StdoutLine: {'line': b'-- Up-to-date: /home/wheeltec/lab103/qt_sim_v1/install/wheeltec_robot_urdf/share/wheeltec_robot_urdf/package.xml\n'}
[0.049368] (wheeltec_robot_urdf) CommandEnded: {'returncode': 0}
[0.052540] (qt_ros_test) StdoutLine: {'line': b'Consolidate compiler generated dependencies of target qt_ros_test\n'}
[0.064402] (wheeltec_robot_urdf) JobEnded: {'identifier': 'wheeltec_robot_urdf', 'rc': 0}
[0.064850] (qt_ros_test) StdoutLine: {'line': b'[  7%] Building CXX object CMakeFiles/qt_ros_test.dir/src/main.cpp.o\n'}
[0.065220] (qt_ros_test) StdoutLine: {'line': b'[ 11%] Building CXX object CMakeFiles/qt_ros_test.dir/src/main_window.cpp.o\n'}
[0.066081] (qt_ros_test) StdoutLine: {'line': b'[ 15%] Building CXX object CMakeFiles/qt_ros_test.dir/include/qt_ros_test/moc_main_window.cpp.o\n'}
[0.100980] (-) TimerEvent: {}
[0.202815] (-) TimerEvent: {}
[0.304954] (-) TimerEvent: {}
[0.405350] (-) TimerEvent: {}
[0.507032] (-) TimerEvent: {}
[0.607572] (-) TimerEvent: {}
[0.707901] (-) TimerEvent: {}
[0.808289] (-) TimerEvent: {}
[0.908896] (-) TimerEvent: {}
[1.009580] (-) TimerEvent: {}
[1.110211] (-) TimerEvent: {}
[1.210876] (-) TimerEvent: {}
[1.311875] (-) TimerEvent: {}
[1.412412] (-) TimerEvent: {}
[1.513480] (-) TimerEvent: {}
[1.614145] (-) TimerEvent: {}
[1.714689] (-) TimerEvent: {}
[1.815416] (-) TimerEvent: {}
[1.915747] (-) TimerEvent: {}
[2.016313] (-) TimerEvent: {}
[2.116612] (-) TimerEvent: {}
[2.216866] (-) TimerEvent: {}
[2.317315] (-) TimerEvent: {}
[2.417703] (-) TimerEvent: {}
[2.518411] (-) TimerEvent: {}
[2.619096] (-) TimerEvent: {}
[2.720670] (-) TimerEvent: {}
[2.821367] (-) TimerEvent: {}
[2.921651] (-) TimerEvent: {}
[3.021957] (-) TimerEvent: {}
[3.122334] (-) TimerEvent: {}
[3.223273] (-) TimerEvent: {}
[3.323623] (-) TimerEvent: {}
[3.424258] (-) TimerEvent: {}
[3.524790] (-) TimerEvent: {}
[3.625078] (-) TimerEvent: {}
[3.725548] (-) TimerEvent: {}
[3.826113] (-) TimerEvent: {}
[3.926495] (-) TimerEvent: {}
[4.026984] (-) TimerEvent: {}
[4.123637] (qt_ros_test) StderrLine: {'line': b'/home/wheeltec/lab103/qt_sim_v1/src/qt_ros_test/src/main_window.cpp: In destructor \xe2\x80\x98virtual qt_ros_test::MainWindow::~MainWindow()\xe2\x80\x99:\n'}
[4.123819] (qt_ros_test) StderrLine: {'line': b'/home/wheeltec/lab103/qt_sim_v1/src/qt_ros_test/src/main_window.cpp:112:22: warning: \xe2\x80\x98static int QProcess::execute(const QString&)\xe2\x80\x99 is deprecated: Use QProcess::execute(const QString &program, const QStringList &arguments) instead [-Wdeprecated-declarations]\n'}
[4.123856] (qt_ros_test) StderrLine: {'line': b'  112 |     QProcess::execute("ssh -Y wheeltec@192.168.0.100\\n"\n'}
[4.123881] (qt_ros_test) StderrLine: {'line': b'      |     ~~~~~~~~~~~~~~~~~^~~~~~~~~~~~~~~~~~~~~~~~~~~~~~~~~~\n'}
[4.123903] (qt_ros_test) StderrLine: {'line': b'  113 |                     "killall -s INT -w ros2\\n");\n'}
[4.123925] (qt_ros_test) StderrLine: {'line': b'      |                     ~~~~~~~~~~~~~~~~~~~~~~~~~~~\n'}
[4.123948] (qt_ros_test) StderrLine: {'line': b'In file included from /usr/include/x86_64-linux-gnu/qt5/QtCore/QtCore:170,\n'}
[4.123969] (qt_ros_test) StderrLine: {'line': b'                 from /usr/include/x86_64-linux-gnu/qt5/QtGui/QtGuiDepends:3,\n'}
[4.123991] (qt_ros_test) StderrLine: {'line': b'                 from /usr/include/x86_64-linux-gnu/qt5/QtGui/QtGui:3,\n'}
[4.124011] (qt_ros_test) StderrLine: {'line': b'                 from /home/wheeltec/lab103/qt_sim_v1/src/qt_ros_test/src/main_window.cpp:12:\n'}
[4.124033] (qt_ros_test) StderrLine: {'line': b'/usr/include/x86_64-linux-gnu/qt5/QtCore/qprocess.h:265:16: note: declared here\n'}
[4.124053] (qt_ros_test) StderrLine: {'line': b'  265 |     static int execute(const QString &command);\n'}
[4.124073] (qt_ros_test) StderrLine: {'line': b'      |                ^~~~~~~\n'}
[4.124145] (qt_ros_test) StderrLine: {'line': b'/home/wheeltec/lab103/qt_sim_v1/src/qt_ros_test/src/main_window.cpp: In member function \xe2\x80\x98void qt_ros_test::MainWindow::init_cmd()\xe2\x80\x99:\n'}
[4.124173] (qt_ros_test) StderrLine: {'line': b'/home/wheeltec/lab103/qt_sim_v1/src/qt_ros_test/src/main_window.cpp:142:16: warning: \xe2\x80\x98void QProcess::start(const QString&, QIODevice::OpenMode)\xe2\x80\x99 is deprecated: Use QProcess::start(const QString &program, const QStringList &arguments,OpenMode mode = ReadWrite) instead [-Wdeprecated-declarations]\n'}
[4.124196] (qt_ros_test) StderrLine: {'line': b'  142 |     _cmd->start("bash");\n'}
[4.124217] (qt_ros_test) StderrLine: {'line': b'      |     ~~~~~~~~~~~^~~~~~~~\n'}
[4.124238] (qt_ros_test) StderrLine: {'line': b'In file included from /usr/include/x86_64-linux-gnu/qt5/QtCore/QtCore:170,\n'}
[4.124259] (qt_ros_test) StderrLine: {'line': b'                 from /usr/include/x86_64-linux-gnu/qt5/QtGui/QtGuiDepends:3,\n'}
[4.124280] (qt_ros_test) StderrLine: {'line': b'                 from /usr/include/x86_64-linux-gnu/qt5/QtGui/QtGui:3,\n'}
[4.124300] (qt_ros_test) StderrLine: {'line': b'                 from /home/wheeltec/lab103/qt_sim_v1/src/qt_ros_test/src/main_window.cpp:12:\n'}
[4.124321] (qt_ros_test) StderrLine: {'line': b'/usr/include/x86_64-linux-gnu/qt5/QtCore/qprocess.h:168:10: note: declared here\n'}
[4.124340] (qt_ros_test) StderrLine: {'line': b'  168 |     void start(const QString &command, OpenMode mode = ReadWrite);\n'}
[4.124360] (qt_ros_test) StderrLine: {'line': b'      |          ^~~~~\n'}
[4.125598] (qt_ros_test) StderrLine: {'line': b'/home/wheeltec/lab103/qt_sim_v1/src/qt_ros_test/src/main_window.cpp: In member function \xe2\x80\x98void qt_ros_test::MainWindow::closeroslaunch()\xe2\x80\x99:\n'}
[4.125765] (qt_ros_test) StderrLine: {'line': b'/home/wheeltec/lab103/qt_sim_v1/src/qt_ros_test/src/main_window.cpp:196:19: warning: \xe2\x80\x98void QProcess::start(const QString&, QIODevice::OpenMode)\xe2\x80\x99 is deprecated: Use QProcess::start(const QString &program, const QStringList &arguments,OpenMode mode = ReadWrite) instead [-Wdeprecated-declarations]\n'}
[4.125793] (qt_ros_test) StderrLine: {'line': b'  196 |     killall->start("ssh -Y wheeltec@192.168.3.120\\n"\n'}
[4.125814] (qt_ros_test) StderrLine: {'line': b'      |     ~~~~~~~~~~~~~~^~~~~~~~~~~~~~~~~~~~~~~~~~~~~~~~~~\n'}
[4.125835] (qt_ros_test) StderrLine: {'line': b'  197 |                     "killall -s INT -wg ros2\\n");\n'}
[4.125866] (qt_ros_test) StderrLine: {'line': b'      |                     ~~~~~~~~~~~~~~~~~~~~~~~~~~~~\n'}
[4.125914] (qt_ros_test) StderrLine: {'line': b'In file included from /usr/include/x86_64-linux-gnu/qt5/QtCore/QtCore:170,\n'}
[4.125941] (qt_ros_test) StderrLine: {'line': b'                 from /usr/include/x86_64-linux-gnu/qt5/QtGui/QtGuiDepends:3,\n'}
[4.125962] (qt_ros_test) StderrLine: {'line': b'                 from /usr/include/x86_64-linux-gnu/qt5/QtGui/QtGui:3,\n'}
[4.125982] (qt_ros_test) StderrLine: {'line': b'                 from /home/wheeltec/lab103/qt_sim_v1/src/qt_ros_test/src/main_window.cpp:12:\n'}
[4.126002] (qt_ros_test) StderrLine: {'line': b'/usr/include/x86_64-linux-gnu/qt5/QtCore/qprocess.h:168:10: note: declared here\n'}
[4.126058] (qt_ros_test) StderrLine: {'line': b'  168 |     void start(const QString &command, OpenMode mode = ReadWrite);\n'}
[4.126078] (qt_ros_test) StderrLine: {'line': b'      |          ^~~~~\n'}
[4.137416] (qt_ros_test) StderrLine: {'line': b'/home/wheeltec/lab103/qt_sim_v1/src/qt_ros_test/src/main_window.cpp: In member function \xe2\x80\x98void qt_ros_test::MainWindow::slot_cmd_read()\xe2\x80\x99:\n'}
[4.137550] (-) TimerEvent: {}
[4.137609] (qt_ros_test) StderrLine: {'line': b'/home/wheeltec/lab103/qt_sim_v1/src/qt_ros_test/src/main_window.cpp:244:10: warning: ISO C++ forbids variable length array \xe2\x80\x98buffer\xe2\x80\x99 [-Wvla]\n'}
[4.137638] (qt_ros_test) StderrLine: {'line': b'  244 |     char buffer[maxSize];\n'}
[4.137660] (qt_ros_test) StderrLine: {'line': b'      |          ^~~~~~\n'}
[4.137683] (qt_ros_test) StderrLine: {'line': b'/home/wheeltec/lab103/qt_sim_v1/src/qt_ros_test/src/main_window.cpp: In member function \xe2\x80\x98void qt_ros_test::MainWindow::ReadSettings()\xe2\x80\x99:\n'}
[4.137719] (qt_ros_test) StderrLine: {'line': b'/home/wheeltec/lab103/qt_sim_v1/src/qt_ros_test/src/main_window.cpp:300:10: warning: unused variable \xe2\x80\x98remember\xe2\x80\x99 [-Wunused-variable]\n'}
[4.137741] (qt_ros_test) StderrLine: {'line': b'  300 |     bool remember = settings.value("remember_settings", false).toBool();\n'}
[4.137762] (qt_ros_test) StderrLine: {'line': b'      |          ^~~~~~~~\n'}
[4.137781] (qt_ros_test) StderrLine: {'line': b'/home/wheeltec/lab103/qt_sim_v1/src/qt_ros_test/src/main_window.cpp:301:10: warning: unused variable \xe2\x80\x98checked\xe2\x80\x99 [-Wunused-variable]\n'}
[4.137807] (qt_ros_test) StderrLine: {'line': b'  301 |     bool checked = settings.value("use_environment_variables", false).toBool();\n'}
[4.137827] (qt_ros_test) StderrLine: {'line': b'      |          ^~~~~~~\n'}
[4.176517] (qt_ros_test) StderrLine: {'line': b'/home/wheeltec/lab103/qt_sim_v1/src/qt_ros_test/src/main_window.cpp: In member function \xe2\x80\x98void qt_ros_test::MainWindow::on_pushButton_webusbcam_clicked(bool)\xe2\x80\x99:\n'}
[4.176697] (qt_ros_test) StderrLine: {'line': b'/home/wheeltec/lab103/qt_sim_v1/src/qt_ros_test/src/main_window.cpp:597:23: warning: \xe2\x80\x98void QProcess::start(const QString&, QIODevice::OpenMode)\xe2\x80\x99 is deprecated: Use QProcess::start(const QString &program, const QStringList &arguments,OpenMode mode = ReadWrite) instead [-Wdeprecated-declarations]\n'}
[4.176790] (qt_ros_test) StderrLine: {'line': b'  597 |         killall->start("ssh -Y wheeltec@192.168.0.100\\n"\n'}
[4.176812] (qt_ros_test) StderrLine: {'line': b'      |         ~~~~~~~~~~~~~~^~~~~~~~~~~~~~~~~~~~~~~~~~~~~~~~~~\n'}
[4.176834] (qt_ros_test) StderrLine: {'line': b'  598 |                 "killall -s INT -g ros2\\n");\n'}
[4.176855] (qt_ros_test) StderrLine: {'line': b'      |                 ~~~~~~~~~~~~~~~~~~~~~~~~~~~\n'}
[4.176875] (qt_ros_test) StderrLine: {'line': b'In file included from /usr/include/x86_64-linux-gnu/qt5/QtCore/QtCore:170,\n'}
[4.176895] (qt_ros_test) StderrLine: {'line': b'                 from /usr/include/x86_64-linux-gnu/qt5/QtGui/QtGuiDepends:3,\n'}
[4.176915] (qt_ros_test) StderrLine: {'line': b'                 from /usr/include/x86_64-linux-gnu/qt5/QtGui/QtGui:3,\n'}
[4.176934] (qt_ros_test) StderrLine: {'line': b'                 from /home/wheeltec/lab103/qt_sim_v1/src/qt_ros_test/src/main_window.cpp:12:\n'}
[4.176953] (qt_ros_test) StderrLine: {'line': b'/usr/include/x86_64-linux-gnu/qt5/QtCore/qprocess.h:168:10: note: declared here\n'}
[4.176972] (qt_ros_test) StderrLine: {'line': b'  168 |     void start(const QString &command, OpenMode mode = ReadWrite);\n'}
[4.176990] (qt_ros_test) StderrLine: {'line': b'      |          ^~~~~\n'}
[4.177173] (qt_ros_test) StderrLine: {'line': b'/home/wheeltec/lab103/qt_sim_v1/src/qt_ros_test/src/main_window.cpp: In member function \xe2\x80\x98void qt_ros_test::MainWindow::on_pushButton_2dmap_clicked(bool)\xe2\x80\x99:\n'}
[4.177265] (qt_ros_test) StderrLine: {'line': b'/home/wheeltec/lab103/qt_sim_v1/src/qt_ros_test/src/main_window.cpp:621:32: warning: \xe2\x80\x98static bool QProcess::startDetached(const QString&)\xe2\x80\x99 is deprecated: Use QProcess::startDetached(const QString &program, const QStringList &arguments) instead [-Wdeprecated-declarations]\n'}
[4.177288] (qt_ros_test) StderrLine: {'line': b'  621 |         rviz_cmd->startDetached("rviz2");\n'}
[4.177307] (qt_ros_test) StderrLine: {'line': b'      |         ~~~~~~~~~~~~~~~~~~~~~~~^~~~~~~~~\n'}
[4.177328] (qt_ros_test) StderrLine: {'line': b'In file included from /usr/include/x86_64-linux-gnu/qt5/QtCore/QtCore:170,\n'}
[4.177348] (qt_ros_test) StderrLine: {'line': b'                 from /usr/include/x86_64-linux-gnu/qt5/QtGui/QtGuiDepends:3,\n'}
[4.177367] (qt_ros_test) StderrLine: {'line': b'                 from /usr/include/x86_64-linux-gnu/qt5/QtGui/QtGui:3,\n'}
[4.177386] (qt_ros_test) StderrLine: {'line': b'                 from /home/wheeltec/lab103/qt_sim_v1/src/qt_ros_test/src/main_window.cpp:12:\n'}
[4.177404] (qt_ros_test) StderrLine: {'line': b'/usr/include/x86_64-linux-gnu/qt5/QtCore/qprocess.h:280:17: note: declared here\n'}
[4.177422] (qt_ros_test) StderrLine: {'line': b'  280 |     static bool startDetached(const QString &command);\n'}
[4.177440] (qt_ros_test) StderrLine: {'line': b'      |                 ^~~~~~~~~~~~~\n'}
[4.178142] (qt_ros_test) StderrLine: {'line': b'/home/wheeltec/lab103/qt_sim_v1/src/qt_ros_test/src/main_window.cpp:627:32: warning: \xe2\x80\x98static bool QProcess::startDetached(const QString&)\xe2\x80\x99 is deprecated: Use QProcess::startDetached(const QString &program, const QStringList &arguments) instead [-Wdeprecated-declarations]\n'}
[4.178181] (qt_ros_test) StderrLine: {'line': b'  627 |         rviz_cmd->startDetached("killall -2 rviz2");\n'}
[4.178202] (qt_ros_test) StderrLine: {'line': b'      |         ~~~~~~~~~~~~~~~~~~~~~~~^~~~~~~~~~~~~~~~~~~~\n'}
[4.178222] (qt_ros_test) StderrLine: {'line': b'In file included from /usr/include/x86_64-linux-gnu/qt5/QtCore/QtCore:170,\n'}
[4.178266] (qt_ros_test) StderrLine: {'line': b'                 from /usr/include/x86_64-linux-gnu/qt5/QtGui/QtGuiDepends:3,\n'}
[4.178288] (qt_ros_test) StderrLine: {'line': b'                 from /usr/include/x86_64-linux-gnu/qt5/QtGui/QtGui:3,\n'}
[4.178308] (qt_ros_test) StderrLine: {'line': b'                 from /home/wheeltec/lab103/qt_sim_v1/src/qt_ros_test/src/main_window.cpp:12:\n'}
[4.178333] (qt_ros_test) StderrLine: {'line': b'/usr/include/x86_64-linux-gnu/qt5/QtCore/qprocess.h:280:17: note: declared here\n'}
[4.178352] (qt_ros_test) StderrLine: {'line': b'  280 |     static bool startDetached(const QString &command);\n'}
[4.178370] (qt_ros_test) StderrLine: {'line': b'      |                 ^~~~~~~~~~~~~\n'}
[4.178389] (qt_ros_test) StderrLine: {'line': b'/home/wheeltec/lab103/qt_sim_v1/src/qt_ros_test/src/main_window.cpp: In member function \xe2\x80\x98void qt_ros_test::MainWindow::on_pushButton_2dmap_2_clicked()\xe2\x80\x99:\n'}
[4.178408] (qt_ros_test) StderrLine: {'line': b'/home/wheeltec/lab103/qt_sim_v1/src/qt_ros_test/src/main_window.cpp:651:32: warning: \xe2\x80\x98static bool QProcess::startDetached(const QString&)\xe2\x80\x99 is deprecated: Use QProcess::startDetached(const QString &program, const QStringList &arguments) instead [-Wdeprecated-declarations]\n'}
[4.178428] (qt_ros_test) StderrLine: {'line': b'  651 |         rviz_cmd->startDetached("rviz2");\n'}
[4.178453] (qt_ros_test) StderrLine: {'line': b'      |         ~~~~~~~~~~~~~~~~~~~~~~~^~~~~~~~~\n'}
[4.178472] (qt_ros_test) StderrLine: {'line': b'In file included from /usr/include/x86_64-linux-gnu/qt5/QtCore/QtCore:170,\n'}
[4.178492] (qt_ros_test) StderrLine: {'line': b'                 from /usr/include/x86_64-linux-gnu/qt5/QtGui/QtGuiDepends:3,\n'}
[4.178510] (qt_ros_test) StderrLine: {'line': b'                 from /usr/include/x86_64-linux-gnu/qt5/QtGui/QtGui:3,\n'}
[4.178529] (qt_ros_test) StderrLine: {'line': b'                 from /home/wheeltec/lab103/qt_sim_v1/src/qt_ros_test/src/main_window.cpp:12:\n'}
[4.178552] (qt_ros_test) StderrLine: {'line': b'/usr/include/x86_64-linux-gnu/qt5/QtCore/qprocess.h:280:17: note: declared here\n'}
[4.178572] (qt_ros_test) StderrLine: {'line': b'  280 |     static bool startDetached(const QString &command);\n'}
[4.178591] (qt_ros_test) StderrLine: {'line': b'      |                 ^~~~~~~~~~~~~\n'}
[4.178610] (qt_ros_test) StderrLine: {'line': b'/home/wheeltec/lab103/qt_sim_v1/src/qt_ros_test/src/main_window.cpp:657:32: warning: \xe2\x80\x98static bool QProcess::startDetached(const QString&)\xe2\x80\x99 is deprecated: Use QProcess::startDetached(const QString &program, const QStringList &arguments) instead [-Wdeprecated-declarations]\n'}
[4.178629] (qt_ros_test) StderrLine: {'line': b'  657 |         rviz_cmd->startDetached("killall -2 rviz2");\n'}
[4.178648] (qt_ros_test) StderrLine: {'line': b'      |         ~~~~~~~~~~~~~~~~~~~~~~~^~~~~~~~~~~~~~~~~~~~\n'}
[4.178666] (qt_ros_test) StderrLine: {'line': b'In file included from /usr/include/x86_64-linux-gnu/qt5/QtCore/QtCore:170,\n'}
[4.178684] (qt_ros_test) StderrLine: {'line': b'                 from /usr/include/x86_64-linux-gnu/qt5/QtGui/QtGuiDepends:3,\n'}
[4.178702] (qt_ros_test) StderrLine: {'line': b'                 from /usr/include/x86_64-linux-gnu/qt5/QtGui/QtGui:3,\n'}
[4.178721] (qt_ros_test) StderrLine: {'line': b'                 from /home/wheeltec/lab103/qt_sim_v1/src/qt_ros_test/src/main_window.cpp:12:\n'}
[4.178738] (qt_ros_test) StderrLine: {'line': b'/usr/include/x86_64-linux-gnu/qt5/QtCore/qprocess.h:280:17: note: declared here\n'}
[4.178756] (qt_ros_test) StderrLine: {'line': b'  280 |     static bool startDetached(const QString &command);\n'}
[4.178774] (qt_ros_test) StderrLine: {'line': b'      |                 ^~~~~~~~~~~~~\n'}
[4.178857] (qt_ros_test) StderrLine: {'line': b'/home/wheeltec/lab103/qt_sim_v1/src/qt_ros_test/src/main_window.cpp: In member function \xe2\x80\x98void qt_ros_test::MainWindow::on_pushButton_2dmap_3_clicked()\xe2\x80\x99:\n'}
[4.178884] (qt_ros_test) StderrLine: {'line': b'/home/wheeltec/lab103/qt_sim_v1/src/qt_ros_test/src/main_window.cpp:681:32: warning: \xe2\x80\x98static bool QProcess::startDetached(const QString&)\xe2\x80\x99 is deprecated: Use QProcess::startDetached(const QString &program, const QStringList &arguments) instead [-Wdeprecated-declarations]\n'}
[4.178904] (qt_ros_test) StderrLine: {'line': b'  681 |         rviz_cmd->startDetached("rviz2");\n'}
[4.178931] (qt_ros_test) StderrLine: {'line': b'      |         ~~~~~~~~~~~~~~~~~~~~~~~^~~~~~~~~\n'}
[4.178953] (qt_ros_test) StderrLine: {'line': b'In file included from /usr/include/x86_64-linux-gnu/qt5/QtCore/QtCore:170,\n'}
[4.178972] (qt_ros_test) StderrLine: {'line': b'                 from /usr/include/x86_64-linux-gnu/qt5/QtGui/QtGuiDepends:3,\n'}
[4.178991] (qt_ros_test) StderrLine: {'line': b'                 from /usr/include/x86_64-linux-gnu/qt5/QtGui/QtGui:3,\n'}
[4.179010] (qt_ros_test) StderrLine: {'line': b'                 from /home/wheeltec/lab103/qt_sim_v1/src/qt_ros_test/src/main_window.cpp:12:\n'}
[4.179028] (qt_ros_test) StderrLine: {'line': b'/usr/include/x86_64-linux-gnu/qt5/QtCore/qprocess.h:280:17: note: declared here\n'}
[4.179047] (qt_ros_test) StderrLine: {'line': b'  280 |     static bool startDetached(const QString &command);\n'}
[4.179065] (qt_ros_test) StderrLine: {'line': b'      |                 ^~~~~~~~~~~~~\n'}
[4.179084] (qt_ros_test) StderrLine: {'line': b'/home/wheeltec/lab103/qt_sim_v1/src/qt_ros_test/src/main_window.cpp:687:32: warning: \xe2\x80\x98static bool QProcess::startDetached(const QString&)\xe2\x80\x99 is deprecated: Use QProcess::startDetached(const QString &program, const QStringList &arguments) instead [-Wdeprecated-declarations]\n'}
[4.179103] (qt_ros_test) StderrLine: {'line': b'  687 |         rviz_cmd->startDetached("killall -2 rviz2");\n'}
[4.179126] (qt_ros_test) StderrLine: {'line': b'      |         ~~~~~~~~~~~~~~~~~~~~~~~^~~~~~~~~~~~~~~~~~~~\n'}
[4.179147] (qt_ros_test) StderrLine: {'line': b'In file included from /usr/include/x86_64-linux-gnu/qt5/QtCore/QtCore:170,\n'}
[4.179167] (qt_ros_test) StderrLine: {'line': b'                 from /usr/include/x86_64-linux-gnu/qt5/QtGui/QtGuiDepends:3,\n'}
[4.179186] (qt_ros_test) StderrLine: {'line': b'                 from /usr/include/x86_64-linux-gnu/qt5/QtGui/QtGui:3,\n'}
[4.179204] (qt_ros_test) StderrLine: {'line': b'                 from /home/wheeltec/lab103/qt_sim_v1/src/qt_ros_test/src/main_window.cpp:12:\n'}
[4.179223] (qt_ros_test) StderrLine: {'line': b'/usr/include/x86_64-linux-gnu/qt5/QtCore/qprocess.h:280:17: note: declared here\n'}
[4.179241] (qt_ros_test) StderrLine: {'line': b'  280 |     static bool startDetached(const QString &command);\n'}
[4.179258] (qt_ros_test) StderrLine: {'line': b'      |                 ^~~~~~~~~~~~~\n'}
[4.179691] (qt_ros_test) StderrLine: {'line': b'/home/wheeltec/lab103/qt_sim_v1/src/qt_ros_test/src/main_window.cpp: In member function \xe2\x80\x98void qt_ros_test::MainWindow::on_pushButton_2dnav_clicked(bool)\xe2\x80\x99:\n'}
[4.179756] (qt_ros_test) StderrLine: {'line': b'/home/wheeltec/lab103/qt_sim_v1/src/qt_ros_test/src/main_window.cpp:729:32: warning: \xe2\x80\x98static bool QProcess::startDetached(const QString&)\xe2\x80\x99 is deprecated: Use QProcess::startDetached(const QString &program, const QStringList &arguments) instead [-Wdeprecated-declarations]\n'}
[4.179781] (qt_ros_test) StderrLine: {'line': b'  729 |         rviz_cmd->startDetached("rviz2");\n'}
[4.179802] (qt_ros_test) StderrLine: {'line': b'      |         ~~~~~~~~~~~~~~~~~~~~~~~^~~~~~~~~\n'}
[4.179823] (qt_ros_test) StderrLine: {'line': b'In file included from /usr/include/x86_64-linux-gnu/qt5/QtCore/QtCore:170,\n'}
[4.179843] (qt_ros_test) StderrLine: {'line': b'                 from /usr/include/x86_64-linux-gnu/qt5/QtGui/QtGuiDepends:3,\n'}
[4.179862] (qt_ros_test) StderrLine: {'line': b'                 from /usr/include/x86_64-linux-gnu/qt5/QtGui/QtGui:3,\n'}
[4.179905] (qt_ros_test) StderrLine: {'line': b'                 from /home/wheeltec/lab103/qt_sim_v1/src/qt_ros_test/src/main_window.cpp:12:\n'}
[4.179926] (qt_ros_test) StderrLine: {'line': b'/usr/include/x86_64-linux-gnu/qt5/QtCore/qprocess.h:280:17: note: declared here\n'}
[4.179945] (qt_ros_test) StderrLine: {'line': b'  280 |     static bool startDetached(const QString &command);\n'}
[4.179986] (qt_ros_test) StderrLine: {'line': b'      |                 ^~~~~~~~~~~~~\n'}
[4.180005] (qt_ros_test) StderrLine: {'line': b'/home/wheeltec/lab103/qt_sim_v1/src/qt_ros_test/src/main_window.cpp:735:32: warning: \xe2\x80\x98static bool QProcess::startDetached(const QString&)\xe2\x80\x99 is deprecated: Use QProcess::startDetached(const QString &program, const QStringList &arguments) instead [-Wdeprecated-declarations]\n'}
[4.180037] (qt_ros_test) StderrLine: {'line': b'  735 |         rviz_cmd->startDetached("killall -2 rviz2");\n'}
[4.180059] (qt_ros_test) StderrLine: {'line': b'      |         ~~~~~~~~~~~~~~~~~~~~~~~^~~~~~~~~~~~~~~~~~~~\n'}
[4.180079] (qt_ros_test) StderrLine: {'line': b'In file included from /usr/include/x86_64-linux-gnu/qt5/QtCore/QtCore:170,\n'}
[4.180097] (qt_ros_test) StderrLine: {'line': b'                 from /usr/include/x86_64-linux-gnu/qt5/QtGui/QtGuiDepends:3,\n'}
[4.180116] (qt_ros_test) StderrLine: {'line': b'                 from /usr/include/x86_64-linux-gnu/qt5/QtGui/QtGui:3,\n'}
[4.180134] (qt_ros_test) StderrLine: {'line': b'                 from /home/wheeltec/lab103/qt_sim_v1/src/qt_ros_test/src/main_window.cpp:12:\n'}
[4.180153] (qt_ros_test) StderrLine: {'line': b'/usr/include/x86_64-linux-gnu/qt5/QtCore/qprocess.h:280:17: note: declared here\n'}
[4.180171] (qt_ros_test) StderrLine: {'line': b'  280 |     static bool startDetached(const QString &command);\n'}
[4.180189] (qt_ros_test) StderrLine: {'line': b'      |                 ^~~~~~~~~~~~~\n'}
[4.180284] (qt_ros_test) StderrLine: {'line': b'/home/wheeltec/lab103/qt_sim_v1/src/qt_ros_test/src/main_window.cpp: In member function \xe2\x80\x98void qt_ros_test::MainWindow::on_pushButton_3dmap_clicked(bool)\xe2\x80\x99:\n'}
[4.180312] (qt_ros_test) StderrLine: {'line': b'/home/wheeltec/lab103/qt_sim_v1/src/qt_ros_test/src/main_window.cpp:760:32: warning: \xe2\x80\x98static bool QProcess::startDetached(const QString&)\xe2\x80\x99 is deprecated: Use QProcess::startDetached(const QString &program, const QStringList &arguments) instead [-Wdeprecated-declarations]\n'}
[4.180333] (qt_ros_test) StderrLine: {'line': b'  760 |         rviz_cmd->startDetached("rviz2");\n'}
[4.180352] (qt_ros_test) StderrLine: {'line': b'      |         ~~~~~~~~~~~~~~~~~~~~~~~^~~~~~~~~\n'}
[4.180372] (qt_ros_test) StderrLine: {'line': b'In file included from /usr/include/x86_64-linux-gnu/qt5/QtCore/QtCore:170,\n'}
[4.180419] (qt_ros_test) StderrLine: {'line': b'                 from /usr/include/x86_64-linux-gnu/qt5/QtGui/QtGuiDepends:3,\n'}
[4.180490] (qt_ros_test) StderrLine: {'line': b'                 from /usr/include/x86_64-linux-gnu/qt5/QtGui/QtGui:3,\n'}
[4.180511] (qt_ros_test) StderrLine: {'line': b'                 from /home/wheeltec/lab103/qt_sim_v1/src/qt_ros_test/src/main_window.cpp:12:\n'}
[4.180591] (qt_ros_test) StderrLine: {'line': b'/usr/include/x86_64-linux-gnu/qt5/QtCore/qprocess.h:280:17: note: declared here\n'}
[4.180614] (qt_ros_test) StderrLine: {'line': b'  280 |     static bool startDetached(const QString &command);\n'}
[4.180634] (qt_ros_test) StderrLine: {'line': b'      |                 ^~~~~~~~~~~~~\n'}
[4.180654] (qt_ros_test) StderrLine: {'line': b'/home/wheeltec/lab103/qt_sim_v1/src/qt_ros_test/src/main_window.cpp:766:32: warning: \xe2\x80\x98static bool QProcess::startDetached(const QString&)\xe2\x80\x99 is deprecated: Use QProcess::startDetached(const QString &program, const QStringList &arguments) instead [-Wdeprecated-declarations]\n'}
[4.180680] (qt_ros_test) StderrLine: {'line': b'  766 |         rviz_cmd->startDetached("killall -2 rviz2");\n'}
[4.180701] (qt_ros_test) StderrLine: {'line': b'      |         ~~~~~~~~~~~~~~~~~~~~~~~^~~~~~~~~~~~~~~~~~~~\n'}
[4.180720] (qt_ros_test) StderrLine: {'line': b'In file included from /usr/include/x86_64-linux-gnu/qt5/QtCore/QtCore:170,\n'}
[4.180739] (qt_ros_test) StderrLine: {'line': b'                 from /usr/include/x86_64-linux-gnu/qt5/QtGui/QtGuiDepends:3,\n'}
[4.180758] (qt_ros_test) StderrLine: {'line': b'                 from /usr/include/x86_64-linux-gnu/qt5/QtGui/QtGui:3,\n'}
[4.180776] (qt_ros_test) StderrLine: {'line': b'                 from /home/wheeltec/lab103/qt_sim_v1/src/qt_ros_test/src/main_window.cpp:12:\n'}
[4.180802] (qt_ros_test) StderrLine: {'line': b'/usr/include/x86_64-linux-gnu/qt5/QtCore/qprocess.h:280:17: note: declared here\n'}
[4.180821] (qt_ros_test) StderrLine: {'line': b'  280 |     static bool startDetached(const QString &command);\n'}
[4.180840] (qt_ros_test) StderrLine: {'line': b'      |                 ^~~~~~~~~~~~~\n'}
[4.180858] (qt_ros_test) StderrLine: {'line': b'/home/wheeltec/lab103/qt_sim_v1/src/qt_ros_test/src/main_window.cpp: In member function \xe2\x80\x98void qt_ros_test::MainWindow::on_pushButton_3dnav_clicked(bool)\xe2\x80\x99:\n'}
[4.180887] (qt_ros_test) StderrLine: {'line': b'/home/wheeltec/lab103/qt_sim_v1/src/qt_ros_test/src/main_window.cpp:798:32: warning: \xe2\x80\x98static bool QProcess::startDetached(const QString&)\xe2\x80\x99 is deprecated: Use QProcess::startDetached(const QString &program, const QStringList &arguments) instead [-Wdeprecated-declarations]\n'}
[4.180914] (qt_ros_test) StderrLine: {'line': b'  798 |         rviz_cmd->startDetached("rviz2");\n'}
[4.180947] (qt_ros_test) StderrLine: {'line': b'      |         ~~~~~~~~~~~~~~~~~~~~~~~^~~~~~~~~\n'}
[4.181020] (qt_ros_test) StderrLine: {'line': b'In file included from /usr/include/x86_64-linux-gnu/qt5/QtCore/QtCore:170,\n'}
[4.181042] (qt_ros_test) StderrLine: {'line': b'                 from /usr/include/x86_64-linux-gnu/qt5/QtGui/QtGuiDepends:3,\n'}
[4.181061] (qt_ros_test) StderrLine: {'line': b'                 from /usr/include/x86_64-linux-gnu/qt5/QtGui/QtGui:3,\n'}
[4.181080] (qt_ros_test) StderrLine: {'line': b'                 from /home/wheeltec/lab103/qt_sim_v1/src/qt_ros_test/src/main_window.cpp:12:\n'}
[4.181098] (qt_ros_test) StderrLine: {'line': b'/usr/include/x86_64-linux-gnu/qt5/QtCore/qprocess.h:280:17: note: declared here\n'}
[4.181116] (qt_ros_test) StderrLine: {'line': b'  280 |     static bool startDetached(const QString &command);\n'}
[4.181141] (qt_ros_test) StderrLine: {'line': b'      |                 ^~~~~~~~~~~~~\n'}
[4.181161] (qt_ros_test) StderrLine: {'line': b'/home/wheeltec/lab103/qt_sim_v1/src/qt_ros_test/src/main_window.cpp:805:32: warning: \xe2\x80\x98static bool QProcess::startDetached(const QString&)\xe2\x80\x99 is deprecated: Use QProcess::startDetached(const QString &program, const QStringList &arguments) instead [-Wdeprecated-declarations]\n'}
[4.181186] (qt_ros_test) StderrLine: {'line': b'  805 |         rviz_cmd->startDetached("killall -2 rviz2");\n'}
[4.181207] (qt_ros_test) StderrLine: {'line': b'      |         ~~~~~~~~~~~~~~~~~~~~~~~^~~~~~~~~~~~~~~~~~~~\n'}
[4.181227] (qt_ros_test) StderrLine: {'line': b'In file included from /usr/include/x86_64-linux-gnu/qt5/QtCore/QtCore:170,\n'}
[4.181247] (qt_ros_test) StderrLine: {'line': b'                 from /usr/include/x86_64-linux-gnu/qt5/QtGui/QtGuiDepends:3,\n'}
[4.181266] (qt_ros_test) StderrLine: {'line': b'                 from /usr/include/x86_64-linux-gnu/qt5/QtGui/QtGui:3,\n'}
[4.181285] (qt_ros_test) StderrLine: {'line': b'                 from /home/wheeltec/lab103/qt_sim_v1/src/qt_ros_test/src/main_window.cpp:12:\n'}
[4.181304] (qt_ros_test) StderrLine: {'line': b'/usr/include/x86_64-linux-gnu/qt5/QtCore/qprocess.h:280:17: note: declared here\n'}
[4.181322] (qt_ros_test) StderrLine: {'line': b'  280 |     static bool startDetached(const QString &command);\n'}
[4.181340] (qt_ros_test) StderrLine: {'line': b'      |                 ^~~~~~~~~~~~~\n'}
[4.181358] (qt_ros_test) StderrLine: {'line': b'/home/wheeltec/lab103/qt_sim_v1/src/qt_ros_test/src/main_window.cpp: In member function \xe2\x80\x98void qt_ros_test::MainWindow::on_pushButton_nfsrobot_clicked(bool)\xe2\x80\x99:\n'}
[4.181394] (qt_ros_test) StderrLine: {'line': b'/home/wheeltec/lab103/qt_sim_v1/src/qt_ros_test/src/main_window.cpp:833:16: warning: \xe2\x80\x98void QProcess::start(const QString&, QIODevice::OpenMode)\xe2\x80\x99 is deprecated: Use QProcess::start(const QString &program, const QStringList &arguments,OpenMode mode = ReadWrite) instead [-Wdeprecated-declarations]\n'}
[4.181418] (qt_ros_test) StderrLine: {'line': b'  833 |     _cmd->start("bash");\n'}
[4.181444] (qt_ros_test) StderrLine: {'line': b'      |     ~~~~~~~~~~~^~~~~~~~\n'}
[4.181465] (qt_ros_test) StderrLine: {'line': b'In file included from /usr/include/x86_64-linux-gnu/qt5/QtCore/QtCore:170,\n'}
[4.181485] (qt_ros_test) StderrLine: {'line': b'                 from /usr/include/x86_64-linux-gnu/qt5/QtGui/QtGuiDepends:3,\n'}
[4.181504] (qt_ros_test) StderrLine: {'line': b'                 from /usr/include/x86_64-linux-gnu/qt5/QtGui/QtGui:3,\n'}
[4.181523] (qt_ros_test) StderrLine: {'line': b'                 from /home/wheeltec/lab103/qt_sim_v1/src/qt_ros_test/src/main_window.cpp:12:\n'}
[4.181541] (qt_ros_test) StderrLine: {'line': b'/usr/include/x86_64-linux-gnu/qt5/QtCore/qprocess.h:168:10: note: declared here\n'}
[4.181560] (qt_ros_test) StderrLine: {'line': b'  168 |     void start(const QString &command, OpenMode mode = ReadWrite);\n'}
[4.181579] (qt_ros_test) StderrLine: {'line': b'      |          ^~~~~\n'}
[4.181718] (qt_ros_test) StderrLine: {'line': b'/home/wheeltec/lab103/qt_sim_v1/src/qt_ros_test/src/main_window.cpp: In member function \xe2\x80\x98void qt_ros_test::MainWindow::on_pushButton_unfsrobot_clicked(bool)\xe2\x80\x99:\n'}
[4.181758] (qt_ros_test) StderrLine: {'line': b'/home/wheeltec/lab103/qt_sim_v1/src/qt_ros_test/src/main_window.cpp:844:16: warning: \xe2\x80\x98void QProcess::start(const QString&, QIODevice::OpenMode)\xe2\x80\x99 is deprecated: Use QProcess::start(const QString &program, const QStringList &arguments,OpenMode mode = ReadWrite) instead [-Wdeprecated-declarations]\n'}
[4.181781] (qt_ros_test) StderrLine: {'line': b'  844 |     _cmd->start("bash");\n'}
[4.181802] (qt_ros_test) StderrLine: {'line': b'      |     ~~~~~~~~~~~^~~~~~~~\n'}
[4.181823] (qt_ros_test) StderrLine: {'line': b'In file included from /usr/include/x86_64-linux-gnu/qt5/QtCore/QtCore:170,\n'}
[4.181842] (qt_ros_test) StderrLine: {'line': b'                 from /usr/include/x86_64-linux-gnu/qt5/QtGui/QtGuiDepends:3,\n'}
[4.181862] (qt_ros_test) StderrLine: {'line': b'                 from /usr/include/x86_64-linux-gnu/qt5/QtGui/QtGui:3,\n'}
[4.181882] (qt_ros_test) StderrLine: {'line': b'                 from /home/wheeltec/lab103/qt_sim_v1/src/qt_ros_test/src/main_window.cpp:12:\n'}
[4.181900] (qt_ros_test) StderrLine: {'line': b'/usr/include/x86_64-linux-gnu/qt5/QtCore/qprocess.h:168:10: note: declared here\n'}
[4.181918] (qt_ros_test) StderrLine: {'line': b'  168 |     void start(const QString &command, OpenMode mode = ReadWrite);\n'}
[4.181937] (qt_ros_test) StderrLine: {'line': b'      |          ^~~~~\n'}
[4.182038] (qt_ros_test) StderrLine: {'line': b'/home/wheeltec/lab103/qt_sim_v1/src/qt_ros_test/src/main_window.cpp: In member function \xe2\x80\x98void qt_ros_test::MainWindow::on_pushButton_nfsarm_clicked(bool)\xe2\x80\x99:\n'}
[4.182068] (qt_ros_test) StderrLine: {'line': b'/home/wheeltec/lab103/qt_sim_v1/src/qt_ros_test/src/main_window.cpp:855:16: warning: \xe2\x80\x98void QProcess::start(const QString&, QIODevice::OpenMode)\xe2\x80\x99 is deprecated: Use QProcess::start(const QString &program, const QStringList &arguments,OpenMode mode = ReadWrite) instead [-Wdeprecated-declarations]\n'}
[4.182089] (qt_ros_test) StderrLine: {'line': b'  855 |     _cmd->start("bash");\n'}
[4.182109] (qt_ros_test) StderrLine: {'line': b'      |     ~~~~~~~~~~~^~~~~~~~\n'}
[4.182143] (qt_ros_test) StderrLine: {'line': b'In file included from /usr/include/x86_64-linux-gnu/qt5/QtCore/QtCore:170,\n'}
[4.182165] (qt_ros_test) StderrLine: {'line': b'                 from /usr/include/x86_64-linux-gnu/qt5/QtGui/QtGuiDepends:3,\n'}
[4.182185] (qt_ros_test) StderrLine: {'line': b'                 from /usr/include/x86_64-linux-gnu/qt5/QtGui/QtGui:3,\n'}
[4.182204] (qt_ros_test) StderrLine: {'line': b'                 from /home/wheeltec/lab103/qt_sim_v1/src/qt_ros_test/src/main_window.cpp:12:\n'}
[4.182223] (qt_ros_test) StderrLine: {'line': b'/usr/include/x86_64-linux-gnu/qt5/QtCore/qprocess.h:168:10: note: declared here\n'}
[4.182242] (qt_ros_test) StderrLine: {'line': b'  168 |     void start(const QString &command, OpenMode mode = ReadWrite);\n'}
[4.182268] (qt_ros_test) StderrLine: {'line': b'      |          ^~~~~\n'}
[4.182346] (qt_ros_test) StderrLine: {'line': b'/home/wheeltec/lab103/qt_sim_v1/src/qt_ros_test/src/main_window.cpp: In member function \xe2\x80\x98void qt_ros_test::MainWindow::on_pushButton_unfsarm_clicked(bool)\xe2\x80\x99:\n'}
[4.182377] (qt_ros_test) StderrLine: {'line': b'/home/wheeltec/lab103/qt_sim_v1/src/qt_ros_test/src/main_window.cpp:866:16: warning: \xe2\x80\x98void QProcess::start(const QString&, QIODevice::OpenMode)\xe2\x80\x99 is deprecated: Use QProcess::start(const QString &program, const QStringList &arguments,OpenMode mode = ReadWrite) instead [-Wdeprecated-declarations]\n'}
[4.182404] (qt_ros_test) StderrLine: {'line': b'  866 |     _cmd->start("bash");\n'}
[4.182424] (qt_ros_test) StderrLine: {'line': b'      |     ~~~~~~~~~~~^~~~~~~~\n'}
[4.182444] (qt_ros_test) StderrLine: {'line': b'In file included from /usr/include/x86_64-linux-gnu/qt5/QtCore/QtCore:170,\n'}
[4.182473] (qt_ros_test) StderrLine: {'line': b'                 from /usr/include/x86_64-linux-gnu/qt5/QtGui/QtGuiDepends:3,\n'}
[4.182493] (qt_ros_test) StderrLine: {'line': b'                 from /usr/include/x86_64-linux-gnu/qt5/QtGui/QtGui:3,\n'}
[4.182513] (qt_ros_test) StderrLine: {'line': b'                 from /home/wheeltec/lab103/qt_sim_v1/src/qt_ros_test/src/main_window.cpp:12:\n'}
[4.182532] (qt_ros_test) StderrLine: {'line': b'/usr/include/x86_64-linux-gnu/qt5/QtCore/qprocess.h:168:10: note: declared here\n'}
[4.182553] (qt_ros_test) StderrLine: {'line': b'  168 |     void start(const QString &command, OpenMode mode = ReadWrite);\n'}
[4.182572] (qt_ros_test) StderrLine: {'line': b'      |          ^~~~~\n'}
[4.183494] (qt_ros_test) StderrLine: {'line': b'/home/wheeltec/lab103/qt_sim_v1/src/qt_ros_test/src/main_window.cpp: In member function \xe2\x80\x98void qt_ros_test::MainWindow::on_pushButton_rqt_clicked(bool)\xe2\x80\x99:\n'}
[4.183566] (qt_ros_test) StderrLine: {'line': b'/home/wheeltec/lab103/qt_sim_v1/src/qt_ros_test/src/main_window.cpp:899:27: warning: \xe2\x80\x98static bool QProcess::startDetached(const QString&)\xe2\x80\x99 is deprecated: Use QProcess::startDetached(const QString &program, const QStringList &arguments) instead [-Wdeprecated-declarations]\n'}
[4.183596] (qt_ros_test) StderrLine: {'line': b'  899 |     rqt_cmd->startDetached("rqt");\n'}
[4.183617] (qt_ros_test) StderrLine: {'line': b'      |     ~~~~~~~~~~~~~~~~~~~~~~^~~~~~~\n'}
[4.183637] (qt_ros_test) StderrLine: {'line': b'In file included from /usr/include/x86_64-linux-gnu/qt5/QtCore/QtCore:170,\n'}
[4.183657] (qt_ros_test) StderrLine: {'line': b'                 from /usr/include/x86_64-linux-gnu/qt5/QtGui/QtGuiDepends:3,\n'}
[4.183677] (qt_ros_test) StderrLine: {'line': b'                 from /usr/include/x86_64-linux-gnu/qt5/QtGui/QtGui:3,\n'}
[4.183705] (qt_ros_test) StderrLine: {'line': b'                 from /home/wheeltec/lab103/qt_sim_v1/src/qt_ros_test/src/main_window.cpp:12:\n'}
[4.183725] (qt_ros_test) StderrLine: {'line': b'/usr/include/x86_64-linux-gnu/qt5/QtCore/qprocess.h:280:17: note: declared here\n'}
[4.183744] (qt_ros_test) StderrLine: {'line': b'  280 |     static bool startDetached(const QString &command);\n'}
[4.183762] (qt_ros_test) StderrLine: {'line': b'      |                 ^~~~~~~~~~~~~\n'}
[4.183831] (qt_ros_test) StderrLine: {'line': b'/home/wheeltec/lab103/qt_sim_v1/src/qt_ros_test/src/main_window.cpp: In member function \xe2\x80\x98void qt_ros_test::MainWindow::on_pushButton_rviz_clicked(bool)\xe2\x80\x99:\n'}
[4.183858] (qt_ros_test) StderrLine: {'line': b'/home/wheeltec/lab103/qt_sim_v1/src/qt_ros_test/src/main_window.cpp:905:28: warning: \xe2\x80\x98static bool QProcess::startDetached(const QString&)\xe2\x80\x99 is deprecated: Use QProcess::startDetached(const QString &program, const QStringList &arguments) instead [-Wdeprecated-declarations]\n'}
[4.183879] (qt_ros_test) StderrLine: {'line': b'  905 |     rviz_cmd->startDetached("rviz2");\n'}
[4.183899] (qt_ros_test) StderrLine: {'line': b'      |     ~~~~~~~~~~~~~~~~~~~~~~~^~~~~~~~~\n'}
[4.183925] (qt_ros_test) StderrLine: {'line': b'In file included from /usr/include/x86_64-linux-gnu/qt5/QtCore/QtCore:170,\n'}
[4.183945] (qt_ros_test) StderrLine: {'line': b'                 from /usr/include/x86_64-linux-gnu/qt5/QtGui/QtGuiDepends:3,\n'}
[4.184036] (qt_ros_test) StderrLine: {'line': b'                 from /usr/include/x86_64-linux-gnu/qt5/QtGui/QtGui:3,\n'}
[4.184059] (qt_ros_test) StderrLine: {'line': b'                 from /home/wheeltec/lab103/qt_sim_v1/src/qt_ros_test/src/main_window.cpp:12:\n'}
[4.184079] (qt_ros_test) StderrLine: {'line': b'/usr/include/x86_64-linux-gnu/qt5/QtCore/qprocess.h:280:17: note: declared here\n'}
[4.184097] (qt_ros_test) StderrLine: {'line': b'  280 |     static bool startDetached(const QString &command);\n'}
[4.184115] (qt_ros_test) StderrLine: {'line': b'      |                 ^~~~~~~~~~~~~\n'}
[4.184133] (qt_ros_test) StderrLine: {'line': b'/home/wheeltec/lab103/qt_sim_v1/src/qt_ros_test/src/main_window.cpp: In member function \xe2\x80\x98void qt_ros_test::MainWindow::on_quit_button_2_clicked(bool)\xe2\x80\x99:\n'}
[4.184153] (qt_ros_test) StderrLine: {'line': b'/home/wheeltec/lab103/qt_sim_v1/src/qt_ros_test/src/main_window.cpp:970:22: warning: \xe2\x80\x98static int QProcess::execute(const QString&)\xe2\x80\x99 is deprecated: Use QProcess::execute(const QString &program, const QStringList &arguments) instead [-Wdeprecated-declarations]\n'}
[4.184174] (qt_ros_test) StderrLine: {'line': b'  970 |     QProcess::execute("ssh -Y wheeltec@192.168.0.100\\n"\n'}
[4.184194] (qt_ros_test) StderrLine: {'line': b'      |     ~~~~~~~~~~~~~~~~~^~~~~~~~~~~~~~~~~~~~~~~~~~~~~~~~~~\n'}
[4.184212] (qt_ros_test) StderrLine: {'line': b'  971 |                       "killall -s INT -w ros2\\n");\n'}
[4.184230] (qt_ros_test) StderrLine: {'line': b'      |                       ~~~~~~~~~~~~~~~~~~~~~~~~~~~\n'}
[4.184248] (qt_ros_test) StderrLine: {'line': b'In file included from /usr/include/x86_64-linux-gnu/qt5/QtCore/QtCore:170,\n'}
[4.184266] (qt_ros_test) StderrLine: {'line': b'                 from /usr/include/x86_64-linux-gnu/qt5/QtGui/QtGuiDepends:3,\n'}
[4.184284] (qt_ros_test) StderrLine: {'line': b'                 from /usr/include/x86_64-linux-gnu/qt5/QtGui/QtGui:3,\n'}
[4.184301] (qt_ros_test) StderrLine: {'line': b'                 from /home/wheeltec/lab103/qt_sim_v1/src/qt_ros_test/src/main_window.cpp:12:\n'}
[4.184319] (qt_ros_test) StderrLine: {'line': b'/usr/include/x86_64-linux-gnu/qt5/QtCore/qprocess.h:265:16: note: declared here\n'}
[4.184337] (qt_ros_test) StderrLine: {'line': b'  265 |     static int execute(const QString &command);\n'}
[4.184362] (qt_ros_test) StderrLine: {'line': b'      |                ^~~~~~~\n'}
[4.237728] (-) TimerEvent: {}
[4.338468] (-) TimerEvent: {}
[4.439282] (-) TimerEvent: {}
[4.539641] (-) TimerEvent: {}
[4.639957] (-) TimerEvent: {}
[4.740467] (-) TimerEvent: {}
[4.841044] (-) TimerEvent: {}
[4.941550] (-) TimerEvent: {}
[5.043106] (-) TimerEvent: {}
[5.143647] (-) TimerEvent: {}
[5.243949] (-) TimerEvent: {}
[5.344583] (-) TimerEvent: {}
[5.445196] (-) TimerEvent: {}
[5.545672] (-) TimerEvent: {}
[5.645945] (-) TimerEvent: {}
[5.743971] (qt_ros_test) StdoutLine: {'line': b'[ 19%] Linking CXX executable qt_ros_test\n'}
[5.746298] (-) TimerEvent: {}
[5.846599] (-) TimerEvent: {}
[5.947011] (-) TimerEvent: {}
[6.047723] (-) TimerEvent: {}
[6.148953] (-) TimerEvent: {}
[6.249468] (-) TimerEvent: {}
[6.350116] (-) TimerEvent: {}
[6.450835] (-) TimerEvent: {}
[6.551345] (-) TimerEvent: {}
[6.651934] (-) TimerEvent: {}
[6.752626] (-) TimerEvent: {}
[6.853013] (-) TimerEvent: {}
[6.953633] (-) TimerEvent: {}
[7.054115] (-) TimerEvent: {}
[7.155122] (-) TimerEvent: {}
[7.255772] (-) TimerEvent: {}
[7.356331] (-) TimerEvent: {}
[7.456815] (-) TimerEvent: {}
[7.557090] (-) TimerEvent: {}
[7.657433] (-) TimerEvent: {}
[7.757956] (-) TimerEvent: {}
[7.858309] (-) TimerEvent: {}
[7.958686] (-) TimerEvent: {}
[8.059315] (-) TimerEvent: {}
[8.123725] (qt_ros_test) StdoutLine: {'line': b'[100%] Built target qt_ros_test\n'}
[8.129915] (qt_ros_test) CommandEnded: {'returncode': 0}
[8.159565] (-) TimerEvent: {}
[8.162307] (qt_ros_test) JobProgress: {'identifier': 'qt_ros_test', 'progress': 'install'}
[8.162342] (qt_ros_test) Command: {'cmd': ['/usr/bin/cmake', '--install', '/home/wheeltec/lab103/qt_sim_v1/build/qt_ros_test'], 'cwd': '/home/wheeltec/lab103/qt_sim_v1/build/qt_ros_test', 'env': OrderedDict([('GJS_DEBUG_TOPICS', 'JS ERROR;JS LOG'), ('USER', 'wheeltec'), ('XDG_SESSION_TYPE', 'wayland'), ('LD_LIBRARY_PATH', '/opt/ros/humble/opt/rviz_ogre_vendor/lib:/opt/ros/humble/lib/x86_64-linux-gnu:/opt/ros/humble/lib'), ('SHLVL', '1'), ('HOME', '/home/wheeltec'), ('DESKTOP_SESSION', 'ubuntu'), ('QTDIR', '/home/wheeltec/Qt/6.5.3/gcc_64'), ('GIO_LAUNCHED_DESKTOP_FILE', '/home/wheeltec/.local/share/applications/org.qt-project.qtcreator.desktop'), ('GNOME_SHELL_SESSION_MODE', 'ubuntu'), ('GTK_MODULES', 'gail:atk-bridge'), ('ROS_PYTHON_VERSION', '3'), ('MANAGERPID', '997'), ('DBUS_SESSION_BUS_ADDRESS', 'unix:path'), ('SYSTEMD_EXEC_PID', '1332'), ('GIO_LAUNCHED_DESKTOP_FILE_PID', '1935'), ('COLCON_PREFIX_PATH', '/home/wheeltec/lab103/qt_sim_v1/install'), ('IM_CONFIG_PHASE', '1'), ('ROS_DISTRO', 'humble'), ('WAYLAND_DISPLAY', 'wayland-0'), ('LOGNAME', 'wheeltec'), ('JOURNAL_STREAM', '8:22322'), ('_', '/usr/bin/env'), ('ROS_VERSION', '2'), ('XDG_SESSION_CLASS', 'user'), ('USERNAME', 'wheeltec'), ('GNOME_DESKTOP_SESSION_ID', 'this-is-deprecated'), ('ROS_LOCALHOST_ONLY', '0'), ('PATH', '/opt/ros/humble/bin:/usr/local/sbin:/usr/local/bin:/usr/sbin:/usr/bin:/sbin:/bin:/usr/games:/usr/local/games:/snap/bin:/snap/bin'), ('INVOCATION_ID', '3328b75a46014fff989b327ec4496e36'), ('SESSION_MANAGER', 'local/humble:@/tmp/.ICE-unix/1304,unix/humble:/tmp/.ICE-unix/1304'), ('GNOME_SETUP_DISPLAY', ':1'), ('XDG_MENU_PREFIX', 'gnome-'), ('XDG_RUNTIME_DIR', '/run/user/1000'), ('DISPLAY', ':0'), ('LANG', 'en_US.UTF-8'), ('XDG_CURRENT_DESKTOP', 'ubuntu:GNOME'), ('XAUTHORITY', '/run/user/1000/.mutter-Xwaylandauth.JJ0Q62'), ('XDG_SESSION_DESKTOP', 'ubuntu'), ('XMODIFIERS', '@im'), ('AMENT_PREFIX_PATH', '/home/wheeltec/lab103/qt_sim_v1/install/wheeltec_robot_urdf:/home/wheeltec/lab103/qt_sim_v1/install/qt_ros_test:/opt/ros/humble'), ('SSH_AGENT_LAUNCHER', 'gnome-keyring'), ('SSH_AUTH_SOCK', '/run/user/1000/keyring/ssh'), ('SHELL', '/bin/bash'), ('GDMSESSION', 'ubuntu'), ('QT_ACCESSIBILITY', '1'), ('GJS_DEBUG_OUTPUT', 'stderr'), ('QT_IM_MODULE', 'ibus'), ('LC_ALL', 'en_US.UTF-8'), ('PWD', '/home/wheeltec/lab103/qt_sim_v1/build/qt_ros_test'), ('QT_QPA_PLATFORM', 'xcb'), ('XDG_CONFIG_DIRS', '/etc/xdg/xdg-ubuntu:/etc/xdg'), ('XDG_DATA_DIRS', '/usr/share/ubuntu:/usr/local/share/:/usr/share/:/var/lib/snapd/desktop'), ('PYTHONPATH', '/opt/ros/humble/lib/python3.10/site-packages:/opt/ros/humble/local/lib/python3.10/dist-packages'), ('COLCON', '1'), ('CMAKE_PREFIX_PATH', '/home/wheeltec/lab103/qt_sim_v1/install/wheeltec_robot_urdf:/home/wheeltec/lab103/qt_sim_v1/install/qt_ros_test:/opt/ros/humble')]), 'shell': False}
[8.166275] (qt_ros_test) StdoutLine: {'line': b'-- Install configuration: "Debug"\n'}
[8.166392] (qt_ros_test) StdoutLine: {'line': b'-- Installing: /home/wheeltec/lab103/qt_sim_v1/install/qt_ros_test/lib/qt_ros_test/qt_ros_test\n'}
[8.192386] (qt_ros_test) StdoutLine: {'line': b'-- Set runtime path of "/home/wheeltec/lab103/qt_sim_v1/install/qt_ros_test/lib/qt_ros_test/qt_ros_test" to "/home/wheeltec/lab103/qt_sim_v1/src/qt_ros_test/lib"\n'}
[8.192480] (qt_ros_test) StdoutLine: {'line': b'-- Up-to-date: /home/wheeltec/lab103/qt_sim_v1/install/qt_ros_test/share/qt_ros_test/launch\n'}
[8.192786] (qt_ros_test) StdoutLine: {'line': b'-- Up-to-date: /home/wheeltec/lab103/qt_sim_v1/install/qt_ros_test/share/qt_ros_test/launch/qt_ros_test.launch.py\n'}
[8.192858] (qt_ros_test) StdoutLine: {'line': b'-- Up-to-date: /home/wheeltec/lab103/qt_sim_v1/install/qt_ros_test/share/ament_index/resource_index/package_run_dependencies/qt_ros_test\n'}
[8.192900] (qt_ros_test) StdoutLine: {'line': b'-- Up-to-date: /home/wheeltec/lab103/qt_sim_v1/install/qt_ros_test/share/ament_index/resource_index/parent_prefix_path/qt_ros_test\n'}
[8.192930] (qt_ros_test) StdoutLine: {'line': b'-- Up-to-date: /home/wheeltec/lab103/qt_sim_v1/install/qt_ros_test/share/qt_ros_test/environment/ament_prefix_path.sh\n'}
[8.192952] (qt_ros_test) StdoutLine: {'line': b'-- Up-to-date: /home/wheeltec/lab103/qt_sim_v1/install/qt_ros_test/share/qt_ros_test/environment/ament_prefix_path.dsv\n'}
[8.192973] (qt_ros_test) StdoutLine: {'line': b'-- Up-to-date: /home/wheeltec/lab103/qt_sim_v1/install/qt_ros_test/share/qt_ros_test/environment/path.sh\n'}
[8.192993] (qt_ros_test) StdoutLine: {'line': b'-- Up-to-date: /home/wheeltec/lab103/qt_sim_v1/install/qt_ros_test/share/qt_ros_test/environment/path.dsv\n'}
[8.193011] (qt_ros_test) StdoutLine: {'line': b'-- Up-to-date: /home/wheeltec/lab103/qt_sim_v1/install/qt_ros_test/share/qt_ros_test/local_setup.bash\n'}
[8.193030] (qt_ros_test) StdoutLine: {'line': b'-- Up-to-date: /home/wheeltec/lab103/qt_sim_v1/install/qt_ros_test/share/qt_ros_test/local_setup.sh\n'}
[8.193048] (qt_ros_test) StdoutLine: {'line': b'-- Up-to-date: /home/wheeltec/lab103/qt_sim_v1/install/qt_ros_test/share/qt_ros_test/local_setup.zsh\n'}
[8.193110] (qt_ros_test) StdoutLine: {'line': b'-- Up-to-date: /home/wheeltec/lab103/qt_sim_v1/install/qt_ros_test/share/qt_ros_test/local_setup.dsv\n'}
[8.193136] (qt_ros_test) StdoutLine: {'line': b'-- Installing: /home/wheeltec/lab103/qt_sim_v1/install/qt_ros_test/share/qt_ros_test/package.dsv\n'}
[8.193190] (qt_ros_test) StdoutLine: {'line': b'-- Up-to-date: /home/wheeltec/lab103/qt_sim_v1/install/qt_ros_test/share/ament_index/resource_index/packages/qt_ros_test\n'}
[8.193215] (qt_ros_test) StdoutLine: {'line': b'-- Up-to-date: /home/wheeltec/lab103/qt_sim_v1/install/qt_ros_test/share/qt_ros_test/cmake/qt_ros_testConfig.cmake\n'}
[8.193236] (qt_ros_test) StdoutLine: {'line': b'-- Up-to-date: /home/wheeltec/lab103/qt_sim_v1/install/qt_ros_test/share/qt_ros_test/cmake/qt_ros_testConfig-version.cmake\n'}
[8.193255] (qt_ros_test) StdoutLine: {'line': b'-- Up-to-date: /home/wheeltec/lab103/qt_sim_v1/install/qt_ros_test/share/qt_ros_test/package.xml\n'}
[8.194413] (qt_ros_test) CommandEnded: {'returncode': 0}
[8.233976] (qt_ros_test) JobEnded: {'identifier': 'qt_ros_test', 'rc': 0}
[8.234419] (-) EventReactorShutdown: {}
