[0.000000] (-) TimerEvent: {}
[0.000099] (qt_ros_test) JobQueued: {'identifier': 'qt_ros_test', 'dependencies': OrderedDict()}
[0.000127] (wheeltec_robot_urdf) JobQueued: {'identifier': 'wheeltec_robot_urdf', 'dependencies': OrderedDict()}
[0.000136] (qt_ros_test) JobStarted: {'identifier': 'qt_ros_test'}
[0.002173] (wheeltec_robot_urdf) JobStarted: {'identifier': 'wheeltec_robot_urdf'}
[0.009057] (qt_ros_test) JobProgress: {'identifier': 'qt_ros_test', 'progress': 'cmake'}
[0.009961] (qt_ros_test) JobProgress: {'identifier': 'qt_ros_test', 'progress': 'build'}
[0.010004] (qt_ros_test) Command: {'cmd': ['/usr/bin/cmake', '--build', '/home/wheeltec/lab103/qt_sim_v1/build/qt_ros_test', '--', '-j4', '-l4'], 'cwd': '/home/wheeltec/lab103/qt_sim_v1/build/qt_ros_test', 'env': OrderedDict([('GJS_DEBUG_TOPICS', 'JS ERROR;JS LOG'), ('USER', 'wheeltec'), ('XDG_SESSION_TYPE', 'wayland'), ('LD_LIBRARY_PATH', '/opt/ros/humble/opt/rviz_ogre_vendor/lib:/opt/ros/humble/lib/x86_64-linux-gnu:/opt/ros/humble/lib'), ('SHLVL', '1'), ('HOME', '/home/wheeltec'), ('DESKTOP_SESSION', 'ubuntu'), ('QTDIR', '/home/wheeltec/Qt/6.5.3/gcc_64'), ('GIO_LAUNCHED_DESKTOP_FILE', '/home/wheeltec/.local/share/applications/org.qt-project.qtcreator.desktop'), ('GNOME_SHELL_SESSION_MODE', 'ubuntu'), ('GTK_MODULES', 'gail:atk-bridge'), ('ROS_PYTHON_VERSION', '3'), ('MANAGERPID', '997'), ('DBUS_SESSION_BUS_ADDRESS', 'unix:path'), ('SYSTEMD_EXEC_PID', '1332'), ('GIO_LAUNCHED_DESKTOP_FILE_PID', '1935'), ('COLCON_PREFIX_PATH', '/home/wheeltec/lab103/qt_sim_v1/install'), ('IM_CONFIG_PHASE', '1'), ('ROS_DISTRO', 'humble'), ('WAYLAND_DISPLAY', 'wayland-0'), ('LOGNAME', 'wheeltec'), ('JOURNAL_STREAM', '8:22322'), ('_', '/usr/bin/env'), ('ROS_VERSION', '2'), ('XDG_SESSION_CLASS', 'user'), ('USERNAME', 'wheeltec'), ('GNOME_DESKTOP_SESSION_ID', 'this-is-deprecated'), ('ROS_LOCALHOST_ONLY', '0'), ('PATH', '/opt/ros/humble/bin:/usr/local/sbin:/usr/local/bin:/usr/sbin:/usr/bin:/sbin:/bin:/usr/games:/usr/local/games:/snap/bin:/snap/bin'), ('INVOCATION_ID', '3328b75a46014fff989b327ec4496e36'), ('SESSION_MANAGER', 'local/humble:@/tmp/.ICE-unix/1304,unix/humble:/tmp/.ICE-unix/1304'), ('GNOME_SETUP_DISPLAY', ':1'), ('XDG_MENU_PREFIX', 'gnome-'), ('XDG_RUNTIME_DIR', '/run/user/1000'), ('DISPLAY', ':0'), ('LANG', 'en_US.UTF-8'), ('XDG_CURRENT_DESKTOP', 'ubuntu:GNOME'), ('XAUTHORITY', '/run/user/1000/.mutter-Xwaylandauth.JJ0Q62'), ('XDG_SESSION_DESKTOP', 'ubuntu'), ('XMODIFIERS', '@im'), ('AMENT_PREFIX_PATH', '/home/wheeltec/lab103/qt_sim_v1/install/wheeltec_robot_urdf:/home/wheeltec/lab103/qt_sim_v1/install/qt_ros_test:/opt/ros/humble'), ('SSH_AGENT_LAUNCHER', 'gnome-keyring'), ('SSH_AUTH_SOCK', '/run/user/1000/keyring/ssh'), ('SHELL', '/bin/bash'), ('GDMSESSION', 'ubuntu'), ('QT_ACCESSIBILITY', '1'), ('GJS_DEBUG_OUTPUT', 'stderr'), ('QT_IM_MODULE', 'ibus'), ('LC_ALL', 'en_US.UTF-8'), ('PWD', '/home/wheeltec/lab103/qt_sim_v1/build/qt_ros_test'), ('QT_QPA_PLATFORM', 'xcb'), ('XDG_CONFIG_DIRS', '/etc/xdg/xdg-ubuntu:/etc/xdg'), ('XDG_DATA_DIRS', '/usr/share/ubuntu:/usr/local/share/:/usr/share/:/var/lib/snapd/desktop'), ('PYTHONPATH', '/opt/ros/humble/lib/python3.10/site-packages:/opt/ros/humble/local/lib/python3.10/dist-packages'), ('COLCON', '1'), ('CMAKE_PREFIX_PATH', '/home/wheeltec/lab103/qt_sim_v1/install/wheeltec_robot_urdf:/home/wheeltec/lab103/qt_sim_v1/install/qt_ros_test:/opt/ros/humble')]), 'shell': False}
[0.013666] (wheeltec_robot_urdf) JobProgress: {'identifier': 'wheeltec_robot_urdf', 'progress': 'cmake'}
[0.014271] (wheeltec_robot_urdf) JobProgress: {'identifier': 'wheeltec_robot_urdf', 'progress': 'build'}
[0.014303] (wheeltec_robot_urdf) Command: {'cmd': ['/usr/bin/cmake', '--build', '/home/wheeltec/lab103/qt_sim_v1/build/wheeltec_robot_urdf', '--', '-j4', '-l4'], 'cwd': '/home/wheeltec/lab103/qt_sim_v1/build/wheeltec_robot_urdf', 'env': OrderedDict([('GJS_DEBUG_TOPICS', 'JS ERROR;JS LOG'), ('USER', 'wheeltec'), ('XDG_SESSION_TYPE', 'wayland'), ('LD_LIBRARY_PATH', '/opt/ros/humble/opt/rviz_ogre_vendor/lib:/opt/ros/humble/lib/x86_64-linux-gnu:/opt/ros/humble/lib'), ('SHLVL', '1'), ('HOME', '/home/wheeltec'), ('DESKTOP_SESSION', 'ubuntu'), ('QTDIR', '/home/wheeltec/Qt/6.5.3/gcc_64'), ('GIO_LAUNCHED_DESKTOP_FILE', '/home/wheeltec/.local/share/applications/org.qt-project.qtcreator.desktop'), ('GNOME_SHELL_SESSION_MODE', 'ubuntu'), ('GTK_MODULES', 'gail:atk-bridge'), ('ROS_PYTHON_VERSION', '3'), ('MANAGERPID', '997'), ('DBUS_SESSION_BUS_ADDRESS', 'unix:path'), ('SYSTEMD_EXEC_PID', '1332'), ('GIO_LAUNCHED_DESKTOP_FILE_PID', '1935'), ('COLCON_PREFIX_PATH', '/home/wheeltec/lab103/qt_sim_v1/install'), ('IM_CONFIG_PHASE', '1'), ('ROS_DISTRO', 'humble'), ('WAYLAND_DISPLAY', 'wayland-0'), ('LOGNAME', 'wheeltec'), ('JOURNAL_STREAM', '8:22322'), ('_', '/usr/bin/env'), ('ROS_VERSION', '2'), ('XDG_SESSION_CLASS', 'user'), ('USERNAME', 'wheeltec'), ('GNOME_DESKTOP_SESSION_ID', 'this-is-deprecated'), ('ROS_LOCALHOST_ONLY', '0'), ('PATH', '/opt/ros/humble/bin:/usr/local/sbin:/usr/local/bin:/usr/sbin:/usr/bin:/sbin:/bin:/usr/games:/usr/local/games:/snap/bin:/snap/bin'), ('INVOCATION_ID', '3328b75a46014fff989b327ec4496e36'), ('SESSION_MANAGER', 'local/humble:@/tmp/.ICE-unix/1304,unix/humble:/tmp/.ICE-unix/1304'), ('GNOME_SETUP_DISPLAY', ':1'), ('XDG_MENU_PREFIX', 'gnome-'), ('XDG_RUNTIME_DIR', '/run/user/1000'), ('DISPLAY', ':0'), ('LANG', 'en_US.UTF-8'), ('XDG_CURRENT_DESKTOP', 'ubuntu:GNOME'), ('XAUTHORITY', '/run/user/1000/.mutter-Xwaylandauth.JJ0Q62'), ('XDG_SESSION_DESKTOP', 'ubuntu'), ('XMODIFIERS', '@im'), ('AMENT_PREFIX_PATH', '/home/wheeltec/lab103/qt_sim_v1/install/wheeltec_robot_urdf:/home/wheeltec/lab103/qt_sim_v1/install/qt_ros_test:/opt/ros/humble'), ('SSH_AGENT_LAUNCHER', 'gnome-keyring'), ('SSH_AUTH_SOCK', '/run/user/1000/keyring/ssh'), ('SHELL', '/bin/bash'), ('GDMSESSION', 'ubuntu'), ('QT_ACCESSIBILITY', '1'), ('GJS_DEBUG_OUTPUT', 'stderr'), ('QT_IM_MODULE', 'ibus'), ('LC_ALL', 'en_US.UTF-8'), ('PWD', '/home/wheeltec/lab103/qt_sim_v1/build/wheeltec_robot_urdf'), ('QT_QPA_PLATFORM', 'xcb'), ('XDG_CONFIG_DIRS', '/etc/xdg/xdg-ubuntu:/etc/xdg'), ('XDG_DATA_DIRS', '/usr/share/ubuntu:/usr/local/share/:/usr/share/:/var/lib/snapd/desktop'), ('PYTHONPATH', '/opt/ros/humble/lib/python3.10/site-packages:/opt/ros/humble/local/lib/python3.10/dist-packages'), ('COLCON', '1'), ('CMAKE_PREFIX_PATH', '/home/wheeltec/lab103/qt_sim_v1/install/wheeltec_robot_urdf:/home/wheeltec/lab103/qt_sim_v1/install/qt_ros_test:/opt/ros/humble')]), 'shell': False}
[0.049666] (wheeltec_robot_urdf) CommandEnded: {'returncode': 0}
[0.077559] (qt_ros_test) StdoutLine: {'line': b'[  3%] Building CXX object CMakeFiles/qt_ros_test.dir/src/main_window.cpp.o\n'}
[0.086131] (wheeltec_robot_urdf) JobProgress: {'identifier': 'wheeltec_robot_urdf', 'progress': 'install'}
[0.093479] (wheeltec_robot_urdf) Command: {'cmd': ['/usr/bin/cmake', '--install', '/home/wheeltec/lab103/qt_sim_v1/build/wheeltec_robot_urdf'], 'cwd': '/home/wheeltec/lab103/qt_sim_v1/build/wheeltec_robot_urdf', 'env': OrderedDict([('GJS_DEBUG_TOPICS', 'JS ERROR;JS LOG'), ('USER', 'wheeltec'), ('XDG_SESSION_TYPE', 'wayland'), ('LD_LIBRARY_PATH', '/opt/ros/humble/opt/rviz_ogre_vendor/lib:/opt/ros/humble/lib/x86_64-linux-gnu:/opt/ros/humble/lib'), ('SHLVL', '1'), ('HOME', '/home/wheeltec'), ('DESKTOP_SESSION', 'ubuntu'), ('QTDIR', '/home/wheeltec/Qt/6.5.3/gcc_64'), ('GIO_LAUNCHED_DESKTOP_FILE', '/home/wheeltec/.local/share/applications/org.qt-project.qtcreator.desktop'), ('GNOME_SHELL_SESSION_MODE', 'ubuntu'), ('GTK_MODULES', 'gail:atk-bridge'), ('ROS_PYTHON_VERSION', '3'), ('MANAGERPID', '997'), ('DBUS_SESSION_BUS_ADDRESS', 'unix:path'), ('SYSTEMD_EXEC_PID', '1332'), ('GIO_LAUNCHED_DESKTOP_FILE_PID', '1935'), ('COLCON_PREFIX_PATH', '/home/wheeltec/lab103/qt_sim_v1/install'), ('IM_CONFIG_PHASE', '1'), ('ROS_DISTRO', 'humble'), ('WAYLAND_DISPLAY', 'wayland-0'), ('LOGNAME', 'wheeltec'), ('JOURNAL_STREAM', '8:22322'), ('_', '/usr/bin/env'), ('ROS_VERSION', '2'), ('XDG_SESSION_CLASS', 'user'), ('USERNAME', 'wheeltec'), ('GNOME_DESKTOP_SESSION_ID', 'this-is-deprecated'), ('ROS_LOCALHOST_ONLY', '0'), ('PATH', '/opt/ros/humble/bin:/usr/local/sbin:/usr/local/bin:/usr/sbin:/usr/bin:/sbin:/bin:/usr/games:/usr/local/games:/snap/bin:/snap/bin'), ('INVOCATION_ID', '3328b75a46014fff989b327ec4496e36'), ('SESSION_MANAGER', 'local/humble:@/tmp/.ICE-unix/1304,unix/humble:/tmp/.ICE-unix/1304'), ('GNOME_SETUP_DISPLAY', ':1'), ('XDG_MENU_PREFIX', 'gnome-'), ('XDG_RUNTIME_DIR', '/run/user/1000'), ('DISPLAY', ':0'), ('LANG', 'en_US.UTF-8'), ('XDG_CURRENT_DESKTOP', 'ubuntu:GNOME'), ('XAUTHORITY', '/run/user/1000/.mutter-Xwaylandauth.JJ0Q62'), ('XDG_SESSION_DESKTOP', 'ubuntu'), ('XMODIFIERS', '@im'), ('AMENT_PREFIX_PATH', '/home/wheeltec/lab103/qt_sim_v1/install/wheeltec_robot_urdf:/home/wheeltec/lab103/qt_sim_v1/install/qt_ros_test:/opt/ros/humble'), ('SSH_AGENT_LAUNCHER', 'gnome-keyring'), ('SSH_AUTH_SOCK', '/run/user/1000/keyring/ssh'), ('SHELL', '/bin/bash'), ('GDMSESSION', 'ubuntu'), ('QT_ACCESSIBILITY', '1'), ('GJS_DEBUG_OUTPUT', 'stderr'), ('QT_IM_MODULE', 'ibus'), ('LC_ALL', 'en_US.UTF-8'), ('PWD', '/home/wheeltec/lab103/qt_sim_v1/build/wheeltec_robot_urdf'), ('QT_QPA_PLATFORM', 'xcb'), ('XDG_CONFIG_DIRS', '/etc/xdg/xdg-ubuntu:/etc/xdg'), ('XDG_DATA_DIRS', '/usr/share/ubuntu:/usr/local/share/:/usr/share/:/var/lib/snapd/desktop'), ('PYTHONPATH', '/opt/ros/humble/lib/python3.10/site-packages:/opt/ros/humble/local/lib/python3.10/dist-packages'), ('COLCON', '1'), ('CMAKE_PREFIX_PATH', '/home/wheeltec/lab103/qt_sim_v1/install/wheeltec_robot_urdf:/home/wheeltec/lab103/qt_sim_v1/install/qt_ros_test:/opt/ros/humble')]), 'shell': False}
[0.097190] (-) TimerEvent: {}
[0.097515] (wheeltec_robot_urdf) StdoutLine: {'line': b'-- Install configuration: "Debug"\n'}
[0.097661] (wheeltec_robot_urdf) StdoutLine: {'line': b'-- Up-to-date: /home/wheeltec/lab103/qt_sim_v1/install/wheeltec_robot_urdf/share/wheeltec_robot_urdf/meshes\n'}
[0.097780] (wheeltec_robot_urdf) StdoutLine: {'line': b'-- Up-to-date: /home/wheeltec/lab103/qt_sim_v1/install/wheeltec_robot_urdf/share/wheeltec_robot_urdf/meshes/bases\n'}
[0.097895] (wheeltec_robot_urdf) StdoutLine: {'line': b'-- Up-to-date: /home/wheeltec/lab103/qt_sim_v1/install/wheeltec_robot_urdf/share/wheeltec_robot_urdf/meshes/bases/waffle_pi_base.stl\n'}
[0.098062] (wheeltec_robot_urdf) StdoutLine: {'line': b'-- Up-to-date: /home/wheeltec/lab103/qt_sim_v1/install/wheeltec_robot_urdf/share/wheeltec_robot_urdf/meshes/bases/waffle_base.stl\n'}
[0.098130] (wheeltec_robot_urdf) StdoutLine: {'line': b'-- Up-to-date: /home/wheeltec/lab103/qt_sim_v1/install/wheeltec_robot_urdf/share/wheeltec_robot_urdf/meshes/bases/burger_base.stl\n'}
[0.098185] (wheeltec_robot_urdf) StdoutLine: {'line': b'-- Up-to-date: /home/wheeltec/lab103/qt_sim_v1/install/wheeltec_robot_urdf/share/wheeltec_robot_urdf/meshes/wheels\n'}
[0.099520] (wheeltec_robot_urdf) StdoutLine: {'line': b'-- Up-to-date: /home/wheeltec/lab103/qt_sim_v1/install/wheeltec_robot_urdf/share/wheeltec_robot_urdf/meshes/wheels/left_tire.stl\n'}
[0.099583] (wheeltec_robot_urdf) StdoutLine: {'line': b'-- Up-to-date: /home/wheeltec/lab103/qt_sim_v1/install/wheeltec_robot_urdf/share/wheeltec_robot_urdf/meshes/wheels/right_tire.stl\n'}
[0.099607] (wheeltec_robot_urdf) StdoutLine: {'line': b'-- Up-to-date: /home/wheeltec/lab103/qt_sim_v1/install/wheeltec_robot_urdf/share/wheeltec_robot_urdf/meshes/sensors\n'}
[0.099628] (wheeltec_robot_urdf) StdoutLine: {'line': b'-- Up-to-date: /home/wheeltec/lab103/qt_sim_v1/install/wheeltec_robot_urdf/share/wheeltec_robot_urdf/meshes/sensors/astra.jpg\n'}
[0.099648] (wheeltec_robot_urdf) StdoutLine: {'line': b'-- Up-to-date: /home/wheeltec/lab103/qt_sim_v1/install/wheeltec_robot_urdf/share/wheeltec_robot_urdf/meshes/sensors/astra.dae\n'}
[0.099667] (wheeltec_robot_urdf) StdoutLine: {'line': b'-- Up-to-date: /home/wheeltec/lab103/qt_sim_v1/install/wheeltec_robot_urdf/share/wheeltec_robot_urdf/meshes/sensors/lds.stl\n'}
[0.099686] (wheeltec_robot_urdf) StdoutLine: {'line': b'-- Up-to-date: /home/wheeltec/lab103/qt_sim_v1/install/wheeltec_robot_urdf/share/wheeltec_robot_urdf/meshes/sensors/r200.dae\n'}
[0.099706] (wheeltec_robot_urdf) StdoutLine: {'line': b'-- Up-to-date: /home/wheeltec/lab103/qt_sim_v1/install/wheeltec_robot_urdf/share/wheeltec_robot_urdf/meshes/sensors/r200.jpg\n'}
[0.099728] (wheeltec_robot_urdf) StdoutLine: {'line': b'-- Up-to-date: /home/wheeltec/lab103/qt_sim_v1/install/wheeltec_robot_urdf/share/wheeltec_robot_urdf/meshes/mini_mec_robot_meshes\n'}
[0.099748] (wheeltec_robot_urdf) StdoutLine: {'line': b'-- Up-to-date: /home/wheeltec/lab103/qt_sim_v1/install/wheeltec_robot_urdf/share/wheeltec_robot_urdf/meshes/mini_mec_robot_meshes/lf_wheel_link.STL\n'}
[0.099767] (wheeltec_robot_urdf) StdoutLine: {'line': b'-- Up-to-date: /home/wheeltec/lab103/qt_sim_v1/install/wheeltec_robot_urdf/share/wheeltec_robot_urdf/meshes/mini_mec_robot_meshes/camera_link.STL\n'}
[0.099786] (wheeltec_robot_urdf) StdoutLine: {'line': b'-- Up-to-date: /home/wheeltec/lab103/qt_sim_v1/install/wheeltec_robot_urdf/share/wheeltec_robot_urdf/meshes/mini_mec_robot_meshes/base_link.STL\n'}
[0.099804] (wheeltec_robot_urdf) StdoutLine: {'line': b'-- Up-to-date: /home/wheeltec/lab103/qt_sim_v1/install/wheeltec_robot_urdf/share/wheeltec_robot_urdf/meshes/mini_mec_robot_meshes/rf_wheel_link.STL\n'}
[0.099823] (wheeltec_robot_urdf) StdoutLine: {'line': b'-- Up-to-date: /home/wheeltec/lab103/qt_sim_v1/install/wheeltec_robot_urdf/share/wheeltec_robot_urdf/meshes/mini_mec_robot_meshes/lb_wheel_link.STL\n'}
[0.099841] (wheeltec_robot_urdf) StdoutLine: {'line': b'-- Up-to-date: /home/wheeltec/lab103/qt_sim_v1/install/wheeltec_robot_urdf/share/wheeltec_robot_urdf/meshes/mini_mec_robot_meshes/controller_link.STL\n'}
[0.099859] (wheeltec_robot_urdf) StdoutLine: {'line': b'-- Up-to-date: /home/wheeltec/lab103/qt_sim_v1/install/wheeltec_robot_urdf/share/wheeltec_robot_urdf/meshes/mini_mec_robot_meshes/laser.STL\n'}
[0.099878] (wheeltec_robot_urdf) StdoutLine: {'line': b'-- Up-to-date: /home/wheeltec/lab103/qt_sim_v1/install/wheeltec_robot_urdf/share/wheeltec_robot_urdf/meshes/mini_mec_robot_meshes/rb_wheel_link.STL\n'}
[0.099896] (wheeltec_robot_urdf) StdoutLine: {'line': b'-- Up-to-date: /home/wheeltec/lab103/qt_sim_v1/install/wheeltec_robot_urdf/share/wheeltec_robot_urdf/rviz\n'}
[0.099917] (wheeltec_robot_urdf) StdoutLine: {'line': b'-- Up-to-date: /home/wheeltec/lab103/qt_sim_v1/install/wheeltec_robot_urdf/share/wheeltec_robot_urdf/rviz/model.rviz\n'}
[0.099935] (wheeltec_robot_urdf) StdoutLine: {'line': b'-- Up-to-date: /home/wheeltec/lab103/qt_sim_v1/install/wheeltec_robot_urdf/share/wheeltec_robot_urdf/urdf\n'}
[0.099986] (wheeltec_robot_urdf) StdoutLine: {'line': b'-- Up-to-date: /home/wheeltec/lab103/qt_sim_v1/install/wheeltec_robot_urdf/share/wheeltec_robot_urdf/urdf/senior_diff_robot.urdf\n'}
[0.100009] (wheeltec_robot_urdf) StdoutLine: {'line': b'-- Up-to-date: /home/wheeltec/lab103/qt_sim_v1/install/wheeltec_robot_urdf/share/wheeltec_robot_urdf/urdf/senior_4wd_dl_robot.urdf\n'}
[0.100028] (wheeltec_robot_urdf) StdoutLine: {'line': b'-- Up-to-date: /home/wheeltec/lab103/qt_sim_v1/install/wheeltec_robot_urdf/share/wheeltec_robot_urdf/urdf/top_mec_dl_robot.urdf\n'}
[0.100047] (wheeltec_robot_urdf) StdoutLine: {'line': b'-- Up-to-date: /home/wheeltec/lab103/qt_sim_v1/install/wheeltec_robot_urdf/share/wheeltec_robot_urdf/urdf/four_wheel_diff_dl_robot.urdf\n'}
[0.100066] (wheeltec_robot_urdf) StdoutLine: {'line': b'-- Up-to-date: /home/wheeltec/lab103/qt_sim_v1/install/wheeltec_robot_urdf/share/wheeltec_robot_urdf/urdf/mini_omni_robot.urdf\n'}
[0.100084] (wheeltec_robot_urdf) StdoutLine: {'line': b'-- Up-to-date: /home/wheeltec/lab103/qt_sim_v1/install/wheeltec_robot_urdf/share/wheeltec_robot_urdf/urdf/top_akm_bs_robot.urdf\n'}
[0.100107] (wheeltec_robot_urdf) StdoutLine: {'line': b'-- Up-to-date: /home/wheeltec/lab103/qt_sim_v1/install/wheeltec_robot_urdf/share/wheeltec_robot_urdf/urdf/mec_EightDrive_robot.urdf\n'}
[0.100126] (wheeltec_robot_urdf) StdoutLine: {'line': b'-- Up-to-date: /home/wheeltec/lab103/qt_sim_v1/install/wheeltec_robot_urdf/share/wheeltec_robot_urdf/urdf/flagship_mec_dl_robot.urdf\n'}
[0.100144] (wheeltec_robot_urdf) StdoutLine: {'line': b'-- Up-to-date: /home/wheeltec/lab103/qt_sim_v1/install/wheeltec_robot_urdf/share/wheeltec_robot_urdf/urdf/senior_akm_robot.urdf\n'}
[0.100164] (wheeltec_robot_urdf) StdoutLine: {'line': b'-- Up-to-date: /home/wheeltec/lab103/qt_sim_v1/install/wheeltec_robot_urdf/share/wheeltec_robot_urdf/urdf/mini_diff_robot.urdf\n'}
[0.100183] (wheeltec_robot_urdf) StdoutLine: {'line': b'-- Up-to-date: /home/wheeltec/lab103/qt_sim_v1/install/wheeltec_robot_urdf/share/wheeltec_robot_urdf/urdf/top_akm_dl_robot.urdf\n'}
[0.100201] (wheeltec_robot_urdf) StdoutLine: {'line': b'-- Up-to-date: /home/wheeltec/lab103/qt_sim_v1/install/wheeltec_robot_urdf/share/wheeltec_robot_urdf/urdf/mini_4wd_robot.urdf\n'}
[0.100220] (wheeltec_robot_urdf) StdoutLine: {'line': b'-- Up-to-date: /home/wheeltec/lab103/qt_sim_v1/install/wheeltec_robot_urdf/share/wheeltec_robot_urdf/urdf/flagship_four_wheel_diff_dl_robot.urdf\n'}
[0.100240] (wheeltec_robot_urdf) StdoutLine: {'line': b'-- Up-to-date: /home/wheeltec/lab103/qt_sim_v1/install/wheeltec_robot_urdf/share/wheeltec_robot_urdf/urdf/mini_mec_moveit.urdf\n'}
[0.100259] (wheeltec_robot_urdf) StdoutLine: {'line': b'-- Up-to-date: /home/wheeltec/lab103/qt_sim_v1/install/wheeltec_robot_urdf/share/wheeltec_robot_urdf/urdf/senior_mec_dl_robot.urdf\n'}
[0.100278] (wheeltec_robot_urdf) StdoutLine: {'line': b'-- Up-to-date: /home/wheeltec/lab103/qt_sim_v1/install/wheeltec_robot_urdf/share/wheeltec_robot_urdf/urdf/top_4wd_dl_robot.urdf\n'}
[0.100297] (wheeltec_robot_urdf) StdoutLine: {'line': b'-- Up-to-date: /home/wheeltec/lab103/qt_sim_v1/install/wheeltec_robot_urdf/share/wheeltec_robot_urdf/urdf/mini_mec_robot.urdf\n'}
[0.100315] (wheeltec_robot_urdf) StdoutLine: {'line': b'-- Up-to-date: /home/wheeltec/lab103/qt_sim_v1/install/wheeltec_robot_urdf/share/wheeltec_robot_urdf/urdf/mini_akm_robot.urdf\n'}
[0.100334] (wheeltec_robot_urdf) StdoutLine: {'line': b'-- Up-to-date: /home/wheeltec/lab103/qt_sim_v1/install/wheeltec_robot_urdf/share/wheeltec_robot_urdf/urdf/top_mec_bs_robot.urdf\n'}
[0.100353] (wheeltec_robot_urdf) StdoutLine: {'line': b'-- Up-to-date: /home/wheeltec/lab103/qt_sim_v1/install/wheeltec_robot_urdf/share/wheeltec_robot_urdf/urdf/flagship_four_wheel_diff_bs_robot.urdf\n'}
[0.100371] (wheeltec_robot_urdf) StdoutLine: {'line': b'-- Up-to-date: /home/wheeltec/lab103/qt_sim_v1/install/wheeltec_robot_urdf/share/wheeltec_robot_urdf/urdf/top_4wd_bs_robot.urdf\n'}
[0.100389] (wheeltec_robot_urdf) StdoutLine: {'line': b'-- Up-to-date: /home/wheeltec/lab103/qt_sim_v1/install/wheeltec_robot_urdf/share/wheeltec_robot_urdf/urdf/brushless_senior_diff.urdf\n'}
[0.100407] (wheeltec_robot_urdf) StdoutLine: {'line': b'-- Up-to-date: /home/wheeltec/lab103/qt_sim_v1/install/wheeltec_robot_urdf/share/wheeltec_robot_urdf/urdf/four_wheel_diff_bs_robot.urdf\n'}
[0.100425] (wheeltec_robot_urdf) StdoutLine: {'line': b'-- Up-to-date: /home/wheeltec/lab103/qt_sim_v1/install/wheeltec_robot_urdf/share/wheeltec_robot_urdf/urdf/top_omni_robot.urdf\n'}
[0.100454] (wheeltec_robot_urdf) StdoutLine: {'line': b'-- Up-to-date: /home/wheeltec/lab103/qt_sim_v1/install/wheeltec_robot_urdf/share/wheeltec_robot_urdf/urdf/flagship_4wd_dl_robot.urdf\n'}
[0.100479] (wheeltec_robot_urdf) StdoutLine: {'line': b'-- Up-to-date: /home/wheeltec/lab103/qt_sim_v1/install/wheeltec_robot_urdf/share/wheeltec_robot_urdf/urdf/senior_omni_robot.urdf\n'}
[0.100498] (wheeltec_robot_urdf) StdoutLine: {'line': b'-- Up-to-date: /home/wheeltec/lab103/qt_sim_v1/install/wheeltec_robot_urdf/share/wheeltec_robot_urdf/urdf/senior_4wd_bs_robot.urdf\n'}
[0.100517] (wheeltec_robot_urdf) StdoutLine: {'line': b'-- Up-to-date: /home/wheeltec/lab103/qt_sim_v1/install/wheeltec_robot_urdf/share/wheeltec_robot_urdf/urdf/senior_mec_robot.urdf\n'}
[0.100538] (wheeltec_robot_urdf) StdoutLine: {'line': b'-- Up-to-date: /home/wheeltec/lab103/qt_sim_v1/install/wheeltec_robot_urdf/share/wheeltec_robot_urdf/urdf/mini_tank_moveit.urdf\n'}
[0.100556] (wheeltec_robot_urdf) StdoutLine: {'line': b'-- Up-to-date: /home/wheeltec/lab103/qt_sim_v1/install/wheeltec_robot_urdf/share/wheeltec_robot_urdf/urdf/flagship_4wd_bs_robot.urdf\n'}
[0.100574] (wheeltec_robot_urdf) StdoutLine: {'line': b'-- Up-to-date: /home/wheeltec/lab103/qt_sim_v1/install/wheeltec_robot_urdf/share/wheeltec_robot_urdf/urdf/flagship_mec_bs_robot.urdf\n'}
[0.100595] (wheeltec_robot_urdf) StdoutLine: {'line': b'-- Up-to-date: /home/wheeltec/lab103/qt_sim_v1/install/wheeltec_robot_urdf/share/ament_index/resource_index/package_run_dependencies/wheeltec_robot_urdf\n'}
[0.100613] (wheeltec_robot_urdf) StdoutLine: {'line': b'-- Up-to-date: /home/wheeltec/lab103/qt_sim_v1/install/wheeltec_robot_urdf/share/ament_index/resource_index/parent_prefix_path/wheeltec_robot_urdf\n'}
[0.100631] (wheeltec_robot_urdf) StdoutLine: {'line': b'-- Up-to-date: /home/wheeltec/lab103/qt_sim_v1/install/wheeltec_robot_urdf/share/wheeltec_robot_urdf/environment/ament_prefix_path.sh\n'}
[0.100649] (wheeltec_robot_urdf) StdoutLine: {'line': b'-- Up-to-date: /home/wheeltec/lab103/qt_sim_v1/install/wheeltec_robot_urdf/share/wheeltec_robot_urdf/environment/ament_prefix_path.dsv\n'}
[0.100666] (wheeltec_robot_urdf) StdoutLine: {'line': b'-- Up-to-date: /home/wheeltec/lab103/qt_sim_v1/install/wheeltec_robot_urdf/share/wheeltec_robot_urdf/environment/path.sh\n'}
[0.100684] (wheeltec_robot_urdf) StdoutLine: {'line': b'-- Up-to-date: /home/wheeltec/lab103/qt_sim_v1/install/wheeltec_robot_urdf/share/wheeltec_robot_urdf/environment/path.dsv\n'}
[0.100706] (wheeltec_robot_urdf) StdoutLine: {'line': b'-- Up-to-date: /home/wheeltec/lab103/qt_sim_v1/install/wheeltec_robot_urdf/share/wheeltec_robot_urdf/local_setup.bash\n'}
[0.100725] (wheeltec_robot_urdf) StdoutLine: {'line': b'-- Up-to-date: /home/wheeltec/lab103/qt_sim_v1/install/wheeltec_robot_urdf/share/wheeltec_robot_urdf/local_setup.sh\n'}
[0.100745] (wheeltec_robot_urdf) StdoutLine: {'line': b'-- Up-to-date: /home/wheeltec/lab103/qt_sim_v1/install/wheeltec_robot_urdf/share/wheeltec_robot_urdf/local_setup.zsh\n'}
[0.100764] (wheeltec_robot_urdf) StdoutLine: {'line': b'-- Up-to-date: /home/wheeltec/lab103/qt_sim_v1/install/wheeltec_robot_urdf/share/wheeltec_robot_urdf/local_setup.dsv\n'}
[0.100782] (wheeltec_robot_urdf) StdoutLine: {'line': b'-- Installing: /home/wheeltec/lab103/qt_sim_v1/install/wheeltec_robot_urdf/share/wheeltec_robot_urdf/package.dsv\n'}
[0.100800] (wheeltec_robot_urdf) StdoutLine: {'line': b'-- Up-to-date: /home/wheeltec/lab103/qt_sim_v1/install/wheeltec_robot_urdf/share/ament_index/resource_index/packages/wheeltec_robot_urdf\n'}
[0.100818] (wheeltec_robot_urdf) StdoutLine: {'line': b'-- Up-to-date: /home/wheeltec/lab103/qt_sim_v1/install/wheeltec_robot_urdf/share/wheeltec_robot_urdf/cmake/wheeltec_robot_urdfConfig.cmake\n'}
[0.100836] (wheeltec_robot_urdf) StdoutLine: {'line': b'-- Up-to-date: /home/wheeltec/lab103/qt_sim_v1/install/wheeltec_robot_urdf/share/wheeltec_robot_urdf/cmake/wheeltec_robot_urdfConfig-version.cmake\n'}
[0.100853] (wheeltec_robot_urdf) StdoutLine: {'line': b'-- Up-to-date: /home/wheeltec/lab103/qt_sim_v1/install/wheeltec_robot_urdf/share/wheeltec_robot_urdf/package.xml\n'}
[0.109347] (wheeltec_robot_urdf) CommandEnded: {'returncode': 0}
[0.158433] (wheeltec_robot_urdf) JobEnded: {'identifier': 'wheeltec_robot_urdf', 'rc': 0}
[0.198829] (-) TimerEvent: {}
[0.299938] (-) TimerEvent: {}
[0.400393] (-) TimerEvent: {}
[0.502468] (-) TimerEvent: {}
[0.602707] (-) TimerEvent: {}
[0.703368] (-) TimerEvent: {}
[0.805896] (-) TimerEvent: {}
[0.906296] (-) TimerEvent: {}
[1.007305] (-) TimerEvent: {}
[1.107658] (-) TimerEvent: {}
[1.208016] (-) TimerEvent: {}
[1.308304] (-) TimerEvent: {}
[1.408715] (-) TimerEvent: {}
[1.508973] (-) TimerEvent: {}
[1.610213] (-) TimerEvent: {}
[1.711155] (-) TimerEvent: {}
[1.811487] (-) TimerEvent: {}
[1.912146] (-) TimerEvent: {}
[2.012560] (-) TimerEvent: {}
[2.113043] (-) TimerEvent: {}
[2.213926] (-) TimerEvent: {}
[2.315105] (-) TimerEvent: {}
[2.415702] (-) TimerEvent: {}
[2.516604] (-) TimerEvent: {}
[2.617126] (-) TimerEvent: {}
[2.717422] (-) TimerEvent: {}
[2.817968] (-) TimerEvent: {}
[2.918433] (-) TimerEvent: {}
[3.019279] (-) TimerEvent: {}
[3.120538] (-) TimerEvent: {}
[3.221751] (-) TimerEvent: {}
[3.322107] (-) TimerEvent: {}
[3.422511] (-) TimerEvent: {}
[3.523004] (-) TimerEvent: {}
[3.623596] (-) TimerEvent: {}
[3.723896] (-) TimerEvent: {}
[3.824230] (-) TimerEvent: {}
[3.924888] (-) TimerEvent: {}
[4.025245] (-) TimerEvent: {}
[4.125717] (-) TimerEvent: {}
[4.153854] (qt_ros_test) StderrLine: {'line': b'/home/wheeltec/lab103/qt_sim_v1/src/qt_ros_test/src/main_window.cpp: In destructor \xe2\x80\x98virtual qt_ros_test::MainWindow::~MainWindow()\xe2\x80\x99:\n'}
[4.153993] (qt_ros_test) StderrLine: {'line': b'/home/wheeltec/lab103/qt_sim_v1/src/qt_ros_test/src/main_window.cpp:112:22: warning: \xe2\x80\x98static int QProcess::execute(const QString&)\xe2\x80\x99 is deprecated: Use QProcess::execute(const QString &program, const QStringList &arguments) instead [-Wdeprecated-declarations]\n'}
[4.154022] (qt_ros_test) StderrLine: {'line': b'  112 |     QProcess::execute("ssh -Y wheeltec@192.168.0.100\\n"\n'}
[4.154044] (qt_ros_test) StderrLine: {'line': b'      |     ~~~~~~~~~~~~~~~~~^~~~~~~~~~~~~~~~~~~~~~~~~~~~~~~~~~\n'}
[4.154063] (qt_ros_test) StderrLine: {'line': b'  113 |                     "killall -s INT -w ros2\\n");\n'}
[4.154083] (qt_ros_test) StderrLine: {'line': b'      |                     ~~~~~~~~~~~~~~~~~~~~~~~~~~~\n'}
[4.154103] (qt_ros_test) StderrLine: {'line': b'In file included from /usr/include/x86_64-linux-gnu/qt5/QtCore/QtCore:170,\n'}
[4.154122] (qt_ros_test) StderrLine: {'line': b'                 from /usr/include/x86_64-linux-gnu/qt5/QtGui/QtGuiDepends:3,\n'}
[4.154141] (qt_ros_test) StderrLine: {'line': b'                 from /usr/include/x86_64-linux-gnu/qt5/QtGui/QtGui:3,\n'}
[4.154160] (qt_ros_test) StderrLine: {'line': b'                 from /home/wheeltec/lab103/qt_sim_v1/src/qt_ros_test/src/main_window.cpp:12:\n'}
[4.154179] (qt_ros_test) StderrLine: {'line': b'/usr/include/x86_64-linux-gnu/qt5/QtCore/qprocess.h:265:16: note: declared here\n'}
[4.154197] (qt_ros_test) StderrLine: {'line': b'  265 |     static int execute(const QString &command);\n'}
[4.154216] (qt_ros_test) StderrLine: {'line': b'      |                ^~~~~~~\n'}
[4.154234] (qt_ros_test) StderrLine: {'line': b'/home/wheeltec/lab103/qt_sim_v1/src/qt_ros_test/src/main_window.cpp: In member function \xe2\x80\x98void qt_ros_test::MainWindow::init_cmd()\xe2\x80\x99:\n'}
[4.154253] (qt_ros_test) StderrLine: {'line': b'/home/wheeltec/lab103/qt_sim_v1/src/qt_ros_test/src/main_window.cpp:142:16: warning: \xe2\x80\x98void QProcess::start(const QString&, QIODevice::OpenMode)\xe2\x80\x99 is deprecated: Use QProcess::start(const QString &program, const QStringList &arguments,OpenMode mode = ReadWrite) instead [-Wdeprecated-declarations]\n'}
[4.154273] (qt_ros_test) StderrLine: {'line': b'  142 |     _cmd->start("bash");\n'}
[4.154291] (qt_ros_test) StderrLine: {'line': b'      |     ~~~~~~~~~~~^~~~~~~~\n'}
[4.154309] (qt_ros_test) StderrLine: {'line': b'In file included from /usr/include/x86_64-linux-gnu/qt5/QtCore/QtCore:170,\n'}
[4.154326] (qt_ros_test) StderrLine: {'line': b'                 from /usr/include/x86_64-linux-gnu/qt5/QtGui/QtGuiDepends:3,\n'}
[4.154344] (qt_ros_test) StderrLine: {'line': b'                 from /usr/include/x86_64-linux-gnu/qt5/QtGui/QtGui:3,\n'}
[4.154361] (qt_ros_test) StderrLine: {'line': b'                 from /home/wheeltec/lab103/qt_sim_v1/src/qt_ros_test/src/main_window.cpp:12:\n'}
[4.154378] (qt_ros_test) StderrLine: {'line': b'/usr/include/x86_64-linux-gnu/qt5/QtCore/qprocess.h:168:10: note: declared here\n'}
[4.154396] (qt_ros_test) StderrLine: {'line': b'  168 |     void start(const QString &command, OpenMode mode = ReadWrite);\n'}
[4.154412] (qt_ros_test) StderrLine: {'line': b'      |          ^~~~~\n'}
[4.155417] (qt_ros_test) StderrLine: {'line': b'/home/wheeltec/lab103/qt_sim_v1/src/qt_ros_test/src/main_window.cpp: In member function \xe2\x80\x98void qt_ros_test::MainWindow::closeroslaunch()\xe2\x80\x99:\n'}
[4.155481] (qt_ros_test) StderrLine: {'line': b'/home/wheeltec/lab103/qt_sim_v1/src/qt_ros_test/src/main_window.cpp:196:19: warning: \xe2\x80\x98void QProcess::start(const QString&, QIODevice::OpenMode)\xe2\x80\x99 is deprecated: Use QProcess::start(const QString &program, const QStringList &arguments,OpenMode mode = ReadWrite) instead [-Wdeprecated-declarations]\n'}
[4.155512] (qt_ros_test) StderrLine: {'line': b'  196 |     killall->start("ssh -Y wheeltec@192.168.3.120\\n"\n'}
[4.155534] (qt_ros_test) StderrLine: {'line': b'      |     ~~~~~~~~~~~~~~^~~~~~~~~~~~~~~~~~~~~~~~~~~~~~~~~~\n'}
[4.155553] (qt_ros_test) StderrLine: {'line': b'  197 |                     "killall -s INT -wg ros2\\n");\n'}
[4.155572] (qt_ros_test) StderrLine: {'line': b'      |                     ~~~~~~~~~~~~~~~~~~~~~~~~~~~~\n'}
[4.155590] (qt_ros_test) StderrLine: {'line': b'In file included from /usr/include/x86_64-linux-gnu/qt5/QtCore/QtCore:170,\n'}
[4.155609] (qt_ros_test) StderrLine: {'line': b'                 from /usr/include/x86_64-linux-gnu/qt5/QtGui/QtGuiDepends:3,\n'}
[4.155632] (qt_ros_test) StderrLine: {'line': b'                 from /usr/include/x86_64-linux-gnu/qt5/QtGui/QtGui:3,\n'}
[4.155650] (qt_ros_test) StderrLine: {'line': b'                 from /home/wheeltec/lab103/qt_sim_v1/src/qt_ros_test/src/main_window.cpp:12:\n'}
[4.155674] (qt_ros_test) StderrLine: {'line': b'/usr/include/x86_64-linux-gnu/qt5/QtCore/qprocess.h:168:10: note: declared here\n'}
[4.155702] (qt_ros_test) StderrLine: {'line': b'  168 |     void start(const QString &command, OpenMode mode = ReadWrite);\n'}
[4.155729] (qt_ros_test) StderrLine: {'line': b'      |          ^~~~~\n'}
[4.157213] (qt_ros_test) StderrLine: {'line': b'/home/wheeltec/lab103/qt_sim_v1/src/qt_ros_test/src/main_window.cpp: In member function \xe2\x80\x98void qt_ros_test::MainWindow::slot_cmd_read()\xe2\x80\x99:\n'}
[4.157274] (qt_ros_test) StderrLine: {'line': b'/home/wheeltec/lab103/qt_sim_v1/src/qt_ros_test/src/main_window.cpp:244:10: warning: ISO C++ forbids variable length array \xe2\x80\x98buffer\xe2\x80\x99 [-Wvla]\n'}
[4.157305] (qt_ros_test) StderrLine: {'line': b'  244 |     char buffer[maxSize];\n'}
[4.157327] (qt_ros_test) StderrLine: {'line': b'      |          ^~~~~~\n'}
[4.159324] (qt_ros_test) StderrLine: {'line': b'/home/wheeltec/lab103/qt_sim_v1/src/qt_ros_test/src/main_window.cpp: In member function \xe2\x80\x98void qt_ros_test::MainWindow::ReadSettings()\xe2\x80\x99:\n'}
[4.159385] (qt_ros_test) StderrLine: {'line': b'/home/wheeltec/lab103/qt_sim_v1/src/qt_ros_test/src/main_window.cpp:300:10: warning: unused variable \xe2\x80\x98remember\xe2\x80\x99 [-Wunused-variable]\n'}
[4.159410] (qt_ros_test) StderrLine: {'line': b'  300 |     bool remember = settings.value("remember_settings", false).toBool();\n'}
[4.159431] (qt_ros_test) StderrLine: {'line': b'      |          ^~~~~~~~\n'}
[4.159457] (qt_ros_test) StderrLine: {'line': b'/home/wheeltec/lab103/qt_sim_v1/src/qt_ros_test/src/main_window.cpp:301:10: warning: unused variable \xe2\x80\x98checked\xe2\x80\x99 [-Wunused-variable]\n'}
[4.159477] (qt_ros_test) StderrLine: {'line': b'  301 |     bool checked = settings.value("use_environment_variables", false).toBool();\n'}
[4.159496] (qt_ros_test) StderrLine: {'line': b'      |          ^~~~~~~\n'}
[4.205807] (qt_ros_test) StderrLine: {'line': b'/home/wheeltec/lab103/qt_sim_v1/src/qt_ros_test/src/main_window.cpp: In member function \xe2\x80\x98void qt_ros_test::MainWindow::on_pushButton_webusbcam_clicked(bool)\xe2\x80\x99:\n'}
[4.205931] (qt_ros_test) StderrLine: {'line': b'/home/wheeltec/lab103/qt_sim_v1/src/qt_ros_test/src/main_window.cpp:597:23: warning: \xe2\x80\x98void QProcess::start(const QString&, QIODevice::OpenMode)\xe2\x80\x99 is deprecated: Use QProcess::start(const QString &program, const QStringList &arguments,OpenMode mode = ReadWrite) instead [-Wdeprecated-declarations]\n'}
[4.205960] (qt_ros_test) StderrLine: {'line': b'  597 |         killall->start("ssh -Y wheeltec@192.168.0.100\\n"\n'}
[4.205982] (qt_ros_test) StderrLine: {'line': b'      |         ~~~~~~~~~~~~~~^~~~~~~~~~~~~~~~~~~~~~~~~~~~~~~~~~\n'}
[4.206035] (qt_ros_test) StderrLine: {'line': b'  598 |                 "killall -s INT -g ros2\\n");\n'}
[4.206102] (qt_ros_test) StderrLine: {'line': b'      |                 ~~~~~~~~~~~~~~~~~~~~~~~~~~~\n'}
[4.206327] (qt_ros_test) StderrLine: {'line': b'In file included from /usr/include/x86_64-linux-gnu/qt5/QtCore/QtCore:170,\n'}
[4.206354] (qt_ros_test) StderrLine: {'line': b'                 from /usr/include/x86_64-linux-gnu/qt5/QtGui/QtGuiDepends:3,\n'}
[4.206376] (qt_ros_test) StderrLine: {'line': b'                 from /usr/include/x86_64-linux-gnu/qt5/QtGui/QtGui:3,\n'}
[4.206396] (qt_ros_test) StderrLine: {'line': b'                 from /home/wheeltec/lab103/qt_sim_v1/src/qt_ros_test/src/main_window.cpp:12:\n'}
[4.206416] (qt_ros_test) StderrLine: {'line': b'/usr/include/x86_64-linux-gnu/qt5/QtCore/qprocess.h:168:10: note: declared here\n'}
[4.206434] (qt_ros_test) StderrLine: {'line': b'  168 |     void start(const QString &command, OpenMode mode = ReadWrite);\n'}
[4.206452] (qt_ros_test) StderrLine: {'line': b'      |          ^~~~~\n'}
[4.206470] (qt_ros_test) StderrLine: {'line': b'/home/wheeltec/lab103/qt_sim_v1/src/qt_ros_test/src/main_window.cpp: In member function \xe2\x80\x98void qt_ros_test::MainWindow::on_pushButton_2dmap_clicked(bool)\xe2\x80\x99:\n'}
[4.206489] (qt_ros_test) StderrLine: {'line': b'/home/wheeltec/lab103/qt_sim_v1/src/qt_ros_test/src/main_window.cpp:621:32: warning: \xe2\x80\x98static bool QProcess::startDetached(const QString&)\xe2\x80\x99 is deprecated: Use QProcess::startDetached(const QString &program, const QStringList &arguments) instead [-Wdeprecated-declarations]\n'}
[4.206509] (qt_ros_test) StderrLine: {'line': b'  621 |         rviz_cmd->startDetached("rviz2");\n'}
[4.206544] (qt_ros_test) StderrLine: {'line': b'      |         ~~~~~~~~~~~~~~~~~~~~~~~^~~~~~~~~\n'}
[4.206618] (qt_ros_test) StderrLine: {'line': b'In file included from /usr/include/x86_64-linux-gnu/qt5/QtCore/QtCore:170,\n'}
[4.206682] (qt_ros_test) StderrLine: {'line': b'                 from /usr/include/x86_64-linux-gnu/qt5/QtGui/QtGuiDepends:3,\n'}
[4.206744] (qt_ros_test) StderrLine: {'line': b'                 from /usr/include/x86_64-linux-gnu/qt5/QtGui/QtGui:3,\n'}
[4.206806] (qt_ros_test) StderrLine: {'line': b'                 from /home/wheeltec/lab103/qt_sim_v1/src/qt_ros_test/src/main_window.cpp:12:\n'}
[4.206868] (qt_ros_test) StderrLine: {'line': b'/usr/include/x86_64-linux-gnu/qt5/QtCore/qprocess.h:280:17: note: declared here\n'}
[4.206931] (qt_ros_test) StderrLine: {'line': b'  280 |     static bool startDetached(const QString &command);\n'}
[4.206993] (qt_ros_test) StderrLine: {'line': b'      |                 ^~~~~~~~~~~~~\n'}
[4.207046] (qt_ros_test) StderrLine: {'line': b'/home/wheeltec/lab103/qt_sim_v1/src/qt_ros_test/src/main_window.cpp:627:32: warning: \xe2\x80\x98static bool QProcess::startDetached(const QString&)\xe2\x80\x99 is deprecated: Use QProcess::startDetached(const QString &program, const QStringList &arguments) instead [-Wdeprecated-declarations]\n'}
[4.207109] (qt_ros_test) StderrLine: {'line': b'  627 |         rviz_cmd->startDetached("killall -2 rviz2");\n'}
[4.207170] (qt_ros_test) StderrLine: {'line': b'      |         ~~~~~~~~~~~~~~~~~~~~~~~^~~~~~~~~~~~~~~~~~~~\n'}
[4.207231] (qt_ros_test) StderrLine: {'line': b'In file included from /usr/include/x86_64-linux-gnu/qt5/QtCore/QtCore:170,\n'}
[4.207292] (qt_ros_test) StderrLine: {'line': b'                 from /usr/include/x86_64-linux-gnu/qt5/QtGui/QtGuiDepends:3,\n'}
[4.207353] (qt_ros_test) StderrLine: {'line': b'                 from /usr/include/x86_64-linux-gnu/qt5/QtGui/QtGui:3,\n'}
[4.207414] (qt_ros_test) StderrLine: {'line': b'                 from /home/wheeltec/lab103/qt_sim_v1/src/qt_ros_test/src/main_window.cpp:12:\n'}
[4.207683] (qt_ros_test) StderrLine: {'line': b'/usr/include/x86_64-linux-gnu/qt5/QtCore/qprocess.h:280:17: note: declared here\n'}
[4.207737] (qt_ros_test) StderrLine: {'line': b'  280 |     static bool startDetached(const QString &command);\n'}
[4.207761] (qt_ros_test) StderrLine: {'line': b'      |                 ^~~~~~~~~~~~~\n'}
[4.207781] (qt_ros_test) StderrLine: {'line': b'/home/wheeltec/lab103/qt_sim_v1/src/qt_ros_test/src/main_window.cpp: In member function \xe2\x80\x98void qt_ros_test::MainWindow::on_pushButton_2dmap_2_clicked()\xe2\x80\x99:\n'}
[4.207806] (qt_ros_test) StderrLine: {'line': b'/home/wheeltec/lab103/qt_sim_v1/src/qt_ros_test/src/main_window.cpp:651:32: warning: \xe2\x80\x98static bool QProcess::startDetached(const QString&)\xe2\x80\x99 is deprecated: Use QProcess::startDetached(const QString &program, const QStringList &arguments) instead [-Wdeprecated-declarations]\n'}
[4.207827] (qt_ros_test) StderrLine: {'line': b'  651 |         rviz_cmd->startDetached("rviz2");\n'}
[4.207846] (qt_ros_test) StderrLine: {'line': b'      |         ~~~~~~~~~~~~~~~~~~~~~~~^~~~~~~~~\n'}
[4.207864] (qt_ros_test) StderrLine: {'line': b'In file included from /usr/include/x86_64-linux-gnu/qt5/QtCore/QtCore:170,\n'}
[4.207882] (qt_ros_test) StderrLine: {'line': b'                 from /usr/include/x86_64-linux-gnu/qt5/QtGui/QtGuiDepends:3,\n'}
[4.207900] (qt_ros_test) StderrLine: {'line': b'                 from /usr/include/x86_64-linux-gnu/qt5/QtGui/QtGui:3,\n'}
[4.207923] (qt_ros_test) StderrLine: {'line': b'                 from /home/wheeltec/lab103/qt_sim_v1/src/qt_ros_test/src/main_window.cpp:12:\n'}
[4.207944] (qt_ros_test) StderrLine: {'line': b'/usr/include/x86_64-linux-gnu/qt5/QtCore/qprocess.h:280:17: note: declared here\n'}
[4.207962] (qt_ros_test) StderrLine: {'line': b'  280 |     static bool startDetached(const QString &command);\n'}
[4.207980] (qt_ros_test) StderrLine: {'line': b'      |                 ^~~~~~~~~~~~~\n'}
[4.208000] (qt_ros_test) StderrLine: {'line': b'/home/wheeltec/lab103/qt_sim_v1/src/qt_ros_test/src/main_window.cpp:657:32: warning: \xe2\x80\x98static bool QProcess::startDetached(const QString&)\xe2\x80\x99 is deprecated: Use QProcess::startDetached(const QString &program, const QStringList &arguments) instead [-Wdeprecated-declarations]\n'}
[4.208019] (qt_ros_test) StderrLine: {'line': b'  657 |         rviz_cmd->startDetached("killall -2 rviz2");\n'}
[4.208037] (qt_ros_test) StderrLine: {'line': b'      |         ~~~~~~~~~~~~~~~~~~~~~~~^~~~~~~~~~~~~~~~~~~~\n'}
[4.208055] (qt_ros_test) StderrLine: {'line': b'In file included from /usr/include/x86_64-linux-gnu/qt5/QtCore/QtCore:170,\n'}
[4.208073] (qt_ros_test) StderrLine: {'line': b'                 from /usr/include/x86_64-linux-gnu/qt5/QtGui/QtGuiDepends:3,\n'}
[4.208090] (qt_ros_test) StderrLine: {'line': b'                 from /usr/include/x86_64-linux-gnu/qt5/QtGui/QtGui:3,\n'}
[4.208108] (qt_ros_test) StderrLine: {'line': b'                 from /home/wheeltec/lab103/qt_sim_v1/src/qt_ros_test/src/main_window.cpp:12:\n'}
[4.208125] (qt_ros_test) StderrLine: {'line': b'/usr/include/x86_64-linux-gnu/qt5/QtCore/qprocess.h:280:17: note: declared here\n'}
[4.208142] (qt_ros_test) StderrLine: {'line': b'  280 |     static bool startDetached(const QString &command);\n'}
[4.208159] (qt_ros_test) StderrLine: {'line': b'      |                 ^~~~~~~~~~~~~\n'}
[4.208176] (qt_ros_test) StderrLine: {'line': b'/home/wheeltec/lab103/qt_sim_v1/src/qt_ros_test/src/main_window.cpp: In member function \xe2\x80\x98void qt_ros_test::MainWindow::on_pushButton_2dmap_3_clicked()\xe2\x80\x99:\n'}
[4.208194] (qt_ros_test) StderrLine: {'line': b'/home/wheeltec/lab103/qt_sim_v1/src/qt_ros_test/src/main_window.cpp:681:32: warning: \xe2\x80\x98static bool QProcess::startDetached(const QString&)\xe2\x80\x99 is deprecated: Use QProcess::startDetached(const QString &program, const QStringList &arguments) instead [-Wdeprecated-declarations]\n'}
[4.208212] (qt_ros_test) StderrLine: {'line': b'  681 |         rviz_cmd->startDetached("rviz2");\n'}
[4.208229] (qt_ros_test) StderrLine: {'line': b'      |         ~~~~~~~~~~~~~~~~~~~~~~~^~~~~~~~~\n'}
[4.208246] (qt_ros_test) StderrLine: {'line': b'In file included from /usr/include/x86_64-linux-gnu/qt5/QtCore/QtCore:170,\n'}
[4.208263] (qt_ros_test) StderrLine: {'line': b'                 from /usr/include/x86_64-linux-gnu/qt5/QtGui/QtGuiDepends:3,\n'}
[4.208281] (qt_ros_test) StderrLine: {'line': b'                 from /usr/include/x86_64-linux-gnu/qt5/QtGui/QtGui:3,\n'}
[4.208510] (qt_ros_test) StderrLine: {'line': b'                 from /home/wheeltec/lab103/qt_sim_v1/src/qt_ros_test/src/main_window.cpp:12:\n'}
[4.208543] (qt_ros_test) StderrLine: {'line': b'/usr/include/x86_64-linux-gnu/qt5/QtCore/qprocess.h:280:17: note: declared here\n'}
[4.208566] (qt_ros_test) StderrLine: {'line': b'  280 |     static bool startDetached(const QString &command);\n'}
[4.208586] (qt_ros_test) StderrLine: {'line': b'      |                 ^~~~~~~~~~~~~\n'}
[4.208606] (qt_ros_test) StderrLine: {'line': b'/home/wheeltec/lab103/qt_sim_v1/src/qt_ros_test/src/main_window.cpp:687:32: warning: \xe2\x80\x98static bool QProcess::startDetached(const QString&)\xe2\x80\x99 is deprecated: Use QProcess::startDetached(const QString &program, const QStringList &arguments) instead [-Wdeprecated-declarations]\n'}
[4.208627] (qt_ros_test) StderrLine: {'line': b'  687 |         rviz_cmd->startDetached("killall -2 rviz2");\n'}
[4.208646] (qt_ros_test) StderrLine: {'line': b'      |         ~~~~~~~~~~~~~~~~~~~~~~~^~~~~~~~~~~~~~~~~~~~\n'}
[4.208665] (qt_ros_test) StderrLine: {'line': b'In file included from /usr/include/x86_64-linux-gnu/qt5/QtCore/QtCore:170,\n'}
[4.208684] (qt_ros_test) StderrLine: {'line': b'                 from /usr/include/x86_64-linux-gnu/qt5/QtGui/QtGuiDepends:3,\n'}
[4.208703] (qt_ros_test) StderrLine: {'line': b'                 from /usr/include/x86_64-linux-gnu/qt5/QtGui/QtGui:3,\n'}
[4.208726] (qt_ros_test) StderrLine: {'line': b'                 from /home/wheeltec/lab103/qt_sim_v1/src/qt_ros_test/src/main_window.cpp:12:\n'}
[4.208745] (qt_ros_test) StderrLine: {'line': b'/usr/include/x86_64-linux-gnu/qt5/QtCore/qprocess.h:280:17: note: declared here\n'}
[4.208947] (qt_ros_test) StderrLine: {'line': b'  280 |     static bool startDetached(const QString &command);\n'}
[4.208998] (qt_ros_test) StderrLine: {'line': b'      |                 ^~~~~~~~~~~~~\n'}
[4.209021] (qt_ros_test) StderrLine: {'line': b'/home/wheeltec/lab103/qt_sim_v1/src/qt_ros_test/src/main_window.cpp: In member function \xe2\x80\x98void qt_ros_test::MainWindow::on_pushButton_2dnav_clicked(bool)\xe2\x80\x99:\n'}
[4.209042] (qt_ros_test) StderrLine: {'line': b'/home/wheeltec/lab103/qt_sim_v1/src/qt_ros_test/src/main_window.cpp:729:32: warning: \xe2\x80\x98static bool QProcess::startDetached(const QString&)\xe2\x80\x99 is deprecated: Use QProcess::startDetached(const QString &program, const QStringList &arguments) instead [-Wdeprecated-declarations]\n'}
[4.209064] (qt_ros_test) StderrLine: {'line': b'  729 |         rviz_cmd->startDetached("rviz2");\n'}
[4.209084] (qt_ros_test) StderrLine: {'line': b'      |         ~~~~~~~~~~~~~~~~~~~~~~~^~~~~~~~~\n'}
[4.209103] (qt_ros_test) StderrLine: {'line': b'In file included from /usr/include/x86_64-linux-gnu/qt5/QtCore/QtCore:170,\n'}
[4.209121] (qt_ros_test) StderrLine: {'line': b'                 from /usr/include/x86_64-linux-gnu/qt5/QtGui/QtGuiDepends:3,\n'}
[4.209139] (qt_ros_test) StderrLine: {'line': b'                 from /usr/include/x86_64-linux-gnu/qt5/QtGui/QtGui:3,\n'}
[4.209157] (qt_ros_test) StderrLine: {'line': b'                 from /home/wheeltec/lab103/qt_sim_v1/src/qt_ros_test/src/main_window.cpp:12:\n'}
[4.209175] (qt_ros_test) StderrLine: {'line': b'/usr/include/x86_64-linux-gnu/qt5/QtCore/qprocess.h:280:17: note: declared here\n'}
[4.209193] (qt_ros_test) StderrLine: {'line': b'  280 |     static bool startDetached(const QString &command);\n'}
[4.209217] (qt_ros_test) StderrLine: {'line': b'      |                 ^~~~~~~~~~~~~\n'}
[4.209263] (qt_ros_test) StderrLine: {'line': b'/home/wheeltec/lab103/qt_sim_v1/src/qt_ros_test/src/main_window.cpp:735:32: warning: \xe2\x80\x98static bool QProcess::startDetached(const QString&)\xe2\x80\x99 is deprecated: Use QProcess::startDetached(const QString &program, const QStringList &arguments) instead [-Wdeprecated-declarations]\n'}
[4.209329] (qt_ros_test) StderrLine: {'line': b'  735 |         rviz_cmd->startDetached("killall -2 rviz2");\n'}
[4.209374] (qt_ros_test) StderrLine: {'line': b'      |         ~~~~~~~~~~~~~~~~~~~~~~~^~~~~~~~~~~~~~~~~~~~\n'}
[4.209438] (qt_ros_test) StderrLine: {'line': b'In file included from /usr/include/x86_64-linux-gnu/qt5/QtCore/QtCore:170,\n'}
[4.209500] (qt_ros_test) StderrLine: {'line': b'                 from /usr/include/x86_64-linux-gnu/qt5/QtGui/QtGuiDepends:3,\n'}
[4.209561] (qt_ros_test) StderrLine: {'line': b'                 from /usr/include/x86_64-linux-gnu/qt5/QtGui/QtGui:3,\n'}
[4.209632] (qt_ros_test) StderrLine: {'line': b'                 from /home/wheeltec/lab103/qt_sim_v1/src/qt_ros_test/src/main_window.cpp:12:\n'}
[4.209694] (qt_ros_test) StderrLine: {'line': b'/usr/include/x86_64-linux-gnu/qt5/QtCore/qprocess.h:280:17: note: declared here\n'}
[4.209756] (qt_ros_test) StderrLine: {'line': b'  280 |     static bool startDetached(const QString &command);\n'}
[4.209802] (qt_ros_test) StderrLine: {'line': b'      |                 ^~~~~~~~~~~~~\n'}
[4.209863] (qt_ros_test) StderrLine: {'line': b'/home/wheeltec/lab103/qt_sim_v1/src/qt_ros_test/src/main_window.cpp: In member function \xe2\x80\x98void qt_ros_test::MainWindow::on_pushButton_3dmap_clicked(bool)\xe2\x80\x99:\n'}
[4.209925] (qt_ros_test) StderrLine: {'line': b'/home/wheeltec/lab103/qt_sim_v1/src/qt_ros_test/src/main_window.cpp:760:32: warning: \xe2\x80\x98static bool QProcess::startDetached(const QString&)\xe2\x80\x99 is deprecated: Use QProcess::startDetached(const QString &program, const QStringList &arguments) instead [-Wdeprecated-declarations]\n'}
[4.209988] (qt_ros_test) StderrLine: {'line': b'  760 |         rviz_cmd->startDetached("rviz2");\n'}
[4.210049] (qt_ros_test) StderrLine: {'line': b'      |         ~~~~~~~~~~~~~~~~~~~~~~~^~~~~~~~~\n'}
[4.210111] (qt_ros_test) StderrLine: {'line': b'In file included from /usr/include/x86_64-linux-gnu/qt5/QtCore/QtCore:170,\n'}
[4.210172] (qt_ros_test) StderrLine: {'line': b'                 from /usr/include/x86_64-linux-gnu/qt5/QtGui/QtGuiDepends:3,\n'}
[4.210218] (qt_ros_test) StderrLine: {'line': b'                 from /usr/include/x86_64-linux-gnu/qt5/QtGui/QtGui:3,\n'}
[4.210279] (qt_ros_test) StderrLine: {'line': b'                 from /home/wheeltec/lab103/qt_sim_v1/src/qt_ros_test/src/main_window.cpp:12:\n'}
[4.210340] (qt_ros_test) StderrLine: {'line': b'/usr/include/x86_64-linux-gnu/qt5/QtCore/qprocess.h:280:17: note: declared here\n'}
[4.210401] (qt_ros_test) StderrLine: {'line': b'  280 |     static bool startDetached(const QString &command);\n'}
[4.210462] (qt_ros_test) StderrLine: {'line': b'      |                 ^~~~~~~~~~~~~\n'}
[4.210523] (qt_ros_test) StderrLine: {'line': b'/home/wheeltec/lab103/qt_sim_v1/src/qt_ros_test/src/main_window.cpp:766:32: warning: \xe2\x80\x98static bool QProcess::startDetached(const QString&)\xe2\x80\x99 is deprecated: Use QProcess::startDetached(const QString &program, const QStringList &arguments) instead [-Wdeprecated-declarations]\n'}
[4.210584] (qt_ros_test) StderrLine: {'line': b'  766 |         rviz_cmd->startDetached("killall -2 rviz2");\n'}
[4.210663] (qt_ros_test) StderrLine: {'line': b'      |         ~~~~~~~~~~~~~~~~~~~~~~~^~~~~~~~~~~~~~~~~~~~\n'}
[4.210724] (qt_ros_test) StderrLine: {'line': b'In file included from /usr/include/x86_64-linux-gnu/qt5/QtCore/QtCore:170,\n'}
[4.210787] (qt_ros_test) StderrLine: {'line': b'                 from /usr/include/x86_64-linux-gnu/qt5/QtGui/QtGuiDepends:3,\n'}
[4.210848] (qt_ros_test) StderrLine: {'line': b'                 from /usr/include/x86_64-linux-gnu/qt5/QtGui/QtGui:3,\n'}
[4.210909] (qt_ros_test) StderrLine: {'line': b'                 from /home/wheeltec/lab103/qt_sim_v1/src/qt_ros_test/src/main_window.cpp:12:\n'}
[4.210944] (qt_ros_test) StderrLine: {'line': b'/usr/include/x86_64-linux-gnu/qt5/QtCore/qprocess.h:280:17: note: declared here\n'}
[4.211005] (qt_ros_test) StderrLine: {'line': b'  280 |     static bool startDetached(const QString &command);\n'}
[4.211066] (qt_ros_test) StderrLine: {'line': b'      |                 ^~~~~~~~~~~~~\n'}
[4.211305] (qt_ros_test) StderrLine: {'line': b'/home/wheeltec/lab103/qt_sim_v1/src/qt_ros_test/src/main_window.cpp: In member function \xe2\x80\x98void qt_ros_test::MainWindow::on_pushButton_3dnav_clicked(bool)\xe2\x80\x99:\n'}
[4.211445] (qt_ros_test) StderrLine: {'line': b'/home/wheeltec/lab103/qt_sim_v1/src/qt_ros_test/src/main_window.cpp:798:32: warning: \xe2\x80\x98static bool QProcess::startDetached(const QString&)\xe2\x80\x99 is deprecated: Use QProcess::startDetached(const QString &program, const QStringList &arguments) instead [-Wdeprecated-declarations]\n'}
[4.211471] (qt_ros_test) StderrLine: {'line': b'  798 |         rviz_cmd->startDetached("rviz2");\n'}
[4.211493] (qt_ros_test) StderrLine: {'line': b'      |         ~~~~~~~~~~~~~~~~~~~~~~~^~~~~~~~~\n'}
[4.211512] (qt_ros_test) StderrLine: {'line': b'In file included from /usr/include/x86_64-linux-gnu/qt5/QtCore/QtCore:170,\n'}
[4.211536] (qt_ros_test) StderrLine: {'line': b'                 from /usr/include/x86_64-linux-gnu/qt5/QtGui/QtGuiDepends:3,\n'}
[4.211555] (qt_ros_test) StderrLine: {'line': b'                 from /usr/include/x86_64-linux-gnu/qt5/QtGui/QtGui:3,\n'}
[4.211574] (qt_ros_test) StderrLine: {'line': b'                 from /home/wheeltec/lab103/qt_sim_v1/src/qt_ros_test/src/main_window.cpp:12:\n'}
[4.211592] (qt_ros_test) StderrLine: {'line': b'/usr/include/x86_64-linux-gnu/qt5/QtCore/qprocess.h:280:17: note: declared here\n'}
[4.211610] (qt_ros_test) StderrLine: {'line': b'  280 |     static bool startDetached(const QString &command);\n'}
[4.211628] (qt_ros_test) StderrLine: {'line': b'      |                 ^~~~~~~~~~~~~\n'}
[4.211647] (qt_ros_test) StderrLine: {'line': b'/home/wheeltec/lab103/qt_sim_v1/src/qt_ros_test/src/main_window.cpp:805:32: warning: \xe2\x80\x98static bool QProcess::startDetached(const QString&)\xe2\x80\x99 is deprecated: Use QProcess::startDetached(const QString &program, const QStringList &arguments) instead [-Wdeprecated-declarations]\n'}
[4.211695] (qt_ros_test) StderrLine: {'line': b'  805 |         rviz_cmd->startDetached("killall -2 rviz2");\n'}
[4.211716] (qt_ros_test) StderrLine: {'line': b'      |         ~~~~~~~~~~~~~~~~~~~~~~~^~~~~~~~~~~~~~~~~~~~\n'}
[4.211734] (qt_ros_test) StderrLine: {'line': b'In file included from /usr/include/x86_64-linux-gnu/qt5/QtCore/QtCore:170,\n'}
[4.211752] (qt_ros_test) StderrLine: {'line': b'                 from /usr/include/x86_64-linux-gnu/qt5/QtGui/QtGuiDepends:3,\n'}
[4.211770] (qt_ros_test) StderrLine: {'line': b'                 from /usr/include/x86_64-linux-gnu/qt5/QtGui/QtGui:3,\n'}
[4.211788] (qt_ros_test) StderrLine: {'line': b'                 from /home/wheeltec/lab103/qt_sim_v1/src/qt_ros_test/src/main_window.cpp:12:\n'}
[4.211805] (qt_ros_test) StderrLine: {'line': b'/usr/include/x86_64-linux-gnu/qt5/QtCore/qprocess.h:280:17: note: declared here\n'}
[4.211822] (qt_ros_test) StderrLine: {'line': b'  280 |     static bool startDetached(const QString &command);\n'}
[4.211839] (qt_ros_test) StderrLine: {'line': b'      |                 ^~~~~~~~~~~~~\n'}
[4.211856] (qt_ros_test) StderrLine: {'line': b'/home/wheeltec/lab103/qt_sim_v1/src/qt_ros_test/src/main_window.cpp: In member function \xe2\x80\x98void qt_ros_test::MainWindow::on_pushButton_nfsrobot_clicked(bool)\xe2\x80\x99:\n'}
[4.211874] (qt_ros_test) StderrLine: {'line': b'/home/wheeltec/lab103/qt_sim_v1/src/qt_ros_test/src/main_window.cpp:833:16: warning: \xe2\x80\x98void QProcess::start(const QString&, QIODevice::OpenMode)\xe2\x80\x99 is deprecated: Use QProcess::start(const QString &program, const QStringList &arguments,OpenMode mode = ReadWrite) instead [-Wdeprecated-declarations]\n'}
[4.211894] (qt_ros_test) StderrLine: {'line': b'  833 |     _cmd->start("bash");\n'}
[4.211912] (qt_ros_test) StderrLine: {'line': b'      |     ~~~~~~~~~~~^~~~~~~~\n'}
[4.211929] (qt_ros_test) StderrLine: {'line': b'In file included from /usr/include/x86_64-linux-gnu/qt5/QtCore/QtCore:170,\n'}
[4.211947] (qt_ros_test) StderrLine: {'line': b'                 from /usr/include/x86_64-linux-gnu/qt5/QtGui/QtGuiDepends:3,\n'}
[4.211965] (qt_ros_test) StderrLine: {'line': b'                 from /usr/include/x86_64-linux-gnu/qt5/QtGui/QtGui:3,\n'}
[4.211983] (qt_ros_test) StderrLine: {'line': b'                 from /home/wheeltec/lab103/qt_sim_v1/src/qt_ros_test/src/main_window.cpp:12:\n'}
[4.212001] (qt_ros_test) StderrLine: {'line': b'/usr/include/x86_64-linux-gnu/qt5/QtCore/qprocess.h:168:10: note: declared here\n'}
[4.212018] (qt_ros_test) StderrLine: {'line': b'  168 |     void start(const QString &command, OpenMode mode = ReadWrite);\n'}
[4.212035] (qt_ros_test) StderrLine: {'line': b'      |          ^~~~~\n'}
[4.212052] (qt_ros_test) StderrLine: {'line': b'/home/wheeltec/lab103/qt_sim_v1/src/qt_ros_test/src/main_window.cpp: In member function \xe2\x80\x98void qt_ros_test::MainWindow::on_pushButton_unfsrobot_clicked(bool)\xe2\x80\x99:\n'}
[4.212069] (qt_ros_test) StderrLine: {'line': b'/home/wheeltec/lab103/qt_sim_v1/src/qt_ros_test/src/main_window.cpp:844:16: warning: \xe2\x80\x98void QProcess::start(const QString&, QIODevice::OpenMode)\xe2\x80\x99 is deprecated: Use QProcess::start(const QString &program, const QStringList &arguments,OpenMode mode = ReadWrite) instead [-Wdeprecated-declarations]\n'}
[4.212088] (qt_ros_test) StderrLine: {'line': b'  844 |     _cmd->start("bash");\n'}
[4.212105] (qt_ros_test) StderrLine: {'line': b'      |     ~~~~~~~~~~~^~~~~~~~\n'}
[4.212123] (qt_ros_test) StderrLine: {'line': b'In file included from /usr/include/x86_64-linux-gnu/qt5/QtCore/QtCore:170,\n'}
[4.212141] (qt_ros_test) StderrLine: {'line': b'                 from /usr/include/x86_64-linux-gnu/qt5/QtGui/QtGuiDepends:3,\n'}
[4.212159] (qt_ros_test) StderrLine: {'line': b'                 from /usr/include/x86_64-linux-gnu/qt5/QtGui/QtGui:3,\n'}
[4.212176] (qt_ros_test) StderrLine: {'line': b'                 from /home/wheeltec/lab103/qt_sim_v1/src/qt_ros_test/src/main_window.cpp:12:\n'}
[4.212194] (qt_ros_test) StderrLine: {'line': b'/usr/include/x86_64-linux-gnu/qt5/QtCore/qprocess.h:168:10: note: declared here\n'}
[4.212210] (qt_ros_test) StderrLine: {'line': b'  168 |     void start(const QString &command, OpenMode mode = ReadWrite);\n'}
[4.212227] (qt_ros_test) StderrLine: {'line': b'      |          ^~~~~\n'}
[4.212244] (qt_ros_test) StderrLine: {'line': b'/home/wheeltec/lab103/qt_sim_v1/src/qt_ros_test/src/main_window.cpp: In member function \xe2\x80\x98void qt_ros_test::MainWindow::on_pushButton_nfsarm_clicked(bool)\xe2\x80\x99:\n'}
[4.212319] (qt_ros_test) StderrLine: {'line': b'/home/wheeltec/lab103/qt_sim_v1/src/qt_ros_test/src/main_window.cpp:855:16: warning: \xe2\x80\x98void QProcess::start(const QString&, QIODevice::OpenMode)\xe2\x80\x99 is deprecated: Use QProcess::start(const QString &program, const QStringList &arguments,OpenMode mode = ReadWrite) instead [-Wdeprecated-declarations]\n'}
[4.212383] (qt_ros_test) StderrLine: {'line': b'  855 |     _cmd->start("bash");\n'}
[4.212444] (qt_ros_test) StderrLine: {'line': b'      |     ~~~~~~~~~~~^~~~~~~~\n'}
[4.212506] (qt_ros_test) StderrLine: {'line': b'In file included from /usr/include/x86_64-linux-gnu/qt5/QtCore/QtCore:170,\n'}
[4.212567] (qt_ros_test) StderrLine: {'line': b'                 from /usr/include/x86_64-linux-gnu/qt5/QtGui/QtGuiDepends:3,\n'}
[4.212633] (qt_ros_test) StderrLine: {'line': b'                 from /usr/include/x86_64-linux-gnu/qt5/QtGui/QtGui:3,\n'}
[4.212695] (qt_ros_test) StderrLine: {'line': b'                 from /home/wheeltec/lab103/qt_sim_v1/src/qt_ros_test/src/main_window.cpp:12:\n'}
[4.212756] (qt_ros_test) StderrLine: {'line': b'/usr/include/x86_64-linux-gnu/qt5/QtCore/qprocess.h:168:10: note: declared here\n'}
[4.212817] (qt_ros_test) StderrLine: {'line': b'  168 |     void start(const QString &command, OpenMode mode = ReadWrite);\n'}
[4.212879] (qt_ros_test) StderrLine: {'line': b'      |          ^~~~~\n'}
[4.212940] (qt_ros_test) StderrLine: {'line': b'/home/wheeltec/lab103/qt_sim_v1/src/qt_ros_test/src/main_window.cpp: In member function \xe2\x80\x98void qt_ros_test::MainWindow::on_pushButton_unfsarm_clicked(bool)\xe2\x80\x99:\n'}
[4.213002] (qt_ros_test) StderrLine: {'line': b'/home/wheeltec/lab103/qt_sim_v1/src/qt_ros_test/src/main_window.cpp:866:16: warning: \xe2\x80\x98void QProcess::start(const QString&, QIODevice::OpenMode)\xe2\x80\x99 is deprecated: Use QProcess::start(const QString &program, const QStringList &arguments,OpenMode mode = ReadWrite) instead [-Wdeprecated-declarations]\n'}
[4.213070] (qt_ros_test) StderrLine: {'line': b'  866 |     _cmd->start("bash");\n'}
[4.213279] (qt_ros_test) StderrLine: {'line': b'      |     ~~~~~~~~~~~^~~~~~~~\n'}
[4.213307] (qt_ros_test) StderrLine: {'line': b'In file included from /usr/include/x86_64-linux-gnu/qt5/QtCore/QtCore:170,\n'}
[4.213327] (qt_ros_test) StderrLine: {'line': b'                 from /usr/include/x86_64-linux-gnu/qt5/QtGui/QtGuiDepends:3,\n'}
[4.213345] (qt_ros_test) StderrLine: {'line': b'                 from /usr/include/x86_64-linux-gnu/qt5/QtGui/QtGui:3,\n'}
[4.213363] (qt_ros_test) StderrLine: {'line': b'                 from /home/wheeltec/lab103/qt_sim_v1/src/qt_ros_test/src/main_window.cpp:12:\n'}
[4.213380] (qt_ros_test) StderrLine: {'line': b'/usr/include/x86_64-linux-gnu/qt5/QtCore/qprocess.h:168:10: note: declared here\n'}
[4.213398] (qt_ros_test) StderrLine: {'line': b'  168 |     void start(const QString &command, OpenMode mode = ReadWrite);\n'}
[4.213415] (qt_ros_test) StderrLine: {'line': b'      |          ^~~~~\n'}
[4.213432] (qt_ros_test) StderrLine: {'line': b'/home/wheeltec/lab103/qt_sim_v1/src/qt_ros_test/src/main_window.cpp: In member function \xe2\x80\x98void qt_ros_test::MainWindow::on_pushButton_rqt_clicked(bool)\xe2\x80\x99:\n'}
[4.213450] (qt_ros_test) StderrLine: {'line': b'/home/wheeltec/lab103/qt_sim_v1/src/qt_ros_test/src/main_window.cpp:899:27: warning: \xe2\x80\x98static bool QProcess::startDetached(const QString&)\xe2\x80\x99 is deprecated: Use QProcess::startDetached(const QString &program, const QStringList &arguments) instead [-Wdeprecated-declarations]\n'}
[4.213469] (qt_ros_test) StderrLine: {'line': b'  899 |     rqt_cmd->startDetached("rqt");\n'}
[4.213487] (qt_ros_test) StderrLine: {'line': b'      |     ~~~~~~~~~~~~~~~~~~~~~~^~~~~~~\n'}
[4.213503] (qt_ros_test) StderrLine: {'line': b'In file included from /usr/include/x86_64-linux-gnu/qt5/QtCore/QtCore:170,\n'}
[4.213521] (qt_ros_test) StderrLine: {'line': b'                 from /usr/include/x86_64-linux-gnu/qt5/QtGui/QtGuiDepends:3,\n'}
[4.213538] (qt_ros_test) StderrLine: {'line': b'                 from /usr/include/x86_64-linux-gnu/qt5/QtGui/QtGui:3,\n'}
[4.213555] (qt_ros_test) StderrLine: {'line': b'                 from /home/wheeltec/lab103/qt_sim_v1/src/qt_ros_test/src/main_window.cpp:12:\n'}
[4.213573] (qt_ros_test) StderrLine: {'line': b'/usr/include/x86_64-linux-gnu/qt5/QtCore/qprocess.h:280:17: note: declared here\n'}
[4.213591] (qt_ros_test) StderrLine: {'line': b'  280 |     static bool startDetached(const QString &command);\n'}
[4.213610] (qt_ros_test) StderrLine: {'line': b'      |                 ^~~~~~~~~~~~~\n'}
[4.213627] (qt_ros_test) StderrLine: {'line': b'/home/wheeltec/lab103/qt_sim_v1/src/qt_ros_test/src/main_window.cpp: In member function \xe2\x80\x98void qt_ros_test::MainWindow::on_pushButton_rviz_clicked(bool)\xe2\x80\x99:\n'}
[4.213645] (qt_ros_test) StderrLine: {'line': b'/home/wheeltec/lab103/qt_sim_v1/src/qt_ros_test/src/main_window.cpp:905:28: warning: \xe2\x80\x98static bool QProcess::startDetached(const QString&)\xe2\x80\x99 is deprecated: Use QProcess::startDetached(const QString &program, const QStringList &arguments) instead [-Wdeprecated-declarations]\n'}
[4.213663] (qt_ros_test) StderrLine: {'line': b'  905 |     rviz_cmd->startDetached("rviz2");\n'}
[4.213680] (qt_ros_test) StderrLine: {'line': b'      |     ~~~~~~~~~~~~~~~~~~~~~~~^~~~~~~~~\n'}
[4.213697] (qt_ros_test) StderrLine: {'line': b'In file included from /usr/include/x86_64-linux-gnu/qt5/QtCore/QtCore:170,\n'}
[4.213714] (qt_ros_test) StderrLine: {'line': b'                 from /usr/include/x86_64-linux-gnu/qt5/QtGui/QtGuiDepends:3,\n'}
[4.213732] (qt_ros_test) StderrLine: {'line': b'                 from /usr/include/x86_64-linux-gnu/qt5/QtGui/QtGui:3,\n'}
[4.213749] (qt_ros_test) StderrLine: {'line': b'                 from /home/wheeltec/lab103/qt_sim_v1/src/qt_ros_test/src/main_window.cpp:12:\n'}
[4.213768] (qt_ros_test) StderrLine: {'line': b'/usr/include/x86_64-linux-gnu/qt5/QtCore/qprocess.h:280:17: note: declared here\n'}
[4.213786] (qt_ros_test) StderrLine: {'line': b'  280 |     static bool startDetached(const QString &command);\n'}
[4.213803] (qt_ros_test) StderrLine: {'line': b'      |                 ^~~~~~~~~~~~~\n'}
[4.213822] (qt_ros_test) StderrLine: {'line': b'/home/wheeltec/lab103/qt_sim_v1/src/qt_ros_test/src/main_window.cpp: In member function \xe2\x80\x98void qt_ros_test::MainWindow::on_quit_button_2_clicked(bool)\xe2\x80\x99:\n'}
[4.213840] (qt_ros_test) StderrLine: {'line': b'/home/wheeltec/lab103/qt_sim_v1/src/qt_ros_test/src/main_window.cpp:970:22: warning: \xe2\x80\x98static int QProcess::execute(const QString&)\xe2\x80\x99 is deprecated: Use QProcess::execute(const QString &program, const QStringList &arguments) instead [-Wdeprecated-declarations]\n'}
[4.213859] (qt_ros_test) StderrLine: {'line': b'  970 |     QProcess::execute("ssh -Y wheeltec@192.168.0.100\\n"\n'}
[4.213876] (qt_ros_test) StderrLine: {'line': b'      |     ~~~~~~~~~~~~~~~~~^~~~~~~~~~~~~~~~~~~~~~~~~~~~~~~~~~\n'}
[4.213893] (qt_ros_test) StderrLine: {'line': b'  971 |                       "killall -s INT -w ros2\\n");\n'}
[4.213910] (qt_ros_test) StderrLine: {'line': b'      |                       ~~~~~~~~~~~~~~~~~~~~~~~~~~~\n'}
[4.213928] (qt_ros_test) StderrLine: {'line': b'In file included from /usr/include/x86_64-linux-gnu/qt5/QtCore/QtCore:170,\n'}
[4.213945] (qt_ros_test) StderrLine: {'line': b'                 from /usr/include/x86_64-linux-gnu/qt5/QtGui/QtGuiDepends:3,\n'}
[4.213961] (qt_ros_test) StderrLine: {'line': b'                 from /usr/include/x86_64-linux-gnu/qt5/QtGui/QtGui:3,\n'}
[4.213978] (qt_ros_test) StderrLine: {'line': b'                 from /home/wheeltec/lab103/qt_sim_v1/src/qt_ros_test/src/main_window.cpp:12:\n'}
[4.213994] (qt_ros_test) StderrLine: {'line': b'/usr/include/x86_64-linux-gnu/qt5/QtCore/qprocess.h:265:16: note: declared here\n'}
[4.214012] (qt_ros_test) StderrLine: {'line': b'  265 |     static int execute(const QString &command);\n'}
[4.214030] (qt_ros_test) StderrLine: {'line': b'      |                ^~~~~~~\n'}
[4.226079] (-) TimerEvent: {}
[4.326524] (-) TimerEvent: {}
[4.426896] (-) TimerEvent: {}
[4.527368] (-) TimerEvent: {}
[4.627921] (-) TimerEvent: {}
[4.728585] (-) TimerEvent: {}
[4.828964] (-) TimerEvent: {}
[4.929424] (-) TimerEvent: {}
[5.029733] (-) TimerEvent: {}
[5.130426] (-) TimerEvent: {}
[5.233779] (-) TimerEvent: {}
[5.334308] (-) TimerEvent: {}
[5.434715] (-) TimerEvent: {}
[5.534966] (-) TimerEvent: {}
[5.635339] (-) TimerEvent: {}
[5.735789] (-) TimerEvent: {}
[5.836434] (-) TimerEvent: {}
[5.920602] (qt_ros_test) StdoutLine: {'line': b'[  7%] Linking CXX executable qt_ros_test\n'}
[5.938068] (-) TimerEvent: {}
[6.038301] (-) TimerEvent: {}
[6.138847] (-) TimerEvent: {}
[6.239526] (-) TimerEvent: {}
[6.340003] (-) TimerEvent: {}
[6.440485] (-) TimerEvent: {}
[6.540940] (-) TimerEvent: {}
[6.641276] (-) TimerEvent: {}
[6.741771] (-) TimerEvent: {}
[6.842196] (-) TimerEvent: {}
[6.942870] (-) TimerEvent: {}
[7.043391] (-) TimerEvent: {}
[7.143984] (-) TimerEvent: {}
[7.244728] (-) TimerEvent: {}
[7.345296] (-) TimerEvent: {}
[7.446118] (-) TimerEvent: {}
[7.546964] (-) TimerEvent: {}
[7.647605] (-) TimerEvent: {}
[7.748182] (-) TimerEvent: {}
[7.848639] (-) TimerEvent: {}
[7.949388] (-) TimerEvent: {}
[8.049842] (-) TimerEvent: {}
[8.150545] (-) TimerEvent: {}
[8.251188] (-) TimerEvent: {}
[8.254931] (qt_ros_test) StdoutLine: {'line': b'[100%] Built target qt_ros_test\n'}
[8.260830] (qt_ros_test) CommandEnded: {'returncode': 0}
[8.292066] (qt_ros_test) JobProgress: {'identifier': 'qt_ros_test', 'progress': 'install'}
[8.292129] (qt_ros_test) Command: {'cmd': ['/usr/bin/cmake', '--install', '/home/wheeltec/lab103/qt_sim_v1/build/qt_ros_test'], 'cwd': '/home/wheeltec/lab103/qt_sim_v1/build/qt_ros_test', 'env': OrderedDict([('GJS_DEBUG_TOPICS', 'JS ERROR;JS LOG'), ('USER', 'wheeltec'), ('XDG_SESSION_TYPE', 'wayland'), ('LD_LIBRARY_PATH', '/opt/ros/humble/opt/rviz_ogre_vendor/lib:/opt/ros/humble/lib/x86_64-linux-gnu:/opt/ros/humble/lib'), ('SHLVL', '1'), ('HOME', '/home/wheeltec'), ('DESKTOP_SESSION', 'ubuntu'), ('QTDIR', '/home/wheeltec/Qt/6.5.3/gcc_64'), ('GIO_LAUNCHED_DESKTOP_FILE', '/home/wheeltec/.local/share/applications/org.qt-project.qtcreator.desktop'), ('GNOME_SHELL_SESSION_MODE', 'ubuntu'), ('GTK_MODULES', 'gail:atk-bridge'), ('ROS_PYTHON_VERSION', '3'), ('MANAGERPID', '997'), ('DBUS_SESSION_BUS_ADDRESS', 'unix:path'), ('SYSTEMD_EXEC_PID', '1332'), ('GIO_LAUNCHED_DESKTOP_FILE_PID', '1935'), ('COLCON_PREFIX_PATH', '/home/wheeltec/lab103/qt_sim_v1/install'), ('IM_CONFIG_PHASE', '1'), ('ROS_DISTRO', 'humble'), ('WAYLAND_DISPLAY', 'wayland-0'), ('LOGNAME', 'wheeltec'), ('JOURNAL_STREAM', '8:22322'), ('_', '/usr/bin/env'), ('ROS_VERSION', '2'), ('XDG_SESSION_CLASS', 'user'), ('USERNAME', 'wheeltec'), ('GNOME_DESKTOP_SESSION_ID', 'this-is-deprecated'), ('ROS_LOCALHOST_ONLY', '0'), ('PATH', '/opt/ros/humble/bin:/usr/local/sbin:/usr/local/bin:/usr/sbin:/usr/bin:/sbin:/bin:/usr/games:/usr/local/games:/snap/bin:/snap/bin'), ('INVOCATION_ID', '3328b75a46014fff989b327ec4496e36'), ('SESSION_MANAGER', 'local/humble:@/tmp/.ICE-unix/1304,unix/humble:/tmp/.ICE-unix/1304'), ('GNOME_SETUP_DISPLAY', ':1'), ('XDG_MENU_PREFIX', 'gnome-'), ('XDG_RUNTIME_DIR', '/run/user/1000'), ('DISPLAY', ':0'), ('LANG', 'en_US.UTF-8'), ('XDG_CURRENT_DESKTOP', 'ubuntu:GNOME'), ('XAUTHORITY', '/run/user/1000/.mutter-Xwaylandauth.JJ0Q62'), ('XDG_SESSION_DESKTOP', 'ubuntu'), ('XMODIFIERS', '@im'), ('AMENT_PREFIX_PATH', '/home/wheeltec/lab103/qt_sim_v1/install/wheeltec_robot_urdf:/home/wheeltec/lab103/qt_sim_v1/install/qt_ros_test:/opt/ros/humble'), ('SSH_AGENT_LAUNCHER', 'gnome-keyring'), ('SSH_AUTH_SOCK', '/run/user/1000/keyring/ssh'), ('SHELL', '/bin/bash'), ('GDMSESSION', 'ubuntu'), ('QT_ACCESSIBILITY', '1'), ('GJS_DEBUG_OUTPUT', 'stderr'), ('QT_IM_MODULE', 'ibus'), ('LC_ALL', 'en_US.UTF-8'), ('PWD', '/home/wheeltec/lab103/qt_sim_v1/build/qt_ros_test'), ('QT_QPA_PLATFORM', 'xcb'), ('XDG_CONFIG_DIRS', '/etc/xdg/xdg-ubuntu:/etc/xdg'), ('XDG_DATA_DIRS', '/usr/share/ubuntu:/usr/local/share/:/usr/share/:/var/lib/snapd/desktop'), ('PYTHONPATH', '/opt/ros/humble/lib/python3.10/site-packages:/opt/ros/humble/local/lib/python3.10/dist-packages'), ('COLCON', '1'), ('CMAKE_PREFIX_PATH', '/home/wheeltec/lab103/qt_sim_v1/install/wheeltec_robot_urdf:/home/wheeltec/lab103/qt_sim_v1/install/qt_ros_test:/opt/ros/humble')]), 'shell': False}
[8.295911] (qt_ros_test) StdoutLine: {'line': b'-- Install configuration: "Debug"\n'}
[8.296018] (qt_ros_test) StdoutLine: {'line': b'-- Installing: /home/wheeltec/lab103/qt_sim_v1/install/qt_ros_test/lib/qt_ros_test/qt_ros_test\n'}
[8.351784] (-) TimerEvent: {}
[8.363410] (qt_ros_test) StdoutLine: {'line': b'-- Set runtime path of "/home/wheeltec/lab103/qt_sim_v1/install/qt_ros_test/lib/qt_ros_test/qt_ros_test" to "/home/wheeltec/lab103/qt_sim_v1/src/qt_ros_test/lib"\n'}
[8.363547] (qt_ros_test) StdoutLine: {'line': b'-- Up-to-date: /home/wheeltec/lab103/qt_sim_v1/install/qt_ros_test/share/qt_ros_test/launch\n'}
[8.363627] (qt_ros_test) StdoutLine: {'line': b'-- Up-to-date: /home/wheeltec/lab103/qt_sim_v1/install/qt_ros_test/share/qt_ros_test/launch/qt_ros_test.launch.py\n'}
[8.363727] (qt_ros_test) StdoutLine: {'line': b'-- Up-to-date: /home/wheeltec/lab103/qt_sim_v1/install/qt_ros_test/share/ament_index/resource_index/package_run_dependencies/qt_ros_test\n'}
[8.363756] (qt_ros_test) StdoutLine: {'line': b'-- Up-to-date: /home/wheeltec/lab103/qt_sim_v1/install/qt_ros_test/share/ament_index/resource_index/parent_prefix_path/qt_ros_test\n'}
[8.363778] (qt_ros_test) StdoutLine: {'line': b'-- Up-to-date: /home/wheeltec/lab103/qt_sim_v1/install/qt_ros_test/share/qt_ros_test/environment/ament_prefix_path.sh\n'}
[8.363814] (qt_ros_test) StdoutLine: {'line': b'-- Up-to-date: /home/wheeltec/lab103/qt_sim_v1/install/qt_ros_test/share/qt_ros_test/environment/ament_prefix_path.dsv\n'}
[8.363843] (qt_ros_test) StdoutLine: {'line': b'-- Up-to-date: /home/wheeltec/lab103/qt_sim_v1/install/qt_ros_test/share/qt_ros_test/environment/path.sh\n'}
[8.363869] (qt_ros_test) StdoutLine: {'line': b'-- Up-to-date: /home/wheeltec/lab103/qt_sim_v1/install/qt_ros_test/share/qt_ros_test/environment/path.dsv\n'}
[8.363904] (qt_ros_test) StdoutLine: {'line': b'-- Up-to-date: /home/wheeltec/lab103/qt_sim_v1/install/qt_ros_test/share/qt_ros_test/local_setup.bash\n'}
[8.363931] (qt_ros_test) StdoutLine: {'line': b'-- Up-to-date: /home/wheeltec/lab103/qt_sim_v1/install/qt_ros_test/share/qt_ros_test/local_setup.sh\n'}
[8.364061] (qt_ros_test) StdoutLine: {'line': b'-- Up-to-date: /home/wheeltec/lab103/qt_sim_v1/install/qt_ros_test/share/qt_ros_test/local_setup.zsh\n'}
[8.364090] (qt_ros_test) StdoutLine: {'line': b'-- Up-to-date: /home/wheeltec/lab103/qt_sim_v1/install/qt_ros_test/share/qt_ros_test/local_setup.dsv\n'}
[8.364147] (qt_ros_test) StdoutLine: {'line': b'-- Installing: /home/wheeltec/lab103/qt_sim_v1/install/qt_ros_test/share/qt_ros_test/package.dsv\n'}
[8.364316] (qt_ros_test) StdoutLine: {'line': b'-- Up-to-date: /home/wheeltec/lab103/qt_sim_v1/install/qt_ros_test/share/ament_index/resource_index/packages/qt_ros_test\n'}
[8.364346] (qt_ros_test) StdoutLine: {'line': b'-- Up-to-date: /home/wheeltec/lab103/qt_sim_v1/install/qt_ros_test/share/qt_ros_test/cmake/qt_ros_testConfig.cmake\n'}
[8.364370] (qt_ros_test) StdoutLine: {'line': b'-- Up-to-date: /home/wheeltec/lab103/qt_sim_v1/install/qt_ros_test/share/qt_ros_test/cmake/qt_ros_testConfig-version.cmake\n'}
[8.364389] (qt_ros_test) StdoutLine: {'line': b'-- Up-to-date: /home/wheeltec/lab103/qt_sim_v1/install/qt_ros_test/share/qt_ros_test/package.xml\n'}
[8.364872] (qt_ros_test) CommandEnded: {'returncode': 0}
[8.406781] (qt_ros_test) JobEnded: {'identifier': 'qt_ros_test', 'rc': 0}
[8.407279] (-) EventReactorShutdown: {}
