[0.000000] (-) TimerEvent: {}
[0.007053] (qt_ros_test) JobQueued: {'identifier': 'qt_ros_test', 'dependencies': OrderedDict()}
[0.007105] (wheeltec_robot_urdf) JobQueued: {'identifier': 'wheeltec_robot_urdf', 'dependencies': OrderedDict()}
[0.007125] (qt_ros_test) JobStarted: {'identifier': 'qt_ros_test'}
[0.011069] (wheeltec_robot_urdf) JobStarted: {'identifier': 'wheeltec_robot_urdf'}
[0.015552] (qt_ros_test) JobProgress: {'identifier': 'qt_ros_test', 'progress': 'cmake'}
[0.016401] (qt_ros_test) JobProgress: {'identifier': 'qt_ros_test', 'progress': 'build'}
[0.016440] (qt_ros_test) Command: {'cmd': ['/usr/bin/cmake', '--build', '/home/wheeltec/lab103/qt_sim_v1/build/qt_ros_test', '--', '-j4', '-l4'], 'cwd': '/home/wheeltec/lab103/qt_sim_v1/build/qt_ros_test', 'env': OrderedDict([('GJS_DEBUG_TOPICS', 'JS ERROR;JS LOG'), ('USER', 'wheeltec'), ('XDG_SESSION_TYPE', 'wayland'), ('LD_LIBRARY_PATH', '/opt/ros/humble/opt/rviz_ogre_vendor/lib:/opt/ros/humble/lib/x86_64-linux-gnu:/opt/ros/humble/lib'), ('SHLVL', '1'), ('HOME', '/home/wheeltec'), ('DESKTOP_SESSION', 'ubuntu'), ('QTDIR', '/home/wheeltec/Qt/6.5.3/gcc_64'), ('GIO_LAUNCHED_DESKTOP_FILE', '/home/wheeltec/.local/share/applications/org.qt-project.qtcreator.desktop'), ('GNOME_SHELL_SESSION_MODE', 'ubuntu'), ('GTK_MODULES', 'gail:atk-bridge'), ('ROS_PYTHON_VERSION', '3'), ('MANAGERPID', '997'), ('DBUS_SESSION_BUS_ADDRESS', 'unix:path'), ('SYSTEMD_EXEC_PID', '1332'), ('GIO_LAUNCHED_DESKTOP_FILE_PID', '1935'), ('COLCON_PREFIX_PATH', '/home/wheeltec/lab103/qt_sim_v1/install'), ('IM_CONFIG_PHASE', '1'), ('ROS_DISTRO', 'humble'), ('WAYLAND_DISPLAY', 'wayland-0'), ('LOGNAME', 'wheeltec'), ('JOURNAL_STREAM', '8:22322'), ('_', '/usr/bin/env'), ('ROS_VERSION', '2'), ('XDG_SESSION_CLASS', 'user'), ('USERNAME', 'wheeltec'), ('GNOME_DESKTOP_SESSION_ID', 'this-is-deprecated'), ('ROS_LOCALHOST_ONLY', '0'), ('PATH', '/opt/ros/humble/bin:/usr/local/sbin:/usr/local/bin:/usr/sbin:/usr/bin:/sbin:/bin:/usr/games:/usr/local/games:/snap/bin:/snap/bin'), ('INVOCATION_ID', '3328b75a46014fff989b327ec4496e36'), ('SESSION_MANAGER', 'local/humble:@/tmp/.ICE-unix/1304,unix/humble:/tmp/.ICE-unix/1304'), ('GNOME_SETUP_DISPLAY', ':1'), ('XDG_MENU_PREFIX', 'gnome-'), ('XDG_RUNTIME_DIR', '/run/user/1000'), ('DISPLAY', ':0'), ('LANG', 'en_US.UTF-8'), ('XDG_CURRENT_DESKTOP', 'ubuntu:GNOME'), ('XAUTHORITY', '/run/user/1000/.mutter-Xwaylandauth.JJ0Q62'), ('XDG_SESSION_DESKTOP', 'ubuntu'), ('XMODIFIERS', '@im'), ('AMENT_PREFIX_PATH', '/home/wheeltec/lab103/qt_sim_v1/install/wheeltec_robot_urdf:/home/wheeltec/lab103/qt_sim_v1/install/qt_ros_test:/opt/ros/humble'), ('SSH_AGENT_LAUNCHER', 'gnome-keyring'), ('SSH_AUTH_SOCK', '/run/user/1000/keyring/ssh'), ('SHELL', '/bin/bash'), ('GDMSESSION', 'ubuntu'), ('QT_ACCESSIBILITY', '1'), ('GJS_DEBUG_OUTPUT', 'stderr'), ('QT_IM_MODULE', 'ibus'), ('LC_ALL', 'en_US.UTF-8'), ('PWD', '/home/wheeltec/lab103/qt_sim_v1/build/qt_ros_test'), ('QT_QPA_PLATFORM', 'xcb'), ('XDG_CONFIG_DIRS', '/etc/xdg/xdg-ubuntu:/etc/xdg'), ('XDG_DATA_DIRS', '/usr/share/ubuntu:/usr/local/share/:/usr/share/:/var/lib/snapd/desktop'), ('PYTHONPATH', '/opt/ros/humble/lib/python3.10/site-packages:/opt/ros/humble/local/lib/python3.10/dist-packages'), ('COLCON', '1'), ('CMAKE_PREFIX_PATH', '/home/wheeltec/lab103/qt_sim_v1/install/wheeltec_robot_urdf:/home/wheeltec/lab103/qt_sim_v1/install/qt_ros_test:/opt/ros/humble')]), 'shell': False}
[0.021658] (wheeltec_robot_urdf) JobProgress: {'identifier': 'wheeltec_robot_urdf', 'progress': 'cmake'}
[0.022231] (wheeltec_robot_urdf) JobProgress: {'identifier': 'wheeltec_robot_urdf', 'progress': 'build'}
[0.022287] (wheeltec_robot_urdf) Command: {'cmd': ['/usr/bin/cmake', '--build', '/home/wheeltec/lab103/qt_sim_v1/build/wheeltec_robot_urdf', '--', '-j4', '-l4'], 'cwd': '/home/wheeltec/lab103/qt_sim_v1/build/wheeltec_robot_urdf', 'env': OrderedDict([('GJS_DEBUG_TOPICS', 'JS ERROR;JS LOG'), ('USER', 'wheeltec'), ('XDG_SESSION_TYPE', 'wayland'), ('LD_LIBRARY_PATH', '/opt/ros/humble/opt/rviz_ogre_vendor/lib:/opt/ros/humble/lib/x86_64-linux-gnu:/opt/ros/humble/lib'), ('SHLVL', '1'), ('HOME', '/home/wheeltec'), ('DESKTOP_SESSION', 'ubuntu'), ('QTDIR', '/home/wheeltec/Qt/6.5.3/gcc_64'), ('GIO_LAUNCHED_DESKTOP_FILE', '/home/wheeltec/.local/share/applications/org.qt-project.qtcreator.desktop'), ('GNOME_SHELL_SESSION_MODE', 'ubuntu'), ('GTK_MODULES', 'gail:atk-bridge'), ('ROS_PYTHON_VERSION', '3'), ('MANAGERPID', '997'), ('DBUS_SESSION_BUS_ADDRESS', 'unix:path'), ('SYSTEMD_EXEC_PID', '1332'), ('GIO_LAUNCHED_DESKTOP_FILE_PID', '1935'), ('COLCON_PREFIX_PATH', '/home/wheeltec/lab103/qt_sim_v1/install'), ('IM_CONFIG_PHASE', '1'), ('ROS_DISTRO', 'humble'), ('WAYLAND_DISPLAY', 'wayland-0'), ('LOGNAME', 'wheeltec'), ('JOURNAL_STREAM', '8:22322'), ('_', '/usr/bin/env'), ('ROS_VERSION', '2'), ('XDG_SESSION_CLASS', 'user'), ('USERNAME', 'wheeltec'), ('GNOME_DESKTOP_SESSION_ID', 'this-is-deprecated'), ('ROS_LOCALHOST_ONLY', '0'), ('PATH', '/opt/ros/humble/bin:/usr/local/sbin:/usr/local/bin:/usr/sbin:/usr/bin:/sbin:/bin:/usr/games:/usr/local/games:/snap/bin:/snap/bin'), ('INVOCATION_ID', '3328b75a46014fff989b327ec4496e36'), ('SESSION_MANAGER', 'local/humble:@/tmp/.ICE-unix/1304,unix/humble:/tmp/.ICE-unix/1304'), ('GNOME_SETUP_DISPLAY', ':1'), ('XDG_MENU_PREFIX', 'gnome-'), ('XDG_RUNTIME_DIR', '/run/user/1000'), ('DISPLAY', ':0'), ('LANG', 'en_US.UTF-8'), ('XDG_CURRENT_DESKTOP', 'ubuntu:GNOME'), ('XAUTHORITY', '/run/user/1000/.mutter-Xwaylandauth.JJ0Q62'), ('XDG_SESSION_DESKTOP', 'ubuntu'), ('XMODIFIERS', '@im'), ('AMENT_PREFIX_PATH', '/home/wheeltec/lab103/qt_sim_v1/install/wheeltec_robot_urdf:/home/wheeltec/lab103/qt_sim_v1/install/qt_ros_test:/opt/ros/humble'), ('SSH_AGENT_LAUNCHER', 'gnome-keyring'), ('SSH_AUTH_SOCK', '/run/user/1000/keyring/ssh'), ('SHELL', '/bin/bash'), ('GDMSESSION', 'ubuntu'), ('QT_ACCESSIBILITY', '1'), ('GJS_DEBUG_OUTPUT', 'stderr'), ('QT_IM_MODULE', 'ibus'), ('LC_ALL', 'en_US.UTF-8'), ('PWD', '/home/wheeltec/lab103/qt_sim_v1/build/wheeltec_robot_urdf'), ('QT_QPA_PLATFORM', 'xcb'), ('XDG_CONFIG_DIRS', '/etc/xdg/xdg-ubuntu:/etc/xdg'), ('XDG_DATA_DIRS', '/usr/share/ubuntu:/usr/local/share/:/usr/share/:/var/lib/snapd/desktop'), ('PYTHONPATH', '/opt/ros/humble/lib/python3.10/site-packages:/opt/ros/humble/local/lib/python3.10/dist-packages'), ('COLCON', '1'), ('CMAKE_PREFIX_PATH', '/home/wheeltec/lab103/qt_sim_v1/install/wheeltec_robot_urdf:/home/wheeltec/lab103/qt_sim_v1/install/qt_ros_test:/opt/ros/humble')]), 'shell': False}
[0.052095] (wheeltec_robot_urdf) CommandEnded: {'returncode': 0}
[0.083108] (wheeltec_robot_urdf) JobProgress: {'identifier': 'wheeltec_robot_urdf', 'progress': 'install'}
[0.092165] (wheeltec_robot_urdf) Command: {'cmd': ['/usr/bin/cmake', '--install', '/home/wheeltec/lab103/qt_sim_v1/build/wheeltec_robot_urdf'], 'cwd': '/home/wheeltec/lab103/qt_sim_v1/build/wheeltec_robot_urdf', 'env': OrderedDict([('GJS_DEBUG_TOPICS', 'JS ERROR;JS LOG'), ('USER', 'wheeltec'), ('XDG_SESSION_TYPE', 'wayland'), ('LD_LIBRARY_PATH', '/opt/ros/humble/opt/rviz_ogre_vendor/lib:/opt/ros/humble/lib/x86_64-linux-gnu:/opt/ros/humble/lib'), ('SHLVL', '1'), ('HOME', '/home/wheeltec'), ('DESKTOP_SESSION', 'ubuntu'), ('QTDIR', '/home/wheeltec/Qt/6.5.3/gcc_64'), ('GIO_LAUNCHED_DESKTOP_FILE', '/home/wheeltec/.local/share/applications/org.qt-project.qtcreator.desktop'), ('GNOME_SHELL_SESSION_MODE', 'ubuntu'), ('GTK_MODULES', 'gail:atk-bridge'), ('ROS_PYTHON_VERSION', '3'), ('MANAGERPID', '997'), ('DBUS_SESSION_BUS_ADDRESS', 'unix:path'), ('SYSTEMD_EXEC_PID', '1332'), ('GIO_LAUNCHED_DESKTOP_FILE_PID', '1935'), ('COLCON_PREFIX_PATH', '/home/wheeltec/lab103/qt_sim_v1/install'), ('IM_CONFIG_PHASE', '1'), ('ROS_DISTRO', 'humble'), ('WAYLAND_DISPLAY', 'wayland-0'), ('LOGNAME', 'wheeltec'), ('JOURNAL_STREAM', '8:22322'), ('_', '/usr/bin/env'), ('ROS_VERSION', '2'), ('XDG_SESSION_CLASS', 'user'), ('USERNAME', 'wheeltec'), ('GNOME_DESKTOP_SESSION_ID', 'this-is-deprecated'), ('ROS_LOCALHOST_ONLY', '0'), ('PATH', '/opt/ros/humble/bin:/usr/local/sbin:/usr/local/bin:/usr/sbin:/usr/bin:/sbin:/bin:/usr/games:/usr/local/games:/snap/bin:/snap/bin'), ('INVOCATION_ID', '3328b75a46014fff989b327ec4496e36'), ('SESSION_MANAGER', 'local/humble:@/tmp/.ICE-unix/1304,unix/humble:/tmp/.ICE-unix/1304'), ('GNOME_SETUP_DISPLAY', ':1'), ('XDG_MENU_PREFIX', 'gnome-'), ('XDG_RUNTIME_DIR', '/run/user/1000'), ('DISPLAY', ':0'), ('LANG', 'en_US.UTF-8'), ('XDG_CURRENT_DESKTOP', 'ubuntu:GNOME'), ('XAUTHORITY', '/run/user/1000/.mutter-Xwaylandauth.JJ0Q62'), ('XDG_SESSION_DESKTOP', 'ubuntu'), ('XMODIFIERS', '@im'), ('AMENT_PREFIX_PATH', '/home/wheeltec/lab103/qt_sim_v1/install/wheeltec_robot_urdf:/home/wheeltec/lab103/qt_sim_v1/install/qt_ros_test:/opt/ros/humble'), ('SSH_AGENT_LAUNCHER', 'gnome-keyring'), ('SSH_AUTH_SOCK', '/run/user/1000/keyring/ssh'), ('SHELL', '/bin/bash'), ('GDMSESSION', 'ubuntu'), ('QT_ACCESSIBILITY', '1'), ('GJS_DEBUG_OUTPUT', 'stderr'), ('QT_IM_MODULE', 'ibus'), ('LC_ALL', 'en_US.UTF-8'), ('PWD', '/home/wheeltec/lab103/qt_sim_v1/build/wheeltec_robot_urdf'), ('QT_QPA_PLATFORM', 'xcb'), ('XDG_CONFIG_DIRS', '/etc/xdg/xdg-ubuntu:/etc/xdg'), ('XDG_DATA_DIRS', '/usr/share/ubuntu:/usr/local/share/:/usr/share/:/var/lib/snapd/desktop'), ('PYTHONPATH', '/opt/ros/humble/lib/python3.10/site-packages:/opt/ros/humble/local/lib/python3.10/dist-packages'), ('COLCON', '1'), ('CMAKE_PREFIX_PATH', '/home/wheeltec/lab103/qt_sim_v1/install/wheeltec_robot_urdf:/home/wheeltec/lab103/qt_sim_v1/install/qt_ros_test:/opt/ros/humble')]), 'shell': False}
[0.097556] (qt_ros_test) StdoutLine: {'line': b'Consolidate compiler generated dependencies of target qt_ros_test\n'}
[0.100225] (-) TimerEvent: {}
[0.102650] (wheeltec_robot_urdf) StdoutLine: {'line': b'-- Install configuration: "Debug"\n'}
[0.102755] (wheeltec_robot_urdf) StdoutLine: {'line': b'-- Up-to-date: /home/wheeltec/lab103/qt_sim_v1/install/wheeltec_robot_urdf/share/wheeltec_robot_urdf/meshes\n'}
[0.102783] (wheeltec_robot_urdf) StdoutLine: {'line': b'-- Up-to-date: /home/wheeltec/lab103/qt_sim_v1/install/wheeltec_robot_urdf/share/wheeltec_robot_urdf/meshes/bases\n'}
[0.102804] (wheeltec_robot_urdf) StdoutLine: {'line': b'-- Up-to-date: /home/wheeltec/lab103/qt_sim_v1/install/wheeltec_robot_urdf/share/wheeltec_robot_urdf/meshes/bases/waffle_pi_base.stl\n'}
[0.102826] (wheeltec_robot_urdf) StdoutLine: {'line': b'-- Up-to-date: /home/wheeltec/lab103/qt_sim_v1/install/wheeltec_robot_urdf/share/wheeltec_robot_urdf/meshes/bases/waffle_base.stl\n'}
[0.102846] (wheeltec_robot_urdf) StdoutLine: {'line': b'-- Up-to-date: /home/wheeltec/lab103/qt_sim_v1/install/wheeltec_robot_urdf/share/wheeltec_robot_urdf/meshes/bases/burger_base.stl\n'}
[0.102865] (wheeltec_robot_urdf) StdoutLine: {'line': b'-- Up-to-date: /home/wheeltec/lab103/qt_sim_v1/install/wheeltec_robot_urdf/share/wheeltec_robot_urdf/meshes/wheels\n'}
[0.102884] (wheeltec_robot_urdf) StdoutLine: {'line': b'-- Up-to-date: /home/wheeltec/lab103/qt_sim_v1/install/wheeltec_robot_urdf/share/wheeltec_robot_urdf/meshes/wheels/left_tire.stl\n'}
[0.102903] (wheeltec_robot_urdf) StdoutLine: {'line': b'-- Up-to-date: /home/wheeltec/lab103/qt_sim_v1/install/wheeltec_robot_urdf/share/wheeltec_robot_urdf/meshes/wheels/right_tire.stl\n'}
[0.102941] (wheeltec_robot_urdf) StdoutLine: {'line': b'-- Up-to-date: /home/wheeltec/lab103/qt_sim_v1/install/wheeltec_robot_urdf/share/wheeltec_robot_urdf/meshes/sensors\n'}
[0.102961] (wheeltec_robot_urdf) StdoutLine: {'line': b'-- Up-to-date: /home/wheeltec/lab103/qt_sim_v1/install/wheeltec_robot_urdf/share/wheeltec_robot_urdf/meshes/sensors/astra.jpg\n'}
[0.102980] (wheeltec_robot_urdf) StdoutLine: {'line': b'-- Up-to-date: /home/wheeltec/lab103/qt_sim_v1/install/wheeltec_robot_urdf/share/wheeltec_robot_urdf/meshes/sensors/astra.dae\n'}
[0.102999] (wheeltec_robot_urdf) StdoutLine: {'line': b'-- Up-to-date: /home/wheeltec/lab103/qt_sim_v1/install/wheeltec_robot_urdf/share/wheeltec_robot_urdf/meshes/sensors/lds.stl\n'}
[0.103018] (wheeltec_robot_urdf) StdoutLine: {'line': b'-- Up-to-date: /home/wheeltec/lab103/qt_sim_v1/install/wheeltec_robot_urdf/share/wheeltec_robot_urdf/meshes/sensors/r200.dae\n'}
[0.103037] (wheeltec_robot_urdf) StdoutLine: {'line': b'-- Up-to-date: /home/wheeltec/lab103/qt_sim_v1/install/wheeltec_robot_urdf/share/wheeltec_robot_urdf/meshes/sensors/r200.jpg\n'}
[0.103058] (wheeltec_robot_urdf) StdoutLine: {'line': b'-- Up-to-date: /home/wheeltec/lab103/qt_sim_v1/install/wheeltec_robot_urdf/share/wheeltec_robot_urdf/meshes/mini_mec_robot_meshes\n'}
[0.103077] (wheeltec_robot_urdf) StdoutLine: {'line': b'-- Up-to-date: /home/wheeltec/lab103/qt_sim_v1/install/wheeltec_robot_urdf/share/wheeltec_robot_urdf/meshes/mini_mec_robot_meshes/lf_wheel_link.STL\n'}
[0.103098] (wheeltec_robot_urdf) StdoutLine: {'line': b'-- Up-to-date: /home/wheeltec/lab103/qt_sim_v1/install/wheeltec_robot_urdf/share/wheeltec_robot_urdf/meshes/mini_mec_robot_meshes/camera_link.STL\n'}
[0.103116] (wheeltec_robot_urdf) StdoutLine: {'line': b'-- Up-to-date: /home/wheeltec/lab103/qt_sim_v1/install/wheeltec_robot_urdf/share/wheeltec_robot_urdf/meshes/mini_mec_robot_meshes/base_link.STL\n'}
[0.103135] (wheeltec_robot_urdf) StdoutLine: {'line': b'-- Up-to-date: /home/wheeltec/lab103/qt_sim_v1/install/wheeltec_robot_urdf/share/wheeltec_robot_urdf/meshes/mini_mec_robot_meshes/rf_wheel_link.STL\n'}
[0.103154] (wheeltec_robot_urdf) StdoutLine: {'line': b'-- Up-to-date: /home/wheeltec/lab103/qt_sim_v1/install/wheeltec_robot_urdf/share/wheeltec_robot_urdf/meshes/mini_mec_robot_meshes/lb_wheel_link.STL\n'}
[0.103174] (wheeltec_robot_urdf) StdoutLine: {'line': b'-- Up-to-date: /home/wheeltec/lab103/qt_sim_v1/install/wheeltec_robot_urdf/share/wheeltec_robot_urdf/meshes/mini_mec_robot_meshes/controller_link.STL\n'}
[0.103192] (wheeltec_robot_urdf) StdoutLine: {'line': b'-- Up-to-date: /home/wheeltec/lab103/qt_sim_v1/install/wheeltec_robot_urdf/share/wheeltec_robot_urdf/meshes/mini_mec_robot_meshes/laser.STL\n'}
[0.103211] (wheeltec_robot_urdf) StdoutLine: {'line': b'-- Up-to-date: /home/wheeltec/lab103/qt_sim_v1/install/wheeltec_robot_urdf/share/wheeltec_robot_urdf/meshes/mini_mec_robot_meshes/rb_wheel_link.STL\n'}
[0.103230] (wheeltec_robot_urdf) StdoutLine: {'line': b'-- Up-to-date: /home/wheeltec/lab103/qt_sim_v1/install/wheeltec_robot_urdf/share/wheeltec_robot_urdf/rviz\n'}
[0.103253] (wheeltec_robot_urdf) StdoutLine: {'line': b'-- Up-to-date: /home/wheeltec/lab103/qt_sim_v1/install/wheeltec_robot_urdf/share/wheeltec_robot_urdf/rviz/model.rviz\n'}
[0.103310] (wheeltec_robot_urdf) StdoutLine: {'line': b'-- Up-to-date: /home/wheeltec/lab103/qt_sim_v1/install/wheeltec_robot_urdf/share/wheeltec_robot_urdf/urdf\n'}
[0.103331] (wheeltec_robot_urdf) StdoutLine: {'line': b'-- Up-to-date: /home/wheeltec/lab103/qt_sim_v1/install/wheeltec_robot_urdf/share/wheeltec_robot_urdf/urdf/senior_diff_robot.urdf\n'}
[0.103351] (wheeltec_robot_urdf) StdoutLine: {'line': b'-- Up-to-date: /home/wheeltec/lab103/qt_sim_v1/install/wheeltec_robot_urdf/share/wheeltec_robot_urdf/urdf/senior_4wd_dl_robot.urdf\n'}
[0.103370] (wheeltec_robot_urdf) StdoutLine: {'line': b'-- Up-to-date: /home/wheeltec/lab103/qt_sim_v1/install/wheeltec_robot_urdf/share/wheeltec_robot_urdf/urdf/top_mec_dl_robot.urdf\n'}
[0.106555] (wheeltec_robot_urdf) StdoutLine: {'line': b'-- Up-to-date: /home/wheeltec/lab103/qt_sim_v1/install/wheeltec_robot_urdf/share/wheeltec_robot_urdf/urdf/four_wheel_diff_dl_robot.urdf\n'}
[0.106694] (wheeltec_robot_urdf) StdoutLine: {'line': b'-- Up-to-date: /home/wheeltec/lab103/qt_sim_v1/install/wheeltec_robot_urdf/share/wheeltec_robot_urdf/urdf/mini_omni_robot.urdf\n'}
[0.106763] (wheeltec_robot_urdf) StdoutLine: {'line': b'-- Up-to-date: /home/wheeltec/lab103/qt_sim_v1/install/wheeltec_robot_urdf/share/wheeltec_robot_urdf/urdf/top_akm_bs_robot.urdf\n'}
[0.107204] (wheeltec_robot_urdf) StdoutLine: {'line': b'-- Up-to-date: /home/wheeltec/lab103/qt_sim_v1/install/wheeltec_robot_urdf/share/wheeltec_robot_urdf/urdf/mec_EightDrive_robot.urdf\n'}
[0.107284] (wheeltec_robot_urdf) StdoutLine: {'line': b'-- Up-to-date: /home/wheeltec/lab103/qt_sim_v1/install/wheeltec_robot_urdf/share/wheeltec_robot_urdf/urdf/flagship_mec_dl_robot.urdf\n'}
[0.107349] (wheeltec_robot_urdf) StdoutLine: {'line': b'-- Up-to-date: /home/wheeltec/lab103/qt_sim_v1/install/wheeltec_robot_urdf/share/wheeltec_robot_urdf/urdf/senior_akm_robot.urdf\n'}
[0.107414] (wheeltec_robot_urdf) StdoutLine: {'line': b'-- Up-to-date: /home/wheeltec/lab103/qt_sim_v1/install/wheeltec_robot_urdf/share/wheeltec_robot_urdf/urdf/mini_diff_robot.urdf\n'}
[0.107477] (wheeltec_robot_urdf) StdoutLine: {'line': b'-- Up-to-date: /home/wheeltec/lab103/qt_sim_v1/install/wheeltec_robot_urdf/share/wheeltec_robot_urdf/urdf/top_akm_dl_robot.urdf\n'}
[0.107540] (wheeltec_robot_urdf) StdoutLine: {'line': b'-- Up-to-date: /home/wheeltec/lab103/qt_sim_v1/install/wheeltec_robot_urdf/share/wheeltec_robot_urdf/urdf/mini_4wd_robot.urdf\n'}
[0.107602] (wheeltec_robot_urdf) StdoutLine: {'line': b'-- Up-to-date: /home/wheeltec/lab103/qt_sim_v1/install/wheeltec_robot_urdf/share/wheeltec_robot_urdf/urdf/flagship_four_wheel_diff_dl_robot.urdf\n'}
[0.107666] (wheeltec_robot_urdf) StdoutLine: {'line': b'-- Up-to-date: /home/wheeltec/lab103/qt_sim_v1/install/wheeltec_robot_urdf/share/wheeltec_robot_urdf/urdf/mini_mec_moveit.urdf\n'}
[0.107729] (wheeltec_robot_urdf) StdoutLine: {'line': b'-- Up-to-date: /home/wheeltec/lab103/qt_sim_v1/install/wheeltec_robot_urdf/share/wheeltec_robot_urdf/urdf/senior_mec_dl_robot.urdf\n'}
[0.107801] (wheeltec_robot_urdf) StdoutLine: {'line': b'-- Up-to-date: /home/wheeltec/lab103/qt_sim_v1/install/wheeltec_robot_urdf/share/wheeltec_robot_urdf/urdf/top_4wd_dl_robot.urdf\n'}
[0.108068] (wheeltec_robot_urdf) StdoutLine: {'line': b'-- Up-to-date: /home/wheeltec/lab103/qt_sim_v1/install/wheeltec_robot_urdf/share/wheeltec_robot_urdf/urdf/mini_mec_robot.urdf\n'}
[0.108184] (wheeltec_robot_urdf) StdoutLine: {'line': b'-- Up-to-date: /home/wheeltec/lab103/qt_sim_v1/install/wheeltec_robot_urdf/share/wheeltec_robot_urdf/urdf/mini_akm_robot.urdf\n'}
[0.108363] (wheeltec_robot_urdf) StdoutLine: {'line': b'-- Up-to-date: /home/wheeltec/lab103/qt_sim_v1/install/wheeltec_robot_urdf/share/wheeltec_robot_urdf/urdf/top_mec_bs_robot.urdf\n'}
[0.108439] (wheeltec_robot_urdf) StdoutLine: {'line': b'-- Up-to-date: /home/wheeltec/lab103/qt_sim_v1/install/wheeltec_robot_urdf/share/wheeltec_robot_urdf/urdf/flagship_four_wheel_diff_bs_robot.urdf\n'}
[0.108504] (wheeltec_robot_urdf) StdoutLine: {'line': b'-- Up-to-date: /home/wheeltec/lab103/qt_sim_v1/install/wheeltec_robot_urdf/share/wheeltec_robot_urdf/urdf/top_4wd_bs_robot.urdf\n'}
[0.108574] (wheeltec_robot_urdf) StdoutLine: {'line': b'-- Up-to-date: /home/wheeltec/lab103/qt_sim_v1/install/wheeltec_robot_urdf/share/wheeltec_robot_urdf/urdf/brushless_senior_diff.urdf\n'}
[0.108644] (wheeltec_robot_urdf) StdoutLine: {'line': b'-- Up-to-date: /home/wheeltec/lab103/qt_sim_v1/install/wheeltec_robot_urdf/share/wheeltec_robot_urdf/urdf/four_wheel_diff_bs_robot.urdf\n'}
[0.108707] (wheeltec_robot_urdf) StdoutLine: {'line': b'-- Up-to-date: /home/wheeltec/lab103/qt_sim_v1/install/wheeltec_robot_urdf/share/wheeltec_robot_urdf/urdf/top_omni_robot.urdf\n'}
[0.108770] (wheeltec_robot_urdf) StdoutLine: {'line': b'-- Up-to-date: /home/wheeltec/lab103/qt_sim_v1/install/wheeltec_robot_urdf/share/wheeltec_robot_urdf/urdf/flagship_4wd_dl_robot.urdf\n'}
[0.108833] (wheeltec_robot_urdf) StdoutLine: {'line': b'-- Up-to-date: /home/wheeltec/lab103/qt_sim_v1/install/wheeltec_robot_urdf/share/wheeltec_robot_urdf/urdf/senior_omni_robot.urdf\n'}
[0.108895] (wheeltec_robot_urdf) StdoutLine: {'line': b'-- Up-to-date: /home/wheeltec/lab103/qt_sim_v1/install/wheeltec_robot_urdf/share/wheeltec_robot_urdf/urdf/senior_4wd_bs_robot.urdf\n'}
[0.108957] (wheeltec_robot_urdf) StdoutLine: {'line': b'-- Up-to-date: /home/wheeltec/lab103/qt_sim_v1/install/wheeltec_robot_urdf/share/wheeltec_robot_urdf/urdf/senior_mec_robot.urdf\n'}
[0.109023] (wheeltec_robot_urdf) StdoutLine: {'line': b'-- Up-to-date: /home/wheeltec/lab103/qt_sim_v1/install/wheeltec_robot_urdf/share/wheeltec_robot_urdf/urdf/mini_tank_moveit.urdf\n'}
[0.109085] (wheeltec_robot_urdf) StdoutLine: {'line': b'-- Up-to-date: /home/wheeltec/lab103/qt_sim_v1/install/wheeltec_robot_urdf/share/wheeltec_robot_urdf/urdf/flagship_4wd_bs_robot.urdf\n'}
[0.109236] (wheeltec_robot_urdf) StdoutLine: {'line': b'-- Up-to-date: /home/wheeltec/lab103/qt_sim_v1/install/wheeltec_robot_urdf/share/wheeltec_robot_urdf/urdf/flagship_mec_bs_robot.urdf\n'}
[0.109310] (wheeltec_robot_urdf) StdoutLine: {'line': b'-- Up-to-date: /home/wheeltec/lab103/qt_sim_v1/install/wheeltec_robot_urdf/share/ament_index/resource_index/package_run_dependencies/wheeltec_robot_urdf\n'}
[0.109373] (wheeltec_robot_urdf) StdoutLine: {'line': b'-- Up-to-date: /home/wheeltec/lab103/qt_sim_v1/install/wheeltec_robot_urdf/share/ament_index/resource_index/parent_prefix_path/wheeltec_robot_urdf\n'}
[0.109436] (wheeltec_robot_urdf) StdoutLine: {'line': b'-- Up-to-date: /home/wheeltec/lab103/qt_sim_v1/install/wheeltec_robot_urdf/share/wheeltec_robot_urdf/environment/ament_prefix_path.sh\n'}
[0.109498] (wheeltec_robot_urdf) StdoutLine: {'line': b'-- Up-to-date: /home/wheeltec/lab103/qt_sim_v1/install/wheeltec_robot_urdf/share/wheeltec_robot_urdf/environment/ament_prefix_path.dsv\n'}
[0.109560] (wheeltec_robot_urdf) StdoutLine: {'line': b'-- Up-to-date: /home/wheeltec/lab103/qt_sim_v1/install/wheeltec_robot_urdf/share/wheeltec_robot_urdf/environment/path.sh\n'}
[0.109631] (wheeltec_robot_urdf) StdoutLine: {'line': b'-- Up-to-date: /home/wheeltec/lab103/qt_sim_v1/install/wheeltec_robot_urdf/share/wheeltec_robot_urdf/environment/path.dsv\n'}
[0.109697] (wheeltec_robot_urdf) StdoutLine: {'line': b'-- Up-to-date: /home/wheeltec/lab103/qt_sim_v1/install/wheeltec_robot_urdf/share/wheeltec_robot_urdf/local_setup.bash\n'}
[0.109760] (wheeltec_robot_urdf) StdoutLine: {'line': b'-- Up-to-date: /home/wheeltec/lab103/qt_sim_v1/install/wheeltec_robot_urdf/share/wheeltec_robot_urdf/local_setup.sh\n'}
[0.109823] (wheeltec_robot_urdf) StdoutLine: {'line': b'-- Up-to-date: /home/wheeltec/lab103/qt_sim_v1/install/wheeltec_robot_urdf/share/wheeltec_robot_urdf/local_setup.zsh\n'}
[0.109886] (wheeltec_robot_urdf) StdoutLine: {'line': b'-- Up-to-date: /home/wheeltec/lab103/qt_sim_v1/install/wheeltec_robot_urdf/share/wheeltec_robot_urdf/local_setup.dsv\n'}
[0.109948] (wheeltec_robot_urdf) StdoutLine: {'line': b'-- Installing: /home/wheeltec/lab103/qt_sim_v1/install/wheeltec_robot_urdf/share/wheeltec_robot_urdf/package.dsv\n'}
[0.110010] (wheeltec_robot_urdf) StdoutLine: {'line': b'-- Up-to-date: /home/wheeltec/lab103/qt_sim_v1/install/wheeltec_robot_urdf/share/ament_index/resource_index/packages/wheeltec_robot_urdf\n'}
[0.110073] (wheeltec_robot_urdf) StdoutLine: {'line': b'-- Up-to-date: /home/wheeltec/lab103/qt_sim_v1/install/wheeltec_robot_urdf/share/wheeltec_robot_urdf/cmake/wheeltec_robot_urdfConfig.cmake\n'}
[0.110145] (wheeltec_robot_urdf) StdoutLine: {'line': b'-- Up-to-date: /home/wheeltec/lab103/qt_sim_v1/install/wheeltec_robot_urdf/share/wheeltec_robot_urdf/cmake/wheeltec_robot_urdfConfig-version.cmake\n'}
[0.111369] (wheeltec_robot_urdf) StdoutLine: {'line': b'-- Up-to-date: /home/wheeltec/lab103/qt_sim_v1/install/wheeltec_robot_urdf/share/wheeltec_robot_urdf/package.xml\n'}
[0.111406] (wheeltec_robot_urdf) CommandEnded: {'returncode': 0}
[0.127347] (qt_ros_test) StdoutLine: {'line': b'[  3%] Building CXX object CMakeFiles/qt_ros_test.dir/src/main_window.cpp.o\n'}
[0.166246] (wheeltec_robot_urdf) JobEnded: {'identifier': 'wheeltec_robot_urdf', 'rc': 0}
[0.201562] (-) TimerEvent: {}
[0.302539] (-) TimerEvent: {}
[0.402848] (-) TimerEvent: {}
[0.503979] (-) TimerEvent: {}
[0.605467] (-) TimerEvent: {}
[0.707341] (-) TimerEvent: {}
[0.807912] (-) TimerEvent: {}
[0.909453] (-) TimerEvent: {}
[1.009780] (-) TimerEvent: {}
[1.110125] (-) TimerEvent: {}
[1.211031] (-) TimerEvent: {}
[1.311438] (-) TimerEvent: {}
[1.411972] (-) TimerEvent: {}
[1.512925] (-) TimerEvent: {}
[1.614376] (-) TimerEvent: {}
[1.716465] (-) TimerEvent: {}
[1.817665] (-) TimerEvent: {}
[1.917950] (-) TimerEvent: {}
[2.018626] (-) TimerEvent: {}
[2.118958] (-) TimerEvent: {}
[2.219672] (-) TimerEvent: {}
[2.319981] (-) TimerEvent: {}
[2.420770] (-) TimerEvent: {}
[2.521213] (-) TimerEvent: {}
[2.621404] (-) TimerEvent: {}
[2.721742] (-) TimerEvent: {}
[2.822029] (-) TimerEvent: {}
[2.922508] (-) TimerEvent: {}
[3.025986] (-) TimerEvent: {}
[3.127034] (-) TimerEvent: {}
[3.227935] (-) TimerEvent: {}
[3.328549] (-) TimerEvent: {}
[3.429016] (-) TimerEvent: {}
[3.529664] (-) TimerEvent: {}
[3.630249] (-) TimerEvent: {}
[3.730598] (-) TimerEvent: {}
[3.831577] (-) TimerEvent: {}
[3.931876] (-) TimerEvent: {}
[4.032308] (-) TimerEvent: {}
[4.133031] (-) TimerEvent: {}
[4.165180] (qt_ros_test) StderrLine: {'line': b'/home/wheeltec/lab103/qt_sim_v1/src/qt_ros_test/src/main_window.cpp: In destructor \xe2\x80\x98virtual qt_ros_test::MainWindow::~MainWindow()\xe2\x80\x99:\n'}
[4.165304] (qt_ros_test) StderrLine: {'line': b'/home/wheeltec/lab103/qt_sim_v1/src/qt_ros_test/src/main_window.cpp:112:22: warning: \xe2\x80\x98static int QProcess::execute(const QString&)\xe2\x80\x99 is deprecated: Use QProcess::execute(const QString &program, const QStringList &arguments) instead [-Wdeprecated-declarations]\n'}
[4.165333] (qt_ros_test) StderrLine: {'line': b'  112 |     QProcess::execute("ssh -Y wheeltec@192.168.0.100\\n"\n'}
[4.165356] (qt_ros_test) StderrLine: {'line': b'      |     ~~~~~~~~~~~~~~~~~^~~~~~~~~~~~~~~~~~~~~~~~~~~~~~~~~~\n'}
[4.165377] (qt_ros_test) StderrLine: {'line': b'  113 |                     "killall -s INT -w ros2\\n");\n'}
[4.165397] (qt_ros_test) StderrLine: {'line': b'      |                     ~~~~~~~~~~~~~~~~~~~~~~~~~~~\n'}
[4.165418] (qt_ros_test) StderrLine: {'line': b'In file included from /usr/include/x86_64-linux-gnu/qt5/QtCore/QtCore:170,\n'}
[4.165438] (qt_ros_test) StderrLine: {'line': b'                 from /usr/include/x86_64-linux-gnu/qt5/QtGui/QtGuiDepends:3,\n'}
[4.165538] (qt_ros_test) StderrLine: {'line': b'                 from /usr/include/x86_64-linux-gnu/qt5/QtGui/QtGui:3,\n'}
[4.165571] (qt_ros_test) StderrLine: {'line': b'                 from /home/wheeltec/lab103/qt_sim_v1/src/qt_ros_test/src/main_window.cpp:12:\n'}
[4.165592] (qt_ros_test) StderrLine: {'line': b'/usr/include/x86_64-linux-gnu/qt5/QtCore/qprocess.h:265:16: note: declared here\n'}
[4.165611] (qt_ros_test) StderrLine: {'line': b'  265 |     static int execute(const QString &command);\n'}
[4.165630] (qt_ros_test) StderrLine: {'line': b'      |                ^~~~~~~\n'}
[4.165718] (qt_ros_test) StderrLine: {'line': b'/home/wheeltec/lab103/qt_sim_v1/src/qt_ros_test/src/main_window.cpp: In member function \xe2\x80\x98void qt_ros_test::MainWindow::init_cmd()\xe2\x80\x99:\n'}
[4.165746] (qt_ros_test) StderrLine: {'line': b'/home/wheeltec/lab103/qt_sim_v1/src/qt_ros_test/src/main_window.cpp:142:16: warning: \xe2\x80\x98void QProcess::start(const QString&, QIODevice::OpenMode)\xe2\x80\x99 is deprecated: Use QProcess::start(const QString &program, const QStringList &arguments,OpenMode mode = ReadWrite) instead [-Wdeprecated-declarations]\n'}
[4.165772] (qt_ros_test) StderrLine: {'line': b'  142 |     _cmd->start("bash");\n'}
[4.165793] (qt_ros_test) StderrLine: {'line': b'      |     ~~~~~~~~~~~^~~~~~~~\n'}
[4.165813] (qt_ros_test) StderrLine: {'line': b'In file included from /usr/include/x86_64-linux-gnu/qt5/QtCore/QtCore:170,\n'}
[4.165833] (qt_ros_test) StderrLine: {'line': b'                 from /usr/include/x86_64-linux-gnu/qt5/QtGui/QtGuiDepends:3,\n'}
[4.165852] (qt_ros_test) StderrLine: {'line': b'                 from /usr/include/x86_64-linux-gnu/qt5/QtGui/QtGui:3,\n'}
[4.165871] (qt_ros_test) StderrLine: {'line': b'                 from /home/wheeltec/lab103/qt_sim_v1/src/qt_ros_test/src/main_window.cpp:12:\n'}
[4.165889] (qt_ros_test) StderrLine: {'line': b'/usr/include/x86_64-linux-gnu/qt5/QtCore/qprocess.h:168:10: note: declared here\n'}
[4.165907] (qt_ros_test) StderrLine: {'line': b'  168 |     void start(const QString &command, OpenMode mode = ReadWrite);\n'}
[4.165926] (qt_ros_test) StderrLine: {'line': b'      |          ^~~~~\n'}
[4.167608] (qt_ros_test) StderrLine: {'line': b'/home/wheeltec/lab103/qt_sim_v1/src/qt_ros_test/src/main_window.cpp: In member function \xe2\x80\x98void qt_ros_test::MainWindow::closeroslaunch()\xe2\x80\x99:\n'}
[4.167705] (qt_ros_test) StderrLine: {'line': b'/home/wheeltec/lab103/qt_sim_v1/src/qt_ros_test/src/main_window.cpp:196:19: warning: \xe2\x80\x98void QProcess::start(const QString&, QIODevice::OpenMode)\xe2\x80\x99 is deprecated: Use QProcess::start(const QString &program, const QStringList &arguments,OpenMode mode = ReadWrite) instead [-Wdeprecated-declarations]\n'}
[4.167738] (qt_ros_test) StderrLine: {'line': b'  196 |     killall->start("ssh -Y wheeltec@192.168.3.120\\n"\n'}
[4.167758] (qt_ros_test) StderrLine: {'line': b'      |     ~~~~~~~~~~~~~~^~~~~~~~~~~~~~~~~~~~~~~~~~~~~~~~~~\n'}
[4.167778] (qt_ros_test) StderrLine: {'line': b'  197 |                     "killall -s INT -wg ros2\\n");\n'}
[4.167798] (qt_ros_test) StderrLine: {'line': b'      |                     ~~~~~~~~~~~~~~~~~~~~~~~~~~~~\n'}
[4.167818] (qt_ros_test) StderrLine: {'line': b'In file included from /usr/include/x86_64-linux-gnu/qt5/QtCore/QtCore:170,\n'}
[4.167837] (qt_ros_test) StderrLine: {'line': b'                 from /usr/include/x86_64-linux-gnu/qt5/QtGui/QtGuiDepends:3,\n'}
[4.167856] (qt_ros_test) StderrLine: {'line': b'                 from /usr/include/x86_64-linux-gnu/qt5/QtGui/QtGui:3,\n'}
[4.167875] (qt_ros_test) StderrLine: {'line': b'                 from /home/wheeltec/lab103/qt_sim_v1/src/qt_ros_test/src/main_window.cpp:12:\n'}
[4.167893] (qt_ros_test) StderrLine: {'line': b'/usr/include/x86_64-linux-gnu/qt5/QtCore/qprocess.h:168:10: note: declared here\n'}
[4.167912] (qt_ros_test) StderrLine: {'line': b'  168 |     void start(const QString &command, OpenMode mode = ReadWrite);\n'}
[4.167930] (qt_ros_test) StderrLine: {'line': b'      |          ^~~~~\n'}
[4.169212] (qt_ros_test) StderrLine: {'line': b'/home/wheeltec/lab103/qt_sim_v1/src/qt_ros_test/src/main_window.cpp: In member function \xe2\x80\x98void qt_ros_test::MainWindow::slot_cmd_read()\xe2\x80\x99:\n'}
[4.169275] (qt_ros_test) StderrLine: {'line': b'/home/wheeltec/lab103/qt_sim_v1/src/qt_ros_test/src/main_window.cpp:244:10: warning: ISO C++ forbids variable length array \xe2\x80\x98buffer\xe2\x80\x99 [-Wvla]\n'}
[4.169300] (qt_ros_test) StderrLine: {'line': b'  244 |     char buffer[maxSize];\n'}
[4.169320] (qt_ros_test) StderrLine: {'line': b'      |          ^~~~~~\n'}
[4.171225] (qt_ros_test) StderrLine: {'line': b'/home/wheeltec/lab103/qt_sim_v1/src/qt_ros_test/src/main_window.cpp: In member function \xe2\x80\x98void qt_ros_test::MainWindow::ReadSettings()\xe2\x80\x99:\n'}
[4.171281] (qt_ros_test) StderrLine: {'line': b'/home/wheeltec/lab103/qt_sim_v1/src/qt_ros_test/src/main_window.cpp:300:10: warning: unused variable \xe2\x80\x98remember\xe2\x80\x99 [-Wunused-variable]\n'}
[4.171306] (qt_ros_test) StderrLine: {'line': b'  300 |     bool remember = settings.value("remember_settings", false).toBool();\n'}
[4.171334] (qt_ros_test) StderrLine: {'line': b'      |          ^~~~~~~~\n'}
[4.171355] (qt_ros_test) StderrLine: {'line': b'/home/wheeltec/lab103/qt_sim_v1/src/qt_ros_test/src/main_window.cpp:301:10: warning: unused variable \xe2\x80\x98checked\xe2\x80\x99 [-Wunused-variable]\n'}
[4.171375] (qt_ros_test) StderrLine: {'line': b'  301 |     bool checked = settings.value("use_environment_variables", false).toBool();\n'}
[4.171394] (qt_ros_test) StderrLine: {'line': b'      |          ^~~~~~~\n'}
[4.194523] (qt_ros_test) StderrLine: {'line': b'/home/wheeltec/lab103/qt_sim_v1/src/qt_ros_test/src/main_window.cpp: In member function \xe2\x80\x98void qt_ros_test::MainWindow::on_pushButton_webusbcam_clicked(bool)\xe2\x80\x99:\n'}
[4.194631] (qt_ros_test) StderrLine: {'line': b'/home/wheeltec/lab103/qt_sim_v1/src/qt_ros_test/src/main_window.cpp:597:23: warning: \xe2\x80\x98void QProcess::start(const QString&, QIODevice::OpenMode)\xe2\x80\x99 is deprecated: Use QProcess::start(const QString &program, const QStringList &arguments,OpenMode mode = ReadWrite) instead [-Wdeprecated-declarations]\n'}
[4.194660] (qt_ros_test) StderrLine: {'line': b'  597 |         killall->start("ssh -Y wheeltec@192.168.0.100\\n"\n'}
[4.194683] (qt_ros_test) StderrLine: {'line': b'      |         ~~~~~~~~~~~~~~^~~~~~~~~~~~~~~~~~~~~~~~~~~~~~~~~~\n'}
[4.194704] (qt_ros_test) StderrLine: {'line': b'  598 |                 "killall -s INT -g ros2\\n");\n'}
[4.194772] (qt_ros_test) StderrLine: {'line': b'      |                 ~~~~~~~~~~~~~~~~~~~~~~~~~~~\n'}
[4.194809] (qt_ros_test) StderrLine: {'line': b'In file included from /usr/include/x86_64-linux-gnu/qt5/QtCore/QtCore:170,\n'}
[4.194831] (qt_ros_test) StderrLine: {'line': b'                 from /usr/include/x86_64-linux-gnu/qt5/QtGui/QtGuiDepends:3,\n'}
[4.194850] (qt_ros_test) StderrLine: {'line': b'                 from /usr/include/x86_64-linux-gnu/qt5/QtGui/QtGui:3,\n'}
[4.194869] (qt_ros_test) StderrLine: {'line': b'                 from /home/wheeltec/lab103/qt_sim_v1/src/qt_ros_test/src/main_window.cpp:12:\n'}
[4.194901] (qt_ros_test) StderrLine: {'line': b'/usr/include/x86_64-linux-gnu/qt5/QtCore/qprocess.h:168:10: note: declared here\n'}
[4.194924] (qt_ros_test) StderrLine: {'line': b'  168 |     void start(const QString &command, OpenMode mode = ReadWrite);\n'}
[4.194943] (qt_ros_test) StderrLine: {'line': b'      |          ^~~~~\n'}
[4.195042] (qt_ros_test) StderrLine: {'line': b'/home/wheeltec/lab103/qt_sim_v1/src/qt_ros_test/src/main_window.cpp: In member function \xe2\x80\x98void qt_ros_test::MainWindow::on_pushButton_2dmap_clicked(bool)\xe2\x80\x99:\n'}
[4.195071] (qt_ros_test) StderrLine: {'line': b'/home/wheeltec/lab103/qt_sim_v1/src/qt_ros_test/src/main_window.cpp:621:32: warning: \xe2\x80\x98static bool QProcess::startDetached(const QString&)\xe2\x80\x99 is deprecated: Use QProcess::startDetached(const QString &program, const QStringList &arguments) instead [-Wdeprecated-declarations]\n'}
[4.195094] (qt_ros_test) StderrLine: {'line': b'  621 |         rviz_cmd->startDetached("rviz2");\n'}
[4.195114] (qt_ros_test) StderrLine: {'line': b'      |         ~~~~~~~~~~~~~~~~~~~~~~~^~~~~~~~~\n'}
[4.195134] (qt_ros_test) StderrLine: {'line': b'In file included from /usr/include/x86_64-linux-gnu/qt5/QtCore/QtCore:170,\n'}
[4.195153] (qt_ros_test) StderrLine: {'line': b'                 from /usr/include/x86_64-linux-gnu/qt5/QtGui/QtGuiDepends:3,\n'}
[4.195173] (qt_ros_test) StderrLine: {'line': b'                 from /usr/include/x86_64-linux-gnu/qt5/QtGui/QtGui:3,\n'}
[4.195192] (qt_ros_test) StderrLine: {'line': b'                 from /home/wheeltec/lab103/qt_sim_v1/src/qt_ros_test/src/main_window.cpp:12:\n'}
[4.195249] (qt_ros_test) StderrLine: {'line': b'/usr/include/x86_64-linux-gnu/qt5/QtCore/qprocess.h:280:17: note: declared here\n'}
[4.195279] (qt_ros_test) StderrLine: {'line': b'  280 |     static bool startDetached(const QString &command);\n'}
[4.195300] (qt_ros_test) StderrLine: {'line': b'      |                 ^~~~~~~~~~~~~\n'}
[4.195385] (qt_ros_test) StderrLine: {'line': b'/home/wheeltec/lab103/qt_sim_v1/src/qt_ros_test/src/main_window.cpp:627:32: warning: \xe2\x80\x98static bool QProcess::startDetached(const QString&)\xe2\x80\x99 is deprecated: Use QProcess::startDetached(const QString &program, const QStringList &arguments) instead [-Wdeprecated-declarations]\n'}
[4.195409] (qt_ros_test) StderrLine: {'line': b'  627 |         rviz_cmd->startDetached("killall -2 rviz2");\n'}
[4.195489] (qt_ros_test) StderrLine: {'line': b'      |         ~~~~~~~~~~~~~~~~~~~~~~~^~~~~~~~~~~~~~~~~~~~\n'}
[4.195516] (qt_ros_test) StderrLine: {'line': b'In file included from /usr/include/x86_64-linux-gnu/qt5/QtCore/QtCore:170,\n'}
[4.195537] (qt_ros_test) StderrLine: {'line': b'                 from /usr/include/x86_64-linux-gnu/qt5/QtGui/QtGuiDepends:3,\n'}
[4.195557] (qt_ros_test) StderrLine: {'line': b'                 from /usr/include/x86_64-linux-gnu/qt5/QtGui/QtGui:3,\n'}
[4.195580] (qt_ros_test) StderrLine: {'line': b'                 from /home/wheeltec/lab103/qt_sim_v1/src/qt_ros_test/src/main_window.cpp:12:\n'}
[4.195599] (qt_ros_test) StderrLine: {'line': b'/usr/include/x86_64-linux-gnu/qt5/QtCore/qprocess.h:280:17: note: declared here\n'}
[4.195619] (qt_ros_test) StderrLine: {'line': b'  280 |     static bool startDetached(const QString &command);\n'}
[4.195638] (qt_ros_test) StderrLine: {'line': b'      |                 ^~~~~~~~~~~~~\n'}
[4.195659] (qt_ros_test) StderrLine: {'line': b'/home/wheeltec/lab103/qt_sim_v1/src/qt_ros_test/src/main_window.cpp: In member function \xe2\x80\x98void qt_ros_test::MainWindow::on_pushButton_2dmap_2_clicked()\xe2\x80\x99:\n'}
[4.195678] (qt_ros_test) StderrLine: {'line': b'/home/wheeltec/lab103/qt_sim_v1/src/qt_ros_test/src/main_window.cpp:651:32: warning: \xe2\x80\x98static bool QProcess::startDetached(const QString&)\xe2\x80\x99 is deprecated: Use QProcess::startDetached(const QString &program, const QStringList &arguments) instead [-Wdeprecated-declarations]\n'}
[4.195698] (qt_ros_test) StderrLine: {'line': b'  651 |         rviz_cmd->startDetached("rviz2");\n'}
[4.195733] (qt_ros_test) StderrLine: {'line': b'      |         ~~~~~~~~~~~~~~~~~~~~~~~^~~~~~~~~\n'}
[4.195753] (qt_ros_test) StderrLine: {'line': b'In file included from /usr/include/x86_64-linux-gnu/qt5/QtCore/QtCore:170,\n'}
[4.195783] (qt_ros_test) StderrLine: {'line': b'                 from /usr/include/x86_64-linux-gnu/qt5/QtGui/QtGuiDepends:3,\n'}
[4.195857] (qt_ros_test) StderrLine: {'line': b'                 from /usr/include/x86_64-linux-gnu/qt5/QtGui/QtGui:3,\n'}
[4.195889] (qt_ros_test) StderrLine: {'line': b'                 from /home/wheeltec/lab103/qt_sim_v1/src/qt_ros_test/src/main_window.cpp:12:\n'}
[4.195915] (qt_ros_test) StderrLine: {'line': b'/usr/include/x86_64-linux-gnu/qt5/QtCore/qprocess.h:280:17: note: declared here\n'}
[4.195934] (qt_ros_test) StderrLine: {'line': b'  280 |     static bool startDetached(const QString &command);\n'}
[4.195954] (qt_ros_test) StderrLine: {'line': b'      |                 ^~~~~~~~~~~~~\n'}
[4.195973] (qt_ros_test) StderrLine: {'line': b'/home/wheeltec/lab103/qt_sim_v1/src/qt_ros_test/src/main_window.cpp:657:32: warning: \xe2\x80\x98static bool QProcess::startDetached(const QString&)\xe2\x80\x99 is deprecated: Use QProcess::startDetached(const QString &program, const QStringList &arguments) instead [-Wdeprecated-declarations]\n'}
[4.195994] (qt_ros_test) StderrLine: {'line': b'  657 |         rviz_cmd->startDetached("killall -2 rviz2");\n'}
[4.196015] (qt_ros_test) StderrLine: {'line': b'      |         ~~~~~~~~~~~~~~~~~~~~~~~^~~~~~~~~~~~~~~~~~~~\n'}
[4.196034] (qt_ros_test) StderrLine: {'line': b'In file included from /usr/include/x86_64-linux-gnu/qt5/QtCore/QtCore:170,\n'}
[4.196053] (qt_ros_test) StderrLine: {'line': b'                 from /usr/include/x86_64-linux-gnu/qt5/QtGui/QtGuiDepends:3,\n'}
[4.196072] (qt_ros_test) StderrLine: {'line': b'                 from /usr/include/x86_64-linux-gnu/qt5/QtGui/QtGui:3,\n'}
[4.196090] (qt_ros_test) StderrLine: {'line': b'                 from /home/wheeltec/lab103/qt_sim_v1/src/qt_ros_test/src/main_window.cpp:12:\n'}
[4.196109] (qt_ros_test) StderrLine: {'line': b'/usr/include/x86_64-linux-gnu/qt5/QtCore/qprocess.h:280:17: note: declared here\n'}
[4.196127] (qt_ros_test) StderrLine: {'line': b'  280 |     static bool startDetached(const QString &command);\n'}
[4.196145] (qt_ros_test) StderrLine: {'line': b'      |                 ^~~~~~~~~~~~~\n'}
[4.196162] (qt_ros_test) StderrLine: {'line': b'/home/wheeltec/lab103/qt_sim_v1/src/qt_ros_test/src/main_window.cpp: In member function \xe2\x80\x98void qt_ros_test::MainWindow::on_pushButton_2dmap_3_clicked()\xe2\x80\x99:\n'}
[4.196181] (qt_ros_test) StderrLine: {'line': b'/home/wheeltec/lab103/qt_sim_v1/src/qt_ros_test/src/main_window.cpp:681:32: warning: \xe2\x80\x98static bool QProcess::startDetached(const QString&)\xe2\x80\x99 is deprecated: Use QProcess::startDetached(const QString &program, const QStringList &arguments) instead [-Wdeprecated-declarations]\n'}
[4.196200] (qt_ros_test) StderrLine: {'line': b'  681 |         rviz_cmd->startDetached("rviz2");\n'}
[4.196232] (qt_ros_test) StderrLine: {'line': b'      |         ~~~~~~~~~~~~~~~~~~~~~~~^~~~~~~~~\n'}
[4.196254] (qt_ros_test) StderrLine: {'line': b'In file included from /usr/include/x86_64-linux-gnu/qt5/QtCore/QtCore:170,\n'}
[4.196273] (qt_ros_test) StderrLine: {'line': b'                 from /usr/include/x86_64-linux-gnu/qt5/QtGui/QtGuiDepends:3,\n'}
[4.196294] (qt_ros_test) StderrLine: {'line': b'                 from /usr/include/x86_64-linux-gnu/qt5/QtGui/QtGui:3,\n'}
[4.196313] (qt_ros_test) StderrLine: {'line': b'                 from /home/wheeltec/lab103/qt_sim_v1/src/qt_ros_test/src/main_window.cpp:12:\n'}
[4.196331] (qt_ros_test) StderrLine: {'line': b'/usr/include/x86_64-linux-gnu/qt5/QtCore/qprocess.h:280:17: note: declared here\n'}
[4.196349] (qt_ros_test) StderrLine: {'line': b'  280 |     static bool startDetached(const QString &command);\n'}
[4.196367] (qt_ros_test) StderrLine: {'line': b'      |                 ^~~~~~~~~~~~~\n'}
[4.196429] (qt_ros_test) StderrLine: {'line': b'/home/wheeltec/lab103/qt_sim_v1/src/qt_ros_test/src/main_window.cpp:687:32: warning: \xe2\x80\x98static bool QProcess::startDetached(const QString&)\xe2\x80\x99 is deprecated: Use QProcess::startDetached(const QString &program, const QStringList &arguments) instead [-Wdeprecated-declarations]\n'}
[4.196456] (qt_ros_test) StderrLine: {'line': b'  687 |         rviz_cmd->startDetached("killall -2 rviz2");\n'}
[4.196478] (qt_ros_test) StderrLine: {'line': b'      |         ~~~~~~~~~~~~~~~~~~~~~~~^~~~~~~~~~~~~~~~~~~~\n'}
[4.196497] (qt_ros_test) StderrLine: {'line': b'In file included from /usr/include/x86_64-linux-gnu/qt5/QtCore/QtCore:170,\n'}
[4.196517] (qt_ros_test) StderrLine: {'line': b'                 from /usr/include/x86_64-linux-gnu/qt5/QtGui/QtGuiDepends:3,\n'}
[4.196537] (qt_ros_test) StderrLine: {'line': b'                 from /usr/include/x86_64-linux-gnu/qt5/QtGui/QtGui:3,\n'}
[4.196557] (qt_ros_test) StderrLine: {'line': b'                 from /home/wheeltec/lab103/qt_sim_v1/src/qt_ros_test/src/main_window.cpp:12:\n'}
[4.196575] (qt_ros_test) StderrLine: {'line': b'/usr/include/x86_64-linux-gnu/qt5/QtCore/qprocess.h:280:17: note: declared here\n'}
[4.196593] (qt_ros_test) StderrLine: {'line': b'  280 |     static bool startDetached(const QString &command);\n'}
[4.196611] (qt_ros_test) StderrLine: {'line': b'      |                 ^~~~~~~~~~~~~\n'}
[4.197063] (qt_ros_test) StderrLine: {'line': b'/home/wheeltec/lab103/qt_sim_v1/src/qt_ros_test/src/main_window.cpp: In member function \xe2\x80\x98void qt_ros_test::MainWindow::on_pushButton_2dnav_clicked(bool)\xe2\x80\x99:\n'}
[4.197096] (qt_ros_test) StderrLine: {'line': b'/home/wheeltec/lab103/qt_sim_v1/src/qt_ros_test/src/main_window.cpp:729:32: warning: \xe2\x80\x98static bool QProcess::startDetached(const QString&)\xe2\x80\x99 is deprecated: Use QProcess::startDetached(const QString &program, const QStringList &arguments) instead [-Wdeprecated-declarations]\n'}
[4.197119] (qt_ros_test) StderrLine: {'line': b'  729 |         rviz_cmd->startDetached("rviz2");\n'}
[4.197154] (qt_ros_test) StderrLine: {'line': b'      |         ~~~~~~~~~~~~~~~~~~~~~~~^~~~~~~~~\n'}
[4.197192] (qt_ros_test) StderrLine: {'line': b'In file included from /usr/include/x86_64-linux-gnu/qt5/QtCore/QtCore:170,\n'}
[4.197212] (qt_ros_test) StderrLine: {'line': b'                 from /usr/include/x86_64-linux-gnu/qt5/QtGui/QtGuiDepends:3,\n'}
[4.197232] (qt_ros_test) StderrLine: {'line': b'                 from /usr/include/x86_64-linux-gnu/qt5/QtGui/QtGui:3,\n'}
[4.197251] (qt_ros_test) StderrLine: {'line': b'                 from /home/wheeltec/lab103/qt_sim_v1/src/qt_ros_test/src/main_window.cpp:12:\n'}
[4.197270] (qt_ros_test) StderrLine: {'line': b'/usr/include/x86_64-linux-gnu/qt5/QtCore/qprocess.h:280:17: note: declared here\n'}
[4.197292] (qt_ros_test) StderrLine: {'line': b'  280 |     static bool startDetached(const QString &command);\n'}
[4.197311] (qt_ros_test) StderrLine: {'line': b'      |                 ^~~~~~~~~~~~~\n'}
[4.197369] (qt_ros_test) StderrLine: {'line': b'/home/wheeltec/lab103/qt_sim_v1/src/qt_ros_test/src/main_window.cpp:735:32: warning: \xe2\x80\x98static bool QProcess::startDetached(const QString&)\xe2\x80\x99 is deprecated: Use QProcess::startDetached(const QString &program, const QStringList &arguments) instead [-Wdeprecated-declarations]\n'}
[4.197398] (qt_ros_test) StderrLine: {'line': b'  735 |         rviz_cmd->startDetached("killall -2 rviz2");\n'}
[4.197420] (qt_ros_test) StderrLine: {'line': b'      |         ~~~~~~~~~~~~~~~~~~~~~~~^~~~~~~~~~~~~~~~~~~~\n'}
[4.197505] (qt_ros_test) StderrLine: {'line': b'In file included from /usr/include/x86_64-linux-gnu/qt5/QtCore/QtCore:170,\n'}
[4.197529] (qt_ros_test) StderrLine: {'line': b'                 from /usr/include/x86_64-linux-gnu/qt5/QtGui/QtGuiDepends:3,\n'}
[4.197602] (qt_ros_test) StderrLine: {'line': b'                 from /usr/include/x86_64-linux-gnu/qt5/QtGui/QtGui:3,\n'}
[4.197626] (qt_ros_test) StderrLine: {'line': b'                 from /home/wheeltec/lab103/qt_sim_v1/src/qt_ros_test/src/main_window.cpp:12:\n'}
[4.197647] (qt_ros_test) StderrLine: {'line': b'/usr/include/x86_64-linux-gnu/qt5/QtCore/qprocess.h:280:17: note: declared here\n'}
[4.197666] (qt_ros_test) StderrLine: {'line': b'  280 |     static bool startDetached(const QString &command);\n'}
[4.197686] (qt_ros_test) StderrLine: {'line': b'      |                 ^~~~~~~~~~~~~\n'}
[4.197705] (qt_ros_test) StderrLine: {'line': b'/home/wheeltec/lab103/qt_sim_v1/src/qt_ros_test/src/main_window.cpp: In member function \xe2\x80\x98void qt_ros_test::MainWindow::on_pushButton_3dmap_clicked(bool)\xe2\x80\x99:\n'}
[4.197725] (qt_ros_test) StderrLine: {'line': b'/home/wheeltec/lab103/qt_sim_v1/src/qt_ros_test/src/main_window.cpp:760:32: warning: \xe2\x80\x98static bool QProcess::startDetached(const QString&)\xe2\x80\x99 is deprecated: Use QProcess::startDetached(const QString &program, const QStringList &arguments) instead [-Wdeprecated-declarations]\n'}
[4.197745] (qt_ros_test) StderrLine: {'line': b'  760 |         rviz_cmd->startDetached("rviz2");\n'}
[4.197764] (qt_ros_test) StderrLine: {'line': b'      |         ~~~~~~~~~~~~~~~~~~~~~~~^~~~~~~~~\n'}
[4.197782] (qt_ros_test) StderrLine: {'line': b'In file included from /usr/include/x86_64-linux-gnu/qt5/QtCore/QtCore:170,\n'}
[4.197801] (qt_ros_test) StderrLine: {'line': b'                 from /usr/include/x86_64-linux-gnu/qt5/QtGui/QtGuiDepends:3,\n'}
[4.197820] (qt_ros_test) StderrLine: {'line': b'                 from /usr/include/x86_64-linux-gnu/qt5/QtGui/QtGui:3,\n'}
[4.197838] (qt_ros_test) StderrLine: {'line': b'                 from /home/wheeltec/lab103/qt_sim_v1/src/qt_ros_test/src/main_window.cpp:12:\n'}
[4.197857] (qt_ros_test) StderrLine: {'line': b'/usr/include/x86_64-linux-gnu/qt5/QtCore/qprocess.h:280:17: note: declared here\n'}
[4.197875] (qt_ros_test) StderrLine: {'line': b'  280 |     static bool startDetached(const QString &command);\n'}
[4.197893] (qt_ros_test) StderrLine: {'line': b'      |                 ^~~~~~~~~~~~~\n'}
[4.197975] (qt_ros_test) StderrLine: {'line': b'/home/wheeltec/lab103/qt_sim_v1/src/qt_ros_test/src/main_window.cpp:766:32: warning: \xe2\x80\x98static bool QProcess::startDetached(const QString&)\xe2\x80\x99 is deprecated: Use QProcess::startDetached(const QString &program, const QStringList &arguments) instead [-Wdeprecated-declarations]\n'}
[4.197998] (qt_ros_test) StderrLine: {'line': b'  766 |         rviz_cmd->startDetached("killall -2 rviz2");\n'}
[4.198071] (qt_ros_test) StderrLine: {'line': b'      |         ~~~~~~~~~~~~~~~~~~~~~~~^~~~~~~~~~~~~~~~~~~~\n'}
[4.198099] (qt_ros_test) StderrLine: {'line': b'In file included from /usr/include/x86_64-linux-gnu/qt5/QtCore/QtCore:170,\n'}
[4.198120] (qt_ros_test) StderrLine: {'line': b'                 from /usr/include/x86_64-linux-gnu/qt5/QtGui/QtGuiDepends:3,\n'}
[4.198140] (qt_ros_test) StderrLine: {'line': b'                 from /usr/include/x86_64-linux-gnu/qt5/QtGui/QtGui:3,\n'}
[4.198172] (qt_ros_test) StderrLine: {'line': b'                 from /home/wheeltec/lab103/qt_sim_v1/src/qt_ros_test/src/main_window.cpp:12:\n'}
[4.198210] (qt_ros_test) StderrLine: {'line': b'/usr/include/x86_64-linux-gnu/qt5/QtCore/qprocess.h:280:17: note: declared here\n'}
[4.198231] (qt_ros_test) StderrLine: {'line': b'  280 |     static bool startDetached(const QString &command);\n'}
[4.198250] (qt_ros_test) StderrLine: {'line': b'      |                 ^~~~~~~~~~~~~\n'}
[4.198273] (qt_ros_test) StderrLine: {'line': b'/home/wheeltec/lab103/qt_sim_v1/src/qt_ros_test/src/main_window.cpp: In member function \xe2\x80\x98void qt_ros_test::MainWindow::on_pushButton_3dnav_clicked(bool)\xe2\x80\x99:\n'}
[4.198292] (qt_ros_test) StderrLine: {'line': b'/home/wheeltec/lab103/qt_sim_v1/src/qt_ros_test/src/main_window.cpp:798:32: warning: \xe2\x80\x98static bool QProcess::startDetached(const QString&)\xe2\x80\x99 is deprecated: Use QProcess::startDetached(const QString &program, const QStringList &arguments) instead [-Wdeprecated-declarations]\n'}
[4.198313] (qt_ros_test) StderrLine: {'line': b'  798 |         rviz_cmd->startDetached("rviz2");\n'}
[4.198332] (qt_ros_test) StderrLine: {'line': b'      |         ~~~~~~~~~~~~~~~~~~~~~~~^~~~~~~~~\n'}
[4.198350] (qt_ros_test) StderrLine: {'line': b'In file included from /usr/include/x86_64-linux-gnu/qt5/QtCore/QtCore:170,\n'}
[4.198367] (qt_ros_test) StderrLine: {'line': b'                 from /usr/include/x86_64-linux-gnu/qt5/QtGui/QtGuiDepends:3,\n'}
[4.198384] (qt_ros_test) StderrLine: {'line': b'                 from /usr/include/x86_64-linux-gnu/qt5/QtGui/QtGui:3,\n'}
[4.198405] (qt_ros_test) StderrLine: {'line': b'                 from /home/wheeltec/lab103/qt_sim_v1/src/qt_ros_test/src/main_window.cpp:12:\n'}
[4.198424] (qt_ros_test) StderrLine: {'line': b'/usr/include/x86_64-linux-gnu/qt5/QtCore/qprocess.h:280:17: note: declared here\n'}
[4.198460] (qt_ros_test) StderrLine: {'line': b'  280 |     static bool startDetached(const QString &command);\n'}
[4.198480] (qt_ros_test) StderrLine: {'line': b'      |                 ^~~~~~~~~~~~~\n'}
[4.198500] (qt_ros_test) StderrLine: {'line': b'/home/wheeltec/lab103/qt_sim_v1/src/qt_ros_test/src/main_window.cpp:805:32: warning: \xe2\x80\x98static bool QProcess::startDetached(const QString&)\xe2\x80\x99 is deprecated: Use QProcess::startDetached(const QString &program, const QStringList &arguments) instead [-Wdeprecated-declarations]\n'}
[4.198524] (qt_ros_test) StderrLine: {'line': b'  805 |         rviz_cmd->startDetached("killall -2 rviz2");\n'}
[4.198544] (qt_ros_test) StderrLine: {'line': b'      |         ~~~~~~~~~~~~~~~~~~~~~~~^~~~~~~~~~~~~~~~~~~~\n'}
[4.198563] (qt_ros_test) StderrLine: {'line': b'In file included from /usr/include/x86_64-linux-gnu/qt5/QtCore/QtCore:170,\n'}
[4.198582] (qt_ros_test) StderrLine: {'line': b'                 from /usr/include/x86_64-linux-gnu/qt5/QtGui/QtGuiDepends:3,\n'}
[4.198601] (qt_ros_test) StderrLine: {'line': b'                 from /usr/include/x86_64-linux-gnu/qt5/QtGui/QtGui:3,\n'}
[4.198619] (qt_ros_test) StderrLine: {'line': b'                 from /home/wheeltec/lab103/qt_sim_v1/src/qt_ros_test/src/main_window.cpp:12:\n'}
[4.198638] (qt_ros_test) StderrLine: {'line': b'/usr/include/x86_64-linux-gnu/qt5/QtCore/qprocess.h:280:17: note: declared here\n'}
[4.198656] (qt_ros_test) StderrLine: {'line': b'  280 |     static bool startDetached(const QString &command);\n'}
[4.198673] (qt_ros_test) StderrLine: {'line': b'      |                 ^~~~~~~~~~~~~\n'}
[4.198828] (qt_ros_test) StderrLine: {'line': b'/home/wheeltec/lab103/qt_sim_v1/src/qt_ros_test/src/main_window.cpp: In member function \xe2\x80\x98void qt_ros_test::MainWindow::on_pushButton_nfsrobot_clicked(bool)\xe2\x80\x99:\n'}
[4.198860] (qt_ros_test) StderrLine: {'line': b'/home/wheeltec/lab103/qt_sim_v1/src/qt_ros_test/src/main_window.cpp:833:16: warning: \xe2\x80\x98void QProcess::start(const QString&, QIODevice::OpenMode)\xe2\x80\x99 is deprecated: Use QProcess::start(const QString &program, const QStringList &arguments,OpenMode mode = ReadWrite) instead [-Wdeprecated-declarations]\n'}
[4.198882] (qt_ros_test) StderrLine: {'line': b'  833 |     _cmd->start("bash");\n'}
[4.198902] (qt_ros_test) StderrLine: {'line': b'      |     ~~~~~~~~~~~^~~~~~~~\n'}
[4.198921] (qt_ros_test) StderrLine: {'line': b'In file included from /usr/include/x86_64-linux-gnu/qt5/QtCore/QtCore:170,\n'}
[4.198941] (qt_ros_test) StderrLine: {'line': b'                 from /usr/include/x86_64-linux-gnu/qt5/QtGui/QtGuiDepends:3,\n'}
[4.198963] (qt_ros_test) StderrLine: {'line': b'                 from /usr/include/x86_64-linux-gnu/qt5/QtGui/QtGui:3,\n'}
[4.198981] (qt_ros_test) StderrLine: {'line': b'                 from /home/wheeltec/lab103/qt_sim_v1/src/qt_ros_test/src/main_window.cpp:12:\n'}
[4.199001] (qt_ros_test) StderrLine: {'line': b'/usr/include/x86_64-linux-gnu/qt5/QtCore/qprocess.h:168:10: note: declared here\n'}
[4.199020] (qt_ros_test) StderrLine: {'line': b'  168 |     void start(const QString &command, OpenMode mode = ReadWrite);\n'}
[4.199040] (qt_ros_test) StderrLine: {'line': b'      |          ^~~~~\n'}
[4.199190] (qt_ros_test) StderrLine: {'line': b'/home/wheeltec/lab103/qt_sim_v1/src/qt_ros_test/src/main_window.cpp: In member function \xe2\x80\x98void qt_ros_test::MainWindow::on_pushButton_unfsrobot_clicked(bool)\xe2\x80\x99:\n'}
[4.199219] (qt_ros_test) StderrLine: {'line': b'/home/wheeltec/lab103/qt_sim_v1/src/qt_ros_test/src/main_window.cpp:844:16: warning: \xe2\x80\x98void QProcess::start(const QString&, QIODevice::OpenMode)\xe2\x80\x99 is deprecated: Use QProcess::start(const QString &program, const QStringList &arguments,OpenMode mode = ReadWrite) instead [-Wdeprecated-declarations]\n'}
[4.199244] (qt_ros_test) StderrLine: {'line': b'  844 |     _cmd->start("bash");\n'}
[4.199279] (qt_ros_test) StderrLine: {'line': b'      |     ~~~~~~~~~~~^~~~~~~~\n'}
[4.199305] (qt_ros_test) StderrLine: {'line': b'In file included from /usr/include/x86_64-linux-gnu/qt5/QtCore/QtCore:170,\n'}
[4.199325] (qt_ros_test) StderrLine: {'line': b'                 from /usr/include/x86_64-linux-gnu/qt5/QtGui/QtGuiDepends:3,\n'}
[4.199344] (qt_ros_test) StderrLine: {'line': b'                 from /usr/include/x86_64-linux-gnu/qt5/QtGui/QtGui:3,\n'}
[4.199362] (qt_ros_test) StderrLine: {'line': b'                 from /home/wheeltec/lab103/qt_sim_v1/src/qt_ros_test/src/main_window.cpp:12:\n'}
[4.199382] (qt_ros_test) StderrLine: {'line': b'/usr/include/x86_64-linux-gnu/qt5/QtCore/qprocess.h:168:10: note: declared here\n'}
[4.199401] (qt_ros_test) StderrLine: {'line': b'  168 |     void start(const QString &command, OpenMode mode = ReadWrite);\n'}
[4.199418] (qt_ros_test) StderrLine: {'line': b'      |          ^~~~~\n'}
[4.199499] (qt_ros_test) StderrLine: {'line': b'/home/wheeltec/lab103/qt_sim_v1/src/qt_ros_test/src/main_window.cpp: In member function \xe2\x80\x98void qt_ros_test::MainWindow::on_pushButton_nfsarm_clicked(bool)\xe2\x80\x99:\n'}
[4.199526] (qt_ros_test) StderrLine: {'line': b'/home/wheeltec/lab103/qt_sim_v1/src/qt_ros_test/src/main_window.cpp:855:16: warning: \xe2\x80\x98void QProcess::start(const QString&, QIODevice::OpenMode)\xe2\x80\x99 is deprecated: Use QProcess::start(const QString &program, const QStringList &arguments,OpenMode mode = ReadWrite) instead [-Wdeprecated-declarations]\n'}
[4.199547] (qt_ros_test) StderrLine: {'line': b'  855 |     _cmd->start("bash");\n'}
[4.199567] (qt_ros_test) StderrLine: {'line': b'      |     ~~~~~~~~~~~^~~~~~~~\n'}
[4.199606] (qt_ros_test) StderrLine: {'line': b'In file included from /usr/include/x86_64-linux-gnu/qt5/QtCore/QtCore:170,\n'}
[4.199628] (qt_ros_test) StderrLine: {'line': b'                 from /usr/include/x86_64-linux-gnu/qt5/QtGui/QtGuiDepends:3,\n'}
[4.199646] (qt_ros_test) StderrLine: {'line': b'                 from /usr/include/x86_64-linux-gnu/qt5/QtGui/QtGui:3,\n'}
[4.199665] (qt_ros_test) StderrLine: {'line': b'                 from /home/wheeltec/lab103/qt_sim_v1/src/qt_ros_test/src/main_window.cpp:12:\n'}
[4.199683] (qt_ros_test) StderrLine: {'line': b'/usr/include/x86_64-linux-gnu/qt5/QtCore/qprocess.h:168:10: note: declared here\n'}
[4.199702] (qt_ros_test) StderrLine: {'line': b'  168 |     void start(const QString &command, OpenMode mode = ReadWrite);\n'}
[4.199721] (qt_ros_test) StderrLine: {'line': b'      |          ^~~~~\n'}
[4.199795] (qt_ros_test) StderrLine: {'line': b'/home/wheeltec/lab103/qt_sim_v1/src/qt_ros_test/src/main_window.cpp: In member function \xe2\x80\x98void qt_ros_test::MainWindow::on_pushButton_unfsarm_clicked(bool)\xe2\x80\x99:\n'}
[4.199825] (qt_ros_test) StderrLine: {'line': b'/home/wheeltec/lab103/qt_sim_v1/src/qt_ros_test/src/main_window.cpp:866:16: warning: \xe2\x80\x98void QProcess::start(const QString&, QIODevice::OpenMode)\xe2\x80\x99 is deprecated: Use QProcess::start(const QString &program, const QStringList &arguments,OpenMode mode = ReadWrite) instead [-Wdeprecated-declarations]\n'}
[4.199850] (qt_ros_test) StderrLine: {'line': b'  866 |     _cmd->start("bash");\n'}
[4.199870] (qt_ros_test) StderrLine: {'line': b'      |     ~~~~~~~~~~~^~~~~~~~\n'}
[4.199891] (qt_ros_test) StderrLine: {'line': b'In file included from /usr/include/x86_64-linux-gnu/qt5/QtCore/QtCore:170,\n'}
[4.199912] (qt_ros_test) StderrLine: {'line': b'                 from /usr/include/x86_64-linux-gnu/qt5/QtGui/QtGuiDepends:3,\n'}
[4.199931] (qt_ros_test) StderrLine: {'line': b'                 from /usr/include/x86_64-linux-gnu/qt5/QtGui/QtGui:3,\n'}
[4.199951] (qt_ros_test) StderrLine: {'line': b'                 from /home/wheeltec/lab103/qt_sim_v1/src/qt_ros_test/src/main_window.cpp:12:\n'}
[4.199970] (qt_ros_test) StderrLine: {'line': b'/usr/include/x86_64-linux-gnu/qt5/QtCore/qprocess.h:168:10: note: declared here\n'}
[4.199988] (qt_ros_test) StderrLine: {'line': b'  168 |     void start(const QString &command, OpenMode mode = ReadWrite);\n'}
[4.200007] (qt_ros_test) StderrLine: {'line': b'      |          ^~~~~\n'}
[4.200925] (qt_ros_test) StderrLine: {'line': b'/home/wheeltec/lab103/qt_sim_v1/src/qt_ros_test/src/main_window.cpp: In member function \xe2\x80\x98void qt_ros_test::MainWindow::on_pushButton_rqt_clicked(bool)\xe2\x80\x99:\n'}
[4.201009] (qt_ros_test) StderrLine: {'line': b'/home/wheeltec/lab103/qt_sim_v1/src/qt_ros_test/src/main_window.cpp:899:27: warning: \xe2\x80\x98static bool QProcess::startDetached(const QString&)\xe2\x80\x99 is deprecated: Use QProcess::startDetached(const QString &program, const QStringList &arguments) instead [-Wdeprecated-declarations]\n'}
[4.201037] (qt_ros_test) StderrLine: {'line': b'  899 |     rqt_cmd->startDetached("rqt");\n'}
[4.201059] (qt_ros_test) StderrLine: {'line': b'      |     ~~~~~~~~~~~~~~~~~~~~~~^~~~~~~\n'}
[4.201079] (qt_ros_test) StderrLine: {'line': b'In file included from /usr/include/x86_64-linux-gnu/qt5/QtCore/QtCore:170,\n'}
[4.201099] (qt_ros_test) StderrLine: {'line': b'                 from /usr/include/x86_64-linux-gnu/qt5/QtGui/QtGuiDepends:3,\n'}
[4.201119] (qt_ros_test) StderrLine: {'line': b'                 from /usr/include/x86_64-linux-gnu/qt5/QtGui/QtGui:3,\n'}
[4.201138] (qt_ros_test) StderrLine: {'line': b'                 from /home/wheeltec/lab103/qt_sim_v1/src/qt_ros_test/src/main_window.cpp:12:\n'}
[4.201157] (qt_ros_test) StderrLine: {'line': b'/usr/include/x86_64-linux-gnu/qt5/QtCore/qprocess.h:280:17: note: declared here\n'}
[4.201181] (qt_ros_test) StderrLine: {'line': b'  280 |     static bool startDetached(const QString &command);\n'}
[4.201201] (qt_ros_test) StderrLine: {'line': b'      |                 ^~~~~~~~~~~~~\n'}
[4.201220] (qt_ros_test) StderrLine: {'line': b'/home/wheeltec/lab103/qt_sim_v1/src/qt_ros_test/src/main_window.cpp: In member function \xe2\x80\x98void qt_ros_test::MainWindow::on_pushButton_rviz_clicked(bool)\xe2\x80\x99:\n'}
[4.201240] (qt_ros_test) StderrLine: {'line': b'/home/wheeltec/lab103/qt_sim_v1/src/qt_ros_test/src/main_window.cpp:905:28: warning: \xe2\x80\x98static bool QProcess::startDetached(const QString&)\xe2\x80\x99 is deprecated: Use QProcess::startDetached(const QString &program, const QStringList &arguments) instead [-Wdeprecated-declarations]\n'}
[4.201288] (qt_ros_test) StderrLine: {'line': b'  905 |     rviz_cmd->startDetached("rviz2");\n'}
[4.201309] (qt_ros_test) StderrLine: {'line': b'      |     ~~~~~~~~~~~~~~~~~~~~~~~^~~~~~~~~\n'}
[4.201328] (qt_ros_test) StderrLine: {'line': b'In file included from /usr/include/x86_64-linux-gnu/qt5/QtCore/QtCore:170,\n'}
[4.201347] (qt_ros_test) StderrLine: {'line': b'                 from /usr/include/x86_64-linux-gnu/qt5/QtGui/QtGuiDepends:3,\n'}
[4.201366] (qt_ros_test) StderrLine: {'line': b'                 from /usr/include/x86_64-linux-gnu/qt5/QtGui/QtGui:3,\n'}
[4.201387] (qt_ros_test) StderrLine: {'line': b'                 from /home/wheeltec/lab103/qt_sim_v1/src/qt_ros_test/src/main_window.cpp:12:\n'}
[4.201405] (qt_ros_test) StderrLine: {'line': b'/usr/include/x86_64-linux-gnu/qt5/QtCore/qprocess.h:280:17: note: declared here\n'}
[4.201423] (qt_ros_test) StderrLine: {'line': b'  280 |     static bool startDetached(const QString &command);\n'}
[4.201441] (qt_ros_test) StderrLine: {'line': b'      |                 ^~~~~~~~~~~~~\n'}
[4.201514] (qt_ros_test) StderrLine: {'line': b'/home/wheeltec/lab103/qt_sim_v1/src/qt_ros_test/src/main_window.cpp: In member function \xe2\x80\x98void qt_ros_test::MainWindow::on_quit_button_2_clicked(bool)\xe2\x80\x99:\n'}
[4.201541] (qt_ros_test) StderrLine: {'line': b'/home/wheeltec/lab103/qt_sim_v1/src/qt_ros_test/src/main_window.cpp:970:22: warning: \xe2\x80\x98static int QProcess::execute(const QString&)\xe2\x80\x99 is deprecated: Use QProcess::execute(const QString &program, const QStringList &arguments) instead [-Wdeprecated-declarations]\n'}
[4.201564] (qt_ros_test) StderrLine: {'line': b'  970 |     QProcess::execute("ssh -Y wheeltec@192.168.0.100\\n"\n'}
[4.201584] (qt_ros_test) StderrLine: {'line': b'      |     ~~~~~~~~~~~~~~~~~^~~~~~~~~~~~~~~~~~~~~~~~~~~~~~~~~~\n'}
[4.201604] (qt_ros_test) StderrLine: {'line': b'  971 |                       "killall -s INT -w ros2\\n");\n'}
[4.201623] (qt_ros_test) StderrLine: {'line': b'      |                       ~~~~~~~~~~~~~~~~~~~~~~~~~~~\n'}
[4.201643] (qt_ros_test) StderrLine: {'line': b'In file included from /usr/include/x86_64-linux-gnu/qt5/QtCore/QtCore:170,\n'}
[4.201662] (qt_ros_test) StderrLine: {'line': b'                 from /usr/include/x86_64-linux-gnu/qt5/QtGui/QtGuiDepends:3,\n'}
[4.201681] (qt_ros_test) StderrLine: {'line': b'                 from /usr/include/x86_64-linux-gnu/qt5/QtGui/QtGui:3,\n'}
[4.201701] (qt_ros_test) StderrLine: {'line': b'                 from /home/wheeltec/lab103/qt_sim_v1/src/qt_ros_test/src/main_window.cpp:12:\n'}
[4.201718] (qt_ros_test) StderrLine: {'line': b'/usr/include/x86_64-linux-gnu/qt5/QtCore/qprocess.h:265:16: note: declared here\n'}
[4.201736] (qt_ros_test) StderrLine: {'line': b'  265 |     static int execute(const QString &command);\n'}
[4.201754] (qt_ros_test) StderrLine: {'line': b'      |                ^~~~~~~\n'}
[4.233205] (-) TimerEvent: {}
[4.333524] (-) TimerEvent: {}
[4.433895] (-) TimerEvent: {}
[4.534431] (-) TimerEvent: {}
[4.635632] (-) TimerEvent: {}
[4.736032] (-) TimerEvent: {}
[4.836362] (-) TimerEvent: {}
[4.936847] (-) TimerEvent: {}
[5.037570] (-) TimerEvent: {}
[5.137859] (-) TimerEvent: {}
[5.238390] (-) TimerEvent: {}
[5.338579] (-) TimerEvent: {}
[5.439023] (-) TimerEvent: {}
[5.539539] (-) TimerEvent: {}
[5.640238] (-) TimerEvent: {}
[5.687135] (qt_ros_test) StdoutLine: {'line': b'[  7%] Linking CXX executable qt_ros_test\n'}
[5.741765] (-) TimerEvent: {}
[5.842171] (-) TimerEvent: {}
[5.942926] (-) TimerEvent: {}
[6.043253] (-) TimerEvent: {}
[6.143925] (-) TimerEvent: {}
[6.244404] (-) TimerEvent: {}
[6.345026] (-) TimerEvent: {}
[6.445810] (-) TimerEvent: {}
[6.546302] (-) TimerEvent: {}
[6.647054] (-) TimerEvent: {}
[6.747450] (-) TimerEvent: {}
[6.847757] (-) TimerEvent: {}
[6.948463] (-) TimerEvent: {}
[7.048956] (-) TimerEvent: {}
[7.149446] (-) TimerEvent: {}
[7.249720] (-) TimerEvent: {}
[7.350143] (-) TimerEvent: {}
[7.450672] (-) TimerEvent: {}
[7.551384] (-) TimerEvent: {}
[7.651844] (-) TimerEvent: {}
[7.752418] (-) TimerEvent: {}
[7.852821] (-) TimerEvent: {}
[7.932333] (qt_ros_test) StdoutLine: {'line': b'[100%] Built target qt_ros_test\n'}
[7.938637] (qt_ros_test) CommandEnded: {'returncode': 0}
[7.952948] (-) TimerEvent: {}
[7.969376] (qt_ros_test) JobProgress: {'identifier': 'qt_ros_test', 'progress': 'install'}
[7.969408] (qt_ros_test) Command: {'cmd': ['/usr/bin/cmake', '--install', '/home/wheeltec/lab103/qt_sim_v1/build/qt_ros_test'], 'cwd': '/home/wheeltec/lab103/qt_sim_v1/build/qt_ros_test', 'env': OrderedDict([('GJS_DEBUG_TOPICS', 'JS ERROR;JS LOG'), ('USER', 'wheeltec'), ('XDG_SESSION_TYPE', 'wayland'), ('LD_LIBRARY_PATH', '/opt/ros/humble/opt/rviz_ogre_vendor/lib:/opt/ros/humble/lib/x86_64-linux-gnu:/opt/ros/humble/lib'), ('SHLVL', '1'), ('HOME', '/home/wheeltec'), ('DESKTOP_SESSION', 'ubuntu'), ('QTDIR', '/home/wheeltec/Qt/6.5.3/gcc_64'), ('GIO_LAUNCHED_DESKTOP_FILE', '/home/wheeltec/.local/share/applications/org.qt-project.qtcreator.desktop'), ('GNOME_SHELL_SESSION_MODE', 'ubuntu'), ('GTK_MODULES', 'gail:atk-bridge'), ('ROS_PYTHON_VERSION', '3'), ('MANAGERPID', '997'), ('DBUS_SESSION_BUS_ADDRESS', 'unix:path'), ('SYSTEMD_EXEC_PID', '1332'), ('GIO_LAUNCHED_DESKTOP_FILE_PID', '1935'), ('COLCON_PREFIX_PATH', '/home/wheeltec/lab103/qt_sim_v1/install'), ('IM_CONFIG_PHASE', '1'), ('ROS_DISTRO', 'humble'), ('WAYLAND_DISPLAY', 'wayland-0'), ('LOGNAME', 'wheeltec'), ('JOURNAL_STREAM', '8:22322'), ('_', '/usr/bin/env'), ('ROS_VERSION', '2'), ('XDG_SESSION_CLASS', 'user'), ('USERNAME', 'wheeltec'), ('GNOME_DESKTOP_SESSION_ID', 'this-is-deprecated'), ('ROS_LOCALHOST_ONLY', '0'), ('PATH', '/opt/ros/humble/bin:/usr/local/sbin:/usr/local/bin:/usr/sbin:/usr/bin:/sbin:/bin:/usr/games:/usr/local/games:/snap/bin:/snap/bin'), ('INVOCATION_ID', '3328b75a46014fff989b327ec4496e36'), ('SESSION_MANAGER', 'local/humble:@/tmp/.ICE-unix/1304,unix/humble:/tmp/.ICE-unix/1304'), ('GNOME_SETUP_DISPLAY', ':1'), ('XDG_MENU_PREFIX', 'gnome-'), ('XDG_RUNTIME_DIR', '/run/user/1000'), ('DISPLAY', ':0'), ('LANG', 'en_US.UTF-8'), ('XDG_CURRENT_DESKTOP', 'ubuntu:GNOME'), ('XAUTHORITY', '/run/user/1000/.mutter-Xwaylandauth.JJ0Q62'), ('XDG_SESSION_DESKTOP', 'ubuntu'), ('XMODIFIERS', '@im'), ('AMENT_PREFIX_PATH', '/home/wheeltec/lab103/qt_sim_v1/install/wheeltec_robot_urdf:/home/wheeltec/lab103/qt_sim_v1/install/qt_ros_test:/opt/ros/humble'), ('SSH_AGENT_LAUNCHER', 'gnome-keyring'), ('SSH_AUTH_SOCK', '/run/user/1000/keyring/ssh'), ('SHELL', '/bin/bash'), ('GDMSESSION', 'ubuntu'), ('QT_ACCESSIBILITY', '1'), ('GJS_DEBUG_OUTPUT', 'stderr'), ('QT_IM_MODULE', 'ibus'), ('LC_ALL', 'en_US.UTF-8'), ('PWD', '/home/wheeltec/lab103/qt_sim_v1/build/qt_ros_test'), ('QT_QPA_PLATFORM', 'xcb'), ('XDG_CONFIG_DIRS', '/etc/xdg/xdg-ubuntu:/etc/xdg'), ('XDG_DATA_DIRS', '/usr/share/ubuntu:/usr/local/share/:/usr/share/:/var/lib/snapd/desktop'), ('PYTHONPATH', '/opt/ros/humble/lib/python3.10/site-packages:/opt/ros/humble/local/lib/python3.10/dist-packages'), ('COLCON', '1'), ('CMAKE_PREFIX_PATH', '/home/wheeltec/lab103/qt_sim_v1/install/wheeltec_robot_urdf:/home/wheeltec/lab103/qt_sim_v1/install/qt_ros_test:/opt/ros/humble')]), 'shell': False}
[7.973718] (qt_ros_test) StdoutLine: {'line': b'-- Install configuration: "Debug"\n'}
[7.973835] (qt_ros_test) StdoutLine: {'line': b'-- Installing: /home/wheeltec/lab103/qt_sim_v1/install/qt_ros_test/lib/qt_ros_test/qt_ros_test\n'}
[8.000967] (qt_ros_test) StdoutLine: {'line': b'-- Set runtime path of "/home/wheeltec/lab103/qt_sim_v1/install/qt_ros_test/lib/qt_ros_test/qt_ros_test" to "/home/wheeltec/lab103/qt_sim_v1/src/qt_ros_test/lib"\n'}
[8.001089] (qt_ros_test) StdoutLine: {'line': b'-- Up-to-date: /home/wheeltec/lab103/qt_sim_v1/install/qt_ros_test/share/qt_ros_test/launch\n'}
[8.001117] (qt_ros_test) StdoutLine: {'line': b'-- Up-to-date: /home/wheeltec/lab103/qt_sim_v1/install/qt_ros_test/share/qt_ros_test/launch/qt_ros_test.launch.py\n'}
[8.001140] (qt_ros_test) StdoutLine: {'line': b'-- Up-to-date: /home/wheeltec/lab103/qt_sim_v1/install/qt_ros_test/share/ament_index/resource_index/package_run_dependencies/qt_ros_test\n'}
[8.001162] (qt_ros_test) StdoutLine: {'line': b'-- Up-to-date: /home/wheeltec/lab103/qt_sim_v1/install/qt_ros_test/share/ament_index/resource_index/parent_prefix_path/qt_ros_test\n'}
[8.001183] (qt_ros_test) StdoutLine: {'line': b'-- Up-to-date: /home/wheeltec/lab103/qt_sim_v1/install/qt_ros_test/share/qt_ros_test/environment/ament_prefix_path.sh\n'}
[8.001202] (qt_ros_test) StdoutLine: {'line': b'-- Up-to-date: /home/wheeltec/lab103/qt_sim_v1/install/qt_ros_test/share/qt_ros_test/environment/ament_prefix_path.dsv\n'}
[8.001926] (qt_ros_test) StdoutLine: {'line': b'-- Up-to-date: /home/wheeltec/lab103/qt_sim_v1/install/qt_ros_test/share/qt_ros_test/environment/path.sh\n'}
[8.001952] (qt_ros_test) StdoutLine: {'line': b'-- Up-to-date: /home/wheeltec/lab103/qt_sim_v1/install/qt_ros_test/share/qt_ros_test/environment/path.dsv\n'}
[8.001974] (qt_ros_test) StdoutLine: {'line': b'-- Up-to-date: /home/wheeltec/lab103/qt_sim_v1/install/qt_ros_test/share/qt_ros_test/local_setup.bash\n'}
[8.001995] (qt_ros_test) StdoutLine: {'line': b'-- Up-to-date: /home/wheeltec/lab103/qt_sim_v1/install/qt_ros_test/share/qt_ros_test/local_setup.sh\n'}
[8.002015] (qt_ros_test) StdoutLine: {'line': b'-- Up-to-date: /home/wheeltec/lab103/qt_sim_v1/install/qt_ros_test/share/qt_ros_test/local_setup.zsh\n'}
[8.002185] (qt_ros_test) StdoutLine: {'line': b'-- Up-to-date: /home/wheeltec/lab103/qt_sim_v1/install/qt_ros_test/share/qt_ros_test/local_setup.dsv\n'}
[8.002334] (qt_ros_test) StdoutLine: {'line': b'-- Installing: /home/wheeltec/lab103/qt_sim_v1/install/qt_ros_test/share/qt_ros_test/package.dsv\n'}
[8.002371] (qt_ros_test) StdoutLine: {'line': b'-- Up-to-date: /home/wheeltec/lab103/qt_sim_v1/install/qt_ros_test/share/ament_index/resource_index/packages/qt_ros_test\n'}
[8.002405] (qt_ros_test) StdoutLine: {'line': b'-- Up-to-date: /home/wheeltec/lab103/qt_sim_v1/install/qt_ros_test/share/qt_ros_test/cmake/qt_ros_testConfig.cmake\n'}
[8.002432] (qt_ros_test) StdoutLine: {'line': b'-- Up-to-date: /home/wheeltec/lab103/qt_sim_v1/install/qt_ros_test/share/qt_ros_test/cmake/qt_ros_testConfig-version.cmake\n'}
[8.002453] (qt_ros_test) StdoutLine: {'line': b'-- Up-to-date: /home/wheeltec/lab103/qt_sim_v1/install/qt_ros_test/share/qt_ros_test/package.xml\n'}
[8.003678] (qt_ros_test) CommandEnded: {'returncode': 0}
[8.040545] (qt_ros_test) JobEnded: {'identifier': 'qt_ros_test', 'rc': 0}
[8.041101] (-) EventReactorShutdown: {}
