[0.000000] (-) TimerEvent: {}
[0.000221] (qt_ros_test) JobQueued: {'identifier': 'qt_ros_test', 'dependencies': OrderedDict()}
[0.000247] (wheeltec_robot_urdf) JobQueued: {'identifier': 'wheeltec_robot_urdf', 'dependencies': OrderedDict()}
[0.000754] (qt_ros_test) JobStarted: {'identifier': 'qt_ros_test'}
[0.004288] (wheeltec_robot_urdf) JobStarted: {'identifier': 'wheeltec_robot_urdf'}
[0.006557] (qt_ros_test) JobProgress: {'identifier': 'qt_ros_test', 'progress': 'cmake'}
[0.007358] (qt_ros_test) JobProgress: {'identifier': 'qt_ros_test', 'progress': 'build'}
[0.007393] (qt_ros_test) Command: {'cmd': ['/usr/bin/cmake', '--build', '/home/wheeltec/lab103/qt_sim_v1/build/qt_ros_test', '--', '-j4', '-l4'], 'cwd': '/home/wheeltec/lab103/qt_sim_v1/build/qt_ros_test', 'env': OrderedDict([('GJS_DEBUG_TOPICS', 'JS ERROR;JS LOG'), ('USER', 'wheeltec'), ('XDG_SESSION_TYPE', 'wayland'), ('LD_LIBRARY_PATH', '/opt/ros/humble/opt/rviz_ogre_vendor/lib:/opt/ros/humble/lib/x86_64-linux-gnu:/opt/ros/humble/lib'), ('SHLVL', '1'), ('HOME', '/home/wheeltec'), ('DESKTOP_SESSION', 'ubuntu'), ('QTDIR', '/home/wheeltec/Qt/6.5.3/gcc_64'), ('GIO_LAUNCHED_DESKTOP_FILE', '/home/wheeltec/.local/share/applications/org.qt-project.qtcreator.desktop'), ('GNOME_SHELL_SESSION_MODE', 'ubuntu'), ('GTK_MODULES', 'gail:atk-bridge'), ('ROS_PYTHON_VERSION', '3'), ('MANAGERPID', '997'), ('DBUS_SESSION_BUS_ADDRESS', 'unix:path'), ('SYSTEMD_EXEC_PID', '1332'), ('GIO_LAUNCHED_DESKTOP_FILE_PID', '1935'), ('COLCON_PREFIX_PATH', '/home/wheeltec/lab103/qt_sim_v1/install'), ('IM_CONFIG_PHASE', '1'), ('ROS_DISTRO', 'humble'), ('WAYLAND_DISPLAY', 'wayland-0'), ('LOGNAME', 'wheeltec'), ('JOURNAL_STREAM', '8:22322'), ('_', '/usr/bin/env'), ('ROS_VERSION', '2'), ('XDG_SESSION_CLASS', 'user'), ('USERNAME', 'wheeltec'), ('GNOME_DESKTOP_SESSION_ID', 'this-is-deprecated'), ('ROS_LOCALHOST_ONLY', '0'), ('PATH', '/opt/ros/humble/bin:/usr/local/sbin:/usr/local/bin:/usr/sbin:/usr/bin:/sbin:/bin:/usr/games:/usr/local/games:/snap/bin:/snap/bin'), ('INVOCATION_ID', '3328b75a46014fff989b327ec4496e36'), ('SESSION_MANAGER', 'local/humble:@/tmp/.ICE-unix/1304,unix/humble:/tmp/.ICE-unix/1304'), ('GNOME_SETUP_DISPLAY', ':1'), ('XDG_MENU_PREFIX', 'gnome-'), ('XDG_RUNTIME_DIR', '/run/user/1000'), ('DISPLAY', ':0'), ('LANG', 'en_US.UTF-8'), ('XDG_CURRENT_DESKTOP', 'ubuntu:GNOME'), ('XAUTHORITY', '/run/user/1000/.mutter-Xwaylandauth.JJ0Q62'), ('XDG_SESSION_DESKTOP', 'ubuntu'), ('XMODIFIERS', '@im'), ('AMENT_PREFIX_PATH', '/home/wheeltec/lab103/qt_sim_v1/install/wheeltec_robot_urdf:/home/wheeltec/lab103/qt_sim_v1/install/qt_ros_test:/opt/ros/humble'), ('SSH_AGENT_LAUNCHER', 'gnome-keyring'), ('SSH_AUTH_SOCK', '/run/user/1000/keyring/ssh'), ('SHELL', '/bin/bash'), ('GDMSESSION', 'ubuntu'), ('QT_ACCESSIBILITY', '1'), ('GJS_DEBUG_OUTPUT', 'stderr'), ('QT_IM_MODULE', 'ibus'), ('LC_ALL', 'en_US.UTF-8'), ('PWD', '/home/wheeltec/lab103/qt_sim_v1/build/qt_ros_test'), ('QT_QPA_PLATFORM', 'xcb'), ('XDG_CONFIG_DIRS', '/etc/xdg/xdg-ubuntu:/etc/xdg'), ('XDG_DATA_DIRS', '/usr/share/ubuntu:/usr/local/share/:/usr/share/:/var/lib/snapd/desktop'), ('PYTHONPATH', '/opt/ros/humble/lib/python3.10/site-packages:/opt/ros/humble/local/lib/python3.10/dist-packages'), ('COLCON', '1'), ('CMAKE_PREFIX_PATH', '/home/wheeltec/lab103/qt_sim_v1/install/wheeltec_robot_urdf:/home/wheeltec/lab103/qt_sim_v1/install/qt_ros_test:/opt/ros/humble')]), 'shell': False}
[0.008617] (wheeltec_robot_urdf) JobProgress: {'identifier': 'wheeltec_robot_urdf', 'progress': 'cmake'}
[0.010133] (wheeltec_robot_urdf) JobProgress: {'identifier': 'wheeltec_robot_urdf', 'progress': 'build'}
[0.010156] (wheeltec_robot_urdf) Command: {'cmd': ['/usr/bin/cmake', '--build', '/home/wheeltec/lab103/qt_sim_v1/build/wheeltec_robot_urdf', '--', '-j4', '-l4'], 'cwd': '/home/wheeltec/lab103/qt_sim_v1/build/wheeltec_robot_urdf', 'env': OrderedDict([('GJS_DEBUG_TOPICS', 'JS ERROR;JS LOG'), ('USER', 'wheeltec'), ('XDG_SESSION_TYPE', 'wayland'), ('LD_LIBRARY_PATH', '/opt/ros/humble/opt/rviz_ogre_vendor/lib:/opt/ros/humble/lib/x86_64-linux-gnu:/opt/ros/humble/lib'), ('SHLVL', '1'), ('HOME', '/home/wheeltec'), ('DESKTOP_SESSION', 'ubuntu'), ('QTDIR', '/home/wheeltec/Qt/6.5.3/gcc_64'), ('GIO_LAUNCHED_DESKTOP_FILE', '/home/wheeltec/.local/share/applications/org.qt-project.qtcreator.desktop'), ('GNOME_SHELL_SESSION_MODE', 'ubuntu'), ('GTK_MODULES', 'gail:atk-bridge'), ('ROS_PYTHON_VERSION', '3'), ('MANAGERPID', '997'), ('DBUS_SESSION_BUS_ADDRESS', 'unix:path'), ('SYSTEMD_EXEC_PID', '1332'), ('GIO_LAUNCHED_DESKTOP_FILE_PID', '1935'), ('COLCON_PREFIX_PATH', '/home/wheeltec/lab103/qt_sim_v1/install'), ('IM_CONFIG_PHASE', '1'), ('ROS_DISTRO', 'humble'), ('WAYLAND_DISPLAY', 'wayland-0'), ('LOGNAME', 'wheeltec'), ('JOURNAL_STREAM', '8:22322'), ('_', '/usr/bin/env'), ('ROS_VERSION', '2'), ('XDG_SESSION_CLASS', 'user'), ('USERNAME', 'wheeltec'), ('GNOME_DESKTOP_SESSION_ID', 'this-is-deprecated'), ('ROS_LOCALHOST_ONLY', '0'), ('PATH', '/opt/ros/humble/bin:/usr/local/sbin:/usr/local/bin:/usr/sbin:/usr/bin:/sbin:/bin:/usr/games:/usr/local/games:/snap/bin:/snap/bin'), ('INVOCATION_ID', '3328b75a46014fff989b327ec4496e36'), ('SESSION_MANAGER', 'local/humble:@/tmp/.ICE-unix/1304,unix/humble:/tmp/.ICE-unix/1304'), ('GNOME_SETUP_DISPLAY', ':1'), ('XDG_MENU_PREFIX', 'gnome-'), ('XDG_RUNTIME_DIR', '/run/user/1000'), ('DISPLAY', ':0'), ('LANG', 'en_US.UTF-8'), ('XDG_CURRENT_DESKTOP', 'ubuntu:GNOME'), ('XAUTHORITY', '/run/user/1000/.mutter-Xwaylandauth.JJ0Q62'), ('XDG_SESSION_DESKTOP', 'ubuntu'), ('XMODIFIERS', '@im'), ('AMENT_PREFIX_PATH', '/home/wheeltec/lab103/qt_sim_v1/install/wheeltec_robot_urdf:/home/wheeltec/lab103/qt_sim_v1/install/qt_ros_test:/opt/ros/humble'), ('SSH_AGENT_LAUNCHER', 'gnome-keyring'), ('SSH_AUTH_SOCK', '/run/user/1000/keyring/ssh'), ('SHELL', '/bin/bash'), ('GDMSESSION', 'ubuntu'), ('QT_ACCESSIBILITY', '1'), ('GJS_DEBUG_OUTPUT', 'stderr'), ('QT_IM_MODULE', 'ibus'), ('LC_ALL', 'en_US.UTF-8'), ('PWD', '/home/wheeltec/lab103/qt_sim_v1/build/wheeltec_robot_urdf'), ('QT_QPA_PLATFORM', 'xcb'), ('XDG_CONFIG_DIRS', '/etc/xdg/xdg-ubuntu:/etc/xdg'), ('XDG_DATA_DIRS', '/usr/share/ubuntu:/usr/local/share/:/usr/share/:/var/lib/snapd/desktop'), ('PYTHONPATH', '/opt/ros/humble/lib/python3.10/site-packages:/opt/ros/humble/local/lib/python3.10/dist-packages'), ('COLCON', '1'), ('CMAKE_PREFIX_PATH', '/home/wheeltec/lab103/qt_sim_v1/install/wheeltec_robot_urdf:/home/wheeltec/lab103/qt_sim_v1/install/qt_ros_test:/opt/ros/humble')]), 'shell': False}
[0.031106] (wheeltec_robot_urdf) CommandEnded: {'returncode': 0}
[0.043151] (wheeltec_robot_urdf) JobProgress: {'identifier': 'wheeltec_robot_urdf', 'progress': 'install'}
[0.047633] (wheeltec_robot_urdf) Command: {'cmd': ['/usr/bin/cmake', '--install', '/home/wheeltec/lab103/qt_sim_v1/build/wheeltec_robot_urdf'], 'cwd': '/home/wheeltec/lab103/qt_sim_v1/build/wheeltec_robot_urdf', 'env': OrderedDict([('GJS_DEBUG_TOPICS', 'JS ERROR;JS LOG'), ('USER', 'wheeltec'), ('XDG_SESSION_TYPE', 'wayland'), ('LD_LIBRARY_PATH', '/opt/ros/humble/opt/rviz_ogre_vendor/lib:/opt/ros/humble/lib/x86_64-linux-gnu:/opt/ros/humble/lib'), ('SHLVL', '1'), ('HOME', '/home/wheeltec'), ('DESKTOP_SESSION', 'ubuntu'), ('QTDIR', '/home/wheeltec/Qt/6.5.3/gcc_64'), ('GIO_LAUNCHED_DESKTOP_FILE', '/home/wheeltec/.local/share/applications/org.qt-project.qtcreator.desktop'), ('GNOME_SHELL_SESSION_MODE', 'ubuntu'), ('GTK_MODULES', 'gail:atk-bridge'), ('ROS_PYTHON_VERSION', '3'), ('MANAGERPID', '997'), ('DBUS_SESSION_BUS_ADDRESS', 'unix:path'), ('SYSTEMD_EXEC_PID', '1332'), ('GIO_LAUNCHED_DESKTOP_FILE_PID', '1935'), ('COLCON_PREFIX_PATH', '/home/wheeltec/lab103/qt_sim_v1/install'), ('IM_CONFIG_PHASE', '1'), ('ROS_DISTRO', 'humble'), ('WAYLAND_DISPLAY', 'wayland-0'), ('LOGNAME', 'wheeltec'), ('JOURNAL_STREAM', '8:22322'), ('_', '/usr/bin/env'), ('ROS_VERSION', '2'), ('XDG_SESSION_CLASS', 'user'), ('USERNAME', 'wheeltec'), ('GNOME_DESKTOP_SESSION_ID', 'this-is-deprecated'), ('ROS_LOCALHOST_ONLY', '0'), ('PATH', '/opt/ros/humble/bin:/usr/local/sbin:/usr/local/bin:/usr/sbin:/usr/bin:/sbin:/bin:/usr/games:/usr/local/games:/snap/bin:/snap/bin'), ('INVOCATION_ID', '3328b75a46014fff989b327ec4496e36'), ('SESSION_MANAGER', 'local/humble:@/tmp/.ICE-unix/1304,unix/humble:/tmp/.ICE-unix/1304'), ('GNOME_SETUP_DISPLAY', ':1'), ('XDG_MENU_PREFIX', 'gnome-'), ('XDG_RUNTIME_DIR', '/run/user/1000'), ('DISPLAY', ':0'), ('LANG', 'en_US.UTF-8'), ('XDG_CURRENT_DESKTOP', 'ubuntu:GNOME'), ('XAUTHORITY', '/run/user/1000/.mutter-Xwaylandauth.JJ0Q62'), ('XDG_SESSION_DESKTOP', 'ubuntu'), ('XMODIFIERS', '@im'), ('AMENT_PREFIX_PATH', '/home/wheeltec/lab103/qt_sim_v1/install/wheeltec_robot_urdf:/home/wheeltec/lab103/qt_sim_v1/install/qt_ros_test:/opt/ros/humble'), ('SSH_AGENT_LAUNCHER', 'gnome-keyring'), ('SSH_AUTH_SOCK', '/run/user/1000/keyring/ssh'), ('SHELL', '/bin/bash'), ('GDMSESSION', 'ubuntu'), ('QT_ACCESSIBILITY', '1'), ('GJS_DEBUG_OUTPUT', 'stderr'), ('QT_IM_MODULE', 'ibus'), ('LC_ALL', 'en_US.UTF-8'), ('PWD', '/home/wheeltec/lab103/qt_sim_v1/build/wheeltec_robot_urdf'), ('QT_QPA_PLATFORM', 'xcb'), ('XDG_CONFIG_DIRS', '/etc/xdg/xdg-ubuntu:/etc/xdg'), ('XDG_DATA_DIRS', '/usr/share/ubuntu:/usr/local/share/:/usr/share/:/var/lib/snapd/desktop'), ('PYTHONPATH', '/opt/ros/humble/lib/python3.10/site-packages:/opt/ros/humble/local/lib/python3.10/dist-packages'), ('COLCON', '1'), ('CMAKE_PREFIX_PATH', '/home/wheeltec/lab103/qt_sim_v1/install/wheeltec_robot_urdf:/home/wheeltec/lab103/qt_sim_v1/install/qt_ros_test:/opt/ros/humble')]), 'shell': False}
[0.052602] (wheeltec_robot_urdf) StdoutLine: {'line': b'-- Install configuration: "Debug"\n'}
[0.052703] (wheeltec_robot_urdf) StdoutLine: {'line': b'-- Up-to-date: /home/wheeltec/lab103/qt_sim_v1/install/wheeltec_robot_urdf/share/wheeltec_robot_urdf/meshes\n'}
[0.052730] (wheeltec_robot_urdf) StdoutLine: {'line': b'-- Up-to-date: /home/wheeltec/lab103/qt_sim_v1/install/wheeltec_robot_urdf/share/wheeltec_robot_urdf/meshes/bases\n'}
[0.052751] (wheeltec_robot_urdf) StdoutLine: {'line': b'-- Up-to-date: /home/wheeltec/lab103/qt_sim_v1/install/wheeltec_robot_urdf/share/wheeltec_robot_urdf/meshes/bases/waffle_pi_base.stl\n'}
[0.052773] (wheeltec_robot_urdf) StdoutLine: {'line': b'-- Up-to-date: /home/wheeltec/lab103/qt_sim_v1/install/wheeltec_robot_urdf/share/wheeltec_robot_urdf/meshes/bases/waffle_base.stl\n'}
[0.052883] (wheeltec_robot_urdf) StdoutLine: {'line': b'-- Up-to-date: /home/wheeltec/lab103/qt_sim_v1/install/wheeltec_robot_urdf/share/wheeltec_robot_urdf/meshes/bases/burger_base.stl\n'}
[0.052903] (wheeltec_robot_urdf) StdoutLine: {'line': b'-- Up-to-date: /home/wheeltec/lab103/qt_sim_v1/install/wheeltec_robot_urdf/share/wheeltec_robot_urdf/meshes/wheels\n'}
[0.052922] (wheeltec_robot_urdf) StdoutLine: {'line': b'-- Up-to-date: /home/wheeltec/lab103/qt_sim_v1/install/wheeltec_robot_urdf/share/wheeltec_robot_urdf/meshes/wheels/left_tire.stl\n'}
[0.052942] (wheeltec_robot_urdf) StdoutLine: {'line': b'-- Up-to-date: /home/wheeltec/lab103/qt_sim_v1/install/wheeltec_robot_urdf/share/wheeltec_robot_urdf/meshes/wheels/right_tire.stl\n'}
[0.052960] (wheeltec_robot_urdf) StdoutLine: {'line': b'-- Up-to-date: /home/wheeltec/lab103/qt_sim_v1/install/wheeltec_robot_urdf/share/wheeltec_robot_urdf/meshes/sensors\n'}
[0.052979] (wheeltec_robot_urdf) StdoutLine: {'line': b'-- Up-to-date: /home/wheeltec/lab103/qt_sim_v1/install/wheeltec_robot_urdf/share/wheeltec_robot_urdf/meshes/sensors/astra.jpg\n'}
[0.052998] (wheeltec_robot_urdf) StdoutLine: {'line': b'-- Up-to-date: /home/wheeltec/lab103/qt_sim_v1/install/wheeltec_robot_urdf/share/wheeltec_robot_urdf/meshes/sensors/astra.dae\n'}
[0.053017] (wheeltec_robot_urdf) StdoutLine: {'line': b'-- Up-to-date: /home/wheeltec/lab103/qt_sim_v1/install/wheeltec_robot_urdf/share/wheeltec_robot_urdf/meshes/sensors/lds.stl\n'}
[0.053037] (wheeltec_robot_urdf) StdoutLine: {'line': b'-- Up-to-date: /home/wheeltec/lab103/qt_sim_v1/install/wheeltec_robot_urdf/share/wheeltec_robot_urdf/meshes/sensors/r200.dae\n'}
[0.053055] (wheeltec_robot_urdf) StdoutLine: {'line': b'-- Up-to-date: /home/wheeltec/lab103/qt_sim_v1/install/wheeltec_robot_urdf/share/wheeltec_robot_urdf/meshes/sensors/r200.jpg\n'}
[0.053074] (wheeltec_robot_urdf) StdoutLine: {'line': b'-- Up-to-date: /home/wheeltec/lab103/qt_sim_v1/install/wheeltec_robot_urdf/share/wheeltec_robot_urdf/meshes/mini_mec_robot_meshes\n'}
[0.053096] (wheeltec_robot_urdf) StdoutLine: {'line': b'-- Up-to-date: /home/wheeltec/lab103/qt_sim_v1/install/wheeltec_robot_urdf/share/wheeltec_robot_urdf/meshes/mini_mec_robot_meshes/lf_wheel_link.STL\n'}
[0.053116] (wheeltec_robot_urdf) StdoutLine: {'line': b'-- Up-to-date: /home/wheeltec/lab103/qt_sim_v1/install/wheeltec_robot_urdf/share/wheeltec_robot_urdf/meshes/mini_mec_robot_meshes/camera_link.STL\n'}
[0.053136] (wheeltec_robot_urdf) StdoutLine: {'line': b'-- Up-to-date: /home/wheeltec/lab103/qt_sim_v1/install/wheeltec_robot_urdf/share/wheeltec_robot_urdf/meshes/mini_mec_robot_meshes/base_link.STL\n'}
[0.053155] (wheeltec_robot_urdf) StdoutLine: {'line': b'-- Up-to-date: /home/wheeltec/lab103/qt_sim_v1/install/wheeltec_robot_urdf/share/wheeltec_robot_urdf/meshes/mini_mec_robot_meshes/rf_wheel_link.STL\n'}
[0.053174] (wheeltec_robot_urdf) StdoutLine: {'line': b'-- Up-to-date: /home/wheeltec/lab103/qt_sim_v1/install/wheeltec_robot_urdf/share/wheeltec_robot_urdf/meshes/mini_mec_robot_meshes/lb_wheel_link.STL\n'}
[0.053193] (wheeltec_robot_urdf) StdoutLine: {'line': b'-- Up-to-date: /home/wheeltec/lab103/qt_sim_v1/install/wheeltec_robot_urdf/share/wheeltec_robot_urdf/meshes/mini_mec_robot_meshes/controller_link.STL\n'}
[0.053211] (wheeltec_robot_urdf) StdoutLine: {'line': b'-- Up-to-date: /home/wheeltec/lab103/qt_sim_v1/install/wheeltec_robot_urdf/share/wheeltec_robot_urdf/meshes/mini_mec_robot_meshes/laser.STL\n'}
[0.053230] (wheeltec_robot_urdf) StdoutLine: {'line': b'-- Up-to-date: /home/wheeltec/lab103/qt_sim_v1/install/wheeltec_robot_urdf/share/wheeltec_robot_urdf/meshes/mini_mec_robot_meshes/rb_wheel_link.STL\n'}
[0.053282] (wheeltec_robot_urdf) StdoutLine: {'line': b'-- Up-to-date: /home/wheeltec/lab103/qt_sim_v1/install/wheeltec_robot_urdf/share/wheeltec_robot_urdf/rviz\n'}
[0.053317] (wheeltec_robot_urdf) StdoutLine: {'line': b'-- Up-to-date: /home/wheeltec/lab103/qt_sim_v1/install/wheeltec_robot_urdf/share/wheeltec_robot_urdf/rviz/model.rviz\n'}
[0.053339] (wheeltec_robot_urdf) StdoutLine: {'line': b'-- Up-to-date: /home/wheeltec/lab103/qt_sim_v1/install/wheeltec_robot_urdf/share/wheeltec_robot_urdf/urdf\n'}
[0.053359] (wheeltec_robot_urdf) StdoutLine: {'line': b'-- Up-to-date: /home/wheeltec/lab103/qt_sim_v1/install/wheeltec_robot_urdf/share/wheeltec_robot_urdf/urdf/senior_diff_robot.urdf\n'}
[0.053379] (wheeltec_robot_urdf) StdoutLine: {'line': b'-- Up-to-date: /home/wheeltec/lab103/qt_sim_v1/install/wheeltec_robot_urdf/share/wheeltec_robot_urdf/urdf/senior_4wd_dl_robot.urdf\n'}
[0.053398] (wheeltec_robot_urdf) StdoutLine: {'line': b'-- Up-to-date: /home/wheeltec/lab103/qt_sim_v1/install/wheeltec_robot_urdf/share/wheeltec_robot_urdf/urdf/top_mec_dl_robot.urdf\n'}
[0.053417] (wheeltec_robot_urdf) StdoutLine: {'line': b'-- Up-to-date: /home/wheeltec/lab103/qt_sim_v1/install/wheeltec_robot_urdf/share/wheeltec_robot_urdf/urdf/four_wheel_diff_dl_robot.urdf\n'}
[0.053437] (wheeltec_robot_urdf) StdoutLine: {'line': b'-- Up-to-date: /home/wheeltec/lab103/qt_sim_v1/install/wheeltec_robot_urdf/share/wheeltec_robot_urdf/urdf/mini_omni_robot.urdf\n'}
[0.053456] (wheeltec_robot_urdf) StdoutLine: {'line': b'-- Up-to-date: /home/wheeltec/lab103/qt_sim_v1/install/wheeltec_robot_urdf/share/wheeltec_robot_urdf/urdf/top_akm_bs_robot.urdf\n'}
[0.053478] (wheeltec_robot_urdf) StdoutLine: {'line': b'-- Up-to-date: /home/wheeltec/lab103/qt_sim_v1/install/wheeltec_robot_urdf/share/wheeltec_robot_urdf/urdf/mec_EightDrive_robot.urdf\n'}
[0.053497] (wheeltec_robot_urdf) StdoutLine: {'line': b'-- Up-to-date: /home/wheeltec/lab103/qt_sim_v1/install/wheeltec_robot_urdf/share/wheeltec_robot_urdf/urdf/flagship_mec_dl_robot.urdf\n'}
[0.053516] (wheeltec_robot_urdf) StdoutLine: {'line': b'-- Up-to-date: /home/wheeltec/lab103/qt_sim_v1/install/wheeltec_robot_urdf/share/wheeltec_robot_urdf/urdf/senior_akm_robot.urdf\n'}
[0.053534] (wheeltec_robot_urdf) StdoutLine: {'line': b'-- Up-to-date: /home/wheeltec/lab103/qt_sim_v1/install/wheeltec_robot_urdf/share/wheeltec_robot_urdf/urdf/mini_diff_robot.urdf\n'}
[0.053554] (wheeltec_robot_urdf) StdoutLine: {'line': b'-- Up-to-date: /home/wheeltec/lab103/qt_sim_v1/install/wheeltec_robot_urdf/share/wheeltec_robot_urdf/urdf/top_akm_dl_robot.urdf\n'}
[0.053585] (wheeltec_robot_urdf) StdoutLine: {'line': b'-- Up-to-date: /home/wheeltec/lab103/qt_sim_v1/install/wheeltec_robot_urdf/share/wheeltec_robot_urdf/urdf/mini_4wd_robot.urdf\n'}
[0.053609] (wheeltec_robot_urdf) StdoutLine: {'line': b'-- Up-to-date: /home/wheeltec/lab103/qt_sim_v1/install/wheeltec_robot_urdf/share/wheeltec_robot_urdf/urdf/flagship_four_wheel_diff_dl_robot.urdf\n'}
[0.053629] (wheeltec_robot_urdf) StdoutLine: {'line': b'-- Up-to-date: /home/wheeltec/lab103/qt_sim_v1/install/wheeltec_robot_urdf/share/wheeltec_robot_urdf/urdf/mini_mec_moveit.urdf\n'}
[0.053649] (wheeltec_robot_urdf) StdoutLine: {'line': b'-- Up-to-date: /home/wheeltec/lab103/qt_sim_v1/install/wheeltec_robot_urdf/share/wheeltec_robot_urdf/urdf/senior_mec_dl_robot.urdf\n'}
[0.053668] (wheeltec_robot_urdf) StdoutLine: {'line': b'-- Up-to-date: /home/wheeltec/lab103/qt_sim_v1/install/wheeltec_robot_urdf/share/wheeltec_robot_urdf/urdf/top_4wd_dl_robot.urdf\n'}
[0.053689] (wheeltec_robot_urdf) StdoutLine: {'line': b'-- Up-to-date: /home/wheeltec/lab103/qt_sim_v1/install/wheeltec_robot_urdf/share/wheeltec_robot_urdf/urdf/mini_mec_robot.urdf\n'}
[0.053780] (wheeltec_robot_urdf) StdoutLine: {'line': b'-- Up-to-date: /home/wheeltec/lab103/qt_sim_v1/install/wheeltec_robot_urdf/share/wheeltec_robot_urdf/urdf/mini_akm_robot.urdf\n'}
[0.053804] (wheeltec_robot_urdf) StdoutLine: {'line': b'-- Up-to-date: /home/wheeltec/lab103/qt_sim_v1/install/wheeltec_robot_urdf/share/wheeltec_robot_urdf/urdf/top_mec_bs_robot.urdf\n'}
[0.053826] (wheeltec_robot_urdf) StdoutLine: {'line': b'-- Up-to-date: /home/wheeltec/lab103/qt_sim_v1/install/wheeltec_robot_urdf/share/wheeltec_robot_urdf/urdf/flagship_four_wheel_diff_bs_robot.urdf\n'}
[0.053846] (wheeltec_robot_urdf) StdoutLine: {'line': b'-- Up-to-date: /home/wheeltec/lab103/qt_sim_v1/install/wheeltec_robot_urdf/share/wheeltec_robot_urdf/urdf/top_4wd_bs_robot.urdf\n'}
[0.053865] (wheeltec_robot_urdf) StdoutLine: {'line': b'-- Up-to-date: /home/wheeltec/lab103/qt_sim_v1/install/wheeltec_robot_urdf/share/wheeltec_robot_urdf/urdf/brushless_senior_diff.urdf\n'}
[0.053886] (wheeltec_robot_urdf) StdoutLine: {'line': b'-- Up-to-date: /home/wheeltec/lab103/qt_sim_v1/install/wheeltec_robot_urdf/share/wheeltec_robot_urdf/urdf/four_wheel_diff_bs_robot.urdf\n'}
[0.053905] (wheeltec_robot_urdf) StdoutLine: {'line': b'-- Up-to-date: /home/wheeltec/lab103/qt_sim_v1/install/wheeltec_robot_urdf/share/wheeltec_robot_urdf/urdf/top_omni_robot.urdf\n'}
[0.053924] (wheeltec_robot_urdf) StdoutLine: {'line': b'-- Up-to-date: /home/wheeltec/lab103/qt_sim_v1/install/wheeltec_robot_urdf/share/wheeltec_robot_urdf/urdf/flagship_4wd_dl_robot.urdf\n'}
[0.053943] (wheeltec_robot_urdf) StdoutLine: {'line': b'-- Up-to-date: /home/wheeltec/lab103/qt_sim_v1/install/wheeltec_robot_urdf/share/wheeltec_robot_urdf/urdf/senior_omni_robot.urdf\n'}
[0.053962] (wheeltec_robot_urdf) StdoutLine: {'line': b'-- Up-to-date: /home/wheeltec/lab103/qt_sim_v1/install/wheeltec_robot_urdf/share/wheeltec_robot_urdf/urdf/senior_4wd_bs_robot.urdf\n'}
[0.053981] (wheeltec_robot_urdf) StdoutLine: {'line': b'-- Up-to-date: /home/wheeltec/lab103/qt_sim_v1/install/wheeltec_robot_urdf/share/wheeltec_robot_urdf/urdf/senior_mec_robot.urdf\n'}
[0.054001] (wheeltec_robot_urdf) StdoutLine: {'line': b'-- Up-to-date: /home/wheeltec/lab103/qt_sim_v1/install/wheeltec_robot_urdf/share/wheeltec_robot_urdf/urdf/mini_tank_moveit.urdf\n'}
[0.054039] (wheeltec_robot_urdf) StdoutLine: {'line': b'-- Up-to-date: /home/wheeltec/lab103/qt_sim_v1/install/wheeltec_robot_urdf/share/wheeltec_robot_urdf/urdf/flagship_4wd_bs_robot.urdf\n'}
[0.054064] (wheeltec_robot_urdf) StdoutLine: {'line': b'-- Up-to-date: /home/wheeltec/lab103/qt_sim_v1/install/wheeltec_robot_urdf/share/wheeltec_robot_urdf/urdf/flagship_mec_bs_robot.urdf\n'}
[0.054084] (wheeltec_robot_urdf) StdoutLine: {'line': b'-- Up-to-date: /home/wheeltec/lab103/qt_sim_v1/install/wheeltec_robot_urdf/share/ament_index/resource_index/package_run_dependencies/wheeltec_robot_urdf\n'}
[0.054106] (wheeltec_robot_urdf) StdoutLine: {'line': b'-- Up-to-date: /home/wheeltec/lab103/qt_sim_v1/install/wheeltec_robot_urdf/share/ament_index/resource_index/parent_prefix_path/wheeltec_robot_urdf\n'}
[0.054126] (wheeltec_robot_urdf) StdoutLine: {'line': b'-- Up-to-date: /home/wheeltec/lab103/qt_sim_v1/install/wheeltec_robot_urdf/share/wheeltec_robot_urdf/environment/ament_prefix_path.sh\n'}
[0.054146] (wheeltec_robot_urdf) StdoutLine: {'line': b'-- Up-to-date: /home/wheeltec/lab103/qt_sim_v1/install/wheeltec_robot_urdf/share/wheeltec_robot_urdf/environment/ament_prefix_path.dsv\n'}
[0.054251] (wheeltec_robot_urdf) StdoutLine: {'line': b'-- Up-to-date: /home/wheeltec/lab103/qt_sim_v1/install/wheeltec_robot_urdf/share/wheeltec_robot_urdf/environment/path.sh\n'}
[0.054296] (wheeltec_robot_urdf) StdoutLine: {'line': b'-- Up-to-date: /home/wheeltec/lab103/qt_sim_v1/install/wheeltec_robot_urdf/share/wheeltec_robot_urdf/environment/path.dsv\n'}
[0.054328] (wheeltec_robot_urdf) StdoutLine: {'line': b'-- Up-to-date: /home/wheeltec/lab103/qt_sim_v1/install/wheeltec_robot_urdf/share/wheeltec_robot_urdf/local_setup.bash\n'}
[0.054349] (wheeltec_robot_urdf) StdoutLine: {'line': b'-- Up-to-date: /home/wheeltec/lab103/qt_sim_v1/install/wheeltec_robot_urdf/share/wheeltec_robot_urdf/local_setup.sh\n'}
[0.054369] (wheeltec_robot_urdf) StdoutLine: {'line': b'-- Up-to-date: /home/wheeltec/lab103/qt_sim_v1/install/wheeltec_robot_urdf/share/wheeltec_robot_urdf/local_setup.zsh\n'}
[0.054389] (wheeltec_robot_urdf) StdoutLine: {'line': b'-- Up-to-date: /home/wheeltec/lab103/qt_sim_v1/install/wheeltec_robot_urdf/share/wheeltec_robot_urdf/local_setup.dsv\n'}
[0.054408] (wheeltec_robot_urdf) StdoutLine: {'line': b'-- Installing: /home/wheeltec/lab103/qt_sim_v1/install/wheeltec_robot_urdf/share/wheeltec_robot_urdf/package.dsv\n'}
[0.054427] (wheeltec_robot_urdf) StdoutLine: {'line': b'-- Up-to-date: /home/wheeltec/lab103/qt_sim_v1/install/wheeltec_robot_urdf/share/ament_index/resource_index/packages/wheeltec_robot_urdf\n'}
[0.054613] (wheeltec_robot_urdf) StdoutLine: {'line': b'-- Up-to-date: /home/wheeltec/lab103/qt_sim_v1/install/wheeltec_robot_urdf/share/wheeltec_robot_urdf/cmake/wheeltec_robot_urdfConfig.cmake\n'}
[0.054664] (wheeltec_robot_urdf) StdoutLine: {'line': b'-- Up-to-date: /home/wheeltec/lab103/qt_sim_v1/install/wheeltec_robot_urdf/share/wheeltec_robot_urdf/cmake/wheeltec_robot_urdfConfig-version.cmake\n'}
[0.054690] (wheeltec_robot_urdf) StdoutLine: {'line': b'-- Up-to-date: /home/wheeltec/lab103/qt_sim_v1/install/wheeltec_robot_urdf/share/wheeltec_robot_urdf/package.xml\n'}
[0.054712] (qt_ros_test) StdoutLine: {'line': b'[100%] Built target qt_ros_test\n'}
[0.055018] (wheeltec_robot_urdf) CommandEnded: {'returncode': 0}
[0.062815] (qt_ros_test) CommandEnded: {'returncode': 0}
[0.077183] (wheeltec_robot_urdf) JobEnded: {'identifier': 'wheeltec_robot_urdf', 'rc': 0}
[0.097424] (qt_ros_test) JobProgress: {'identifier': 'qt_ros_test', 'progress': 'install'}
[0.097514] (qt_ros_test) Command: {'cmd': ['/usr/bin/cmake', '--install', '/home/wheeltec/lab103/qt_sim_v1/build/qt_ros_test'], 'cwd': '/home/wheeltec/lab103/qt_sim_v1/build/qt_ros_test', 'env': OrderedDict([('GJS_DEBUG_TOPICS', 'JS ERROR;JS LOG'), ('USER', 'wheeltec'), ('XDG_SESSION_TYPE', 'wayland'), ('LD_LIBRARY_PATH', '/opt/ros/humble/opt/rviz_ogre_vendor/lib:/opt/ros/humble/lib/x86_64-linux-gnu:/opt/ros/humble/lib'), ('SHLVL', '1'), ('HOME', '/home/wheeltec'), ('DESKTOP_SESSION', 'ubuntu'), ('QTDIR', '/home/wheeltec/Qt/6.5.3/gcc_64'), ('GIO_LAUNCHED_DESKTOP_FILE', '/home/wheeltec/.local/share/applications/org.qt-project.qtcreator.desktop'), ('GNOME_SHELL_SESSION_MODE', 'ubuntu'), ('GTK_MODULES', 'gail:atk-bridge'), ('ROS_PYTHON_VERSION', '3'), ('MANAGERPID', '997'), ('DBUS_SESSION_BUS_ADDRESS', 'unix:path'), ('SYSTEMD_EXEC_PID', '1332'), ('GIO_LAUNCHED_DESKTOP_FILE_PID', '1935'), ('COLCON_PREFIX_PATH', '/home/wheeltec/lab103/qt_sim_v1/install'), ('IM_CONFIG_PHASE', '1'), ('ROS_DISTRO', 'humble'), ('WAYLAND_DISPLAY', 'wayland-0'), ('LOGNAME', 'wheeltec'), ('JOURNAL_STREAM', '8:22322'), ('_', '/usr/bin/env'), ('ROS_VERSION', '2'), ('XDG_SESSION_CLASS', 'user'), ('USERNAME', 'wheeltec'), ('GNOME_DESKTOP_SESSION_ID', 'this-is-deprecated'), ('ROS_LOCALHOST_ONLY', '0'), ('PATH', '/opt/ros/humble/bin:/usr/local/sbin:/usr/local/bin:/usr/sbin:/usr/bin:/sbin:/bin:/usr/games:/usr/local/games:/snap/bin:/snap/bin'), ('INVOCATION_ID', '3328b75a46014fff989b327ec4496e36'), ('SESSION_MANAGER', 'local/humble:@/tmp/.ICE-unix/1304,unix/humble:/tmp/.ICE-unix/1304'), ('GNOME_SETUP_DISPLAY', ':1'), ('XDG_MENU_PREFIX', 'gnome-'), ('XDG_RUNTIME_DIR', '/run/user/1000'), ('DISPLAY', ':0'), ('LANG', 'en_US.UTF-8'), ('XDG_CURRENT_DESKTOP', 'ubuntu:GNOME'), ('XAUTHORITY', '/run/user/1000/.mutter-Xwaylandauth.JJ0Q62'), ('XDG_SESSION_DESKTOP', 'ubuntu'), ('XMODIFIERS', '@im'), ('AMENT_PREFIX_PATH', '/home/wheeltec/lab103/qt_sim_v1/install/wheeltec_robot_urdf:/home/wheeltec/lab103/qt_sim_v1/install/qt_ros_test:/opt/ros/humble'), ('SSH_AGENT_LAUNCHER', 'gnome-keyring'), ('SSH_AUTH_SOCK', '/run/user/1000/keyring/ssh'), ('SHELL', '/bin/bash'), ('GDMSESSION', 'ubuntu'), ('QT_ACCESSIBILITY', '1'), ('GJS_DEBUG_OUTPUT', 'stderr'), ('QT_IM_MODULE', 'ibus'), ('LC_ALL', 'en_US.UTF-8'), ('PWD', '/home/wheeltec/lab103/qt_sim_v1/build/qt_ros_test'), ('QT_QPA_PLATFORM', 'xcb'), ('XDG_CONFIG_DIRS', '/etc/xdg/xdg-ubuntu:/etc/xdg'), ('XDG_DATA_DIRS', '/usr/share/ubuntu:/usr/local/share/:/usr/share/:/var/lib/snapd/desktop'), ('PYTHONPATH', '/opt/ros/humble/lib/python3.10/site-packages:/opt/ros/humble/local/lib/python3.10/dist-packages'), ('COLCON', '1'), ('CMAKE_PREFIX_PATH', '/home/wheeltec/lab103/qt_sim_v1/install/wheeltec_robot_urdf:/home/wheeltec/lab103/qt_sim_v1/install/qt_ros_test:/opt/ros/humble')]), 'shell': False}
[0.099909] (-) TimerEvent: {}
[0.101763] (qt_ros_test) StdoutLine: {'line': b'-- Install configuration: "Debug"\n'}
[0.102137] (qt_ros_test) StdoutLine: {'line': b'-- Up-to-date: /home/wheeltec/lab103/qt_sim_v1/install/qt_ros_test/lib/qt_ros_test/qt_ros_test\n'}
[0.102196] (qt_ros_test) StdoutLine: {'line': b'-- Up-to-date: /home/wheeltec/lab103/qt_sim_v1/install/qt_ros_test/share/qt_ros_test/launch\n'}
[0.102222] (qt_ros_test) StdoutLine: {'line': b'-- Up-to-date: /home/wheeltec/lab103/qt_sim_v1/install/qt_ros_test/share/qt_ros_test/launch/qt_ros_test.launch.py\n'}
[0.102248] (qt_ros_test) StdoutLine: {'line': b'-- Up-to-date: /home/wheeltec/lab103/qt_sim_v1/install/qt_ros_test/share/ament_index/resource_index/package_run_dependencies/qt_ros_test\n'}
[0.102272] (qt_ros_test) StdoutLine: {'line': b'-- Up-to-date: /home/wheeltec/lab103/qt_sim_v1/install/qt_ros_test/share/ament_index/resource_index/parent_prefix_path/qt_ros_test\n'}
[0.102293] (qt_ros_test) StdoutLine: {'line': b'-- Up-to-date: /home/wheeltec/lab103/qt_sim_v1/install/qt_ros_test/share/qt_ros_test/environment/ament_prefix_path.sh\n'}
[0.102444] (qt_ros_test) StdoutLine: {'line': b'-- Up-to-date: /home/wheeltec/lab103/qt_sim_v1/install/qt_ros_test/share/qt_ros_test/environment/ament_prefix_path.dsv\n'}
[0.102469] (qt_ros_test) StdoutLine: {'line': b'-- Up-to-date: /home/wheeltec/lab103/qt_sim_v1/install/qt_ros_test/share/qt_ros_test/environment/path.sh\n'}
[0.102490] (qt_ros_test) StdoutLine: {'line': b'-- Up-to-date: /home/wheeltec/lab103/qt_sim_v1/install/qt_ros_test/share/qt_ros_test/environment/path.dsv\n'}
[0.102510] (qt_ros_test) StdoutLine: {'line': b'-- Up-to-date: /home/wheeltec/lab103/qt_sim_v1/install/qt_ros_test/share/qt_ros_test/local_setup.bash\n'}
[0.102531] (qt_ros_test) StdoutLine: {'line': b'-- Up-to-date: /home/wheeltec/lab103/qt_sim_v1/install/qt_ros_test/share/qt_ros_test/local_setup.sh\n'}
[0.102551] (qt_ros_test) StdoutLine: {'line': b'-- Up-to-date: /home/wheeltec/lab103/qt_sim_v1/install/qt_ros_test/share/qt_ros_test/local_setup.zsh\n'}
[0.102570] (qt_ros_test) StdoutLine: {'line': b'-- Up-to-date: /home/wheeltec/lab103/qt_sim_v1/install/qt_ros_test/share/qt_ros_test/local_setup.dsv\n'}
[0.102594] (qt_ros_test) StdoutLine: {'line': b'-- Installing: /home/wheeltec/lab103/qt_sim_v1/install/qt_ros_test/share/qt_ros_test/package.dsv\n'}
[0.103161] (qt_ros_test) StdoutLine: {'line': b'-- Up-to-date: /home/wheeltec/lab103/qt_sim_v1/install/qt_ros_test/share/ament_index/resource_index/packages/qt_ros_test\n'}
[0.103280] (qt_ros_test) StdoutLine: {'line': b'-- Up-to-date: /home/wheeltec/lab103/qt_sim_v1/install/qt_ros_test/share/qt_ros_test/cmake/qt_ros_testConfig.cmake\n'}
[0.104379] (qt_ros_test) StdoutLine: {'line': b'-- Up-to-date: /home/wheeltec/lab103/qt_sim_v1/install/qt_ros_test/share/qt_ros_test/cmake/qt_ros_testConfig-version.cmake\n'}
[0.104458] (qt_ros_test) StdoutLine: {'line': b'-- Up-to-date: /home/wheeltec/lab103/qt_sim_v1/install/qt_ros_test/share/qt_ros_test/package.xml\n'}
[0.104513] (qt_ros_test) CommandEnded: {'returncode': 0}
[0.147194] (qt_ros_test) JobEnded: {'identifier': 'qt_ros_test', 'rc': 0}
[0.147920] (-) EventReactorShutdown: {}
